<?xml version="1.0" encoding="UTF-8"?>
<robot generator="Robot 6.0.2 (Python 3.9.13 on win32)" generated="20230123 16:56:39.709" rpa="false" schemaversion="3">
<suite id="s1" name="Demo4 Uiselector" source="C:\Users\40032111\OneDrive - LTTS\Desktop\robot_project\Appium_Suite\demo4_uiselector.robot">
<test id="s1-t1" name="TC2" line="68">
<kw name="Open Application" library="AppiumLibrary">
<arg>remote_url=http://localhost:4723/wd/hub</arg>
<arg>platformName=android</arg>
<arg>deviceName=Infinix</arg>
<arg>appPackage=org.khanacademy.android</arg>
<arg>appActivity=org.khanacademy.android.ui.library.MainActivity</arg>
<arg>noReset=true</arg>
<doc>Opens a new application to given Appium server.
Capabilities of appium server, Android and iOS,
Please check https://github.com/appium/appium/blob/master/docs/en/writing-running-appium/server-args.md
| *Option*            | *Man.* | *Description*     |
| remote_url          | Yes    | Appium server url |
| alias               | no     | alias             |
| strict_ssl          | No     | allows you to send commands to an invalid certificate host like a self-signed one. |</doc>
<status status="PASS" starttime="20230123 16:56:40.058" endtime="20230123 16:56:56.453"/>
</kw>
<kw name="Set Appium Timeout" library="AppiumLibrary">
<arg>30s</arg>
<doc>Sets the timeout in seconds used by various keywords.</doc>
<status status="PASS" starttime="20230123 16:56:56.453" endtime="20230123 16:56:56.454"/>
</kw>
<kw name="Run Keyword And Ignore Error" library="BuiltIn">
<arg>Wait Until Page Contains Element</arg>
<arg>android=UiSelector().text("Dismiss")</arg>
<doc>Runs the given keyword with the given arguments and ignores possible error.</doc>
<kw name="Wait Until Page Contains Element" library="AppiumLibrary">
<arg>android=UiSelector().text("Dismiss")</arg>
<doc>Waits until element specified with `locator` appears on current page.</doc>
<kw name="Capture Page Screenshot" library="AppiumLibrary">
<doc>Takes a screenshot of the current page and embeds it into the log.</doc>
<msg timestamp="20230123 16:57:27.798" level="INFO" html="true">&lt;/td&gt;&lt;/tr&gt;&lt;tr&gt;&lt;td colspan="3"&gt;&lt;img src="data:image/png;base64, iVBORw0KGgoAAAANSUhEUgAAAtAAAAZACAYAAABQfnXMAAAABHNCSVQICAgIfAhkiAAAIABJREFU
eJzs3Xd4VFX+BvB3WnoljZCE0EKNEBQ0gIQuClIWFUER0bUgRd3F1d2fBdFVRAXdFYTFBqgoAiKy
grCCIL0TQuiQ3hNCCJmUycz390fIkGEmydyQZAi8n+c5D8ytZ2Zu7rxz5txzVQAERERERERkF7Wj
K0BERERE1JQwQBMRERERKcAATURERESkAAM0EREREZECDNBERERERAowQBMRERERKcAATURERESk
AAM0EREREZECDNBERERERAowQBMRERERKcAATURERESkAAM0EREREZECDNBERERERAowQBMRERER
KcAATURERESkAAM0EREREZECDNBEREREDvLee+/h7NmzyMnJQXJyMr799luEhobWuM7TTz+N3bt3
48yZM1i/fj369OnTSLWlSgzQdN3UajUCAgIwe/ZslJeXw2QyQUQgIjCZTDAajXj//fcRGBgIlUrl
6OoSEVET0Lx5c+zYsQMbNmwwf3akpaWZP18qS3p6epP9bFm6dCn69OmD8ePHIyAgAIMHD0ZgYCAW
LFhQ7Tr/93//h1mzZmHlypV4/vnnceLECaxZswbR0dGNWHMCAGFhqUtRq9UydOhQKS4uFpPJJLUx
mUxSXFwsMTExDq87CwsLC8uNW9RqtezcudP8+aFSqQSA+bNGrVaLSqWSo0ePSlxcnHl+UyqhoaGS
mJgofn5+FtM7d+4sBQUFNtdp166dXLhwQfr27Wsx/c0335QdO3Y4/DndYsXhFWBpgkWr1UpJSUmt
obm6IK1Wqx3+HFhYWFhYbszyzjvvWDTMXBugKx+rVKomGZ4ri6enp9U0X19fMRgMotPprOa99957
smnTJpvbycvLkx49ejj8Od0qhV04SLHw8HCUlpbC2dm5TuuLCFQqFVQqFVq3bl3PtXOcDh064MUX
X8SKFSuQkpKC5ORk/PDDD3jxxRfRvn17R1ePiG5wWq0WYWFh6N+/P1q2bGkxT6VSwd3dHcOHD8c9
99wDNzc3B9Wy4Q0ZMgR///vf7eqWUdmNo6kqLCy0mvbcc8/h7NmzMBgMVvN69uyJ3377zeZ29u7d
i8GDBzdIPck2h6f4plZ8fX1lwIABMmjQIKsyYMAA6dSpU522O2DAAOnZs2ed1musb50tW7YUo9FY
p5bnql577TUBKloTWrdu7fD39HqKu7u7zJkzRwwGg82uLCaTScrKymTOnDni6urq8PqysLDcmMXb
21ueeOIJOXnypLz99tsWP+1rNBq58847pbCwUDIyMiQ6Olq0Wq3D61zfJSQkRPLy8kREZPHixTW2
QO/fv19MJpOkpaU16VboqmXMmDFSUFAgkyZNsjk/Pj5exo0bZ3Pel19+KfPnz3f4cwAgvXv3lpUr
V0p+fv5154XalJSUyLZt2+SRRx5p1OeohYPMnj0b3t7eeOWVV2x+A6uOr6+vxTfzym+olf+q1RWN
6idOnIBer0fbtm0REhJinl7Z8ln5/2unHzp0CDk5OdXuf968eZg6dSqcnJxqrGd6ejqWLVuGN954
w+a3yGt16NABW7ZsQUFBAcLDw1FQUFDrOgBwzz33YOPGjUhISECbNm3sWqeunJyckJCQYH7Nrsf4
8ePxzjvvQKVS4ezZs3B1dUVZWZmibWi1WqjVaqhUKquLFq+l0Wig0Wislq284LGuoqKisG7dOoSE
hFTbWqJSqaDT6fDyyy9j7NixGD16NGJjY+u8TyK6OZlMJpSUlMDJyQlPPvkkMjIysGzZMhQXFyMi
IgIPP/wwPDw84OHhgSeffBLu7u44fvw4srOzbZ73mqLly5ejWbNm2LdvH6ZNm4annnqq2nPrnXfe
CaPRiBYtWti17d69e8PPzw95eXnYtWtXjcvOmDEDPXv2RFBQkNW8oqIi7Nu3D6tXr0Z8fLxd+7bH
q6++ipdffhlvvfUWlixZYnMZjUaDoqIim/OKi4trzSaNYeLEiVi6dGmj7c/Z2RkxMTGIiYnB7bff
jpdeeqnR9t3o30yGDh0qIiK7d+9WvO7EiRPt+kZS2SI7f/58Rd9iamoNffrpp0VE5ODBg/LZZ5+J
iEh8fLzMmTPHXD766CNZs2aN+VvXzz//bNfzeuaZZ8z1eP755+1+Pb7++msRETEajRIcHNxg75la
ra5zn2db0tLSRK1Wmx+Xlpba3S9apVKJt7e3zJw5U3755RfZtm2b/Pzzz/LPf/5Txo4dK+7u7hat
ES4uLjJp0iT59ttvZdu2bfLrr7/K+++/LxMnTpTAwMA6t1w4OTnJ8ePHFT/348ePi7Ozc6P/3bGw
sNz4xc/PT6ZNmyYZGRmSlJQkDz/8sAQEBMiMGTOszsG5ubny7rvvSkRExHW1RoeEhMj69eulqKhI
TCZTo5Xs7Gx55513pFmzZua6pKWlmZ9f1V/0Dhw4ICqVyqoP9LWPayojRowwl9qWXbx4sSQmJtZ4
Lo+Nja22NVhJ8fT0lNWrV0taWpqMHDmyxmX37dsnU6ZMsTlv5cqVMmfOnHo9Hu+//36Jioqye/k2
bdqYf6WeO3euhIaGNvjfjKenp0yZMsX8vjRiS3Sj7MSirFmzRkREnnvuOcXrVgbo7du3WwTXa0tI
SIgAkFGjRtW43Jw5c+Q///mPiIisX7++xn1/8MEHcuzYMQkKCpIePXqIiMi6detsLhsaGir79u0T
EfsC8aJFi8RkMklGRoZs3brVrtfCxcVFcnJyJCUlRURExo8f32Dv2T333KMkI9YqOztbNBqNGAwG
87Thw4fbVZeYmBhJTU2tdtvnzp0zX6HcsmVLOXHiRLXL5ubm1vkE+P7779s1+ogt77///k3zkyML
C0v9lqCgIHn77belsLBQkpOTZcyYMdK5c2fZu3evzS50CxculLZt24pGo1G8LxcXFzl9+nSdzmP1
5cyZM+bubZUXBVaWqqNuANaBuSEDdFJSUq1137dvnwwZMqTO77Wbm5ts375d9u3bZ1d3xqVLl8rn
n39uc158fLw8+uij9XYchoeHy4ULF8Tb29vudf75z3+KiMjSpUtrXXbgwIHy8ccfy/z582v84tCu
XTsZM2ZMrdurDNHbtm2r97/Jakqj7MRcWrVqJXq9XtLS0mxeYVpbqQzQ//rXv+qtTh9++KGIKAug
tQVooGIomtLSUtm3b1+t29uxY4ekpaXJ8uXLpaysTNq1a1frOpUt4rNmzRIRkQ8//LBB3jO1Wi3F
xcUWJ43KFoSUlBT57bffZNWqVXLkyBGL1oWaJCcni5+fn8VyJSUltbZCDxs2TEpLS2vctslkktLS
Unn88cfl1VdfrbUu5eXl8s477yh6TbRarZSVlVW7/5MnT8rJkyer3XdZWZk4OTk16t8eCwtL0ykR
ERGyd+9ecx/f3r17yx133CFnzpyxeV55/fXXxd/fX/F+Ro8eXeeGgPo0evRom/W7dpi6yhbqqp8z
6enpDRqgt27dKgMGDBC1Wi0hISHyxhtvSHp6uoiIXLp0SRYtWlTn93nx4sVy4MCBGkPqvHnzZPHi
xQJARo4cKVlZWVbLDxo0SHJycsTNza1ejj+dTidHjhyRhIQERett3LhRRGpvEJs2bZpFA5rJZJKZ
M2daLPPQQw/J+vXrpaSkpMasVVk8PT1FpCJLNPTf55XSKDsxl8qw+vHHH9dp/YYI0ElJSZKYmKho
HXsCNAA5cOCA6PX6WreXm5srW7ZskZEjR4qIyLvvvlvrOps2bZL8/Hzx9PSUCxcuyMaNGxvkPQsI
CDCfqIqLiyU6OlqAioM1Pj5eRCpC6K5du8wtIH5+flJQUFDtBYd79uyRRYsWWUwzmUwSFBRUbT3c
3NwkOzvbYp2ysjIZO3as9OzZU+Li4izm6fV66d+/v2RkZNR68i4rK5NRo0bZ/ZrcfffdNj904uLi
JCIiwtx60q5dO/NrdK0+ffo0+N8bCwtL0ysqlUo6d+5sPqcZjUZJTEyU9u3by8CBAyU9Pd3q/JOU
lCRRUVGKf9maMWOGmEwm2b17t/nivUoFBQWyffv2Gs+dZ86ckYSEBPPjhIQE2bp1q1Wp/EV2165d
FtO3bdsmIiIvvfRSta9F1ed0bQu1kmHsrjdAV84LDg6W999/3/ycN23aJIGBgYrfZ19fXykqKpJB
gwZJQECAVfH29hadTmf+HG3fvr0AkN9++03WrFljDsvt2rWT48ePmy/Or49S+fm8cuXKapdZsGCB
iIgsWLDAPO33338XEZH+/fvXuP3K7jEbN26UVatWmY+3yvmbN2+2OM7sCdAAzMs30t9qo+xEgIpv
NCkpKVJSUmJXC2toaKhMmjTJIlTVd4CeMGGCiFT01VGynr0B+pdffhERqTEYdu/eXURE/v3vf5sP
rPj4+Bq327JlSykpKZEVK1YIANm9e7ckJyc3yPs2e/ZsKSkpkbZt24parZYBAwZIeXm51Ql86NCh
FuupVCpxc3OThIQEq2XHjBljswV33rx51dbjhRdesNpOZmam+Pn5yfLly6VDhw5y7tw5i/lff/21
vP322yIismPHDnnvvfdk9uzZFqXyJHnw4EG7T8SvvPKKVd1FbLeijBkzxmbY/tvf/tYof3csLCxN
qzg7O8uwYcMszhdGo1GOHz8uQUFB8sgjj0hOTo7VeeWhhx5S3AL58ssvi8lkkkGDBsm///1vi+0t
WbJEevToUWML9fPPPy+vv/66+fG1rYiVpWPHjmIymayu1dFqtWIymeTll18WoCKAVf0l8/fffzef
l/v37y9Go7HGcNarVy8ZMWKE1Y1GgPoL0Gq1WqZPn25+ztu2bZOuXbsqfp8rrwerTmW30n/84x/y
9ttvm9dr2bKlbN++XXJycuTIkSNy8eJFWbhwYb0dfw888ID5Pf/HP/5R7XJVVU6zJ0BX/VLw0EMP
Sc+ePc3b6dy5swCQgwcPypYtW+TIkSMicmMG6EYdB3rSpEkIDQ3F//73P5w9e7bW5RctWoSvvvrK
5i0tvb298eCDD2Ly5Ml46qmncN9999VpXMyJEyfCYDDgP//5j+J17aHT6SAiNY6q0bdvXwDAoUOH
AAC//PILOnfujJiYmGrXeeKJJ+Ds7Izvv/8eABAfH4/Q0FC0atWq/ip/RVRUFNzc3JCQkID09HRs
2bLFPKJFJaPRiE2bNlmsJyLQ6/Vo3bo1xowZA5PJZF726NGj0GqtB4F58cUXq63HqFGjoFKpkJyc
jA8++AAffPABlixZApPJhC1btkClUuG5557D3LlzzVcpjx49Gnv27AFQceV0SUkJEhMT8e6776K0
tBSlpaXmUVK6deuGzp072/Wa9OrVy+b0I0eO2DUNAKKjo5vs7WeJqOG4urpajZGvVqvRvn17rFix
Av/973/xwQcfoKCgwGIUoRYtWtR5fP6YmBjs3LnTYnu7du1Cv379FG3nzTffNI9wFBYWhgMHDsBk
MuH48ePm893hw4fNy5SVlVmcB2fNmgXg6shYb731lrlOM2fOhFqtxsyZM6s9d/r7+wMAfHx86vxa
1MbFxcUibxgMBly4cEHxdjZu3Gh+nrbKsGHDAFSMWvb666+b10tOTkbfvn3xpz/9CXPmzMFdd92F
55577vqfGIBOnTph6dKl5tf3wIED9bLdqgwGAy5evAgAaNOmDSIiIgAApaWlyMrKAgAMHjwYAwcO
RGJiYr3vv740eoAGgM8++8xi+v33348ZM2ZYhb/c3FwAQHZ2ttW2Hn/8caxcuRILFy7EZ599hvXr
1yMnJwerVq1Cp06d7KpPp06d0L9/f2zduhWnT59W/oTs0L59e6SlpaGkpKTaZaKioiAi2LZtGwBg
2bJlEBFMnDix2nX+9Kc/ISUlBWvWrAEAxMbGQqVSKT7Z2eO+++6DTqeDwWCwOaQPYDk8oC0//fQT
QkNDzcPMnT59WnF4bNeunfn/er0eer0eu3fvRnBwMJo3b46QkBCkpKSgtLTUvG13d3fzOv369cOM
GTMwbtw4lJWV4a9//avFcafRaBAZGWlXXby9vW1O1+v1VtN8fHxsLpuXl2fXvojo1qLRaODh4WFz
ekxMDD744AMsWLAAy5cvx+XLl83zXVxcoNFo6rTPmJgY7Nixw2Lazp070bdvX/P5NDMzE/Hx8bUO
/XntcLHXfj5cGxSr2rp1q/mzcNu2bdi6dSsAoH///ubPt6r/d4TIyEhER0cDqGgQunTpEjIyMhq9
Hjt27MB3332HU6dO1cv23NzcsHbtWovPzf3799fLtq/1ySefQETw6quv4pNPPgEAfPXVV+bPxfz8
/AbZb31qtHGge/XqhV69eiE+Ph4///yzxbzHHnsMY8eORXx8vMW3jUmTJuHVV19FWlqaedrFixex
efNmHDhwAFlZWSgoKICbmxvCwsJw5513YtSoURg4cCAeffRRbNiwocY6TZ48GTqdDt988029PtdK
U6dORXh4eLXjOVaKjIxEeno6EhISAAB79+5FXFwchg8fbg6uVUVHR6Nr164WreaVJ7477rij3sdf
1Gg0KCwsrHH858rxlWuSkZGBrl27YtasWXjggQeq3U51Kse3DAkJwejRozFhwgScPXsWDz74IF56
6SUsWLAAu3btwrRp0+Dq6mreXuUHirOzs7moVCp4eHhY7a8hxtB8+OGHbT6vw4cPN+k7aBFR41Op
VHjmmWdw4sQJ/P3vf0dgYCCGDx9uPufVVXR0NLKzs5GSkoKWLVuisLAQJ06cwMCBAwEA3333HR59
9FEAwPDhw7F27dp6uSeALbNmzUK/fv0wa9Ysi9bnqufRmTNnYtu2bY1yDg0PD8fjjz+Ofv36wcfH
B3fffTfuuOMOAEBaWhr27NlzU4zDvWTJEnNrMFDx5eCnn36CiODy5csYP368xRe263HmzBno9Xp4
enoCqGiVjouLq5dtN5ZGC9BTp06FSqXCt99+q2i9quEZAH7++WerAF7VoEGD8O2332Lp0qXo3r27
1fqVdDodHnjgAaSlpWHZsmWK6lSboKAgTJs2DTNmzEBmZibeeuutGpfv0KED9u3bZzFt7dq1eP31
1zF27Fir1+yJJ54AAIt6Hz58GPn5+Xa3oCphMBjqrauB0WjEmDFj6rRudnY2goKCoNFosHLlSrRq
1Qrff/89AgMD4e3tDRcXF2i1Wnh6eprrKyIoLy+32E5NJ9zqjhd7zZw50+JGPG3atDF/6FyrsssO
EZFSH374IRITEzF16lR4enqif//+17U9FxcXREdHY9euXWjZsiW2b9+OyMhIeHh4wGAwYPLkyVi6
dCnuuusu9O7dGxs2bMDw4cPr58lcY+vWrdBoNBbn6sogX1VjNUC0atXKZvfI4uJi/PHHH/jiiy8a
pR4Nadq0aXjwwQctpmk0GnNL/1NPPVVv4dnT0xP/+te/4O7ujrfeegv5+fn46KOP8OGHH2L9+vU3
dLeNqhqlC0dAQABGjBiB/Px8LFq0qEH3tXnzZrz66qsICAjAX/7yl2qXe/TRRxESEoIff/zxuvf5
0EMPITExEadPn0ZycjJSU1Px2muvIT09HQ8++KC5ZdmWPn36wMvLC8eOHbOY/tVXX8FgMGDs2LFW
6wwfPhxxcXHYvXu3xfRTp07Z3X2lvolIrSE7ICAA8fHxdQ7jmzdvNv//0qVLcHV1RUREBDZt2oQ3
3njD5jr79u0ztxRUrastBQUF1/1z1ZQpUzBz5kxzeeyxx2y20uzdu7dB+pYR0a1Bo9Hg66+/RkRE
BCZPnowDBw7YddfbmvTt29fcD3rnzp3m63B+++03hIeHY8KECWjfvj2mT5+OVatW1TnAdu/eHWq1
Gmq1Gu+8847NZa7dtly5g6yI4ODBgzAajUhISKhzl5XrZTAY8P3332PKlClNvjteUFAQRo4ciT/+
+APbtm2z6j6xceNGfPnll/W2vz59+sDPzw9AxRfBjz/+2PyZPmjQoHrbT0NrlAA9depUeHl54aef
fmqUfi3Lli1DYWEh+vTpU+0yjz/+OMrLy7F48eLr3l9BQQFyc3NhMplw6dIlbNmyBa+88gq6d++O
nTt31rhu7969AVi3RiYkJGDXrl0YNGgQAgICzNPHjRuHkJAQm63w8fHxaN68OTp06HDdz0mpyhNb
dYYPH47MzMxaf/KraRufffaZuY/xlClTkJCQgJ49e+L7779H9+7dba7zzTff4LHHHrOYptFobHbV
+Pzzz+vtG3ZNCgsLMXbs2JviJz8ichwPDw+sXr0a3t7emD59Oo4ePWr1i5sSMTEx5oaZqv2fz58/
j6ioKPNy3bt3r7FhqDaLFy/Gli1bsGXLFkyYMEHx+lFRUVCpVGjVqhXCwsLqXA97JSUlYenSpfj0
00/N3Qx0Oh38/f0RGBjY4PtvaFlZWRg6dCgGDBiAAQMGWLQA5+fnY+LEifXa2l81B3bt2hWtW7c2
X5TZFPo+V2qUAP3II4/AaDTaHE2jIVReEVs1eFYVGRmJu+++Gzt27LBq+a2LTZs2oUePHujYsSMi
IyMxdOhQvP/++ygsLKx13W7dullcQFjVmjVr4O7ubr74EqgI0AaDwWa/6srRHur74or58+fXuoxG
o7H65qhSqeDi4oKzZ89i3bp1dvWXq2lfp0+fxty5cwEAERER+Prrr7F06VLMmzcPgwcPxtChQzFm
zBhzC/cXX3wBnU5ndTV7586d8e2331q0hB86dAgff/xxg/8kaDKZ8MwzzyA5OblB90NEt4bAwEAs
X74cZWVl2LFjBy5dulTnbfXr1w9Hjx5FYWEh9u/fbz6n5+fnW1zU6OnpaR5FoS569uyJ/v37o3//
/ggPD6/zdhpLYmIili5dir/85S9YvXo1ysrKAAAdO3bEPffc4+Da1Y+qLfxVf8l+8sknbQ7kAACf
fvqpxb/22rt3L86fPw8AWL16NbZt2watVoucnJxaGx1vJA0eoMeNG4eIiAjExsbCycnJfDFh1VL5
hxkWFoZevXqhbdu2171fDw8PlJaW2pw3efJkaLVaxf2xG0KXLl2QmppqM1BVtqRX9hn28/PDoEGD
sGvXLpw7d85q+coDr7rW2Lp699137QqWs2bNMv+c5u3tjby8PBQVFaFt27Z2ddsQEcyePbva+eXl
5Zg/f775IsmOHTsiKioKERER8PT0RPv27TFy5EiUlZVh0aJFmDVrFuLi4qx+1vT09MTgwYPNj9es
WYM///nP193/uTZpaWmIiYnBihUrGnQ/RNQ0OTs7o3fv3liwYAHGjRtn1zoqlQodOnTAggULEBYW
Zh4utC5cXFzQvXt3zJ8/H2FhYWjWrBmAipBetZtCXl7eTdHyqlRZWRkOHTqEw4cPA6i4xqVfv36K
h9B1c3PDCy+8YHM0p9GjR+Phhx+udl0XFxecP38ezz77rLLK2yk4ONg8/N+SJUuwdu3aapetvLZt
6tSp5mmVXy6qjuRhy9NPP43jx48jKCgIYWFhSEpKwuTJk83D2NVF5QWJ1WW/+tbgAbqyG8Xtt9+O
Xbt22SyVYx0uXrwYu3btwmuvvXZd++zVqxf8/PzM33Cq0ul0GDNmDDIzM+t9tAqldDod2rdvjxMn
Tticn5+fj82bN6Nnz56IjIzEE088AQ8PD/PQdddqqAsJs7Oz7epb16tXL5SWlsJkMiE/Px++vr6K
rtI2GAy1/vFkZ2fjjTfewIMPPogff/zR4g9Fp9Ph+PHjmDhxIt555x2kpKRgz549mDBhgsWxUFZW
hvPnz2PdunWYMmUK/va3v+Ho0aMN1vpcUFCAZcuWoUuXLlbjrBIRVfLy8kLv3r1x//332z0mPVDx
C2B0dDTefPNNq1/clOrbty+++OILi/sQ3HbbbdixY4e529nWrVsb5IL1qirHit6xY8cNNV7+wYMH
sXfvXgAVr3uHDh0wdOhQRdto1qwZPv74Y/OY1ZWCgoLw1VdfWQzZeq3HH38c/v7++OGHH5RX3g6V
+05OTsb06dMVf15VXkdk6/qtqrZs2YIuXbogIiICt912G1q1amXzmrTRo0dDpVJhxIgRte67srtm
5fvT0Bp8FI7t27fXevD369cPkZGRWLFiBXJzc60ujqsqKiqq2htTVPr73/8OAFi3bp3VvCeeeALB
wcFYuHDhdV9wcb1iYmLg5uZWYzeSH374AaNHj8akSZPQu3dvFBYW1jhqyKlTp9CxY8d6rafJZML4
8eOxevXqGpdTqVSYM2cOXnnllTpd2DF+/Hi7Wk+Sk5ORlZWF+Ph4LFiwAPfddx/GjRuH0NBQ+Pn5
ISYmBn5+fvDw8EB4eDg6deqEoKAgnDhxAhs2bMCGDRvMreOVQyHWl4ULFyInJwcigtTUVOzevRsn
TpyotY84EZFer8eZM2cQHx9v80ZT1XFxcUGbNm0wYsQIxMbG4quvvrIYDUiJfv36Yd68eYiJiTF/
dlf+Uvzcc88hOjoan332GXbv3m2en5iYaNENsV27dggJCal2HwcOHLDoAlJ5M7GqunXrBpVKVeO1
TI6Qnp6OI0eOID09HS1atED79u0xYsQI83Bv1+Pll19Gfn6+uauiLWPHjsXGjRsbrK9wu3btICJ4
5JFH6nRN0Jdffol//OMfmDhxInJzc/HRRx8hNTW12uXtualebTw9PfHYY4+Zuwk31I3xbGmUWx7W
VFasWCEiIvfee6/F9KCgIBk3bpz4+flZ3CZy+/bt0qdPH5u3h/zkk09ERGTPnj029/XHH39IeXm5
REVFXVed7b2Vd03l1VdfFRGRRx55pMblMjIy5MSJE1JWViZr1qypcdnPPvtMRES6detWr++RWq0W
g8FQ421HRUTKy8slOjrafJtOexkMBlGr1XWqV0hIiPTu3VsmTpwob7zxhsyfP18+//xz+emnn2TZ
smUyZ84cmThxovTs2VNCQkLqtJ9rS+XtSq8VGBho9+3AWVhYWKoWtVotPj4+0qVLF4mMjDSXqKgo
uf/++2XixIkWJSYmRrp27SrdunWTyZMnS3JysiQnJ8uf//xn8fHxsWsxLAijAAAgAElEQVSfL774
osWtugsLC0WlUklaWprFuS02NlY6duwo/v7+8uGHH5rXef7550WlUlmUys/hsLAwOXjwoMV2goOD
rZYvLCyUF154waJeVet07Tm16rxWrVpZzKt6u25nZ+dq59X2utR0K++oqCj57rvvzHXYs2ePDB06
1O73OTQ0VERE2rZta57WsmVLuXDhgjz77LPVrte2bVspLS2VUaNGWUzX6XTSvXt3admy5XUfg+++
+67MnTv3uj7HJk6cqOjzvz59+OGHjfk36/iTRnUBeu3atSIi8sMPP5invfHGG1JSUiIGg0F2794t
8+fPl9mzZ8vSpUslMTFRRETi4+MtDsyqB315ebls3779uutc1wD92GOPSVxcnHz66ady5swZ0ev1
EhQUVOM6X375pfngGDduXI3LTps2TUREpk2bVu/vk5OTk13BOCsrS7p162ZxkquJ0WgUJyen666f
m5ubtGjRQtq3by9du3aVHj16SJcuXSQ0NFTc3Nzq9bWoKUA35N8KCwvLrVdcXV1l0qRJcujQIYvS
vXt30Wq1AkB8fHzkb3/7m6SmpsrJkyflvvvus+u8OmDAAKtzdXXnbpPJZHPZa0tN26lu+aoBFbix
A7ROp5Pp06dLSUmJiIhkZGTIjz/+aPf7aStAr1y5Uvbu3VvjerNnz5Zz585ZTHv00UclPT1dEhIS
JC8vTw4fPnxdx9rIkSOtXre6lN69e8vKlSslPz/f5rFUn0pKSmTbtm21NkY2QHHcSaGyVBegv/76
axERWbx4scX0qKgoWbZsmaSnp1u8iBkZGfLJJ59YtFhXLYsWLRIRkeeee+6661zXAN2rVy/zN3uD
wSCzZ8+udZ0BAwaIiEh6enqty3bv3l1ERD7//PMGea86depkVzDevn27qNVqKS4urnE5k8kknTp1
cvgxqLQwQLOwsDRW0Wg00qlTJ/nhhx/k4sWLYjQa5bvvvpPmzZtbhMvmzZvLu+++K0uWLJEePXqI
RqOxa/tr1qyp9ZzekH755RerkLx9+3YREdm5c6fVvF27domIyP79+61+UbzzzjtlxIgRNn+l7tu3
r4wYMULuuuuuWl+Ta1vJ67qMrXJtgH7ppZdEr9fL3XffXeN6J06ckLlz51pMO3funDz55JPmxwMH
DnT48XqrFNWV/zhUSEgIvLy8kJSUZB7nt1KHDh1qvM9769atER4ejtzc3HoZkk6JgIAAlJSU2DVc
XVVubm646667kJKSUi/9fxpbly5dcPTo0VovEPz9998xZMgQDBgwAGvXroWrq6tFf3iTyYTbbrsN
p0+fhtFobFJ9hH///Xebd/4KCgqqdsgfIqK60mg06NixI1q1agUnJyecOnUKp06dshpPvlWrVnBx
cUFqaqqiPqxDhgzB5MmTzTe4aAzFxcXYunUr5s6dazV+ddXPims/G2qa1xSEhoYiJSUF+/fvR/Pm
zREWFoaXXnqpxr7PQ4YMwfr169GtWzccP37cPD0nJwcvvfSSwwdFuBXdEAGamh6dTge9Xl/rhS6l
paVwcXGBWq2GTqfD008/jXnz5kGtVsPV1RUGgwELFy6ETqfDpk2bGuzK4vr28ccfW9xYoNLo0aOv
a3xUIiJHccRoF00xAF+vygA9e/ZsnD17Fk8//TSSkpJqHLrwm2++QXh4uNUFl6+//jpmzJiBr7/+
GvPnz6+xwZHqn8ObwVmaZlGpVPLwww9LaWlpjd06jEajfP755+afE1UqlcXPbnX5CczR5dqf7ppa
/VlYWFhYHFMqu3BUXux/2223SX5+vjz11FM2l3dzc5O8vDyZPn26zfl9+/aV7777TnJzc2XlypW1
XlfFUm/F4RVgaeJFrVZLcHCwfPLJJ9VeNDJ//nwJDQ11eF1ZWFhYWFgcWa4N0ABk+vTpkpOTI+3b
t7dafsqUKZKfny+enp61bnf79u2KLmhkqXthFw4iIiKiRlLZhSMqKgqxsbHm6WvXroW3t7fV9TW/
//47MjMzMX78+Fq3PWbMGMybNw+tWrWq51rTtRr8ToREREREVLPJkyejbdu2ePPNNzFs2DC89tpr
aN++Pe6++26bFwlGRUXhrbfesrgl+LBhw5rk4ARNEQM0ERERUSMREZhMJqs772ZkZGDq1Kl48cUX
sWrVKqjVarRq1Qrz58/Hr7/+arUdV1dXDB48GKmpqTh58iTS09PRo0cPvPjii431VG5p7MJBRERE
dIPw8/ODr6+v3S3JLVu2RNu2bZvs0LhNFQM0EREREZEC7MJBRERERKQAAzQRERERkQIM0ERERERE
CjBAExEREREpwABNRERERKQAAzQRERERkQIM0ERERERECjBAExEREREpwABNRERERKQAAzQRERER
kQIM0ERERERECjBAExEREREpwABNRERERKSAVkQcXQciIiIioiaDLdBERERERAowQBMRERERKcAA
TURERESkAAM0EREREZECDNBERERERAowQBMRERERKcAATURERESkAAM0EREREZECDNBERERERAow
QBMRERERKcAATURERESkAAM0EREREZECDNBERERERAowQBMRERERKcAATURERESkgNbRFbhWeXk5
ysrKYDAYYDKZHF0dIiIiuomo1WrodDo4OTlBq73hYhA1ESoREUdXopJer0dpaamjq0FERES3AGdn
Z7i5uTm6GtQE3TAB+vLlyzAYDI6uBhEREd1CdDodPDw8HF0NamJuiD7Qer2e4ZmIiIgancFggF6v
d3Q1qIlxeIAuLy9ntw0iIiJymNLSUpSXlzu6GtSEODxAl5WVOboKREREdItjHiElHB6g2XWDiIiI
HI15hJRweIDmUHVERETkaMwjpITDAzQRERERUVPCAE1EREREpAADNBERERGRAgzQREREREQKMEAT
ERERESnAAE1EREREpAADNBERERGRAgzQREREREQKMEATERERESnAAE1EREREpAADNBERERGRAgzQ
REREREQKMEATERERESnAAE1EREREpIDW0RUgIiIioqsulwjyi6RO6zb3UUOnqfj/uUwTvthSBqMA
j/XVIbKlxmLZB+bqzf93dVLhm+muda7zrYYBmoiIiOgGsu5gOf66tKRO6+54yx1tm6uRXSAY/p4e
BfqKIP79TgM2v+GOds2vdj7Ydcpo/r+Hi+r6Kn2LuSUCtIggJycXubl5uFRYiLKyMgCAk5MTvDw9
4e/vh4AAf6hUPHiIiIio6dt+otwcngGgrBxYf7gcz9/npHhbe88YcSbDBCcdMLaXrj6r2WTd9AE6
JzcX584loLi42GpecXExiouLkZWdDVdXV7Rt2xoB/v4OqCWg1+uh11fU0cXVBR7u7g6pR2MymUzY
u+8AACC8ZRhatAh2cI2IiIhuDn6e1o2CgV7KGwqLywQPfaSHoRzwcVcxQF9x0wZoEcH58wlITkm1
a/ni4mIcO3YcLcNC0aZN60ZrjU5ITMKRI0eRnZ1jMd3b2xudO3VAx47t4eSk/NtiUyAiOHr0GADA
y8uTAZqIiMiGQC8VFj5tX//kFs0q8ktMZy0ejNZh1R4DAGDQbVqMuUt5+D2baYKhXPFqN72bNkAr
Cc9VVa7Ttm2b+q6SBRHB7t17EXfsuMV0tVoNk8mEgoIC7N6zDydOnsK9QwfD29u7QetDRERENyZn
nQq9O2hqX7AKtQr45EkXvDjcCSYT0K65GnVpGzyVblK+0i3gpgzQObm5NsNzcHAwWgQHwf1K94ii
oiKkZ2QhIyPDYrnklFR4eXs1aHeOM2fOmsNzm9at0L17N/j4eEOj0eDSpUKcPnMWsbFxKCy8DI32
pnybiIiIqIG1Dbq+EYvjUxigbbnpkpmI4Ny5BItpTk5O6NypI3x9fSyme3l5wcvLC0GBATh+4qT5
4kIAOHcuAf5+fg3SlUNEcOhwLAAgNKQFBg8eYLEfb28v9OxxO9pHtMPloqJboj80ERER1a81+wwo
MVx9/FC0Dlo7G7INRiA514R9Z6+O1FFuhMVjAIhoroavh3VWKisH9p414sBZI7IKTFCrgBbN1Ihu
r8EdrTU2W8PLjcDKK11OXJ2A+6K0cNapUG4E1u43YO9ZI8qNwL1RWtzTzbER9qYL0Dk5uVYXDNoK
z1X5+vqgc6eOOBJ71DytuLgYOTm5CAwMqPc6FhUVoaDgEgCgfYeIakO6t7cXvL296n3/REREdPOb
+UMpci5dHYljdE8ttJraGwZX7THgL0tKUH5N4/PlEsGo9/UW076e7orBt1nGybX7DXhrVSnS822P
Zd01XIO5jzlbjUttMIrF8H2fPOmCod20mPBJsUVwT88XBuj6lpubZ/E4ODi4xvBcydfXB8HBwRbd
OXJz8xokQJeXXz0IdLrru5q1vLwceXkXUFxcDI1GAx8fH3h6etS6ntFoxIUL+SgqKoLRaIKnpwf8
/f2gVlv/1CMiKCi4BI1GY9620WhEdnYO9MXF8PXxQbNmvtXUqwRqtRqenh7w8fG2q0W/oOASCi5d
gslkgo+3N3x82P+biIiosZSUwSo82+utVaVYuKmsxmWOJhkxYo4eK/7ihjvbVd8kfjbThA1HSqxa
vQO9HT/s8E0XoC8VFlo8bhEcZPe6LYKDLAL0tduqL66uLub/nzhxCqEhLaBV2M/ZYDDgaFw8YmPj
YDAYLOaFhYWiV6874etj/cXBYCjH8RMncOTIUZSUlFrM8/X1wYD+MQgIsOz7bTKZsOKH1QCACY8+
jPJyIzb9bwsuXLgAAHB3c8OECePM9Yo9egxHjx6zqlezZr6IvqsnwsJCbT6n/PyL2LVrD1LT0i2m
twwLRf/+feHqyjskERERNbR7ummRW+iMsnLBR79cDcMuOmDKUMuRwVoFXG14+/oPg0V49nVX4aWR
TohqpYGrkwo7T5bj3TWlKC4DSgzA04uKsfOf7tXexOXb7QbkFlq3Ygf7MkDXu6r9mAGYLxi0x7XL
Xrut+uLs7Izw8JZISkpGcnIKNvz6P9zZ8w4EBQXatX5paSl+3fgbMjOz4OTkhG5dI+Hr6wuDwYBz
5xOQkpKKrKxsjBw5DH7NmpnX0+v12LjxN2Tn5AKoCKbN/JqhuLgYCQlJyM+/iHX/3YAHHxgNLy9P
m/u+eLEA23fsMndBAQDPK8uWlZVhw6//Q2ZmFgCgRYtgNA8KhNFkQk52DtIzMrF+wyaMHn0/ggIt
n2tqajr27j0AtVqNjh3bw9nJCTk5uUjPyERySio2bdqCESPus9lCTkREdDPLyDchZmZRjctM6KvD
M4PrZ9jbQG8VXhzuBKMJlgHaSYW/jXS2uc5FveCtVVcb5rxcVdj0mhtC/a5+bncKcUL31hrc/15F
N5DsS4Lvdxrw1CDb9a4Mzw9E6/DnAToEeKlwsUgQ5u/4LHDTBej61JBhrVf0ncjKykZJSQnS0zPw
09r/IjDAHxER7RAe3rLGbhi7d+9DZmYWvLw8MWLEMIuLDDt37oh9+w8iNjYOv//+Bx4YM8rcbUKr
1aKktBShIS3Qq9ddFt0u7rg9Cj+u+RklJaU4GncMd/fpZXPfe/buh8FQjiFDBqJFcDBUKhVMJpN5
XmZmFrRaLYYMGYiW17Q0Z2VlIys7B4EB1t1iEhOTcNttXdCjx+1wutKtRURwNO4Y9uzZj8ysLKSk
pCI8vKWdrzAREdHNodwEnMmouU9F3mXb/Y0by0/7DLhccrUOf73fySI8V7qjjQb3Rmnx65GKwaV/
OVRebYAGgAejdfjkyau/3If61WOlr4PjI3w9u/amI0VFNX9jq2nZhuwy4O3thQfGjETr1q3M07Jz
crFz1x4s/+6HK10k8q3Wy7twAadOnwEAxPTtYzVCh1qtRo87usPLyxN5eReQkZFpnufk5ISHxz6A
4cPvteqz7OnpicjILgCAhIQkiNj+Q8zNzcM9QwaiTetWcHFxhrOzE1xdXVBQUIATJ04BAKLv6mkV
ngEgKCgQXW/rYrMfdGRkZ/TudZc5PAOASqVCZJfOcHdzAwCkXdO1g4iIiG4Mf5yw7KfcNVyDvEKx
WdpUGVrvUILx2k2Z6TTAq2Nst3g72k3XAu3l6WkxCkd6Rha8vOwbySI9I8visVsD97n18PDAPUMG
4sKFfJw7dx5nzp5H4ZV+1wkJiUhKSkav6DsRGdnZvE5SUgoAwN3drdo792m1WoSGhOD4pZPIzMyy
WK6mVnXfKxfr6fV6lJeX27zAsW2b1ja7miQlp5q3HxHRtranbqW6CwU1Gg38/JqhSK/HpcLLirdL
RETU1Hm4qPB4v5oHHbizrbIbrdS3s5mWLeRjPtRXs6SlsnJAXypwc7ZuXPP3UqG5j+P7O9ty0wVo
f38/ZGVnmx9nZGQgKDCg1pE48vMvWt1QpSFG4LClWTNfNGt2B3r0uB05Obk4efI0Tp46DZPJhJ27
9sDH1wehIS0AALm5Ff2X1WoNdu/eW+02c/MqRiMp0tt3AAOAtkpgNhpNsDVASHCL5rb3d6VeAQH+
9X7rcSfniu2Vl/NeokREdOvxdVfhtQduzJbYSgVFdetCotMCOu2NGZJrctMF6IAAf7i6ulq0Qh8/
cbLGsaDz8y/i+ImTFtM83N3h59fM5vINRaVSITAwAIGBAWjdOhzrN2wCAJy8MlIHABQXV4yPWFJS
goTEpBq35+HhDg8P2xdR5ufnIz0jExfy8pF/8SKKi4tRVGR/2L6WXl/xeru7u9V5G0RERNQ0ebur
kF1lzOnvXnSFkx1jTgd6q6BzbON5ndx0AVqlUqFt29Y4duU22UDF6BBHYo/afStvAPDzc2wv9bCw
UPNIHbl5F8zTK7tVtGvXBjF9+yjeblZWtvliP6Cin7e/XzM0bx6EkpJSJNYSyqujvtKv2WRy7EUM
RERE1PhCmqktLnQMbaZGu+Y33aV2ZjddgAaAAH9/tAwLRXJKqsX0jIwMm2HZluTkFHh4uDdaNw5b
KluP1WqV1bSLFwsUby85OQW/bvwNIoJuXW9Dh44R8PG+enOT5JTUOgdotystz5cuNczY2URERHTj
io7QYGv81a6WW+PL0a55/XbpvJHctF8N2rRpbXMkCHsJBMePn0R2dk491qrK9qsZ5aKqvCstz82q
jOXcPKjixjBZWdlWtyyvza7deyEi6NnjdkRH94Svj49ddwa0R+XQdBcuXMBlBSOfEBERUdNgqOFS
pHujLNtkF2wsQ34NQ+vlFgqyC5rur9Y3bYCu6MrRBpGRne0ajs7D3R3hLVtChauBsqFC9PmERHy7
fIVVC3lVKalp5m4WrVuFm6eHh4fByckJJpMJsbFxNe6n6kV3ZWVl5puf+F9zp8FKxXplgbyqli3D
zCN8VO0+cy2jsfrhaoiIiOjGoVHD4i6BRaWC7ScrPsf3nzPiVPrVLhsdWqgxqufVEJ15UfDwx3rE
Jlp+7p/NNOHV70rQ/W+XMfCtIqTm1fGe4Q52U3bhqCrA3x/+fn7IyclFbm4eLhUWoqysDGq1Gq6u
rnBzdUVgYID5gkEPD3ccP34SgopvRZUhGqifUTlEBAcPHkFRkR4bNmxCu7Zt0KlTB/j6+kCn06Go
SI8zZ8/h8OFYABVjJ7dufTVAOzs7486ed2DHzt2IPXoMWq0WXbtGmke+EBFkZWXj8OFY5OVdwOjR
I+Dh4Q6dTgcXFxeUlJQgJTnVonVeRHDq9Bns2LG7zs/Lw8Md3brdhsOHYxEbGwdXFxdERnaGRlNx
ZUBZWdmVW48fxf3D77P7rotERETkOHdFaLA57mqD3Nh5erg5A/pSIDxAjd9nusHVqSJk/3OcC/af
LUJ6fkWGiks24d539Qj0UiHIR4W8QjHPA4C8QsH7P5fh30+4oKm56QM0YDm6RW0ql7EVolVqFQL8
bbfeKqnL0HsGYvPmrcjOycXZc+dx9tx5m8v6+/th8KABVmM3d+7cEYWFlxF7NA4HDx3Bkdg4BAT4
Q6fTIj//Ii5fruhCERzcHBqN2rzf27t3w67de3Es/jgKLxciMDAAZaVlSEpOweXLRegXcze2/L6t
zs/tjtujUHCxAOcTErFn734ciY1DYGAARASZmVkwGAxwd3ODVndLHHZERERN3rR7nbDlWDmq9jzV
X7ljd1KOCV/+bsDUoRWNeP6eKvz4khueXFiM46lXW5azL4nFCB2VBt+mxTvjbuzh+arDJGNDdSH6
zJlz1x2gAcDLywujRt2P8+cTcfrMWaSmpln0ifbx8UbnTh3RsWN7mzczUalUiI7uidDQFjgaF4/U
Kt09VCoVWrQIRseO7dGmdStzCzBQcbc/o8mIQ4dikZSUgqSkFGi1GrRt2wb33RsFLy9PnE9IrPOF
hBqNBoMG9UfY6bM4GncM+fkXkZyccuU5e6Jr10hEdukEF5em902TiIjoVhQdocEXz7ni9e9LkHbh
albx81RhYowOE2Msc0p4gBob/s8dK3YZ8M12A44mWXbh8HJV4e5OGkzq74S+HZvg+HVXqMSeq9ka
UH6+9e2qbxTZ2TkWIdrZ2Rm9e91V7/spLy9HcXEJjEbjlVtjK7sDosFgQHFxCVQqFVxcXKCrpYXX
aDRCr9dDBHBzc4VW2zDfo4qLi1FWZoCTU0X3kfq6YJGIiKgh+Pr6OroKNyyTAAnZJlwuFvi4qxDm
r4bajo/1i3pB7iVBqQHwdgOCfdXQ3ARX4DFA1yInNxdnzpwDAHRoH9HoN1chIiKixsEATfZigCYi
IiICAzTZ7yZoRCciIiIiajwM0ERERERECjBAExEREREpwABNRERERKQAAzQRERERkQIM0ERERERE
CjBAExEREREpwABNRERERKQAAzQRERERkQIM0ERERERECjBAExEREREpwABNRERERKQAAzQRERER
kQIM0ERERERECjBAExEREREpwABNRERERKSAwwO0Wu3wKhAREdEtjnmElHD40aLT6RxdBSIiIrrF
MY+QEg4P0E5OTo6uAhEREd3imEdICYcHaK1WC2dnZ0dXg4iIiG5Rzs7O0Gq1jq4GNSEOD9AA4Obm
xp9OiIiIqNHpdDq4ubk5uhrUxKhERBxdiUp6vR6lpaWOrgYRERHdApydnRmeqU5uqAANAOXl5Sgr
K4PBYIDJZHJ0dYiIiOgmolarodPp4OTkxG4bVGc3XIAmIiIiIrqR3RB9oImIiIiImgoGaCIiIiIi
BRigiYiIiIgUYIAmIiIiIlKAAZqIiIiISAEGaCIiIiIiBRigiYiIiIgUYIAmIiIiIlKAAZqIiIiI
SAEGaCIiIiIiBRigiYiIiIgUYIAmIiIiIlKAAZqIiIiISAEGaCIiIiIiBRigiYiIiIgUYIAmIiIi
IlKAAZqIiIiISAEGaCIiIiIiBRigiYiIiIgUYIAmIiIiIlKAAZqIiIiISAEGaCIiIiIiBRigiYiI
iIgU0O7Zuw8i4uh6EBERERHd8FQqFVSFhYVSNUCrVCoHVomIiIiI6MZybVbW6nQ6B1aHiIiIiKhp
0Wo0GkfXgYiIiIioydCq1byOkIiIiIjIXirhFYRERERERHZj8zMRERERkQIM0ERERERECjBAExER
EREpwABNRERERKQAAzQRERERkQIM0ERERERECjBAExEREREpwABNRERERKQAAzQRERERkQIM0ERE
RERECjBAExEREREpwABNRERERKQAAzQRERERkQIM0ERERERECjBAExEREREpwABNRERERKQAAzQR
ERERkQIM0ERERERECjBAExEREREpwABNRERERKQAAzQRERERkQIM0ERERERECjBAExEREREpwABN
RERERKQAAzQRERERkQIM0ERERERECjBAExEREREpwABNRERERKQAAzQRERERkQIM0ERERERECjBA
ExEREREpwABNRERERKQAAzQRERERkQIM0ERERERECjBAExEREREpwABNRERERKQAAzQRERERkQJa
R1eAyFF+2/w7MjOzzI99fX0xfNhQB9aImppf1m9Efn6++XGLFsEYOKCfA2tENzuDEdBpHF2Lm0NK
ngmHE0xo0UyFHm34opIyN0yANplMmDr9r7Uup9Vq4eHhAU9PD7Rt0xrt2rVFt66R0GpvmKdC9cDW
8eDi4oKP5r5n1/oGgwHfLv8Bhw4fgcFgME/vHtUNzzz9BABg9Y9rsXHTZvO822+PYoC2w3tz5iEp
Odli2vBh9+L+4fc6qEaO89XSb3Do0BHz42H33cMATfXqXJYJa/YZsOWYEeezTCjQC3RaIMhbja7h
avTrpMW9UVoEeqscXdUmZe1+A6Z/WQKDseLxyB5afPqUKzT8Xf6G8txnxSjQX338wjAn3BVxY3zZ
uWFSp4hYhBklAgMCMOHRh/HEpAlwd3ev55qRI9g6Hry9vexe940338GKH1ZbTA8Pb4l33p5Zb3W8
FSWnpGLx519ZTU9MSsbwYUOhUvFDnKg+6EsFb60qxbI/DBCxnGcoB1LzTEjNM2H9oXK8vgKYGOOE
GSOd4OPGv8HalJQJZiwrNYdnAPj5QDmGdTdgVE+d4ypGVnaeMiLn0tU/gEf73jjvz03xXSs7Jwfz
Pp6P+0eNRVJyiqOrQw727fIVVuHZzdUVC+d/hGbNfB1Uq5vDzz//YnP6qVNncOhwbCPXhujmdFEv
GP2BHku3WYdnW8rKgc+3lGHoP/U4m2lq+Ao2cWn5gqJS6xf2eCpfO7LfTRGgKyUlJeOJPz+H4uIS
R1eFHOTgwcOY9fZsq+lzP5yNjh3bO6BGNw+DwYDl36+sdv5PP61rxNoQ3bymf1GCuGTlYS7nkgle
rmyBrk2YnxreNlrqu4XfGF0DqGm4Ybpw2OLp6YGtWzZYTDMZTSgsLMSZs+fxw8ofsXnLVov5iYlJ
WP3jT5jw6LhGrCndCDKzsjF1+gwYjZYfPC88PwVD7xnkoFrdPHbu2mNx0aVarYbJdPW1Xr1mLV6a
8YLdXW2IyNrmuHL8FlduMc3bTYW/3u+EQZFahDRTwSjAyTQTfrahIDAAACAASURBVNhtwPc7DSi7
svjUoU7sC20HJy3w6VMueOY/JeaW6Mf76XBf9xs6EtEN5oY+WtRqNXx9fKym+/k1Q6tW4Rg8qD/e
evs9LP16ucX89Rs2MUDfYkpLS/GXv76C7Jwci+n3Dh2CaVOecVCtbi4rV62xePzw2DH49dffkH/x
IgCgpKQUm/63GQ89+CdHVI/opvD9LoPFY60a+P5FV0S1smwdvaONBne00WD6vU74cF0ZCvSCyfc4
NWZVm7SBkVrsfdcdx1KMCGmmRrvmN9UP8tQImvQRo1Kp8Oyzf7aafjQu3gG1IUd6b8487N13wGJa
hw4ReO/dWdBo+LPc9crMzLK6qHPwoAEYOnSwxbTl31XfxYOIarf9hNHicd9OWqvwXFWonxofT3LB
V1Nc4e7M1mcl/DxV6NdZy/BMdXJDt0Dbo3lQIDw9PVBYeNk8Ta/Xo7y83O6h7UQEqWnpyMzMhI+P
D9q1bVPjaAKXL19Gbm4eLl0qhIurC/yaNYOfX7Prfi62GI1GqFQqqNX19weu1xcjPSMDRUVFcHNz
Q4C/P3x8vBVv50J+Pi5cyIe+SA8vL080bx4EFxeXequnvVb/uNbqVwhvby8snP8RvLw867xdvb4Y
GZmZKLpcBC9vL4SFhtQpjOfk5CI3Lw8FBZfg5uqKFi2C4e/vV+d6VSopKUFmVjYuFVy6rvrZY91/
N1h013Bzc8Ndd/aETqfD9ytWmafHHo3DsfgTiOzSqc77yr94ERcu5KPochE8PDwQEOAHT09l72N9
vuYFBZeQnpGBgoJL8PT0QJvWreHqev3HeUP8/YgIsrJzkJuTi2bNfNG8eVC1547i4hJkZWXh0qVC
eHp6ICwslMOBOlipQVCgt7y4Lcy/aYViESAxx4S0C4JmHip0ClHD3sF5SsoEiTmCnEKBhzPQJsh2
X+XGqIstRaWClFzBpWKBh4sKzX1UaOahfIO5hYKcS4LLJQJfdxVCmqng6tTw77MIkJ5vQlaBIMBL
hRa+6mqH7dOXCtLzBflFAh83FVoFqus8/rijnm9DuynOltf2eQ0Obm71QTB1+l/xv99+h0qlQnh4
S6z4bgl8fXxw+sxZzHr7Pezevde87PSpz+IvL06zWN9gMGDtz+ux9uf/YveefRZhAqho7bx/2L0Y
P+4hmyM9fLXkG8yeMxdARcv57d274dMFH9nsogIAubl5ePyJZ3Hi5CkAQM8et+OLzxbAw8PD5vIZ
GZl4+tnpOH3mrHna+v+uRru2bcyPt+/YhaXLluOP7TtRXm7Zx65Hj9vxwJ9GYtTI4TV+iBcXl2Dl
qh+x9udfcPjIUYt5Li7OGDSwPyY9PgF33B5V7TbqU1xcPP7vtVlW0//10fto1Sq8Tts8fz4Ri/7z
Odb98itKS0vN0wMDAvD4xEfw+MRH4ebmWuM2MrOy8f33K7Hxf5tx6tQZq/k9e9yOaVOfRd+7e1e7
jcpjFgC6do3Eki8WwsPDA+fOJ+Czz5fgv//dAH1xcZ3qp4TRaMS3y1dYTBs9cjjc3Fxx1509EBgQ
YNF15qe16xQH6CK9HitXrsG6/663Oq7UajV6Rd+Jh8c+gPvuHVLtl4T6eM2rOnnyNBYsXIyNmzZb
/L24uDhj/LixmPrc0wqeYYX6+Pup7rjYuPE3LFj0GY4dO25etlPHDpj5xj/w/+zdd3wT9f8H8Ndd
ki5GS1kte8tUBFkqS2SjskE2iDhARRQR+aLiVhRlyRSRIRtFtihT+FFGEQHZe8he3c2N3x8hoZdL
2qZNk0t5PR+PPiCXy+WTa9O+7pPP5/2pW6e2Y9vp02cwc9ZP+OXXlUhOvv/zHR6eH927dsaLL/ZD
ZIH7v8NGv/8xFi1Z7rhdokRx/PjDFJQuVTLd13ru/AW8/MobOHHylGPbgnmzULv2o+k+7kEWZBZg
FgEpzZ+XncdkyAqyXJ+41oh4XLujLQP2RU/3v+OrvBmP+KT7+w94KghjugZr9uk9MQmbD0kQBFsP
+MoRYSiYT8Ch8wpG/pyM3Sfv96K/2jIIozsFax4HAFVKiFgyLAzhYQJuxKn4bk0qFu+w4m6a5w4y
A53qWTCyQzAK53cduLLalo+XpWD6hlTNsc5PdX2h/scBCTP+SMWOo7LmewMANcuY0KWBGc8/YUk3
FCamqJizxYqlMVYcOq89SJAZaFrNjJdbBKF+NmscuzvHv+62YvyaVBy5eP+5K0SJ+KxHCBpWvv+c
x/9TMGFtKn7bc39sPQDkDRHQ/XEL3mgbhEL5Mg6/vnq9/hTwn1ucOHkKiYmJmm1tWrfQ7acoCiRJ
gtVqxYkTJ3HgwCEcOXIMz/forwnPAGCxaOsM/nv4CFq17YB33v0ftu/YqQvPgK2M1zffTkSjpq2w
wkWpryefbABJkhxtiNm1B7+nU/d61ep1jvAMALv3xGLjpi1u9/91xSr8e/iI4znKlC7lCM+SJGHk
qA/Rt/9L2Lhpiy48A8CePbEYOepDtG7XCYf+PezyOfbu3YeWrZ/Dhx99rvvjD9jGwK5esx5duvXG
R598qVnAJCfcuHETg18bpnue/703HI0aPuH5AVUVc+ctQMs2z2Hp8hWa8AzYyiWO/WY8XnjxVcTF
xbk8RGpqKr79bhIaN22FCZOmugxygO372bf/S/h63ASobupU2X9mJUlCbOzf2LV7L+bOW4DWbTti
8ZLlmvCc2fZlRcyuPTh3/oJmW7t2rQHY3iudO7fX3Ld4yS9ISEjI9PF3xuxGi1bP4aNPvnD5c6Uo
Crbv2InXhw5Ht+f74uLFS5r7vXnO7ebM/RnPtO+C1WvW694vyckp+HH2XHTo9DwuXfov06/TW+8f
55+L7TtiMPqDT/DKkDc14RkADh85it59X8SePbEAgPXr/8Azz3XFgoVLNeEZsPW0T5sxC1269dac
425dOzmeT5IknDlzFtOmz8rw9c6Y8SOOHD3meNxDlSqilo8urAOVIACli2j/LB/7T8Ebs5M1wdIT
kmwL5PYvOYPiHs77u/hzB/nefVYZOH1VQexpGQfOyej0TaImsALaVRPlNMc9cE7B9iMydhyV0eTD
BMz8M1X3GlMlYMF2K5p9lICTbsrzeaMt9i9nVhkY/EMyek9MwtbD+vAMAH+fkTFqQQoavp+Av8/I
+h0A7Dgq44nRCRizNEUXJu2vc/1+CR3GJuKdecma4Oop53O8+ZCEobOT8cqMZE14BoATlxX0HJ+I
7Udt7f51txUtPknA0p1WXRvik1XM3JiKNp8l4tz19H+IfPl6/SmgA3RiYhI++/xrzbaI8HC8MKBv
ho89deoM3nz7XccEqLQiI+8Px9i1ey86d+2F06fPZrJNiXjzrXcxfYZ2sYmKFcqjQoXymm1/bf8/
t8dZ//sfum0bN251u//Gzdr77AEHAMZ9N0lXF9mds2fPYfWa9brtW7b+hR69X8AFp/Dizuyf5uHD
jz7L1L5ZkZiYhLeGv6drT6eOz6Ff315ZOmbsvv34YMxnuk80nMXs2oMvv/pWtz05ORl9+7+EiZOn
Zfri4fspM7B02a+Z2nf0B5/ggzGfubwAykz7smrZ8hWa21FRRfFY7VqO284XrPHx8brqOO5s2rwV
ffoNwn//Xc7U/rH79uONYSMcATgnzvnPC5bgw48+z/Dn4PyFi5qqJOnJyffP8BH/031CkJbVasV7
oz9C7L79GPLGW7oLL2enT5/F2++McnQUVK9eFQ3q19Xss2z5Cty8ecvVwwEAd+/GYdkv2p+b/v16
caGdTGj5iP6D4WU7raj3XgI+WZaCY5eMV6v42H8KXp6RrBt+AiDd3srpf6bi+fGJuB6X/sXBtbsq
ekxIQlJqxhcRWW2LK58sS8HymMz9Xrl4U8Uvu/S/m9fvl9D9u0Rcvp25C6C5W614a473SvEOm5OM
RTvcvwarDAyfm4yY4zIGz0xGcgYv9/wNBa/MSHZ7Iebt1+v8HTPSbxBDD+GQZQVnzmqXDJYkCbdu
3cKBA4cwd/4inE1zf8GCkZg5fRKiihbJ8NjjvpuE+Ph4l/cVLVoYgL0s2jBdT03nTu3RquXTKFK4
MOITErB7TyymTZ+l6Qn/4qtxqFy5kqYntF3bVvhu/GTH7U2bt8Fqtep6vK9evaabEAcAf/y5CUlJ
ybrxlzdv3sLevfs025o2bmh7DZev6MJ8m9Yt8OorL6J4sWKIj4/HseMnsXTZL1i7bgNKly6FV18e
qNn//IWLGDpshCaglCtbBiPeGYY6j9VC3rx5cf36daxZ9zu+/Opbx34LFi5F40YN0aL5U7rXkhXJ
ySmYMnUm4uLisGnLNl1PY53HamHMB6OyPV48KqooevfsjqpVK8NqtWL3nlj8MGuO5pOHnxcuwaBB
A1CqZAnHtpCQEBQpUlhzrAoVyqNH9y6oUKEcrFYJ+/btx5RpMzTh7Isvx6FNm5bIExaWbrvsITOr
7cuK69dv4LeV2k9UunbuALP5fldO1SqVUbVKZfx7+Ihj28JFy/DsM23TPfbFi5cwdNgI3QVB61bN
0aH9MyhWLBopKanY9/d+zJ49DxcuXoLJJOL9USMcQczb5/z06TMu64j369MT7dq1RqFCBXHr1i1s
2rQVU6b9kKnQntPvH/vvsRbNn8Kzz7RFvnx5ceTIMYyfOMXxO+nEiZPo/8LLjnPQpHFDdGj/DMLD
8+PgwX8xcfI0zScuMbv2YOfOXXj88fq219+3F/5v5y7H/VarFatWr0Wf3j1ctun3DRs1vzcjwsN1
E07JtQFNLZj5Z6quV+52gorJ61MxeX0qKhcX0b6OBR3rmVGyoP/7wcatSkFiiuv7ogu4b1/McVvP
Z3iYgD6NLKhZxoTQICD2tIwpv1s1i52cu65g2gYrhrZNv9JIVtvi7MINBTP+1A7xaPGwGcPaBaF0
YRF3k1QcuqDg521W/HFAQvFIAW89o23b6asKhvyQrFnxsFQhEaM6BuPJyibkDxVw+baCX3ZJGPvb
/ZURl+60ovnDZjz7WPYjmv1cNKlmRuf6ZoSHCTh4TsGEtSlISr3fzp4TkqDcO91PVjahSwMLIsIE
/H1GxqT1qbCm+XmMPS1j678SmlbXti8nXm+wRQBw/+cgxECFZgwdoOPj4/HU0+n/EQYAs9mM7t06
Y8irg3R/TNM7NgDUevQRvPH6q6hQvhwkWcad23dQufJDAIBp037AjRs3NY/7btwXumBQv14dtG7V
HF279cHtO3cc2z/5bCzWrKzvCBtNGzfUBOjExEQcPHQYj9Z8WHO87Tt2umxzYlISYvf9jSfu/VGz
2+MUnqOjo1Dt3hjUXbv3aoJVZGQBjPv6cwQF2X4Kw8Pzo3jxYmjapCEuX76C4JBg3TjrCROn4M6d
u47bBQtGYsH8H1G4cCHHtqioohjQrzcKFSyIocNGOLaPn/A9mj/d1Cs9TykpKRj7zXiX9zVt0gjf
jP0s22N/u3XthFEj39acg6ebNUWFCuUx4t3Rmn23bv1LVy7xvZFv48bNm0hJSUXf3j10Y3abNmmI
KlUqYfBrbzm23bp9G9u378zUhUZ22+ep1WvW63piXQ2R6typPT765AvH7Z0xu3H8xElUdPrUJa1J
30/XTP4FgDEfvIfevZ7XbHu05sN4vlsXrFy1BtHRUXj44eqa+715zqdOn6ULxWO//ASdOj7nuF2q
ZAk88nANPN2sKXr0fsHthbidL94/n3/6Ibp17eS43fDJx1GnTi107NzTsc1+rrt17YRPP37fcaHZ
qOETqFnzYfTqo71w3rRlmyNAN23SECVLFMf5Cxcd98+ZuwC9enZ3ecG6cPFSze3evbpneIFINsUj
RYzvH4JXZya7XYXwyEUFX1xMwZcrUtC8hhlDWgehTnn/jSW1h7TqpUSMeC4YDxUTIcnArQQVD5dK
v111ypsw/aVQREXc/xlvWt2MFo+Y0fbzRE0Ym705Fa+1Dkp3PHh22pLW9qOy5vyHhwmY/lLIvUAH
ROQRUKqQiNY1zbhwQ0FokKBbxOaLX1MQn3z/IBF5BKx4J0zzWksUFPFaa1v97qGz7/fEjv0tBc/U
Nmdr0qPdp88HY0DT+8nz6RrA4w+Z8NxX9zv97BcrHetZMHFACMR7z9viETPqlDehxwTtJ1e//6MP
0DnxevM5/Uk3UqUZ/1+6ekGN6lVRo3pVRyjMrNq1H8Xcn2ai4ZOPIzo6CiVLFEf16lVhNptw48ZN
zF+wWLN/u7at3PaqVShfDsOGvabZduLESfy1fYfjdrVqVRAdHaXZZ9du1z3Ndg0a1NP8gdqy9S/d
/tt3aIeCPNO2teMxzhcA4eH53c60j4oqqpvUePHiJd1H+P977x3NH/+02rVthapVKjtuHz5yFCdP
nXa5rzfFxOzGhj82ZusYVatUxmeffOByomaH59ohIlxbqeTgIf1Y8aJFimDeTzOxZOEctGvbyuWE
t5Ytntb9HOzLxDLY3mifJxRF0b0HatSohkqVKur2beWid/HXFavcHvvq1WtYukxbV7r500114dku
NDQEXbt0dDkB0Fvn/OatW/jFaTXFJo0basJzWtWrV0WlShVc3mfni/dPrUcf0YRnu5qPPKw5lt3r
Q17Whd7HG9RDtaraiZ///HPQ8X+z2YwB/fto7j91+gx2xuzWHf/IkWOIjf1bs421wT3Tvo4FP78e
iuKR6YcFVbUFmWe/TMTHy1IyHN+ckx4ubcKK4WF4uoatV7xsERG1yppgTiezRhcQMPc1bXi2q1HK
hN6NtJ/OXrmjYp+bccbZbYuza3e1Vy/5QwVYzK6/HyUKiijoNDzk3HUFv+3Rfozwfudgl68VADrX
t6Bi9P335YnLCo56YbhO9VKiJjzb1a1g0jyf3bvtgxzh2a5pdTMqOe27/6y2bTn1evOEaB8fFqzb
xW9yRYDe9/c/GDHyfTzZuAUWLFya4QQhu48+HOW2HNWevft0Hy137tTe5b52bVq30P1hStubLIoi
2rVtpbl/67YdmtsJCQn448/NjtvNmzXVzKBfs/Z3TY+yqqqa/QGgadNGjv87l3E7ffosPv7kywx7
zeyc/0CKoohGjdxP0BNFUdNewFYpI6clJiVhxMj3sXbd71k+RkhoiNuePrPZjAoVtb2p16/fyNLz
iKKIShW1wct5ARh/ts9u3779OHHipGZbFzfvgaioomjapJFm28KFS5Gc7Hps297Yfbqe7ee7d8lG
a9OXmXO+f/9B3Xu+S+f03/MZ8cn7J50uqnLlymhuh4fnR1RUUZf7Ol8MXL+h/fl57tm2CAvVdge5
mlvhPIm6XdtWKFGiuNs2kmtNqpmx7aM8mDggBHUqZJz8vl+fio+XuRm74ANjewUjzMPewUL5hHTL
1LV61KLbdvBcxgE6K21xFuHUrvM3FLwzL/OTObf+q22nINiGgLhjEoF6Tt/nvaczfq0ZSe8slC+q
zSt5QwSUiHQdCysV026/7nSBkVOv13ncekQe4/RAG3oIR1hYGOb+NEO3PTU1FTdu3MSevfuwePEy
x6SYxMREjBo9BlevXcMbr72S7rGrV6+KKveGarjyz4GDum3OPTTOIgsUQPny5XA8TSm5Xbv3avZp
2qQRZsyc7bgdE7Mbd+/GOYJuzK49mo+QG9SvC1mWHH+IL136D8eOnUDlypUA2KqQpJ2AFREejlqP
PuK47apk1E9zf8ayX35D547PoUWLZqhdq6ZuHLad86z+kJAQfO1mGIXjMU49n8694FmVN29eLJg/
C6qi4tr16/h2/GRd+4aPGI3KD1VC2bJlvPKcaeV3qkWcnJL1iR7h+bXLXScmpj+xKzO82T4AWPbL
b5rboiiieTrDTDq0fwab0kxmvXX7NrZs+cvl2NcDTt83AHi4RnXdNm/K6Jz/66L6TBUXPbie8Pf7
x/lTucjIAm4vwvLkyaO5nZSk/fmJiAhHjx5dMfOHnxzbVq9Zj5Ej3nKE8uTkZF2o7tmjW5bb/6AL
DRLQub4FnetbcPaagj8PSlgTKzmqJjibtiEV7eukv/BKTqhcXMTDpb3/nBVdLHBy8kr6AdZbbWlQ
SX+M+dus+GWXFR3rWtCuthkNKpkR5CZF/X1W+z0KsQAfLkn/AufQee1jnEOqtznXdS6QR3B7PZ7P
qSc42aptW0693rRj/AUBiIowTr+voQO0xWLWjQ9Oq03rFujT+3n06jNQU05q/ITv0aL5U+kG5IyG
e1y7dl1z22w2Z2qxlLJlSmkCtHOZq9q1aiIiPNwxVlpRFOz7ez8aN3oSALBp0/0AUqZMaVSqVEH3
A719x/85ArTzZMO2bVtpwnCZ0qXwwoA++GHWHM1+8fHxmD1nPmbPmY/ChQuhR/cu6N69M4oW0U7A
dO6FSkxMxIKF2vGNGfGkpFl6TCZRcxFTtWpltO/QHVeu3u9JtFVBGYmFP//ol0VdnF2+fAUHD/2L
4ydO4fz5C/jv8mXE3Y3DseMnnfbM2V+Unrp9+45uOEOD+nURFBTksnINADzySA1YLBbNBeDCJctc
BujrTu+vkJBgl/XTsyKr5/za9etw5vx+8JSR3j/e0L1rZ02AVhQFv/62Ci8Psq0Iu3nLNs08kCqV
H0Kdx2rpjkOeK13Y9lH8gKZBOHVFwY+brPhhU6punPTiHVafB+isLrCRkQgXw+bvuqiukRNtKR8l
ol8TC2Zv1s6JSEwB5m2zYt42KwrkEdCzoQUDmgYhuoD2D7VzGExKtU2W80Ta8cRGl1Ovt0TB++e1
eGTWF3PJCYYO0JlRpnQpjBj+Jt548x3N9rVrN6QboDPiPLkpr1PvjDuhTh9x3rqlDRsWiwVtWrfA
zwvvL3kcE7MbjRs9CUmSsHb9Bsf2Z9q2giAIqFixAsqUKY0zZ2yl9NZv2Ogo1ffXX9ohIM2eaqxr
0ztvD0V4/vz4bsL3LmtYX7t2HeMnTsHsOfPx8ZjRmmEmGZVMy4zyaRZz8aaiRYpg/Hdj0aPXAM3r
+ufAQYz9ZgJGj3onnUfnnOTkZKz4bTV+XrjEJ8NXcsK69Rt0dbC379iJ2nUaenScLVv+wtlz53WL
bsTFa0OhpysNOvPGOY+P1wfV4ODsTfk28vsnK8qVK4OWLZpplnWfM3cBXujfBxaLBYuXaMe19+vX
y6urqJJNuaIiPu4ejBqlRbzxo/aTgl0ns/+xv1G4GnPs3POZk8Z0DUF4mIAJa/UXKoBtYuKkdamY
vdmKz54PRpcG9zuvvFHb+KFigfPeyanX26CSCa+3sf0eLmag3mcgFwRoAC57qY8eO5atYzqPHY7P
ZC9QklONVVe91s2aNdEE6D83bcU7w9/E/n8OamqrNrk3plQQBLRt0xKTv58OwLboyZWrV5E/X35s
2brdsX9ISDDq1a2jez6LxYIhg19C69YtsHTpr1i8ZLnLXsQ7d+7i9aHDkT9/Pkf5vQIFtL2Cjzxc
Az/9OC3D82BnNpu9uiqes7p1auPdd4bhsy+09cB/nD0X9eo+5rUSepl15MgxDHn9LZw6fcbtPhHh
4UhNTc2wHq8/pf35zK7fVq7Ba4Nf0mxzfn/dvZv1hV+8dc5DgvWzUyRJ8nhyclpGf/9kRe9ez2sC
9OXLV7B123ZUqlQRm7dsc2wPD8+PNq2a+6OJD4yuDSwYvyYVp67c70C4kUFN5UDiqu5zdpb29lSQ
GXi3fTA61LVg3lYrluy0uqwvHZ+s4vUfkxEeJqDFvTrekU5jd6uWELHs7cxXorGYjFVxIiM59Xqr
lzShekkDdTunkSsCtKtarJKUvatw51nykiTh5s1bGX7MfO6cdsW2YtHRun3q1a2DkJBgR53U48dP
4OrVa9iapsJG4cKFUKN6NcftJo2edARoANi9OxbR0VGaXsLWrVq4nRQJAOXLlcWId97EsDeHIHbf
fqxesx7Lf/lNt5LjhElTHQHaecLR8RMnERYW6raShz8M6N8bsfv2Y12a3nsAGDFyNKpWechnE5hO
nTqD53v115QsiwgPR9cuHdGgQV2UK1cWUUWLwGKxYOibI/DbqjU+aZenDhw4pBu7mx0//7wILw8a
oBla5HxhmZKSghs3bmZqmFRa3jznzqEesI3jzs4wjkB4/3iqfr06qFL5Ic1KqatWr0OVk9pqIb16
dteNqybvK1FQwKk06/k4l1ILZP/d0ofVouG+f30PFbP1+I/uHIydx2X8usuKX3dbHXWU7b5emeII
0MWdhnScvqogT7BgqCEI3vSgvV4glwRoV2Weot3MNM+smo/U0G079O9hl2W07G7dvo1jacY/A0C9
uo/p9gsLC0XLFk9rZqsfPnIU69L06rRt00qzWMUjj9RAZGQBRw/1jv+LQZV746Dtnm7WJP0XdY/F
YkG9uo+hXt3HMPT1V/HmW+9iW5qhILGxfzsWeEk7IRGwjeHc/89B1DbQkryiKOKzTz7A4SNHNQvr
3LlzF8OGv4f5c2a6nSTpTWO/Ga8JcrVrP4ppU8YjsoB3xvb6ynKnyYMA8N67b7ut3uBs85ZtmmNc
uXoNf23fiaZN7g//eLhGNd3j9v9zAE811Q9BSo83z3nZsmV0206dOpOtAB0I7x9PiaKIAf17Y/iI
/zm2bfhjE/49fFSzH0vXZY2s2BbxKF04cx9Xn3aaVFfWaSlw54UoAmlcrauSdY+W9V8iCzIDjaqY
0KiKCSM7BOPFaUmOxWAA29LZqZJtv7pOFSaSUoE9J2WXkxNzgwft9QK5oIxdSkoKpqepamFXr55+
KIMnarmoTLFs2Qo3e9usWfO7bozx44/Xc7nv082aam6v//1PzeRD57HMZrMZrVvdX8Bi48Yt2Pf3
P47bJpOIxxtoF1jJjMjIAhj6xmC399d8pAbCnBZA+GHWnEyXCvSViIhwTBz/te57tmdPLMZPnJLj
z68oCrZs3abZNuTVQQEXnuPj47HEaZnr0qVLYUD/3mjXtlWmvgYN7Kc77pKl2rGxtWs9qhsbO2++
++WoXfH2Oa/8UCXdtg0b3NcWv337ToZLkAfK+8dTrVu1ePGQvAAAIABJREFU0NSMT0xM1Pz+atO6
RbZXwXxQvTQ9CfVHJaDbd4k4fyP9OsB/HJB0+zSuqg0sRfJrewbTqy1slQHFID+bqmqbrJdWkBmo
Vc4YgaxwfgHvdXBflLhOBduqimlNXu96LHVukJOv9+RlBfvPyF4ZZ+1NARugk5OT8X87d6F3v0HY
sydWc1/BgpFo0vjJbB0/skAB9O6lXcXtt1VrsHLVWpf7Hz9xEt+Mm6DZ9tBDFXWrBto98Xh9mNIs
p7Q0TWjJmzevyx6qtL1zV69dw6rV6xy3mz3VBOHh+XWPAYBjx09gZ8xuyLLrYS3O9YIrVCjvCKJ5
8+bFiy/01dy/bv0GTJ/5o9sQcOzYcQx7eyS6dO+Dy5evuNwnJ1SvVgUffThKt/37KTOwddt2F4/w
nqTkZN2S7+6WeT585Cj+L2aXy/v87fcNG3VDerp26ejRRLBKlSrqStL9vuFPTdgsXLiQrody85Zt
+GnOzy6Pee3adQx9cwQGDhqChHvt8/Y5r1q1Mko6DfeZ9/MizYIidpcu/YeBgwZnGKAD6f3jibCw
UPTt29Pt/SxdlzW/7ZGwOtaWErb+K6PR+wn4cEkKzl7Tht4Uq4pZm1LxygztBMKwYOCZx7SdCA+X
1r53D19UsPGgPolcvaOiz6Qkt8tg54Tj/yn464jrv0szN6Zi9wntfZ3rW3T1mXPSofMKNv8ruV2g
5vJtfe+/vaxd/lABLzylTZR/HpDw7Wr3ofLgeRkDpyah5aeJuJDBxZPR5MTrlWTbBeWT7yeg1WeJ
aPZRgu694E+GHsIRFxePZi3a6bYnJSXj2rVruoUY7D4YPTLbs/oBYNDA/li5aq2mpN0bb76Dbdu2
o0WLZihSuDDiExKwe08sZsz4UTdBadTI4S5XRQNsPaaNGzXExk1bAGhn67du1dxlCba6dWsjODjY
Me457WOaP+16styxY8fxTPtusFqtqPXoI3j1lRfxxOP1ERwcDEmSsWdvLMZ8/LnmMe2f1a622LdP
T/zy60qcO39/fPeXX32LLVv+QscOz6FM6ZIQBAHnzl/AqtXrNLWAX3/zHcydPR3BLiZo5YSuXToi
dt9+XY/nsLdHYtVvSxFVNHtlydzJExaGIoULaxbnmDp9FqpXr+Z4zlu3b2PFitX4+pvxhp1AuGCR
vsRaaxdl6DLSuXN7TS11RVGwavU6vJimd/rll17AylVrNYF9zMefI3bf32j/XDtER0UhITERMTG7
MW3GLEdlnA/HfIavvvjY6+fcZDKhX99e+PjTLx3bJElCtx79MKB/bzxcozpSUlJw4OAhLFq8PNOL
EQXS+8cTXTt3wMRJU3S/hx96qKLLoWuUvlQJ+GCxNhAnW221nadtSEXxSAHRESJuJqg4d02B5OLP
39A2wbqFJ1rWNOtKsfWbnIRXWgbh0TImqCqw+6SM+dusmV4kxFuSrUC3bxPRs6EFrWqaUSifgKt3
VSzbacWvu7UhP8QCvN46e1VxPHHwvIw2n9mWEq9eSsSbbYLxVHUTQoIESDLw11EJ7y/Sfr/a19FG
qldaBGF5jBWX0ozlHvtbCjYelNDtcQvKFRUhADh9TcGKXVZsS3Mx8eK0ZPzydihCggJnTLu3X++S
nVbN6oYnLiv4YHEKZg82xsRqQwdoRVFw+vRZjx7z/v/e1a32l1VFihTGpAlfo2//lzQ9XUuXr8DS
5ekP53j3nWF48okG6e7TsuXTjgCdlvPwDrs8YWFo/nRTTc+znaux2Yqi4KNPv3T0ysXu24+Bg4bY
alpHFsCNm7d0ZbZKFC+m6z2KiAjHpInj0KPXAE1o2Bmz2+VSvmlduXwFt27fybHg6kwQBLz/vxE4
ePBfzSSnmzdvYfg7o/DjD1NybAJXxw7PYOr0WY7bsbF/o2Hj5ihdqhQkScKFi5ccQ3xKliiO8xcu
5kg7surIkWPYu3efZlu9uo+hTJnSHh+rZfNm+HDMZ5ohTfN/XoQB/Xs7LipLlyqJr774GENef0vz
2JWr1rr9pAcATp06jaSkZISFhXr9nD/fvTMWLl6mGY6QkpKCKVNn6vbNmzcv6tap7fI9nFYgvX88
ERVVFB3aP6v59AwABvTrzdJ1WRBkBr7pE4KXpie7HKd88aaKizfdT45vV9uMV1vqA2ajKmbUrWDC
rjS9uVYZmLAmVbcvYBvycTWHF/BIS1GBuVutmLs1/ZrBnzwfkulx4d5o03sLUmC9d8oOnlPwwtQk
mEXbSni3E1TdBUxUhIBBTzstXJRXwMyXQ9F5XKKmZ3/vKRl7T6Vf6ODKHQU34tUMl3M3Em+/3n8v
6K8S/87EUu6+kmt+y1WvXhWLF/yEful8rJgVdR6rjaWL56Fs2cyFiLCwMIz7+nMMerF/hvu6Cr1m
sxn167nvvXE1UbBBg3ooUqSwbrsoini+Wxfd0A5JknDl6jVdeC5Xtgx+nDXV5VCQ6tWqYPnS+ajo
tBxyelq2eBpLFs31+R//PHnyYML4sbqxp9t37MTUaT/k2PMOHNhP93MiywpOnT6Dc+cvOILcwBf6
4tdfFvpkYqMnfl2xSretY8fnsnSswoULoUXzZppt585f0C3806Z1C0z9frzue+VO547PYfasqY7S
bt4+5yEhIfhh+iTdUA5nJUsUx/w5MzM9VCGQ3j+ecO6syJcvL1qzdF2WPVXdjA2jw9ChbuYv8gUB
eK1VEKYMDIXJxV90UQAmvRCCUoXS/3MfGmTbz15z1xeiIoQMQ7HFBHzeIxg9n/Td70tRAPo2siCv
0+p7kgJcj9OH51KFRCwcGuZymelHy5qw6t08usmd6XmquhmrR+ZBcTfLahuZN19v9ZL6Y/hzEqmz
wPvuwFbvuGSJ4nji8fp44/VXsWThHKxYvhCP5dCKV1WrVMbaVcvx1Ref4PHH67nsXXnooYoYNnQI
tm5ah/bP6YeduBJVtIhula6BA/qkO/ykSeNGusk56X3E3rZNS2zdtA5jPnjP5bLegG3M8+hRI7Di
l4UoX66s22NVKF8Oq1YsxjdjP3N7HqKjo9CjexesWL4QUyZ/6zLY+0L5cmUxc/oklC5dSrN93HeT
Muz1y6rIAgWweMEc9OjeRdfLbbFY0LZNS6xYvhDvvfs2CkREYMjglwwTopOSkrFoyf0lmEVRRMsW
zdCuTdY/zXln+FCUK1tGs22Zi09uWjR/Chs3rMLLgwagqIufl4IFI9G1S0esXLEYX335ieb9kRPn
vESJ4ljxyyK8MKAP8ubNq7kvKqoo3hw6BKtXLkWNGtVQ57FHM70EeSC9fzLLufe9V8/uunNGnilT
WMT3A0Ox8YM8eL1NECpFu/4zXTRcQN/GFmwdkwfvdQyGOZ1cUbKgiNUjw9CviUU30Ss0CHj+CQu2
jMmDTvUsaPGIGcUK+KbXs3B+AeveC8Ogp4N0NYCDzEDHuhb8MToP+jXxXai361Tfgt1f5MGHXYLd
Lg1etoiIUR2D8cfosHQXPalSXMTmD/Pg6z4hqFPB5HK57CL5BXRpYMHKd8Mw//VQREcETs+zM2+9
3k71LOhY7/7v6yrFRYzpapzhbIIa6NPB/SA+Ph7Xrl3H3bg4hIaEIDIyEoUKFfR3szLl9u07uHrt
GuLi4hEaGoIihQtnue3x8fG4cvUa4uLiEBIcgoiIcBQtWgSCq3fLAyYxMQlnz51DYmISwsPzIzqq
KGviZoKiKLh06T/cunUboklEeP78KFYsOlNDAnLinCcnJ+PCxUtISkxCZGQBFC1aVFNeMjsC/f1z
+cpVNGrSUvNJ1sY/VqOM00UrZd/tRBXX7qi4Ga8ixGJbtKJEpOgymGQkOVXFySsq4pNVROQRUKqQ
gFAfjbPtMT4Jmw7d/3mpUUrE7/+zvUdTJVvt4DuJKgrkEVA8UkCYgRYSuRWv4tItFXeTVIQFAVEF
xCzXpL6TqOLybRV3ElWEBuHe683a9zMQZPf1XrihICEFKF9UTPdC0dcYoImIyGPfjZ+MCZOmOm63
atkc308a58cWkdGlF6CJAk1ADuEgIiL/uXs3DrNmz9Ns69Wjq59aQ0TkewzQRETkkWXLV2gqilSs
WAH169f1Y4uIiHyLAZqIiDItOTkZ02fM0mwb0K8XS9cR0QOFv/GIiCjTVq9ZjytX7y9eU6F8ObRr
19qPLSIi8j1OIiQioky7dOk/x3LqgiCgWHS0oy43UXrOXrNVU7ALttgqKxAFIgZoIiIiIiIP8NKP
iIiIiMgDDNBERERERB5ggCYiIiIi8gADNBERERGRBxigiYiIiIg8wABNREREROQBBmgiIiIiIg8w
QBMREREReYABmoiIiIjIAwzQREREREQeYIAmIiIiIvIAAzQRERERkQcYoImIiIiIPMAATURERETk
AQZoIiIiIiIPMEATEREREXmAAZqIiIiIyAMM0EREREREHmCAJiIiIiLyAAM0EREREZEHGKCJiIiI
iDzAAE1ERERE5AEGaCIiIiIiDzBAExERERF5gAGaiIiIiMgDDNBERERERB5ggCYiIiIi8gADNBER
ERGRBxigiYiIiIg8wABNREREROQBBmgiIiIiIg8wQBMREREReYABmoiIiIjIAwzQREREREQeMB8+
etzfbSAiIiIiChiCqqqqvxtBRERERBQoOISDiIiIiMgDDNBERERERB5ggCYiIiIi8gADNBERERGR
BxigiYiIiIg8wABNREREROQBBmgiIiIiIg8wQBMREREReYABmoiIiIjIAwzQREREREQeYIAmIiIi
IvIAAzQRERERkQcYoImIiIiIPMAATURERETkAQZoIiIiIiIPMEATEREREXmAAZqIiIiIyAMM0ERE
REREHmCAJiIiIiLyAAM0EREREZEHGKCJiIiIiDzAAE1ERERE5AEGaCIiIiIiD5j93QCjUgGoigpV
tX8BKmz/wvHvfYIAAAIEARDs/wqC7UsUIPj8FRARERFRThBU1TkKPphUFVBUBYqiQrkXnL1JEASI
4r0vQbwXuImIiIgo0DzQAVpVbWFZVmzB2ZdEUYBJFCGKtl5qIiIiIgoMD2SAVhQFsmwLzkZgEkWY
TAJEkUPSiYiIiIzugQrQsqxAkhWvD8/wFkEQYDaJMJkYpImIiIiM6oEI0EYPzs4YpImIiIiMK1cH
aEVRIEkKlAB9iaIgwGwWObSDiIiIyEByZYBWVUCSZciyMcY4Z5fJJMJsMrFyBxEREZEB5LoALSsK
JEnW1WkOdIIAmM0mmNgbTURERORXuSpAW6Xc0+vsjskkwmI2+bsZRERERA+sXBGgVVWFVZJ9XsvZ
X0RRgMVsYv1oIiIiIj8I+ACtKCqskpTrhmxkRBAAi9kMUWSIJiIiIvKlgA7QsqzAKsn+boZfWcwm
lrsjIiIi8qGATV4MzzYPwrhvIiIiIiMJyADN8KzFEE1ERETkOwEXoBmeXWOIJiIiIvKNgArQtgmD
DM/uPEiVSIiIiIj8JWACtK1UneTvZhierSIJQzQRERFRTgmYAG3NhasL5gRVBXvpiYiIiHJQQARo
Dk3wDIe6EBEREeUcwwdoWVE4OS4LZFmBrPC8EREREXmboQO0qgISe1KzTOKwFyIiIiKvM3SAlmTf
BcDBH8xFwVpDfPNkPqKqtnNIRERERN5j9ncD3FF8OHSjUbfPcej4RTxRu6JPns+XZFmBSRQgioa+
ViIiIiIKGIJq0JpnqakSFB807dkXx2P73uMAgBuxk3L8+fxBFAQEBRn2WomIiIgooBiyW1KWlRwN
z8++OB4A0GvYdGzfexzdn6kHALluCIedoqqciElERETkJYbsgU5JzbnFQBauisHg9+cCAF7t9RTy
5QnBOy+1wZ24JJRrPBxA7uyJFgQBweyFJiIiIso2w/VAy7KSoyvpnbt4w/H/7+dtxDsvtQEAhOcL
dQTngrWG4E5cUo61wR9U9kITEREReYXhArSUwyGvXs3yAABrT9u/zsM2Tm0ZCwAo13h4rgvROX1u
iYiIiB4EhgrQipKzvc9pWftVRMqoRwBoQ3Tanmj7kI7cQlVVKFxchYiIiChbDBWgZdm3w7HlJtFI
fbkyAH1PdNrhHLmJr88xERERUW5jmACtqqpPlp4+fPKS5rbUqYzLnmjg/nCO3BSiZR/28hMRERHl
RoYJ0Irim1BXpXwx3TZ3PdG5dWKhr841ERERUW5kmADti97n9EidyiB1WHUA6U8szA38fa6JiIiI
ApkhCgOrqu96RZ2HcKQltS4B4UoSLPNPomCtIY7e5/B8oTi1ZSzKNR6OgrWG4NSWsQjPF+qT9uYE
RVGhqoAg+Lsl5Moff27C5ctXHLcLFCiAtm1a+rFFRERElJYhFlKRFQVWq+yT59oScxQdX5mIxA2t
3O5j2vwfgj/dD0C7qEpuWmzFYjHBJBrmAwgoioLBrw1Ls0VAoYKReGvY64iICM/28a9fv4Fx303C
rVu3Adh+5EVRxOSJ47J9bG97ZfBQrP/9T8ftWrVqYumiuX5sEREREaVliB5oo43JlZtEI/VGCoKm
Hkm3JzqQQ7SiqDAZJz9DVVVNaLQzmU348P33sn38r8Z+i6XLV2i2mc2G+PEnIiKiAGOICGW0AA24
r87hPLEwUBnxnLsyb/4inDx1OlvHOHzkqC48+9L16zfw2htvo1ffgejVdyAkSfJbW4iIiCj7/B6g
VcCwZdXkJtFIGVcXgPuJhYM/CMyP1lVVhTHPupaiKBg/4ftsHWPct/79pGDT5q1YvWY9duyIwY4d
MYb9eSciIqLM8X+A9nFPaMzfJz3aX64RmW5P9MKVMWjU7XOvttFXfH3us2rV6nX4e/8/WXpszK49
+HPjZu82yEOHjxzz6/MTERGRd/k/QAdAb5zcJBrWnuUB6Huiuz9TD4eOX0SvYdP90bRsCYRzb/fN
uIket1dRFHzz7cQcalHmHTz0r7+bQERERF70wAXo/FksP2ftV9FliJ48pjeeqF0Razf/E3A90YEU
oLfv2Imt27Z79JiNm7Zgz57YHGpR5kiShAMHDvm1DURERORdBgjQvn2+u9lYTdBdiP5txhuOnuhA
GhNt9PwcHR2luf31NxMgSZkrdyhJkq73uXDhQllqx7Vr13H4yFHsjNmNf/45iOvXb2T6sefOXUBK
SkqWntedxMQknDx1Gv/8cxBnzp6DLPumBCQRERHZ+L2Ol6+nstWrWT5bj7f2qwgAusVWJo/pDQBY
uDIGB45cwNZFI7PXUB8w+jTCQQP74+NPv4Ryb+XEQ/8expq16/DsM20zfOxvK9fg6NHjjtuiKOKl
F/vjk8/GZuq5L1+5ioULl2D9hj81x7Gr81gtDBn8Eho++bjLx27atBUnTp5CbOzfuvt79RkI0akG
9/SpE5AvX75023Tq1BlMnTYTK1ev04TyIoULo2+fHujbpyfCwgJ3gR8iIqJA8cD1QHs6idAVa7+K
jmW/v5q2xrF98pjeeLXXUzh0/CKefXF8tp8npxm9B7pUqZLo2aOrZts34yYiOTk53cclJSVj3Hfa
yht9ej2PEiVKZPicqamp+Pa7SWjctBUmTJrqMjwDwO49sejb/yV8PW6CbijMP/8cxKjRY/Dj7LnY
/88Bl4+N2bVH8yWl14usqpg7bwFatnkOS5ev0PVoX712DWO/GY8XXnwVcXFxGb5GIiIiyh6/B2gY
vBfUHal1CaQOq44vp63BwlUxju0fD+uI7s/Uw/a9xwOgTrSxz72iyHjlpYEIDg52bDt/4SIWL1me
7uMWLV6GS5f+c9wODg7GoEEDIMvp119OTk5G3/4vYeLkabBarZlq4/dTZmDpsl8120JDQzL12MyK
3bcfH4z5DLKspLtfzK49+PKrb7363ERERKTn/yEcxs5w6ZJal0DQuIMY/P5c3L6biJd7NAVg64me
PKY3CtYaYugVCwPh3EdFFcWggf0wcfI0x7bxE6bguWfbITw8v27/O3fuYuKkqZptLw8agKiiRTJ8
rpCQEBQpUlizrUKF8ujRvQsqVCgHq1XCvn37MWXaDE2Y/eLLcWjTpiXyhIUBAOrVfQzfTxqHhIRE
/LlxC9at36A55peff6QbwhEWmvHQi6iooujdszuqVq0Mq9WK3Xti8cOsOY4hLgDw88IlGDRoAEqV
zLi3nYiIiLLG7wE60CVuaAXz2gsY9fUyjPp6mSYs34idZPgQHQj69+uNOfMW4M6duwCAW7dvY/ac
+XjjtVd0+/4092fcun3bcTs8PD/69umZ6ed6b+TbuHHzJlJSUtG3dw+0btUcJpPJcX/TJg1RpUol
DH7tLce2W7dvY/v2nWjR/CkAQFBQEFq1bA4AuHr1mi5At3+uHSwWS6bbBADdunbCqJFvI2/evI5t
TzdrigoVymPEu6M1+27d+hd69ezu0fGJiIgo8wwwhMO3sjuJ0BWpdQkkbmgFwFadY/S4+0MMbsRO
QusmD6NgrSEBMS7aiCIiwvH6EG1Ynjb9B1y+clWz7crVq5g6baZm22tDXkZERHimn6tokSKY99NM
LFk4B+3attKEZ7uWLZ7WVQjZt29/pp/DU1WrVMZnn3ygCc92HZ5rh4hw7es7eOhwjrWFiIiIHsAA
nZPsEwu/n7dRE6LnjRuE1k0exva9xwOqzJ2RdO/WWRNak5NTdGF5+ozZSE6+P8EuKqoounft7PW2
iKKIShUraLZdvXbN689jFxIaAkEQXN5nNptRoaL2otCTMntERETkOb8HaDe5ICBJrUs4lv3+ft5G
zeTCeeMGoVrF4li4MsYwITqQzn1oaAiGDdVOypw3fxFOnjoNADhz9hzmzJ2vuf/NoUNyrKxbeH7t
+OvExKzXF8+u/E7l75JT0q9SQkRERNljgDHQAoxeDcITcpNoWM/EwzL/JAa/PxfnLt7AOy+1AQBs
XTQSz744HgtXxuBOXBLmjRvk59YGUIIG8NyzbTF95mwcP34CgG2p7hkzZ+OLz8Zg5szZmol9FSqU
R/tnM64XnZHLl6/g4KF/cfzEKZw/fwH/Xb6MuLtxOHbcuRxi7vkZJiIiovT5PUALQmBUg/CEtV9F
qPksCJp6BF9OW+MI0IBt1cLBH8x19ETbF2Dxh0DqgQZswxWGv/U6Br38umPb0mW/olvXTli0ZJlm
37fefM3jiXp2ycnJWPHbavy8cAmX4SYiIiId/w/h8HEv6H/Xbme8kxdInco4hnM414OePKY3nqhd
EQtXxqDXsOk+aY8rvj733vBU08Z47LFajtuKouDVwUM1vc+1Hn0EzZ9umqXjHzlyDO2e7YKRoz50
G54jwsMzVXaOiIiIcif/B2gfZ7jowhE+ey65STRSX64MQB+if5vxBgBg7eZ//DYmOtB6oAHbBL63
h72u2XblqnYC37A3X9PVWc6MU6fO4Ple/XHq9BnHtojwcAwa2B8//jAFWzatw9F/YxG75y883Sxr
AZ2IiIgCnwECdO7sgbZLryf61JaxAICFK2P8UuLO1+feW+rWqe22h7lx4yfxeIN6WTru2G/GO2pN
A0Dt2o/ijw0r8e6IYWjc6EmULFE8y8NCiIiIKPd44AK0L3ug7eQm0bD2tJUaSxuiw/OFOkL09r3H
cSfOt5UcAjVAA8Cbb7heJn2Ym+0ZURQFW7Zu02wb8uogRBYokKXjpUfNbYP+iYiIHjD+n0Qo+ifE
hTVfl+E+9sVRvMHaryIAwDL/pGZlwvB8oY4VC8s1Ho5TW8YiPJ9vxtf669x7Q+XKlWyTBxffnzzY
of0zqFGjWpaOl5ScrKkhDQBWq9XlvoePHMX/xezK1HGDQ4J12y5evISyZct42EIiIiIyCv8HaNh6
Qn3VK3f45CUAQKFCwZj58kHEHNWv7vbXobzY9m8+3fbscheiAdtwjnKNh6Nc4+E+WfZbEAJxCqHW
yBFvIV++vDh9+ixKliyB14e8nOVj5QkLQ5HChTULokydPgvVq1dDVNEiAGxLdq9YsRpffzMeiUmZ
+7QgOqqobtvwEf/D89274NJ/l7Fw0VJMnfxdloM/ERER+Z7fAzQAiKIAWfZNgK5Svpjt3yLX0bzm
XTSveVe3zyeLiuVIgAZsIVopkxfBn+532xPtHK5zghjAvc92+fPnw3vvvu2143Xs8AymTp/luB0b
+zcaNm6O0qVKQZIkXLh4CYpiq/ZRskRxnL9wMcNj1q3zGCwWi6Y3O3bffsSmWfp79AefYOniuTCb
DfF2JCIiogz4fQw04NswZ++BfrJavM+e05ncJBop4+oC0E8stAfntNsL1hqCLTFHvdqG3BCgvW3g
wH4oW7a0ZpssKzh1+gzOnb/gCM8DX+iLX39ZmKkJhQULRuKdt99Id59/DhzEjv+LSXcfIiIiMgZV
VQ0SoAXfNePuvYl6fx3SD93wJblGpNvqHGlDtP2+mlVLefX5fXnOA0VkgQJYvGAOenTvousNtlgs
aNumJVYsX4j33n0bBSIiMGTwS5kK0QP698Hnn36IwoULabaLooinmjbGz/NmoVHDJ7z6WoiIiMj7
7EOOBdUgJQFSrRIUJeeb8tW0Nfhy2ho0rBqHdR8dc7nPJ4uK4fMl0V6dROiOedkZBE09AgCaYRt3
4pJQrvFwAPD6xEJRFBBk4XCB9CQmJuHsuXNITExCeHh+REcVRZ48ebJ1TEmScebsWdy5cxd5wsJQ
okQx5M3r3ws5IiIiyphzXDZMijKJIhRFzvHnqVezfI4/hyekTmWAMDOCxh3UjH22h+eYX973elUO
UxYWGXnQhIWFokrlh7x6TLPZhArly3n1mERERJSz0oZn+/8Nk6R8PSbXn2OgnUmtS2jqRJ84exWA
LTxXKF3E68/H8c9ERERE6VNVVReeVVWFoijG6YEWBAEmUYR8b6JWTpuxqYzbcdCHrxYCkOLyvpyS
tjpHvQ4f5VgVDpMoBvQCKkREREQ5zVWvsz08q6pqnAANACaTADmH87N9Ke/r11Ow7bq7UnW28BzW
fB2kRlFQS9rGvgrnE6CWzAPTgVuQa9xfoU44nwAgESHdAAAgAElEQVTxdioAaLYDtprPWfFQi7dw
9PdvsvTY9JhMDM9ERERE7rjqdU7b+yzLsnEmEdqlpEo5vqjKV9PWIH++UNyNS0L+e+OL77pYRrte
zfLo+MrEbD3X5I9649zFG47nsx835u/7wTrtffb7G9fz7vhbwNbLHxxkqGsmIiIiIsNwF54VRXGE
Z0MGaFlWYJVyfjLhg8hiNsFkMsywdyIiIiLDSC8824Oz/ctw3ZEmkwhJVny2tPeDQhAEhmciIiIi
F9xNFkzb8yxJEqxWK27dumWcKhxpmRn0vI7nlIiIiEgvo/AsSRIkSUJycjLu3r2LMmXKGK8HGrD1
QsuyAoW90F4hsveZiIiIKF2uxjxLkgRZlpGYmIiUlBSUKVMGJpPJmD3QAGA2G7ZpAYfnkoiIiEgv
vd7ntOHZarU6wjNgoIVUnImiyF5TLzCZRIhceZCIiIhIw114TjtZMDk5GSkpKShVqpRmHQ1DJyuz
yQSu+ZF1gmA7h0RERETkmrtydSkpKUhKSkLp0qV1i9AZOkALAmA2MwBmldnMCxAiIiIiZ2lXF3RX
cePu3bsoWbKky0/yDR2gAdvS0xzK4TmTSYSJQzeIiIiI0uU8fEOSJNy+fRvFihWD2ey63kZAJCyL
2QRRZFdqZomiAAt77omIiIh0nHufncc+JyYmIm/evMiTJ4/bYwREgAZsIZrDETImCGB4JiIiIsoE
V8M3kpKSUKRIkXQfFzABWhAEWNx0o9N9FrNZN9CdiIiIiDLufb5z5w6KFSuWYZYKmAANcGhCRjjU
hYiIiChz7OHZ/q/VaoXJZEp36IZdQAVowDY5jiFaz2I2cbIlERERUQZc9T4rioK4uDgULVo0U8cI
yMTFEK3F8ExERESUPlcLpzj3PoeEhGTqWAGbuhiibRieiYiIiDLPVe3nhISEDCcOphXQs/JMJhGC
IMAqSUhzUfFAsFXbMHPMMxEREVEmuVtAxWq1IiwsLNPHCfiuS1EUEGR5sILkg/iaiYiIiLwhbXhW
VRUpKSkIDw/36BgBH6ABW4m7IIv5gRjKYDKJCLKwVB0RERGRp9KOfbaH6KSkJERERHh0nIAewuHM
XsZNkuRcN6RDEACz2cTluYmIiIiyybkKR3BwsEePz1UBGgBMogjRIkKSZciy4u/meIXJJMJs4kqM
RERERFnlbhGV0NBQj4+V6wI0cH85a5MoQJIUKAHaHS0KAsxmESJ7nYmIiIiyzTk8p6SkIF++fB4f
J1cGaDtRFBEUJEKWFUiyoqn/Z2SCIMBsEh+IMd1EREREOc05A9pDtNVq9Xj4BpDLA7Sd6V4YNXqQ
ZnAmIiIiyhlpe5/trFYrgoKCPD7WAxGg7exB2jZgXIWsGGOMtEkUYTIJHKpBRERE5AP2IC0IAkwm
zxfme6ACtJ0oihBFwKyKUBRbkFYU3/ZKi6Jgm/AoCixJR0REROQjaScTZiU8Aw9ogLazXXUIMJlE
qCqgqLYgrSiq14d5CIIAUbz3JYisqEFERETkY2nDM4Asd2I+0AE6LUEATIII+/BjFYCqpC22DahQ
79WXVnV1pm3nX4AgAIL9X8HWuyyIApiXiYiIiHIHBmg3BACCKNz7HxERERHlBml7obM6/4yz1oiI
iIiIPMAATURERETkAQZoIiIiInqgZLdYBAM0EREREZEHGKCJiIiIiDzAAE1ERERE5AEGaCIiIiIi
DzBAExERERF5gAGaiIiIiMgDDNBERERERB5ggCYiIiIi8gADNBERERGRBxigiYiIiIg8wABNRERE
ROQBBmgiIiIiIg8wQBMREREReYABmoiIiIjIAwzQREREREQeYIAmIiIiIvIAAzQRERERkQcYoImI
iIiIPMAATURERETkAQZoIiIiIiIPmP3dAHqwHT563N9NICIiolxOVVUoigJFUSBLEqySBEmSIEsS
QkLDoKoqVNuOUG3/sd12Q1BVNb37iYiIiIgCmj1Ay7IMSZJgtVphtVqRkJCA0qVLe3w8DuEgIiIi
IvIAAzQRERERkQcYoImIiIiIPMAATURERETkAQZoIiIiIiIPMEATEREREXmAAZqIiIiIyAMM0ERE
REREHmCAJiIiIiLyAAM0EREREZEHGKCJiIiIiDzAAE1ERERE5AEGaCIiIiIiDzBAExERERF5gAGa
iIiIiMgDDNBERERERB5ggCYiIiIi8gADNBERERGRBxigiYiIiIg8wABNREREROQBBmgiIiIiIg8w
QBMREREReYABmoiIiIjIA2Z/N8CoVACqokJV7V+ACtu/cPx7nyAAgABBAAT7v4Jg+xIFCD5/BURE
RESUExig71FVQFEVKIoK5V5w9vTxSBOwnQmCAFG89yWI9wI3EREREQWaBzpAq6otLMuKLTjn9HPJ
sgpZBgAZoijAJIoQRVsvNREREREFhgcyQCuKYguziuLHNqhQFBkAYBJFmEwCRJFD0omIiIiM7oEK
0LKsQJIVj4dn5DRZUSArgCAoMJtEmEwM0kRERERG9UAEaKMGZ2eqqsIqyZBkBmkiIiIio8rVAVpR
FEiSAsXgwdmZPUjLsgKzWeTQDiIiIiIDyZUBWlUBSbYF0ECmqCpSrTJMJhVmk4mVO4iIiIgMINcF
aFlRIEmyrk5zIJNlBYqiwGw2wcTeaCIiIiK/ylUB2j7sITdSVcBqlaGYVFjMJn83h4iIiOiBlSsC
tH3McE7XcjYC+d5kSIvZxPrRRERERH4Q8OMBFEVFqlV6IMKz3YP4momIiIiMIqADtCwrSLVKuWq8
c2apKpBqlXLtkBUiIiIiowrYAC3LCqyS7O9m+F1uHvdNREREZEQBGaAZnrUYoomIiIh8J+ACNMOz
awzRRERERL4RUFU4FEX1W3h+9sXx2L73eKb2/W36G3jisYo53CI9qyRDEASIIqtzEBEREeWUgOmB
tpWqk/z2/JkNzwDw7KDxOdiS9FklCeqDOKuSiIiIyEcCpgfaaoDVBZXieZA8u2G6+4T02wbxYoKP
WqSnqrZzFWQJmG8tERERUUAJiB5oIyySUqF0kUwFY/FiAp6o7fvhG2n5c6gLERERUW5n+AAtK4oh
Jsf9Pmc4AFsPszv2+yaN6eWTNqVHlhXIiv/PGxEREVFuY+gAraqAZJCe1PB8oQBsPczCrRTd/cKt
FEcPdaliBX3aNnckAwx7ISIiIsptDB2gJdlYAXDfqjEAAPPK8xAP3QIAmDb/BwCw/HRCs48RqKrt
HBIRERGR9wiqQUs2KIqCVKtxwl90ozeRGm/N9P43YiflYGs8E2QxQRQNfa1ERERElGNUVYWiKJBl
GZIkwWq1wmq1IiEhAaVLl/b4eIZNVZJkrPG7noRnozHauSQiIiIKZIasdSbLChQDdoxnpoxd8PDd
MP19w0ctyhxFVSHLCkwmw14vEREREQUMQyYqyQBVN1zJTBk74VqyD1riOaOeUyIiIqJAY7gALcuK
YVfSU4rnyXAftXCID1riOfVeLzQRERERZY/hAjR7SnMOzy0RERFR9hkqQCuKcXufgcz1Lhtt/HNa
9hmoRERERJR1hgrQsmzc8JxZck1jLKLiTm44x0RERET+ZJgAraqq4ZeeDj1xN8N9jDqJ0E42eC8/
ERERkdEZJkArivFDXSDXgk4rEM41ERERkVEZJkAbvfc5szJT6s7fcsu5JiIiIvIHQwRoVWWvqC8p
iopAG8UhSZLfnvvSpf/w+4aNOHDgkN/aQERERMZhiJUIFTUwekSD8lqQfOgWlGoF3O4j1yxo6Eoc
doqqwCQY4vrJpbPnzmPN2t+xefNWnDhxCrdu30ZwcDCio6PwyMPV8fjj9fFUk0YoWDAyR9ux/vc/
8frQ4bBabcN3OnV8Dl9+/hFE0bjnjoiIiHKWoBpgRplVkg27yMeBoxfQ5PkvNNuSFjeFWiDY5f72
pbxvxE7yRfOyzGQSYTGb/N0MnaSkZHzz7QTM/ml+hiX3QkKC0bd3T7zy8kDkz5/P621JSUlB3QZN
EBcXr9k+ZfJ3aNmimdefj4iIiHKGvZSvLMuQJAlWqxVWqxUJCQkoXbq0x8czRDeaUYdvLF27xxGe
R3e/hNHdL2Ha4DMI7boJYc3XuXyM0atw2BnxnMfFxaF3vxcx68e5mapXnZycgmkzZqFj5x44c/ac
19tz+cpVXXgGgKPHjnv9uYiIiChw+H0IhwoYtqzaS6NmIyivBbdm79Rsv3AjCB8vLObyMWrhECAA
JhKqqgoVgODvhqTx7nsfIDb2b48fd/nKVeTLm9fr7SkWHYXIyAK4efOWZnv1alW8/lxEREQUOPze
A60asCf0TlwSCtYaAgC68AwAdSvZArJwK0V3X6D0QAPGOvd/bf8/rF23QbMtMrIAPvpwFDb+sRqH
D+7Bwf27sGL5QvTv1xshIfeH0AwZPChHxkJbLBaM//Yr5Mt3P5wP6N8bTZs08vpzERERUeDwfw+0
AXufyzUenu79RSPc14MOhDJ2drZzb4w+6F9+Xam5bTab8dOP01Ctqra3t0aNaqhRoxpefKEvJk+Z
gbt376JPrx451q4nHq+PzRvX4ujR44iKKooypUvl2HMRERFRYGCAdmLveU4Z9QiCP92PQ+dCUa1U
kmafusOqAoDLiYRBeS0Bs+CKkc795s3bNLebPdVYF57Tiooqio/H/C+nmwUAKBARgfr16vjkuYiI
iMj4DBCg/d2C++p1+AhAmiobn+5H3WFVkbB0r2OfQ+dC0z1GUoX8/8/efYc3VfZvAL/PSdJFaaGl
0JZRZYlsCyIv/ECQPUSQLdMB+CqKioDK60RFUFEQZSlLARUQGTJlg7KRKVD2KNBBW2hL2yTn/P4I
CT1N0jZtxklzf66rF+TJyTlPTjruPHnO9/GKMnaAes59Tk4OUlJTFW3R0bbnmBdXSmoqbt1KQUZ6
BoKDgxEREY7SpZ1fwQMAbqWk4NatFGRmZCIkpDQiIysgICCg2PvNysrCjZsJuJ12GyGhIahcqSI0
mqJVVHHW+XDVcyUiIlIjzwdoqCPF7T4Qh7OXEqAfVN0ysnz319YI7LMVpXo1sto+c1NHm/vxqjnQ
Kjn3Op0OWq1WsVjKvn0HYDQaixwMc8vIzMTSpSuwes1aHP7nqOI+URTxn6ZN0LdPT3Tq2M7qeF99
PR0zZv2gaDvz72G7x7p7NwtLl/2Glav+sDpWQIA/2jzRCkOHDESj2IZ29/HyK29g059bAQD169fF
/B9mIDg4GOfOX8Cc7+djzZp1yLx7/1OR8hERGDL4GQwZPABBQfm/wQOKdz6c/VyJiIi8kcfrQGfn
GFQxlcA8dSNvMNb+dhF+M05ZbhsbhiP7c/sf5wcM3QnxWobq60ADgCAI8Pfz+HsoAEDnrj1x6vQZ
RVu/vr3wzlujEVyMCht79u7H6DHv4Pr1GwVuG/tIA0z9ajIqVrw/+v3FlGn4bsYcxXbn447ZfPzB
g4fx+ui3cPVafIHHGjpkIN4e9wZ0Op3Vff99+TVs2LjZcvv72dNx7Vo8JnwyOd8VGR9r0hizZ07L
dwS5uOfDzFnPlYiIyB1KYB1oz4fny/GmKRdZXz+maBdPpMBvxilUjykPAJAqlso3PAP3ytjBNKKt
fp4/92bt2ra2avv5l2Vo3bYLvp76Lc6fv+jwPrdu24HBQ4cXKiwCwKHDRzDqjXFFekO3fccuPDPo
+UIFSgCYv+AnfPDRp4Xa9t33P8b7H35a4HLme/cdwKTJX9m931nnw5XPlYiIyBt4fAQ6K9vzF9xF
tXwdOel6q9Fn82IpyYem2x2htiWo3XocXvMhqkSHO7+zThbgr45RwRs3E/BE287IyrIuDWhWt25t
PPVkZ3Tu1AFRUZH57u/atXh0frKn1UIonTq2Q4/uTyI6OgrZ2Tk4/M8RzJ//E65ei4dGI2L5r4tQ
v35dy/aFGYG+cvUaunXvg7S025a2qg8+gHFj38CjjWMRHByMpKQkrF2/EZMmf2VZFhwAZn43Fe3b
PaHYX94RaLPIyAoYNKAfateuBb1ej/0HDuGHuQutFp3ZtmUdqlSu5JLz4eznSkRE5A7OHoFWx+f3
HpaTrodUsZSizVzjedXsUUXa55X4W14RoNUiskJ5fPXFZ3j51dF2VyE8fvwkjh8/iYmTpqBjh7YY
/sKzinCX2/TvZluFxQ/ffweDBvZXtD3SsD769+2N1WvWIioq0u7+8jPtmxmKQBkeHoYli+YhIqLc
/ecXWQHPDR2EcuHheO2NcZb2qdO+Q7u2rSEI+ZcT7NunJ8a//aZiOkvbNq1RvXo1jHvrXcW2O3bs
wsAB/RRtzjof7niuREREaqeCKRzqkP1VE8XtwD6mi7iaN64BAOjRwXQhYVC79QV+5X4cFV6HDm3x
44I5iCmg1rIkSVi7biO69+yPr76ebhW4ExISsWz5CkVbu7atrcKiWWBgAPr0fhot/q+Zw32+di0e
y39bqWj73ztjFYEyt65dOqL2w7Ust/89dRrnzl/I9xi1H66FTz9+3+Zc8B5PdUWZ0FBF2/ET/ypu
O+t8uOO5EhEReQOfD9Bpd0zVDGzVdG7e6H4I/n7is5YLA9/tF4+MZQcVX+/2M80HHTuis1dcQKhW
/2naBOvWLMe0rz9Hs2aPFbj9N9/OwpSvlef74KHDMBqVobp/v95O7afZnr37FbdFUUTLls3tbi+K
Ipo8qqzqcuzYiXyPERAYYHfUVqvVonqNaoq2pCRlGUVnnQ93PFciIiJv4PEpHILg2XrEm3bZ/4Ne
lFHkcSM6F6c7bqXWT9IDAgLQtUtHdO3SEdeuxWPX7r+xfuOf2L59l83tv5sxB506trMsvHLs+Emr
berXc3xqRmEcz3OsgIAAfPHl1Pwfk2eEODn5VrH6EJKn6kZWtrKUorPOhxqeKxERkRp4PECblpL2
XIKOiggteKM8Vu4pAwB4q9d1AMBny6IQF289gq1+Kk3QuVSsGI2+fXqib5+euHzlKpYsWYo5P8y3
mraxctUflgCdlJikuC8gwB9hYWVd0r+kZOVob2ZmJpb8vMyhfWRkuHb5d2edD294rkRERO7g8QDt
6RHo/EyetdbmiPLRi0E4ejEIE352zWp57qLWEWh7qlSuhHFjX0ft2rUw6vWxivsOHry/uMmddGVI
c9VKgwAKLC1XGNWqVXVCT+xz1vnwhudKRETkDp4P0B4egTZP0xBPpECqc39Uztgw3OaS3CVpfrPg
BSPQtjzZtRO+mzkHp0/fr7WdmGuUNSREGRBv377jsr6ULascyW1Qvx4WzJtV6MdrtdpCrR5YHM46
H97wXImIiNzB8wFaJRlON/+sYpGUnHfqI7DPVuw+EFdiK2qo5dwXRaWKFRUBOjRXJYrw8DDFttnZ
2UhOvmXV7gyRkRUUt+POnkNQUCC0Wo//aFk463x4w3MlIiJyB49X4VBDTVi/YJ3VaLO5Kke34flf
JOXN1HDuzSRJwrVCrmwHAOcvKMuhPfDA/dJ39evVsdr+yFHby28XV+wjDRS3MzMzceTocZccq6ic
dT684bkSERG5AwM0gI1zRgMwTePI7e6vpuWlH+vxkdv75A5qOPdmb44djxatOmDYiFcQH3893213
7voLFy5cUrTlrlncKPYRiKLyW/unRb84r7O5NGxQD0FBQYq2H+YuLNJy4K7irPPhDc+ViIjIHTz+
2asgei7EmZfnNgt4ba/N7c5eSrBsO9bGRYXVqpTHucsJAEwXHjqiekx57F3xnkOPcRZPnvvcNv25
Fb+vXAMA2LxlG/7+ey+GDh2I/n17oWLF+xdq5uTkYMXvq/HZ5CmKxwcHB6Nt29aW2xER5dC7Vw/8
8utyS9u27TuxYOFiDBn8jNXxExOT8MmnnyM9IwNTv56MUnlCYn6Cg4Mx7PkhmPrNDEvb+g2bMPv7
eRj+wrM236ScOROHmbPn4srVa/jm68+tpkY4m7POhzc8VyIiIncQZBUMH2XnGDwyihUeOxJSxVIw
PhGlaBdumZbxFq5lQqpX1tImh/lbbSeH+UM8llKo7czEY/dHujX/JHvkwkRBEODv5/H3T9Dr9WjT
riuu2pm+ERNTBdFRkbiVkoJz5y7YrATxv/Fj8dzQQYq2S5evoMuTvZCZmalof7JrJ3R/qiuiIiOR
kZmJvXv3Y9acuZZlrns+/RQmfzbBEga/mDIN382Yo9jH+Tjl9IfU1DR0f7ofLl+5qmhv+tijeLrH
U3ggpjIEQcDlK1ex5o/12Lpth2Wbxo1j8eP82fD3v//98d+XX8OGjZstt2NjG2LZLz/aPD8A8MLw
kdiydbvldrNmj+GnBd+75Hw4+7kSERG5gyzLkCQJRqMRBoMBer0eer0eGRkZiImJcXh/nk9QAERR
gNHomRwvNQyDfnB1jxxbt/CszUof7iCqZPRZp9Nh4qcfYuSro5GWdtvq/kuXLuPSpct2H9+j+5MY
OniAVXtMlcqY/NkEjHx1tKJ99Zp1WL1mnd39nT9/AXfvZjlULaJMmVBM/2YKnhn4HNLT0y3te/bu
t1q9L6+bN24iJTUNkRXKF/p4ReGs8+ENz5WIiMjVPD4HGvBsmMs7Wuwr1BKgAaB5s6ZY/fuv6N2r
R6EfI4oiRr36EiZNnGA1v9esc6f2mPndVKt5u/b0evopzJ87s0il1urWeRi/LVuEGjUK/2asQ/u2
WPrLj24LlM46H97wXImIiFxJHSPQggjA6Olu+BTTOVePSpUqYtLEjzDshaFYt34TNm7cjBMn/7Xa
Ljo6Ch07tMXAAf3wQEwVG3tSat/uCWzZtAbzF/yEFb+vxs2ERMX94eFhaPNEKwwa2M+ykmFRVa9W
FWtW/oo1f6zH8hUrsWfPfqsVE6OiItH68Rbo26cn6tmojuFqzjof3vBciYiIXEUVc6ABIEdvgCS5
tyvhsSNhbBiuqP/sTrqFZ6H78azb50CLogA/nSreO+Xr9u07SE5ORkpqGgIC/FG2TBlERlYocvUQ
SZIQH38dKSmpEDUiQkNCEB0dZXcEu7jS09NxMyERd+7cQYB/AMqUCUWFCuVVU/3EmedD7c+ViIh8
W4mcAw0AGlGEJLl/FNp88Z8v0bgoMDpbSEhphISUxoNO2p8oiqhUqSIqVaropD3mLzg4GMHBwW45
VlE483yo/bkSERE5k2pGoGVZRnaOdYUFV8hbvk4tZn0yFL06NXb5cfz9tBwZJCIiIp/h7BFo1QxF
CoLglpHRF96e5/JjFNXC33a7/BgaUWR4JiIiIioG1UzhAACNRoBRKng7Z8jc1NGp+xNSsi3LfxdF
ULv1KF8uxIk9sk2jYXgmIiIiKg7VjEADpjmZrh4dTUiyrjXsDMUJz+4iCILLLpgjIiIi8hWqS1Na
jeq65DauCvdmvnxuiYiIiJxFdYlKo3HtKLQ7pkmokSAI0DBAExERERWbKhOVK0dKXT3Kq1YcfSYi
IiJyDlWmKo1GhOiDlSKaN67hkv2KHH0mIiIichrVpiqtVrVdc5ndB+Jcsl9fPJdERERErqLaZCWK
IkdNnUCjEVl5g4iIiMiJVFUHOi+tRgNJkuDMtRLNFxEGtVvvvJ2qlCCYziEREREROY9qlvK2xyhJ
0OuNLj1G2p27CC0diGOnr6LeQ5VcttR38qHpAExTNSpHh6FKdLhLjmOm02ncsrojERERkZo5eylv
1QdoANAbjDC6a4nCEkKjEaHTcvSZiIiIyNkB2iuGJ3VaDUTR96pyFJUoCgzPRERERC7iFQEaMIVo
H6xs5zBBAMMzERERkQt5TYAWBAE6raqveVQFnVbr0pUciYiIiHyd1wRogFMTCsKpLkRERESu51UB
GuDFcfbotBrWzSYiIiJyA69MXAzRSgzPRERERO7jtamLIdqE4ZmIiIjIvbz6qjyNRoQgCNAbDE5d
rdAbmKptaDnnmYiIiMjNvH7oUhQF+Ol8K0j64nMmIiIiUguvD9CAqcSdn07rE1MZNBoRfjqWqiMi
IiLyFK+ewpGXuYybwWAscVM6BAHQajXQiCX/TQIRERGRmpWoAA0AGlGEqBNhMBphNEqe7o5TaDQi
tBquxEhERESkBiUuQAP3l7PWiAIMBgmSlw5Hi4IArVaEyFFnIiIiItUokQHaTBRF+PmJMBolGIwS
ZC8J0oIgQKsRfWJONxEREZG3KdEB2kxzL4yqPUgzOBMRERGpn08EaDNzkJYkCUajDKOkjjnSGlGE
RiNwqgYRERGRF/CpAG0miiJEEdDKIiTJFKQlyb2j0qIomC54FAWWpCMiIiLyIj4ZoM0EQYBGI0Cj
ESHLgCSbgrQkyU6f5iEIAkTx3pcgsqIGERERkZfy6QCdmyAAGkGEefqxDEC+F6RNX4AM+V59admq
zrQpEAsQBEAw/yuYRpcFUQDzMhEREVHJwABthwBAEIV7/yMiIiIiMuFVa0REREREDmCAJiIiIiJy
AAM0EREREZEDGKCJiIiIiBzAAE1ERERE5AAGaCIiIiLyKcVdxI4BmoiIiIjIAQzQREREREQOYIAm
IiIiIp9hnr4hCAIkSSrSPhigiYiIiIgcwABNRERERD4h9+gzAMiyXKT9MEATERERkc/IHaKNRmOR
9sEATUREREQ+RRAECIIAWZaLFKIZoImIiIioxDOH5tw1oHU6HXJychzeFwM0EREREZVoeRdOMQdp
nU6H7Oxsh/fHAE1EREREPiH3KLQoivD398edO3cc3g8DNBERERGVeLkvHswdou/evevwvhigiYiI
iMin5A7QGo3G4WkcDNBERERE5BNyjz6bA3RgYCBSU1Md2g8DNBERERH5jNzhWRAE+Pv7Iy0tzaF9
MEATERERkU/IOw9aFEWIogidTofMzMxC74cBmoiIiIh8Rt7wLIoiSpUqhYSEhELvgwGaiIiIiEq8
3LWg886D1ul0MBqNyMrKKty+ZFmWXdVRooL8ezrO010gIiIiH2GOvbIsQ5YlGI0SJKMReoMBOTk5
kCUJNWvWUG5n+o/p9r39MEATERERkU9QBsaAwdAAACAASURBVGgZkiTBYDBYvlJSUlChQgWUKlUq
3/1wCgcRERER+QR7i6loNBpoNBqEhoYiPj4eBY0vM0ATERERkU/KezGhRqNBYGBggRcUMkATERER
kc8oaBQ6KCgI6enpyMjIsLsPBmgiIiIi8ll5Q7RWq0WZMmUQHx8Pg8Fg8zEM0ERERETkU+wtqJI7
RIeEhODKlSuQJMnq8QzQREREROSz8k7lMIdof39/BAYG4tKlS1YXFTJAExEREZHPsbWwSu650BqN
BgEBAfD398fly5cVIZoBmoiIiIh8kr0QLYoitFqt5aJCnU6Hixcvwmg0mrblQipERERE5KtyR+Hc
C6yYvwwGg2WZ74yMDFSuXJkBmoiIiIh8W0Eh2mg0wmAwQK/XIyUlhQGaiIiIiMhWiDYHaaPRqPjS
erCfRERERESqIAiCJUTnnhstiqKlzfzFAE1EREREhPxDNAM0EREREZENtkJ03jbOgSYiIiIiyiNv
RM49L5oBmoiIiIjIjrwXFwKsA01ERERElC8u5U1ERERE5ADzxYNmDNBERERERIVgDtEM0ERERERE
hSQIAgM0EREREZEjGKCJiIiIiBzAAE1ERERE5ACuRGiHDECW5FxFswEZpn9h+fc+05xyAYIACOZ/
zUs+igIEqyMQERERkTdiHeh7ZBmQZAmSJEO6F5ydSRAEiOK9L0GEwERNRERE5JV8OkDLsiksGyVT
cHYnURSgEUWIorKuIBERERGpm08GaEmSYDSagrMaaEQRGo0AUeSUdCIiIiK186kAbTRKMBglp0/P
cBZBEKDViNBoGKSJiIiI1MonArTag3NeDNJERERE6lWiA7QkSTAYJEhe+hRFQYBWK3JqBxEREZGK
lMgALcuAwWiE0aiOOc7FpdGI0Go0rNxBREREpAIlLkAbJQkGg9GqTrO3EwRAq9VAw9FoIiIiIo8q
UQFabyg5o872aDQidFqNp7tBRERE5LNKRICWZRl6g9HttZw9RRQF6LQa1o8mIiIi8gCvD9CSJENv
MJS4KRsFEQRAp9VCFBmiiYiIiNzJqwO00ShBbzB6uhsepdNqWO6OiIiIyI28NnkxPJv4wrxvIiIi
IjXxygDN8KzEEE1ERETkPl4XoBmebWOIJiIiInIPrwrQpgsGGZ7t8aVKJERERESe4jUB2lSqzuDp
bqieqSIJQzQRERGRq3hNgNaXwNUFXUGWwVF6IiIiIhfyigDNqQmO4VQXIiIiItfReroDBTFKkuou
jrscn4xHur6vaNu25C3Ue6iSh3pkzWiUIIoCNKJXvEciIiIi8hqqXkhFloEcvV51UzfCY0cCADKW
HcTuk8Fo/95DAIDkQ9M92S0rggD46XTgit9EREREzqPq4UmDUX3znrsNmwrAFJ4BoHntdMv/zfep
hSybziEREREROY9qA7SkwqkbALD7YFyR7vMUo1GCJKnvPBIRERF5K9UGaIOBoc9ZeC6JiIiInEeV
AdpolCCpbe7GPatmjwIALNgcbmkz//+nKSM80qeCSLKsytF8IiIiIm+kyosIs3PUvRhITMvRSE/P
VrQFB/vj0o4vPdSjggmCAH8/1RddISIiIlI91Y1AG42SqsMzALw0oI3l/8HB/lZtaiRzFJqIiIjI
KVQXoA1eFPIylh3Ezfl/Ofy4dduOoWGX9xAeO9KtlTu86dwSERERqZWqPtOXJPWPPhfVzMVbMf6L
5Vbtuw/G4djpq25ZhEWWZUiSBJGLqxAREREVmaoCtNFYcsLzsdNXMf6L5Val7caO6IwXn2mNqo+P
sbS16v+Z2xZhMRplMD8TERERFZ1qArQsyzB6eb3iJav2YMairTgRd03R/tOUEejUqp7ldsu+EwEA
h9d8iCrR4QiPHYmYlqPdchGiUZKglUUIXJ6QiIiIqEhUE6AlybtHnyfPWmv5f/NGNfDjlOEILR1o
td3uA3E4EXcNPTs1RpVoU/m76R8MxMgPfsLbny/DxDG9XN5XSZKh0TBAExERERWFaj7M96bR53OX
E6zamjeqgeRD05F8aDpWzRllMzwDQLfhposGZ38y1NLWv1tT1KlREbOXbEPanbsu6XNu3nSuiYiI
iNRGFQFaltU9Ap125y6Gj5+P8NiRCI8dieXrDlht07xxjQL3E9NyNADg/PbPre7b8cvbAKCYG+0q
kiSjhF6rSSVIfPx1bNy0BceOnfB0V4iIiBRUMYVDktU3Irpk1R5MmrUWV67fUrRP/2AgLl+/pZiy
URiTZq1Feno2pn8w0O7o9LYlb6FV/8/QbdhUrJozqsh9LwxJlqARVPH+CYCpAsvLr7xRrH1ER0fj
3fFjndQj8qQNGzfj1dfGQK/XAwB6Pv0UJk38iBVkiIhIFdQRoFUy+jxp1lqrYNyzU2MM6dFcMcI8
ycHwnHbnLibPWos6NSqif7emdrer91Al9OzUGMvXHcDuA3GFGtUuKkmSoVFRFpFlGRs2bi7WPurX
q+uk3pAnZWdnY+xb/7OEZwBY/ttKtG3TGh3aq3vBIiIi8g0+H6C7DZtqVWrukzd74sVnWjvtGOZp
GeZpGvmZ/clQLF93AN2GT3VpaTu1vGkhyuvGzQTcuZNu1X76TBwDNBERqYLHA7QMeGzxlPDYkQCA
OjUq4tuPBrlkMRPzSoPblrxV6MckH5pumW99fvvndqd8FIcsy5ABsBYHqU10VCTCwsri1q0URXvd
Og97qEdERERKng/QHhoJNddiBoAuTzQodniuEhVm1Xbs9FXsPhiHnp0aO7x/c4iu+vgYl41Ey5IM
QVRvhA4I8MfKFb8Uens/Pz8X9obcRafTYepXk/HSyNctI9HPPTsIrVu19HDPiIiITDwfoD0w+nzs
9FWciLuG4f1bYd22o5g8ay1efKZ1oUd6bYXly3kuNgRMKwwCypJ1jjCH6JZ9JxZq+oejTOdevQFa
FETUqF7N090gD2jerCm2bVmH06fjEBlZAQ/EVPF0l4iIiCx8MkCbg+3EMb0wcUwvh0d6bYXlvHJP
Dxk+fr7ivlNnr6NW9Sibjzt19jrKhAQBACLLh6JyVBhOxF3Dum3HFKsZOoOnps4QFUbZMmXQ9LFH
Pd0NIiIiKyoI0O49nrkWc+6wvGr2KHQbPhXDx88v8mixPSfirlkt7W1ud8TEGWtcEKCdujuvkJKa
ilu3UpCRnoHg4GBERISjdOnSDu8nPT0dSUnJuH37DgICAxAeFobwcOtPJooiKysLN24m4HbabYSE
hqBypYrQaDRF2per+inLMm4mJCIpMQlhYWURGVnBbom5u3ezcPPmTdy+fQelSwejcuVK0Gpd96un
uK9xZuZdxF+/joyMDAQFBSGiXDmUKRPqsv4SEZH38XyAhvtS3JJVe5Ceno2fpoxQtDdvXAPNG9XA
8nUH8MrgtgXOV7Y11cNWm1SxFLLmtyhepwEEtVuPLk80KPZ+8nLnufekjMxMLF26AqvXrMXhf44q
7hNFEf9p2gR9+/REp47t8g2qer0eK1etxcpVa/D3nn2Q8qzo+NBDNdC1c0f079cbYWFl7e7n5Vfe
wKY/twIA6tevi/k/zEBwcDDOnb+AOd/Px5o165B59/6KlOUjIjBk8DMYMngAgoIKnmbk6n5u2PAn
vp05B8ePn7Rs+3Cth/D+e2+jyaONLG0XLlzE93MXYMXvq5GVlW1pDw0NQb8+vTBs2FCElbV9/K++
no4Zs35QtJ3597DdvjrjNd656y8sWLgYO3buhsFgUNzXuHEsevbohqe6dUFAQIDdfhARkW8QZA9/
jp+dY3DbVILw2JEIDvbHpR1f2r0fQIFTOcz1ojOWHQQAlOrVCGNHdMa4EZ0t2zTs8h6uXL+FnGdr
wPBM8ebxBrVbj1WzRzm9LrQgCPD38/h7KACA0WhEjVoNFW1BgYE4fnRfsfa7Z+9+jB7zDq5fv1Hg
trGPNMDUryajYsVoq/tO/nsKr4x6ExcuXCpwP0FBQfhkwnt4qlsXm/f/9+XXFDWvv589HdeuxWPC
J5OtgltujzVpjNkzp+U7murKfs749mvs2v03Fi22fWGnTqfDooXfo3HjWGzY8CdGj3lH8UYgrwcf
jMHCebNtnu8vpkzDdzPmKNrOxx2zuZ/ivsYGgwHvvv8xfvl1eYGPj4mpgunTvkCd2qwIQkTky1Sw
lIb7wjMAu+EZuB+czdsWxz9/fAQA8JsXV8CW+fObeARA4ZYKd1zJHoHeum0HBg8dXqhgBQCHDh/B
qDfGWb2h27f/IHr1GVioUAoAmZmZeH30W5g9Z16htn/3/Y/x/oef5hueAWDvvgOYNPkru/e7up9j
xv3PbngGTCPf77z7EQ4dPoKRo0bnG54B4MKFS3hz7HirEXJHOOM1nvL19EKFZwC4dOky/li7oUh9
JSKiksPjw4/uGHw212I+vObDArc1L6c9c/FWhxZTsTWFY3j/Vpi9ZBuEW9mQw/wL3+FctFuuo7KN
qh/OoPY50HqDARs3bSlwu4YN6qF8+QhF27Vr8XjtjXFWobRTx3bo0f1JREdHITs7B4f/OYL583/C
1Wvx0GhEvDd+HAThfmWSGzcT8PIrbyimIABAr57d0bFDW5SPiEB6Rgb2HziEWbPnIjMz07LNZ5On
oFatmmjZonm+/TeHv8jIChg0oB9q164FvV6P/QcO4Ye5CxUBc/HPSzF8+HOoUlk5zcgd/UxPN5WU
a9/uCXR7sgtKlw7GqVNnMPWbGZb9nT17Ds8+/yKMRlOfWz3eAj26P4nQ0BAcP34S33w7C9nZ9/u4
d98B7NmzD82a2V+h0x5nvMY3bty0egPRuVN7vPTfYagYHY309HSciTuHZctXYN36TYiJqYKXXnzB
4b4SEVHJ4vEA7Wq5azFXiQ4vcPt6D1VC5agwjP9iOfo/2bRQpe3e6XMd479YbhW4J47phdlLtiGw
71ZkburocN/L99iKdNwfzfY1er0eL740qsDtFsybZRWgp38322o1uw/ffweDBvZXtD3SsD769+2N
1WvWIioqEvXrK5cDnzXrByQnK6uufD3lM3R7Ujntoeljj6JTx3bo03cwUtPSLO0ff/o51q5uCq02
/4sA+/bpifFvv4ng4GBLW9s2rVG9ejWMe+tdxbY7duzCwAH9PNLPiZ98gL59elput/i/Znj00Vg8
3WuApc183vv26YlPJrxnubiwZYvmaNiwPgYOVgbQrdt3FilAO+M13rf/oOINSlhYWUz5YqKlpnho
aAgqVoxG61YtcOPGTfgH+CteIyIi8k0qmMLhOrsPxKFV/8/wyZs9Haqu8c8fH6FOjYqo+vgYHDt9
1er++g9VLvS+zNNCgtqth3gqtVCPEU+lIqjdeqSnZ7t0Oe+SKiEhEcuWr1C0tWvb2ipYmQUGBqBP
76fR4v+aKdqTk29h0ZJfFW1du3S0CqVm1atVxRtvvKJoO3v2HHbt/ivf/tZ+uBY+/fh9m8Gsx1Nd
USZUWQHi+Il/PdLP2EcaKMKzWcMG9VH74VpW7a+OfNGqMkez/zxmNX/46NHj+R7XFme+xrmFhobY
rRASGVkBZcuUcbivRERU8pTYAJ125y66DZ+K4GB/h6ZimJkXLjHXjM7tUnyS4vanv0Zh1Wz7I6Xm
EBzwyh4EDN0J4Va23W0Dhu5EwCt7AADnt3/ucL8JOHjosGUKgVn/fr0d3s+Bg4etpgf06tk938d0
7tTeKjTu/mtPvo8JCAxQTBvJTavVonoN5UWoSUnJHukn7PQRAKpWfUBxOzQ0BJGRFWxuW7NmdcXt
pORkm9vlx1mvcUiI8oLMCxcuYcLHkyzTVYiIiGzx+BQOQXDNXNyqj48BALw0oA1mLt6KtDt3Uf+h
yggJDsDl+GRUiQ7H5fhkXL5+C/UfqoxL8UmIiS6H1NsZloVSfpoyAgPfmIWYlqMVFx+m3bG+OGrX
wbh8L/RLPjTdUr0jsO9WxX1SxVIQr2VYbjdvVAOr5hQ8daG48slDqqDT6fDxR+8WuF3VBx9Q3D6W
q7yaWf16da3aCnL0mPXIaEHVF8LKlkW1alURF3fW0rZv/0GHj51bSJ6qG1nZWYrbauhn3mXUw8LK
2n1TUKpUKcXtu3ezbG6XH2e9xo0aPWLVtuDHxVi+YhV6Pf0U2rdvg0axDaHT6RzeNxERlVweD9Cm
paSdm6BzB9zJs9YWe3/p6fZHjB0x7l6puyWr9mDSrLW4ci+oi9cyUDkqDD9OGV5gDWrnUneC1mm1
6N2rh8OPS0pUfkIQEOCfb71jexLz7Eer1RZqEZIHH6iiCKbx8dcdPrYjvKWfzuSs1/iBmCp4/rnB
+GHuQkV7eno65i9chPkLFyEiohye6dcb/fr1QoXy5YvVbyIiKhk8HqBdMQJtvvDPWTWYna1/t6bo
383xi6acTe0j0EV1Jz1DcbsoKw0CsLpALTjPyKk9gYHKC09TUgo3972ovKWfzuSs1xgAxr75GkJD
QvD1tO9sltRLTEzC1G9mYP7CRZjw4bvo2sXxC4KJiKhk8fgcaMGFo6DajfFO2U/zRsqpGY5cRKhm
rjz3npR3Xuvt23ecsp/0jAw7WyrdzVP/2FlLfNvjLf10Jme9xoBpqtDIl0dgw7rfMWLYc3YvFExL
u41XXxuDHTt3F/lYRERUMng+QLsow/Xs1Fgxr7g48s5tPnr6ilP262kldQQ6bxDMzs62qrZQGBER
5RS3DQYDbt1KKfBxly8rK7dER0U5fGxHeEs/nclZr3Fu1ao+iHFjX8eev7ZgyaJ5GDigH4KCgqy2
mzZ9ZrGOQ0RE3k8FAdo1Kc5cts68kl9RBAzdCQCKJboB24umeCNXnXtPq1+vjlXbkaO2l4HOT8MG
9azaTpz818aW96WkpuJMrnnFgGkJblfyln46k7NeY1t0Oh0ea9IYH30wHju2rrcqfXfo0D/Q6/VO
ORYREXmnEhugAaBOjYrQbinahVHCrWyI1zLQs5N1qAgNtg7Q/9fIFUttu1ZJDdCNYh+xKtH20yL7
S1DbE2uj+sLy5SvzfczatRut5tE2a/aYw8d2hLf005mc9RoXJCysLF4b9bLT90tERN7N8wFadF2I
M9dyLsqFgOZSc7YWYDGXucvt2BnrBVfUzpXn3pMiIspZVe/Ytn0nFixcbHP7xMQkvPb6OLwwfCQy
ci1xHVa2LAYNVK74t2rNWqxes87mfuLOnsOXU6Yp2h56qAaaF2GVPUd4Sz+dyVmvMQCciTuLPXv3
w2g02nxs3rrb1atXY1k7IiIf5/kqHDCNhMquKAYN02IkVR8fg6B265H1TVNItfJfSUy7+Bz85sUB
gEOrANoalVYzQVD/JYSZd++i5sPWdXrtqV+/Lpb98iMA4MURz2P1mnXIzBWWPpwwEYcO/4PuT3VF
VGQkMjIzsXfvfsyaM9dSyeKDDz/F5M8mWEbnh7/wLFavWacoFTfq9bHYuXM32rdvg/IREUjPyMD+
A4cwZ848ZOa5MG/822Og0eS/PLYzeEs/nckZr/GZM3F4sntf6PV6xD7SAC/9dxiaN2sKf39/GAxG
HDh4CB9OmKg4bvdutld4JCIi3+HxAA0AoijAaHRNgA4tHWgJ0eYV/rLHN4CxlfKCqdzBuXJUGP75
4yOHjmNrVFrNRC8Zfc67wl6+2+rvbxtTpTImfzYBI18drdhm9Zp1dkdmAeD8+Qu4ezcLQUGmN0Tl
y0dg+rQvMOTZEcjKul8PfNlvK7Hst/ynSbw19g38X/P/FLr/xeEt/XSm4r7GAQH++OiTSZb5zIcO
H8ELw0ea6miHlUXyrRSr779KFaMx4Jm+zn8yRETkVTw+hQNwfZgLLR2I5EPT8dOUEQAA/0+OIKjd
esWX37w4BAf7Y9uStxwOz97IWwJ0cXTu1B4zv5tqs5KCLb2efgrz5860hGezRxs3wrJff8KDD8YU
aj9BQUGY8sVEDB/2rMN9Lg5v6aczFec1FkUR/fv2RmhoiGIbg8GAmwmJVuG56oMPYN7cmVbbExGR
71HHCLQgArA9/9CZOrWqZ5mWcez0VazddhShpQPRuVV9VIkOL/R+SkIdaNM5L/nat3sCWzatwfwF
P2HF76txMyFRcX94eBjaPNEKgwb2y3f569oP18K6Nb9h1ep1+H3VauzZs9/qIryHHqqBLp064Jn+
fYq0Kp4zeEs/nak4r3GXzh3QskUz/L5yDVatWYeDBw9b7b969Wro37cX+vTuYbUMORER+SZBdtXk
Ywfl6A2QJFV0pUCTZq3F5FlrkbHsIACgVK9GGHtvmW5vIIoC/HSqeO/kVpIkIT7+OlJSUiFqRISG
hCA6OsqqmkNhpKenIzExCbfv3EFgQADCwsJQrlzh34S5i7f001mK+xqnpqYhITERd+6kIzAwAOUj
Ikr0+SIioqJRTYrSiCIkyfWj0GQ6175IFEVUqlQRlSpVLPa+goODERwc7IReuZa39NNZivsalykT
ijJlQp3cKyIiKmlUk6S8fU6uN9WB9vZzTURERORJqgnQgiB49ciot9SB1ohiiV1AhYiIiMgdVJVY
NRrvCHZVosKs2tLu3LWxpfp4yzkmIiIiUitVBWjRS0ZHva3ms5kgCEW6YI6IiIiI7lNdmtJqVNcl
K7ZGoL2BN5xbIiIiIrVTTRUOM41GhMEouWxp78J4+/NlmL1kG8aO6GwJy7lHnXcfMK1Y+Mmv0Yq2
maW3WqZy/F+jGridnoWjp69g8qy1aN6oBlbNGeXGZ6EkCAI0DNBERERExaaaOtC5GY0S9AbPlbQL
jx2J4GB/pKdnF7xxIZj3ZV7ExRN0Wg0DNBEREZETqG4EGjCNQhuNEiQPZvvfxh5F89rpTtnXgs3h
eGnGA07ZV1GIHH0mIiIichpVBmgA0GpF5Og9Nwq97XiIJUDvPml/IYpK5XJwNcnPqr157XRcSvDD
1SQ/XE32d1k/C0OrZXgmIiIichZVTuEw0xuMMBoltx83puVop03fMAsO9selHV86dZ+FodGI0Gk1
bj8uERERUUml6gAty0COXg/19lDdBAHw0+ngBZUBiYiIiLyGqj/bFwRAy9HTItNqNQzPRERERE6m
6gANmJae5gVwjtNoRK9eGp2IiIhIrbwiYem0Gogih1ILSxQFznsmIiIichGvCNCAKURzOkLBBAEM
z0REREQu5DUBWhAE6LSqrbqnGjqtFgLfaRARERG5jNcEaIBTEwrCqS5ERERErudVARpgXWN7uFQ3
ERERkXt4ZeJiiFZieCYiIiJyH69NXQzRJgzPRERERO6l6pUIC0OSZOgNBp9brdBUbUPLOc9ERERE
bub1ARoAZFmG3mCEJHn9UykU88WUrLZBRERE5H4lIkCb6Q1GGI2Sp7vhUpy6QkRERORZJSpAA4BR
kmAwGEvclA5BALRaDZfnJiIiIvKwEhegAUCWAYOx5IxGazQitBquxEhERESkBiUyQJtJkgSDQYLk
pU9RFARotSJEjjoTERERqUaJDtBmRqMEg1GCtzxVQRCg1YgsT0dERESkQj4RoM3UHqQZnImIiIjU
z6cCtJkkSTAaZRgldcyR1ogiNBqBUzWIiIiIvIBPBmgzWZYhSaYg7e4a0qIoQCOKEEWB9ZyJiIiI
vIhPB+jcZBmQZFOQliTZ6dM8BEGAKN77EkRW1CAiIiLyUgzQdsgA5HtB2vQFyJDv1ZeWrepMmwKx
AEEABPO/gml0WRAFMC8TERERlQwM0EREREREDuBVa0REREREDmCAJiIiIiJyAAM0EREREZEDGKCJ
iIiIiBzAAE1ERERE5AAGaCIiIiIiBzBAExERERE5gAGaiIiIiMgBDNBERERERA5ggCYiIiIicgAD
NBERERGRAxigiYiIiIgcwABNREREROQABmgiIiIiIgcwQBMREREROYABmoiIiIjIAQzQREREREQO
YIAmIiIiInIAAzQRERERkQMYoImIiIiIHMAATURERETkAAZoIiIiIiIHMEATERERETlA6+kOkG/7
93Scp7tARERE5BBBlmXZ050gIiIiIvIWnMJBREREROQABmgiIiIiIgcwQBMREREROYABmoiIiIjI
AQzQREREREQOYIAmIiIiInIAAzQRERERkQMYoImIiIiIHMAATURERETkAAZoIiIiIiIHMEATERER
ETmAAZqIiIiIyAEM0EREREREDmCAJiIiIiJyAAM0EREREZEDGKCJiIiIiBzAAE1ERERE5AAGaCIi
IiIiBzBAExERERE5gAGaiIiIiMgBDNBERERERA5ggCYiIiIicgADNBERERGRA7Se7oBayQBkSYYs
m78AGaZ/Yfn3PkEAAAGCAAjmfwXB9CUKENz+DIiIiIjIFQRZzhsFfZMsA5IsQZJkSPeCszMJggBR
vPcliPcCNxERERF5G58O0LJsCstGyRSc3UkUBWhEEaJoGqUmIiIiIu/gkwFakiQYjabgrAYaUYRG
I0AUOSWdiIiISO18KkAbjRIMRsnp0zOcRRAEaDUiNBoGaSIiIiK18okArfbgnBeDNBEREZF6legA
LUkSDAYJkpc+RVEQoNWKnNpBREREpCIlMkDLMmAwGmE0qmOOc3FpNCK0Gg0rdxARERGpQIkL0EZJ
gsFgtKrT7O0EAdBqNdBwNJqIiIjIo0pUgNYbSs6osz0ajQidVuPpbhARERH5rBIRoGVZht5gdHst
Z08RRQE6rYb1o4mIiIg8wOsDtCTJ0BsMJW7KRkEEAdBptRBFhmgiIiIid/LqAG00StAbjJ7uhkfp
tBqWuyMiIiJyI69NXgzPJr4w75uIiIhITbwyQDM8KzFEExEREbmP1wVohmfbGKKJiIiI3MOrArTp
gkGGZ3t8qRIJERERkad4TYA2laozeLobqmeqSMIQTUREROQqXhOg9SVwdUFXkGVwlJ6IiIjIhbwi
QHNqgmM41YWIiIjIdVQfoI2SxIvjisBolGCUeN6IiIiInE3VAVqWAQNHUovMwGkvRERERE6n6gBt
MDIAFocsm84hERERETmPagO0xKkb1o6rMQAAIABJREFUTmE0SpA4lYOIiIjIabSe7oA9BoN7Q9+t
tAx8/8sOnLlwAzUfjLS0p97OQELyHUVbXrYeAwBlQkpZbpcJKYVd+8/g/x6tiTMXbgCA4jFnLtxA
QtJtlC8Xgm5tGqJb20ec9twMBgl+fqp9r0RERETkVQRZhUWD3b3aYM12byM5+Y5V+zt9rhfq8VFl
c3A9xc/u/Z/+GlWkfs2b/LzTgrROq4FGwxBNREREVFyqDNDZOe5bDMQcnp9tm4TpL15yyzFzK9Wr
EQAge1x9GNtGAwCE1BwE9t4CAIjbOglhoaWKfRxBEODvp9oPHIiIiIi8huqGJI1GyW3h+VZaBpKT
7+CXsec8Ep7X7CsDANAPrm4JzwAgl/FD5qaOAIAarcc55ViyLHNOOREREZETqC5AG9wY8oa++T0A
oGuTVLcdM7dh0x8AABgbhFnaxKO3IKTmAACyvmzi1OO589wSERERlVSq+kxfktw3+gwAuw/Gue1Y
ttzO1AAAAkbvc8vxZFmGJEkQRdW9byIiIiLyGqoK0Eaje6dj16lRESfirrn1mLYkH5rutmMZjTKY
n4mIiIiKTjVRSpZlty89rYbw7G5GN4/yExEREZU0qgnQkuT+UBceXtrtx1QDT5xrIiIiopJCNVM4
3D36DMBm7WezBq/Uxdnr/gCAkCCjZb5yi9p3sPNkaUVb9ahsJKSZTqW5LbeMZQed3fViMUoSa0IT
ERERFZEqArQsq2tUNC1DYwnPgCkUZyw7iEsJfric6I8Wdc7gUoIfYsqbqmUcvRgEAAgNMljazPWd
1UiSZMgyIAie7gmRtT/WbkBKSorldnR0FJ5o/bjD+/lz81bcuHHTcrts2bLo0rmDU/pI7hMffx3H
T/yLqMgKqFevjlP3rdfrsWPnbtxKScWjjWPxQEwVp+6fiEouVQRoSfZMebXw8NI2R6FDSxltjhrH
lM+xBGTzvwBQ/4FMq20LM+qcexTb3SRZgkbwnlHozyZNwaXLlxVtXTp3RNcuHT3UI3KVeQt+wqFD
/1hud+7UvkgBevlvK7Fh42bL7djYhgzQXmbDxs149bUx0Ov1AICeTz+FSRM/ckoloezsbDz3wkv4
e4+pCpJOp8P0aV+iXdvWxd43EZV86gjQHhp9tjeFIy1Dg+ghDZ12nL+/+NdmyPZUeAZM59xbZnFc
vnIVs7+fZ9V+8dJldOncAQKH0olKnOzsbIx963+W8AyY3hS1bdMaHdq3Kfb+V61ZZwnPgGk0euxb
/8O+v7dBp9MVe/9EVLL5dIDObwS6RW1Te/XobJyN97f8v6AVC0fOjAEAnI33R4u66dh5PNhmeAZM
c6dzTxVxJzVNmSnIqlV/2Gw/fToOhw4fQaNY573ZKUhSUjI+nDARKammxXfm/zATWq0qfoyISpQb
NxNw5066VfvpM3E2A7SjP5uXL1+xaktLu43ExCRER0cVo+dE5As8/pdfBjxWVi2/iwjXf3SmSPu0
Cth97G/rqfAMmM65DEDtY7d6vR6Lf15q9/7ff1/t1gC9ddsO/LF2g+U2SwISuUZ0VCTCwsri1q0U
RXvdOg/b3H7L1u0O/WzWq2s9n/qBB2IQGVmhCL0lIl/j+QCtwpHQSwl+qP1SPaft75ex5zy2XHh+
ZEmGIKo7Qu/+a4/iQjBRFCHlqtiyfMVKvDl6FEJDQ9zSn39PFe2NFRE5RqfTYepXk/HSyNctI9HP
PTsIrVu1tLn9KQd/Ntu2aYWhgwdg/sJFAIBKFaMx7avJXKmViArF8wHagyN49lYijCmfg3f6XEdU
2RzUiM62ur9FHdsj1ztPKOtKx8X7o0Z0tt3tPc107tUdoJcuW6G43bfP01i//k/Lx7RZWdnYuGkz
evfq4Zb+HD9x0i3HISKgebOm2LZlHU6fjkNkZIV8q2Qcc/BnUxRFvPfuW3j+ucFITUtD1QcfRGBg
QHG7TEQ+wqcDdH4rET7ZJBVpGRq0qHMHaRkaHL0YhNBSRqRlaJCWoUFoKaPVY/IGZbUGZzO1Tz+4
ceOmoooCALRt0xqyDPz8yzJL2+IlS90SoA0GA44dO+Hy4xDRfWXLlEHTxx7Ndxu9Xo+jR48Xaf8V
K0ajYsXoIj2WiHyXCgK0545t7yLCSwl++M+btufZmTljcZSMZQc9Wi9a5fkZq9esU0zXCAoKwmNN
HoVOp1ME6CNHj+H4iX/tzo0sLFmWcfVaPG7cuIEyZcqgerWqigofly9fRXa29ScSjsjMvIv469eR
kZGBoKAgRJQrhzJlQou1T1sSE5OQlJyMtLTbCAoMRHR0FMqVCy/2frOysnDjZgJup91GSGgIKleq
CI3G8WoyaWm3EX/9OtLSbqN06WCPjP5lZt7F9Rs3kJGeUazn4kqyLONmQiKSEpMQFlYWkZEV7E4x
uHs3Czdv3sTt23dQunQwKleuVKQLXNX+vWPLpctXFNU63OFWSgpu3UpBZkYmQkJKIzKyAgICHP8e
dtfvBCJyLs8HaKgvxcWUz1Hd6oGuoMZzb2Y0GrFo8S+Ktu7duiAoKBCPNWmM8hERSEhMtNz3+8rV
hQrQL7/yBjb9uRWCICAmpgp+WTIfZcuUwZm4s/hwwmf4+++9lm1feXkE+vfvg61bd+DsufOK2sRm
Awe/YBVoZs+chtKlldN5du76CwsWLsaOnbthMBgU9zVuHIuePbrhqW5divQH2OzGzQT8/PNSbNi0
GadPx1nd/2jjWIx8eQRa/F8zu/swnx8AqF+/Lub/MAPBwcE4d/4C5nw/H2vWrEPm3buW7ctHRGDI
4GcwZPAABAUFFtjHU6fO4NsZs7Fh42bFeQgI8Ef/fn3w8n+HOfKUi+T8+YuYOet7rP5jveINUWGe
y+OtO+J6rjn5gwf1x//eGWv3WI82fRxpabctt4e9MBRjRo9SbGPvnG/Y8Ce+nTkHx4/fn5rwcK2H
8P57b6PJo/ffeF+4cBHfz12AFb+vRlbW/ecTGhqCfn16YdiwoQgrWzbfc6LW752vvp6OGbN+ULSd
+fewpc+bN2/Dmbg4HDxYuJ/Ngrz032H5Pse7d7OwdNlvWLnqDxz+56jivoAAf7R5ohWGDhlYqAub
3fE7gYhcx/MB2oMZLr8qHCNnxiAqzDkjGk82SbVbys6T1DwCvXffAVy+clXR1rVrJwCmi4t69eqO
72bMsdz369IVeH3UyyhVqlS++5UkyfLH6uzZczh27ATKR0RgwKDnLfOqzXQ6HY4ePY7x735od3/7
DxyyajMY70/vMRgMePf9j/HLr8vt7uPAgUM4cOAQZs6ei+nTvkCd2o6NpOfk5ODb72Zj5uy5+Y7C
7T9wCEOeHYGX/jsMo19/xWb97Nzn59Chf7Bv/0FcuxaPCZ9MtvojDwAJiYn4/Mup2LFzt803Drkt
/HExJnwyCUaj9cJJWVnZmDf/R/z55xbobRzHKWQZP/60BB99/JnNPhTmuegNBsV5kGzsJzdDIbbP
e853/7UXu3b/bfUGEgD+PXUag4YMw6KF36Nx41hs2PAnRo95RxFMzdLSbmPWnLnY+OdmLJw32+Y0
BbV/7xhz7TOvo0eP4933J+TbZ0cNeKav3fsOHjyM10e/havX4m3en5WVjT/WbsAfazdg6JCBeHvc
GzbrSbvjdwIRuZ7HAzRUOgo6789yTtvX9DXlcX2h9QiJ56nz3AOmBRNyi4ysgMaNYi23O3dqrwjQ
6enp2LxlG7o92cWh45w/fxETJ31pFZ4BICwsrNjTCqZ8PT3fP5S5Xbp0GX+s3eDQH8usrCw8+/x/
sXffgUI/5rsZcxBTpXKh5o2/+/7HuH79RoHb7d13AJMmf4WPJ7xn8/7FS5big48mFrifK1ftX5dQ
XIcOH8Ghw0cK3K6g5+JqY8b9D+np1vWPzfR6Pd559yN89umHGDlqtM03A7lduHAJb44dj0U//qAY
kfWW7x173DnlZ/uOXRj+4quFniYyf8FPyM7OwicT3re6z9W/E4jIPTweoNU4BxpwzhxntVPrCHRS
UjJWrVYuntKnVw9otffnS9Z+uBZqP1wLJ/89ZWn7+ZflDgfoKV9PtxtWKlSIwGNNGuO76VOQkZGJ
zVu2Y/2GTYptbC0rHBRo+jj6xo2bmD1HuYJi507t8dJ/h6FidDTS09NxJu4cli1fgXXrNyEmpgpe
evEFh/ofEBCA8uUjFG3Vq1fDM/16o3r1qtDrDTh8+AhmzJqjCFqfTZqCzp07oFRQUL77NwegyMgK
GDSgH2rXrgW9Xo/9Bw7hh7kLFXPUF/+8FMOHP4cqlSsp9nHhwkV8OME6PA8dPABdu3ZCuXLhSElJ
wdatOzBj1g8un8tanOfiDubvx/btnkC3J7ugdOlgnDp1BlO/mYHMTNMnWWfPnsOzz79oeU1bPd4C
Pbo/idDQEBw/fhLffDtLMT1l774D2LNnH5o1a2pp84bvnfwU5Wczt+TkW/hs8pQCj3Pl6jW89sY4
xfdl1QcfwLixb+DRxrEIDg5GUlIS1q7fiEmTv7Jst+TnZXi8ZQu0b/eE5XHu+J1ARO7h8QCtVh3f
q4mdJ0tbVgtsUfsOrqf4WRY/qR6VjaiyOdh50vSxY0iQUbE0t/lx1aOy0afFLYzvY/tjP7L2x9oN
VqNqnTu1t9quV8/u+Ojjzyy39+zdj7iz51CjerVCH8scVmIfaYBRr76E6tWqwmA0Ii01DbVqPQSt
VoOOHdoBABISEq3+SHd/qqvdZX/37T+oCAlhYWUx5YuJ8PPzA2Cao1qxYjRat2qBGzduwj/AH8HB
wYXuu9k7b7+J5Fu3kJ2dgyGDnkGnju0UF2e1btUCDz9cEy+/MtrSlpKait279yj+uNvTt09PjH/7
TUXf2rZpjerVq2HcW+8qtt2xYxcGDuinaLM1PeDzSR+j59NPWW5XqVwJDerXQ9s2rfHMoOfzHYEt
juI+F3eZ+MkH6Nunp+V2i/9rhkcfjcXTvQZY2sy1kfv26YlPJrxnCYstWzRHw4b1MXCwMnht3b5T
EaAB9X/v5MfPz6/IP5sAcPHS5UIF6GnfzFDMYw8PD8OSRfMQEXH/U8rIyAp4bugglAsPx2tvjLO0
T532Hdq1bW2Z8uKu3wlE5Ho+HaDzmwM9vu91VIm4iMuJ/mhR546lxnOLOndwKcEPlxP9790+g0sJ
fkjL1FrmOZvL3rWocwdHLwYVOP953z/n0aRhVSc9K+8mSRIWLflV0VavXh3UrFnDatuOHdoqAjQA
/L5yjdVFWgVp1OgRLJw3W/GRcOVKFR3ahy3JybcUt0NDQ+xWRSjO6mcVypfHTwu+z3ebDu3bIioq
UvGR+uHDRwoMQbUfroVPP37f5pzXHk91xcSJXyA1Lc3SdvzEv4ptbqWkYMXvqxVtrR5voQjPudWt
Wxs1a1a3ecFmcRX3ubhL7CMNFOHZrGGD+lafugDAqyNftBppbfafx1Cn9sM4cfL+c7BV5k3N3ztq
cO1avNV0sv+9M1YRnnPr2qUjZs+ZZ3mN/j11GufOX0D1aqbf7+76nUBErufTSy6Fh9u/4AkANh8x
rW6380Rp7LgXoOduKmcJz2kZGnzyazQuJ/rjQNz9jzNDSxktNaDVePGgmh0+fARnz55TtPXu2d3m
tpGRFaxWJfv552XIyspy6JgffTDeJfMpQ0KU318XLlzChI8nuWx0NT+iKKJmjeqKttxVTOwJCAyw
GYAAQKvVonoN5Wh/UlKy4vaRI8etLgLr3cv26+lqxX0ubmOnjwBQteoDituhoSF2g1bNmsrXOym5
aM/HU987arBn737FbVEU0bJlc7vbi6KoqJACQFE7Xk2/E4ioeDw+Ai0InpuLa28E+lKCHzq+X9Oq
/VNE2dze3N64RqZXBeZ8/k57zPIVqxS3RVFEu3xGunp0fxJbt+2w3E5JTcX27bvQoUPbQh2vbt3a
eLjWQ0XrbAEaNXrEqm3Bj4uxfMUq9Hr6KbRv3waNYhvm+zGzM4WGKJc7z8y0rtzgqJA8lROyspVv
Xk6etB5VfPjhWsU+risU9FzUwPxRv1lYWFm7ITVvRZq7d4v+fDzxvaMGuUsIAqZ54198OTX/x+QZ
Sc896qy23wlEVHQeD9CmpaQ9k6CbN6qB3Qeta54Wtg50x/dqonp0Nqa/eMkV3XMDdSXo1NQ0q4/7
/9O0Cfz8/GxWyQCABg3qQafTKebY/rx0eaEDdN5A4kwPxFTB888Nxg9zFyra09PTMX/hIsxfuAgR
EeXwTL/e6NevFyqUL++U4964cRPHT5xE3NnzuHLlKq7fuIE7t+/gTNy5PFu6/ucuMSnJqs1Zz5Oc
T03fO2qQd9Q+MzMTS35eZmdr2zIyMiz/99TvBCJyPo8HaE+OQKfeLt5o8fqPzjilH56a/6y2Eej1
GzZZrfS3+689aPRoC4f2s337Lly6fAUxVSo7s3tFMvbN1xAaEoKvp32nuHjILDExCVO/mYH5Cxdh
wofvomuXjkU6TlZWFlau+gOLf16qquXG09MzrNr8/V33poUcp9bvHTWwV4PaEdWqKX+/u+t3AhG5
lucDtAdHoE/Eua7mrCNupWUgLDT/BUBcQVDZCPTin5c6bV+rVq/FKy+PcNr+ikqn02HkyyPQqVN7
LFv2O35d+pvN0fS0tNt49bUxCAkpjZYt7M+xtOXUqTMY+eponL9w0e42ZUJDkZOTY3PBDVcK8Pe3
ajMYDC4d+afCU/P3jhqUzbOCY4P69bBg3qxCP16r1VqtsuiO3wlE5Hoev4jQk6OgdWoUv9JCcZTq
1ajgjVxITSPQx46dsJpvWByLF//i8nrCjqhW9UGMG/s69vy1BUsWzcPAAf0QZKOO7rTpMx3a7/nz
F9F/4LOKAFQmNBTDX3gW836Yge1b1+P0yUM4dGAX2rZpXdyn4bC8F00BsDsdh9xL7d87apD3As24
s+cQFBSIkJDShfrKb3l7V/1OICL38PwItAdTXJmQ/BcCcBdPjD4Dnj33ef2W5+JBAHjnrTcLXcpp
2/adin3cTEjErt170LqVY9M/XE2n0+GxJo3xWJPGeO3Vl/D66Lewc9dflvsPHfoHer2+0BcRff7l
VEWN2kaNHsGsGVMRlmfkzFMefPABq7bz5y967dzOgABltZb0DOspKt5C7d87ahD7SAPF7czMTBw5
ehyNYhs67RjO/p1ARO7h0wHa1gWEvkQtATo9PR1Ll/+uaIuJqYLnnh2U70piudWsUc0qhC9dtsLl
AVouxgT+sLCyeG3Uy4o/lo6QJAnbd+xUtI18abiqAlCth6yr2WzatAX/adrE5vapqWmFWv7ZUyqU
j8DFi/cvGj59xv7vEIPBUOAy257iDd87xVWcn02zhg3qISgoyLICJAD8MHchYh9p4JLfn8X9nUBE
7uP5KRyiOkKcL1LLud+4aYviDxQA9On9dKHDMwDUrFkD9evVzbPfzU4NY/4B1vN5r13Lf4XJM3Fn
sWfvfhiNRpv35619W716tUKPNN3NykJWlvKiS3vTVv49dRp/791XqP06U+3atawWpflp8S82F/WI
j7+OF4a/rOoAXbdubcXtY8dOYPdfe6y2S06+hZGvjlZtfV9v+N5xRFF+NgsjODgYw54fomhbv2ET
Zn8/z25AP3MmDm+8+TZ69xuMGzduWt/vwt8JROQ+ng/QUM9IqLtVj8oueCMXEQT1XEK45BfrslCd
ClmGLrdeeRbokCQJa/5YX+R+5RVlYzrJmHH/w/LfVuKbb2ehect2iioGZ87E4cmn+uCZgc+hb/8h
2LJ1u6XKiMFgxJ69+/HhhImK/XXv1qXQ/SkVFITyERGKtpmz5+LGzQTL7ZTUVMxfsAi9+wxCYqJ1
STlX02g0GDpkoKLNYDCg7zND8fmXU7Fh42asWr0Wn0z8HB27PI1Dh4+4vY+OaPNEK6u25154Cd98
Owvbtu/E1m07MOWr/2fvvuOjqPM/jr9ndjcJIRAI0kGaHfA4REUU64HYG3aKIOidYq+nP/VsZ+9Y
wI4NEFROFJRTzoKCNKUoCArSOwRCKNmd+f2x7sJm0yaZzc5uXs/HI4+ws7Oz3xkDvvPdz3y+Q9Xj
5DP1+aQvq318FZUKPztOOP276UT/fpdq35YtYrY98uhTurTv5RozdpxmzJilmTNn68OPPtblg69W
r9PO1UfjxmvmzNm69oZbYzoLJfrfBADVJ+klHJJkmoZCoervxFFaH+jqsnh1/KxJdTE9Mvu8YMGv
mjlzdsy2I4/ootatWzk+1sk9TtK/7v13TGuod94dpYED+srn81V5rEcc3iWu5/Ss2T/FhL677nlA
Y0a/JdM0dd+Dj0T3nTX7Jw26Yoj8fr8a5NXXxk2b41pktWjeTJdecqGjMZ17zhl6afhre8Yz60d1
P66HWu27r4LBoFasXBW9Hi1bNNfyFdXfeebii3pr5OixWrRocXTbrl279OJL8UtI5+Tk6IjDD9OX
k7+qziFW2BGHH6aju3WNmXUuKirSU08PLXH/4ktge0kq/OxUlJO/m6UtnV2aevVyNfS5J3VJn4Ex
nyhMnTY9bqXC4tauWavNW/LVpHEjWZZVLf8mAKgeSZ+BlpIX5mpyDbRXAvRH48bHbTv33LMqdayG
DfdRzx4nxWxbtnyFpv0wo1LHK65BgzzdevN1Ze4zZ+48fff9NJmmqYsvPF+5ubEruAWDQa1dtz7u
f5Rt27TW66+9FLd/eQYNukxt2sT+shEKWfp9yVItW74iGoAGXd5fH304MikfBWdlZenV4UPjSjmK
a9miud4Z8YqnA4Npmnr04fvVtk3rMvfLzs7W0Gef0JCrkt9KsTSp8LNTUU7+blZGh/YH64Mx72j/
Ykual+Xknn/T+6PeUpPG4Rtmq+vfBADVwxsB2vDEMGoUr1zzUe+Pjf7ZNE2d3PMknX5q5RcOuPWW
6+PCzdgPxlX6eMUNHNBPDz34LzVsuE/MdtM0deIJx+ndt1+L9mw97dST9fXkibr3njtKXMJXCtc3
3nXnbRr34Ui1a9vG8Xjy6tfX6PdG6JKLzo+bWQsEAjrt1JM17oORuuP2m1W/Xj0NufrKpAShFi2a
a9yHo3T5wH7KycmJea5Jk8a64foh+uTjMerYsb0O7/LXuHp2L2natIlGjxqhywf2i2s7lp2drT6X
XqRJE8fp1FN66vjjjon7+N8rUuVnp6Kc/N2sjP3atdX4caP1xGP/VrduR5Z4j0bTpk10yUXna9wH
I/Xi80+pUaPYMpnq+DcBQPUwbDduVXbB7qKgLKt6h9Kg8xBJqtCy3YkQ6QO9cVbJH/8mimkaygh4
ononZQWDIS394w/l529V7exstWjRLC4YFrdlS77WrV+vbdsKVKtWlho1bKh99mng2pgKC3foj2XL
VFi4Q7m5ddW0SWPVrp2cFoll2blzp1asXKUdhTuUl1dfjRs3lt9f9RKbZNi1a5f+WLZcBQXblZtb
V82aNlWtWlnlv9BjUuVnpyIq83ezMgoKCrR23Xpt27ZNWZlZqlcvV40bN3J0T0+i/00AkDieCdCh
kKWiYMl3JVfWsRc+VOHVBiM39JVWl+w0ZNfufZjqZoe0esSPZe4jVX+ADvh98vm8MQMNAACQajwz
DZmImlwnS3WXd0NfZVYN3Fro0zfz66h7+22OX5tIXql/BgAASEWeCdCGYchnmgpZ7i480KBBHS0f
Wfm6N0ky52ySvW+OjGV77sA21u2U3ajkj2qtQ/NkztmkrJt+0JCXWumn5+J73kacc3L1LuftM80a
2zYQAADADZ4p4ZDCfXt3F7lXxnHH42M07N3/qajffirqW/G7p92S3SPcg/i5K//QwB6xfVSb9uuk
rYW+ai/fyAj4HC1QAgAAgFieCtCStGt30JUlWCMO6PFPbdwYLqEo6hcO0cbSAtmt428qiWwv/rzV
NFvm6sK4/Ut7/d4CI/b0vr3jgtWas6SWxk+vJ0ma8NqNOqJTW+cnVUmGYSgzwzMfOgAAAKQkzwXo
RNxM+OjwCXrkpU9cPWZVNGhQR79Oeqj8HV3GzYMAAABV57kALbk/C11Zjw6fIEn6dvqvOubwAyr0
ml+XrNEBbZrEbLv1ilNcH5tTzD4DAAC4w5MBOhGz0DUds88AAADu8GSi8vlMmXSKcI1pGIRnAAAA
l3g2Vfn9nh1ayuFaAgAAuMezyco0TWZNXeDzmbStAwAAcJGnk5Xf5xOVHJVnGOFrCAAAAPd4OkAb
huT3EwAry+/nFxAAAAC3eTpAS+GlpynlcM7nM+WjdAMAAMB1KZGwAn6fTJOp1IoyTUMBZu4BAAAS
IiUCtBQO0ZQjlM8wRHgGAABIoJQJ0IZhKOBnJb3yBPx+GfymAQAAkDApE6AlShPKQ6kLAABA4qVU
gJbCN8cRouOxVDcAAED1SMnERYiORXgGAACoPimbugjRYYRnAACA6mXYtm0nexBVYVm2ioJBpfZZ
OBfutuGn5hkAAKCapXyAliTbtlUUDMmyUv5UKiRyMyXdNgAAAKpfWgToiKJgSKGQlexhJBSlKwAA
AMmVVgFakkKWpWAwlHYlHYYh+f0+lucGAABIsrQL0JJk21IwlD6z0T6fKb+PlRgBAAC8IC0DdIRl
WQoGLVkpeoqmYcjvN2Uy6wwAAOAZaR2gI0IhS8GQpVQ5VcMw5PeZtKcDAADwoBoRoCO8HqQJzgAA
AN5XowJ0hGVZCoVshSxv1Ej7TFM+n0GpBgAAQAqokQE6wrZtWVY4SFd3D2nTNOQzTZmmQT9nAACA
FFKjA/TebFuy7HCQtizb9TIPwzBkmn9+GSYdNQAAAFIUAboUtiT7zyAd/pJs2X/2l7bj+kyHA7Eh
w5CMyHcjPLtsmIbIywAAAOmBAA0AAAA4wF1rAAAAgAMEaAAAAMABAjQAAADgAAEaAAAAcIAADQAA
ADhAgAYAAAAcIEADAAAADhCgAQAAAAcI0AAAAIADBGgAAADAAQI0AAAA4AABGgAAAHCAAA0AAAA4
QIAGAAAAHCBAAwAAAA4QoAECxnHfAAAgAElEQVQAAAAHCNAAAACAAwRoAAAAwAECNAAAAOAAARoA
AABwgAANAAAAOECABgAAABwgQAMAAAAO+JM9ANRsvyxclOwhAAAAOGLYtm0nexAAAABAqqCEAwAA
[...]
YIAADQAAABggQAMAAAAGCNAAAACAAQI0AAAAYIAADQAAABggQAMAAAAGCNAAAACAAQI0AAAAYIAA
DQAAABggQAMAAAAGCNAAAACAAQI0AAAAYIAADQAAABggQAMAAAAGCNAAAACAAQI0AAAAYIAADQAA
ABggQAMAAAAGCNAAAACAAQI0AAAAYIAADQAAABggQAMAAAAGCNAAAACAAQI0AAAAYIAADQAAABgg
QAMAAAAGCNAAAACAAQI0AAAAYIAADQAAABggQAMAAAAGCNAAAACAAQI0AAAAYIAADQAAABggQAMA
AAAGCNAAAACAAQI0AAAAYIAADQAAABggQAMAAAAGCNAAAACAAQI0AAAAYIAADQAAABggQAMAAAAG
CNAAAACAAQI0AAAAYIAADQAAABggQAMAAAAGCNAAAACAAQI0AAAAYIAADQAAABggQAMAAAAGCNAA
AACAAQI0AAAAYIAADQAAABggQAMAAAAGCNAAAACAAQI0AAAAYIAADQAAABggQAMAAAAGCNAAAACA
AQI0AAAAYIAADQAAABggQAMAAAAGCNAAAACAAQI0AAAAYIAADQAAABggQAMAAAAGCNAAAACAAQI0
AAAAYIAADQAAABggQAMAAAAGCNAAAACAAQI0AAAAYIAADQAAABggQAMAAAAGCNAAAACAAQI0AAAA
YIAADQAAABggQAMAAAAGCNAAAACAAQI0AAAAYIAADQAAABggQAMAAAAGCNAAAACAAQI0AAAAYIAA
DQAAABggQAMAAAAGCNAAAACAAZdt2/XdBgAAAKDBIEADAAAABly27a/vNgAAAAANhsvvpwcaAAAA
qC6X308PNAAAAFBdBGgAAADAgGVzFyEAAABQbYwDDQAAABggQAMAAAAGCNAAAACAAQI0AAAAYIAA
DQAAABggQAMAAAAGCNAAAACAAVd9NwAAACAaHcrP18cf/1c5336r/PzDEd1XcnKSunfrpiuuuFQt
kpMjui/UHg9SAQAAqOBQfr7++rcXVFhYWKf7TUhI0K9/dS8hOspRwgEAAFDBzJn/rfPwLEmFhYWa
OfO/db5fmCFAAwAAVJCd822T3DeqhxroRqaoqFiLFi9Rdva3ysrOkSR17NBBGRmDNSh9QD23DoAk
HS2xtWCdT0s2erV2u1+78/w6dDRQTdeimaUOqQ717ezQ0D4uDe/rVLNYq55bDDQ9FWuen/3rkxHd
3/2/frjKfSP6EKAbkazsHL333ofKzcsLmr5r9269+94UzZu/UKNGXKx0gjRQL77b59eLc0s17Suv
ikpsVXYDyoEjtg4c8WntNp/eWuxRfKylq9JduueSGHVrw4+GABANCNCNwK7d32v6jFnKysqRKr0k
B+TlHdQ7703R+g0bNXbM5UpNTam7RgJNWKlXenp6iV5dUCqPr/rr2ZIKS2y9tcSj977w6GfDY/TA
mFjFuiPWVABANRCgG7CiomLNnbdAixYvNVpv3foNWrd+g9IH9teokcMJ0kAEfbfPrzsmFmvtNoPk
XAmvT3ppbqmWbPLplfFx9EYDQD0iQDdQixcv09z5C1RYWFTp/IyMwRo1YriKi4v1+eIlWrx4Wcgy
mStWKTvnW40ccTH10UAErNvu0w0vFGn/4dBfhjqmOjRmoEsZfZzq09Gp1ERLHp+t/YdtfbffryUb
fZq+wqtdef6g9dZu82ns04V66954ndXZWVeHAgA4AeNANzDZ2Tn6aMYs7dr1vSor10hL665x112j
lqmpQdPz8g5q+oyZWrf+m0q3m5qaonHXXasead0j0Wygyflun19XPFWoA0eC36cdUx165KoYXTXI
LVlSVbcH2sf+8VGmR09MLdXOCkG6ZXNLHz+YQE80ECEn3tQn1e1NhHWxP9QOPdANRCAAz9K69Rsq
nZ+akqJx46oOwKmpKfqfW2/SV5krNW/+QuXlHQzZ/ksvT6SsAwiDUq90x8TikPA8oq9LL4+Pq9ao
Gtaxf1w1yK2RZ7t018RizV/rLZ+fe8TWnROLNeOBBGqiAaCOEaCjXGBYuqVavHipCotCyzXi4+OU
MXSIhmUMUUJC/Cm3Nyh9gNIH9te8+Qu1aPFSFRUVB83PXLFKK1Z+rZEjLtKokcPDdhxAU/L09JKQ
mue7RsbosWtiZdVgRLpmsZb+PSFef5pSopfnlZZPX7vNp6dnlOixa2Jr22QAgAECdBTLyzuol1/5
V8iwdGUGDuyvq8aOVnz8qYPziSzL0qiRw5U+cIDmzlugzBWrgubbtq258xYqc8Uq3X3neHqjAQPf
7fPr1QWlQdPGDHTVODyXsSQ9dm2sdh+0NT3TUz791QWluinDra6UcgBAneETN4q99MrESsNzj7Tu
uvuu8bp+3I+Mw/OJUlNT9JNxP9JvH3mg0pCcl3dQL70yUUWV9HwDqNyLc4OHquuY6tCzt8TVKjyX
sST97eZYdWp5/KPb65NenFN6kgEsAQDhRoCOUpkrVoXUKcfHx2ncddfq7rvGh/Vmv9TUFD368G80
7rprQ4J0Xt5B42HygKbqaImtaV95g6Y9fFVMWJ8k2CzW0sNXxgRNm/qVV0eLidAAUFcI0FGqYmhN
H9hfjz78QMSGm7MsS4PSB+juO8crfWD/oHnZ2d9GZJ9AY7NgnU9FJceDbMdUh64eFP47/K4+162O
qcc/votKbS1cV7txpgEA1UeAjlK7d38f9HrUyOHVukmwtlJTU3Tl2NGyTvi9OSs7R4x2CJza4m+8
QaUUYwa6qh6nrpbGpgffwrJoo5cyDgCoIwToBqIub+SrTV010JSt2xE8VnNGH2ek8nPIttfv8Fc2
NDwAIAII0AAQJjtzgwN0n46Re1Jg7wrbrrhvAEDkEKABIEwOFwZ3AacmRqr/WWqZGPwYw4r7BgBE
DgEaAAAAMECABoAwSUoI7nHOK4hcr3BegR1U81xx3wCAyCFAA0CYnPiAE0natDtyQ8tt2hW87Yr7
BgBEDp+4ABAmZ54W/JG6ZKMvYgNjLNkUvO0zT3NEbMg8AEAwAjQAhMmw011BGXb6Cm/EhpabviL4
iYcZFfYNAIgcAjQAhMnwvk7Fn/DY7l15fk37yhP2/Uz7yqNdJwxbFx9jafhZkRsyDwAQjAANAGHS
LNbSVRWeEPjktFIdLQlfN/TREltPTCsN6ti+apBLzeLofwaAukKABoAwuueSGLlO6AzemefXryaV
hK2S49eTSoIemuJySBMuiaF8AwDqEAEaAMKoWxuHfjY8Jmja9EyP/jSl9iH6Tx+W6KPM4JKQ8cNj
1K0NH+UAUJf41AWAMHtgTKz6dgmuSX55XqluebGoRuUcR0ts3fJ/RXp5bmnQ9I6pDt0/OqaKtQAA
kUKABoAwi3VLr4yPCzxu+wTz13p1we8LjW4s/CjTowt+X6h5a7whPdh7D/m1cF3kxpoGAFTOdepF
EA2KiooUHx9fJ/vKyztYJ/sBGrNubRx657543fBCkfYfPh59d+b6dfe/ivWXqaUaO9Cloac71aej
szxs5xXY2rTLp8WbfJqe6dWuPH9Vu5DXL014rUhSvMam83EOAHWFT9wolda9m7Kyc8pffzR9lkaN
vFipqSkR3W9RUbHmzlso2z5+we/YoX1E9wk0Vmd1dmr6Awm6c2Kx1m4L7inelefXS/NK9fK8YxPK
OqvtoH+F6Jjq0N5DfnmP5WqvX5rwOiEaAOoSJRxRKi2tW9DrzBUr9dIrE/VV5sqI7TNzxSr95cmn
lbkieB8ZGYNlWdzjD9REtzYOzXggQXePCh6do4xd9sc+9keVh2eXQ7prZIyW/KmZXrw9PmhbXl8g
RE/P9FayJgAg3OiuiFLDMoYqc8WqoHKKvLyDeve9KZo3f6HuvnN82Hqjs7JzNG/ewqAe7zKpqSlK
HzggLPsBmqpYt/TYNbG6KcOtF+eUaupXXhWVVu9mwvgYS1cNcmnCJcdH2xib7pKseE14rUjeYx3b
Xh/lHABQV/iUjVLx8XG6+87xeumViSE1yXl5B/WXJ5/RwAHnaNTI4TUO0kVFxfpoxkytWLEqqGSj
TGpKiu6+czy9z0CYdG3j0DM3x+n3P7a1YJ1PSzd5tXa7Xztz/TpcGHgPJiVY6pTqUN8uDg3u7dSI
voGHpFR8F44d6JLseE14/YQQTTkHEBW2b98pyVbnzqfVd1MQIXzCRrHU1BQ9+vBvNG/+Qs2dtzBo
nm3bylyxShs2bFRGxmCNGjm82tstKirWosVLtXjJUhUWFoXMj4+PU8bQIRqWMUQJCXVz4yLQVFiS
EuMsXZnuCoTcqjqiLZ3y4SiBkHysJ7qsJtpHiAbqy/btOzVn3nxt3rxVktS7V09dMmo4QboR4tM1
ylmWpVEjhyt94ADNnbcwpD65sKgoMD1zlUaOvFiD0k9ebpGVnaN335tS5UgbZ575A105ZnTEb1YE
cCwg1/IHnvIQ/TrlHEB92b59h+bMXaBNm7cETd+0eYs2bd6i3r176VKCdKPCJ2sDkZqaop+Mu1bp
6f317rtTlHewQlnHwUB99IYNGzV2zOUhATgw/0NlZ+dUWq7RsUN7jR1zudLSulOyATQwlYboY+Uc
Ma54XXoOH/VAJJzY41zZtbXM5s1btGXLVnqkGxE+VRuYHmnd9egjv1HmilWaN39hSE/yuvUbtH7D
N8rIGKxhQ4coPj5O8+Z/okWLl1b65o6Pj9OoEcMZaQNo4Koq53j8vRJd0s8l3t5A+FQ3OJ/Itm1t
2rxFmwnSjQIBugGyLEuD0geoR1p3zZ23QJkrVgXNt21bixYt1eLFy8pfVyZjaKB2mjpnoHEIhOg4
TXi9uLwn2vzB4QCqUlWpxonSunfTqFGB+5Lmzluo7AojXJUF6U2bt6hP714E6QbKsqv71QlRKy/v
oKbPmKl167+p1vJpad01dszl6tSxQ4RbBqA+/Pdrrx54q1ixLkvP3BirC8+krwQwdf+vHw563ad3
L23eUnWPc1r3bho18uKQUsis7BzNnbdA2dnfVrqeZVnq3atnSCh/9q9P1vIIEEkE6Ebkq8yVlZZ1
lElNSdG4666hzhloAso+2XmrAzVTMUBXpargXNGpgnRFBOjoRrdEIzIofYDSB/ZX5opVWrx4mXbt
3i0p0OOc1r0bw9IBTQjBGYisslKNHmndq7V8j7Tu6nHXz44F6dDSDjQsBOhGpqw+On1g/6BpAACg
9qrb41yVQJDurqysYz3SOdXrkUZ0IUA3UoRmAADCp7bBuaIePbqrR4+fEaQbKAI0AABABcnJScrP
P2xcqmHnsTfaAAATzElEQVSqPEifUCOdnJwUkX0hfLiJEAAAoIJDh/KVf/iwOp/WqU5/1d22fYeS
k5LUokVyne0T5gjQAAAAgAFHfTcAAAAAaEgI0AAAAIABAjQAAABggAANAAAAGCBAAwAAAAYI0AAA
AIABAjQAAABggAANAAAAGOBR3nUkNy9PHo9Xic0SlJiYeNJlPR6vcvPyJEmtW7WU0+msiyYCqITP
L63f7tOuPFtul9S5lUO92jtUhw8mi4gNO/x6ZX6pOqRYeviq2PpuDpqYsmviiSxJbrdbzZo1U2xs
TP00rII9e/Zq8ZJlSk5O0sgRF9d3c8KiMR5TfSBA15H3P5iqrVuzdcXoS3XhBcNOumxuXp6efuY5
SdLvHn9YyUlJddFEABVMz/Toj1NKtPtg8ANbu7Vx6IGxMboy3V1PLau9ffl+TVnu0Q86OQjQqHNl
18SqdO58mn54broGDuxfr51IRwoK9MXyr9T5tE6NJmw2xmOqDwRoAKjEvz/z6KG3iyVJ/bs51b+b
UyVeW5nZPm3a5dddE4vlclgaPYCPUaCmunXtok6dOpa/PlJQoF27dmv79h3avn2HNm7arJtvul4O
BxWniC588gNABblHbP1hSiA8P3NTnG7MON7TbNvSf7/26p2lHl10JuVVQG307Xumzh82NGiabdvK
XLFK7743RWvXbdA3GzfpzDN+UE8tBCrHVzoAqGDZFp+KSqXTOzqCwrMkWZZ0WX+XJv88XgmxDbwQ
GohClmVpUPoA9endS5K0ZUtWPbcICEUPdANl27b27duvI0cK5HI51apVKyUmNqt02dJSj44eLVBS
UpKcTqd8Pp927f5ePq9X7du3U1xcXPmyJSUl2rNnrzwer1q3aXXK+mvbtrVn7z4VFBQoNiZG7dq1
U0xMw60LBSTpYEGg5rl9Ss36GHx+aeMun/bn22oWZ+mszg7Fx5w8bOfs9Wvbfr9KfVKv9g51axO6
76JSW/vybbVPcSjGJXl80tff+nS4yNbANKdaJBzfx4ltSIi11LujI2h+VW3YfsCvhNjqtRmIpLbt
2mjT5i0q9XgqnW9yHQzHepUpLi5WYWGRYmLcSkxMjOj1Njc3T3l5B+Xz+dS6TSu1TE0NWaay/e/c
uUvFxSXq3LmT4uPjjY+pjMfj1Z49e1RUXKyE+Hi1b9+uSQ9yQIBugNau26BZs+Zo/4ED5dMsy9LZ
Z5+l0ZddotTUlKDlt23frpdf+Zcuu3SkeqR111vvvK/c3MAoH4mJibrt1hvVtWsXfZW5Uh9Nn6ni
4uLydc8/f6hGX3ZJpW+SVV+v0ez/zlVe3sHyaXFxsRo54mINyxhCzRoarHYtAsFxySav1m336azO
1b9IvLfMo//9qER7Dh2/8TAhVrr30lhNuCRGzgpvi8+/8epPH5Zoww5/0PQrBrj07C1xSow7HmKX
b/Hp+heKdP/oGN0w1K0b/lGkTbsC6z16dWD7kvT+Fx49MbVEe/OPt8HlkH4y1K1Hr45VcoUgnb3X
rwf/U6ylm33l01KaWXru1jiNOpvLBOrH/n37JUmnnVAjXcb0Oljb9SqzbfsO/fPV1+RyuXT3XT9T
YmJiRK63Wdk5mjV7rrZt2x40feCA/rrm6rFBI5aU7f/yy0Zp4ID+eu2NSdq5c5ck6cqxozUsY4jx
MUnS6jVrNWPGbB3Kzy9fNjGxmUaNHK7BPzxXVkMflqgG+GRsYBYtWqqPZsxUXFycLr1khDp0aK/S
Uo/Wrd+g1avXKjv7W/38njvUqlXLkHVXr16rTz79XEMG/1AdO7bX7t179Mmnn+s/b7+nMaMv07vv
TdHQIT9Ut25dlZubq/kLPtXnny9RclKyLjg/uEZt4SefadbsuUpNTdG4665VmzatVVBwVEuXfqEZ
H89W/uHDGnvF5XVzUoAwG9LHqS6tHdq2368rnynUPaNi9ZMhbrVPOflF4pkZJXp2ZqnatbD01A1x
6t3BoX2Hbb32SemxUO3Xk9cf74GascKrO14tUnyMdNuFbp3V2amjJbb+Od+jj1d6FRdTohf+Jy5k
PztybY3/Z7G27ffr3J5OeY/1WkvSczNL9fSMEsXHSD+/JEbndHfqaLGt+Wu9mrzIo94dHLr9ouMX
3N0HbY3+30KddZpDT98YJ6dDmrXKq0/WezX+n0X67HfN1L0tX4ZRt9Zv2KhvNm5W27ZtNHDAOUHz
anodrM31s6Lv9+zVxH+9IUka/9P/Ubu2bYLmh+t6u279N3rjzcmKjY3RBRdkqFOHDiopLdVnny/W
ipWr5Ha79KNrrwppX17eQf3n7Xe1f/9+9e7VUz6fT23atK7RMW3evFWTJr9Tfr1v3aqlDuUf1oqV
q/TpZ4s0cMA5io1teiP5EKDrWFZWzimXOXzkSKXT9+zZq+kfz5Lb7da9P78r6A17Tr++atWypRYs
/FQfTJmmu+78acj6+/Yf0N13/lRdu3aRJPU7u69iY2M0a/ZcTX7r3ZBvp21at9abk97SZ58v0vnD
hpR/w9y1a7dmzZ6r5KQk3Xfv3UE/8fzg9N7656uv6/PPl2jQwAFq375d9U4MEEWaxVqaeEecbvpH
kfbm23pmRomemVGi83o6NW6IW6MHuNSsQv3zmu98enZmqVo1tzT30WZqk3x8/qX9XLr6r4V68zOP
bhjq1pnHerTP6+nUfZfH6KYMtzqkHg+pI892achvj2rKco8euSq2vEe8zPRMj3q0c2jZnxOD5q3f
4dMzH5fI7ZKmP5AQ1HN+7XluPTDGr64VSkPyC209fUOcbhx2vPTqJ0Pcuu65Qi3e5NMHyz16cGzT
uziibuTkfCeXKxBFbNtWUVGxsrNztDUrW+kD++uK0ZcGhbOaXgdre/080YHcXL366usqLfXorjtu
r7SHPFzX225dO+vSS0ZqUPoAJScfL/E4vU9v/eXJZ7T8y0yNGjVcSc2bB+1/xcqv1b5dWz380K9D
5pke06LFSyVJ4667Vj3SugedN4/HK7e7aUbJpnnU9Wjjps3auGlzjdb9KnOlbNvW+cOGhnzblaQL
zh+qxUuWamtWtr7/fk9IeO3Qvl35m7lMr549NEtz5fP51P+cfkHzevfuKUk6fPiIDh8+Uv7m/fKr
FZKk4cMvDHkojMPh0LBhQ7Q1K1sbvtlIgEaDdVZnpz77QzO9+alHby/xaEeuX8u3+rR8q0//+5Gl
Z2+O04VnHv8InbwoUKf580tjgsKzJLmc0h0jYpSZXaTZX3vLA3SbZKvScHpaS4f6dnFqZY5PG3f6
1K5F8Ed1qVd6/ta4kGD97lKvbFu6eVhMpWUnae1Ce5JP7+gICs9S4EbJKwe5tXiTT2u+84esA4TL
uvUbtG79hpDpqakpateurXy+4L9/Nb0O1vb6WSY//7AmTnxTRwoK9NPbb1G3bl0rXS5c19vExESN
GH5hyPZbtEhWt65dlJWdo7179oWEZI/Hox//+OpqhedTHdPRwsLAf9gV11STDc8SAbrOXXThMJ13
7qCTLnPgQK5ePfYzyom2ZgUGne/S5bRK10tISFD37t20ceNmbd++o1rhNaFZgiTJ6XSG3EQRGxsr
t9stj8ej0tLS8ulld0QfPVqor1evDdnmwYOBmuj9+w+EzAMakhYJlu67PEa/uCxGa7f5NC3Tq/8s
8mjPIVu3/F+RZj6UoL5dAkF18aZA/XBuga0Pvgi96WlHbuDqk723eoG0LIQfKQ6d16Odo9KAvHRz
4MluP+xV+xt7WicF9n+4qJKrJhAmwy++UOedm17+2uv16vDhI1qzbr1mzpqjhZ98pttuvVndu3eV
VPPrYG2vnyWlpcrKytFHM2YqNy9Pt9x0ffkoIdVVk+vtyTRPan6sbSUh8zp0aK8O7dufdP3qHtMZ
Pzhd27fv0OtvTtKokcPV96wzlJJS/VrxxooAXceaNWt2yvoqr89X6fSDx27WO9k3yrK/1FWVgVRk
6eQ1nWU/I9n28Yto3rGAvOyL5XJYlddGtkhOVrMa3tUMRBvLks7u6tTZXZ0af7Fb454vUtYev56e
Uar//DxwV/v3hwLB+K3FHjmqeFu1TrLUqnnozIMFtpZs9mn9dp9y9vl1sMDW+h1VB+2YKj65dx4L
6R1OUatdHWX3BNnkZ0RQs2YJITfutWnTWj16dFfbNq01ddoMvf3u+3rwN/fL7XbV+DpY2+vn3r37
9NIrEyVJHTt2UK9ePatzeEFqcr0tU1hYqJxvt2n37t06cCBXR48Wavv2HceWD92WqxqjY1T3mC66
cJgOHz6spcuWa/qMWZo+Y5bS0rpp8A/P1dl9z2qyAwYQoBuQsjeX31/1hdV/LHxH8i90XFysCgq8
unfCXUZ3LAONQcdUhx6+Mla3v1KkjTuPf9lNiLGU77U186EEdW1dvfdfYYmtp6aX6o3PSuX1SWee
5lCfjk516erQnnxb+YVm6bVshA9P5d/BgQZlQP9+mjpthvLyDupAbq7at2tb4+tgba+f7du30003
jNPceQu0Zu16Tf1ohsb9+JqIjz5RWurR/AWf6PNFS+Tz+dSlS2e1b9dWp53WSfn5+cfLK2qgusfk
dDp1zdVjNSxjiNauW6+vj91wmZ39rdadvUE33jCuSYZoAnQD0rpNax39bpvy8w9XuUzZkHLJyckR
a0e7tm2VVZCj3Nw8AjSapLhjg1jEn3AjYY92Dq3M8enbvf5qB+h7XivWnNVe3XK+W/ePjg2qnc7Z
51f2HrP649NaWcrfbmtnnl+D1HTHZ0Xj4HS6ZFmWbNtWSUmgTKGm18HaXj/dLpfatWur6358rQ4c
yFVm5kp16thBGUMH1+jYquvd96do9eq1On/YUF180flB9x3tP3BAu7/fU+Ntmx5T69atdPFFF+ii
C89XVlaOJk1+W6vXrNO5g9LLa7ibkqb3laEB633s55U1a9dXOv/QoXxlZQdG+ehW4eaFcOrTJ1Aj
tXpNaP0z0Bhs3u3X2m1Vd+Mu2hiYNyjteEi98IzAf0/9ylutfezI9WvOaq86pFh64vq4kBsPa+L8
0wN9IvPXVK8NQDTLzsmRbduyLEutWgZKH2t6HQzX9TMuLla33HyDEuLj9dH0mcrO+dbwqKrv0KF8
rV69Vi1bpmrMFZeF3LQfLqbHZFmWevZM03nnBe7nKjh6NCLtinYE6Abk3EEDFRMTo69Xr9GWrcGP
NvX5fPrvnHny+/0a0P8ctWwZ+oSicEkfOEAJ8fH6YvlXlYboffv2a+68BSouDr2xAYh2xaWBGwQv
faJQz80sDbqJzueX3lri0asLAjf5nDh6xY3DYpQYZ2nKco8+XB56E+GW3X79ZWpJ+fY8xzLu0RLJ
WyGrf7HFp6WbzOswbshwy+2UPsr0avaq4BDt8UkvzyvV6u+o70B0s21bW7Oy9f77UyVJ552bXn7T
XU2vg+G8frZq1VI33fgT2batSZPf0aFD+SddvqZ8x0pKSkpKQkpPvvtumzZv3hK2fZ3smHbv/r58
cIAytm1rx46dkgI9000RJRwNSIsWybrhJz/Wvye/rX+++rr69eurTh07BAaCX7deu7/fo44d2mvs
mMg+wKR580TdeMM4vfbGJE2a/I6+/HKFunfvJq/Xq527dmnjxs1yu93q3buXunbpHNG2AOEW47Z0
ZbpLf58deCDJc7NL1LezU7FuaeNOvw4eDQTgR6+OVf9ux3ug2yZbevH2OI1/pUgTXi/W5MUe/bCX
UyUead12n5Zs8inGJQ0/y6VzezrVtY1DP+jk0Dc7/brj1SL96Dy3Sn22Ptvg05zVXg1Mc+qT9WY9
yd3aOPTE9XH6zeRi3f5KkS7r71K/LoGHs8xY4dW3+/z6xWUx6teV8g5Eh88/X6Kvv15T/trn8yk3
72D5E/r69O6lK0ZfVj6/ptfBcF8/e/fuqTFXXKYZH8/W5P+8ozvvuF1ut/vUKxpITU1R586nafv2
HXr7nQ80oH8/eX0+bdmapbVr16lHWnetXRc6BGBNVXZMti298urrKi4u1pDB56lz59Nk+/1au269
tmzN0tl9z6x0HOymgADdwJx11hn6xb13a+HCT7V27fryD57kpCSNGjlc5w8bori40CeXhVufPr10
/30TNH/BJ1q3/htt3rJVktQsIUGDB5+n8zOGNNlvpWjYHJb00JWxGnm2Sy/PK9WCtV6tzAn0BFmW
lN7DqV9eFhM0BnSZUWe7NPvhBP3141J9st6rL7cG1ktOsHTdYLfuGRWjnseeGOiwpH/dGa9fvBmo
g56z2iu3S7qiv1vzH0vQ9wdtLd5oXopxY4ZbHVMs/e/0Us1edbwnul9Xp14eH6exA8N7kQdq41B+
ftDjoZ1Op5KTk3R6n97q16+vzjzj9JCb2mp6HQz39fP8YUO1b99+Lf8yU9M/nq1rrx5bk1NQJcuy
dNON4/T+B1P19eo1+nr1GrlcLg3o30+//MUEHT58WBu+2RTWfVZ2THfecZsWLPhUS5Z+Id+iJZKk
hIR4jRo5XBdeMKxJPsZbkiy7svFS0CB4PB4dPVpYPqZkff0lPrEdzZolNMm7cdF4eXzSgcO2ij22
WjW31Dy+eu+zolJbB47YinEFhq5znuRtkVdg60iRrTbJluJjwvc+PnTU1uEiWy2aWUqqZruBhqSm
18FouX5WV2FhoUpKSpSYmBj2nu7qKi31qKCgQA6HQ0lJzZv8tZ4ADQAAABho2l8fAAAAAEMEaAAA
AMAAARoAAAAwQIAGAAAADBCgAQAAAAMEaAAAAMAAARoAAAAwQIAGAAAADBCgAQAAAAMEaAAAAMAA
ARoAAAAw8P9oVPJrFAKdawAAAABJRU5ErkJggg==
" width="800px"&gt;</msg>
<status status="PASS" starttime="20230123 16:57:27.962" endtime="20230123 16:57:28.888"/>
</kw>
<msg timestamp="20230123 16:57:28.888" level="FAIL">ValueError: Element locator 'android=UiSelector().text("Dismiss")' did not match any elements.</msg>
<status status="FAIL" starttime="20230123 16:57:27.807" endtime="20230123 16:57:28.889"/>
</kw>
<status status="PASS" starttime="20230123 16:57:27.806" endtime="20230123 16:57:28.890"/>
</kw>
<kw name="Wait Until Page Contains Element" library="AppiumLibrary">
<arg>android=UiSelector().text("Search")</arg>
<doc>Waits until element specified with `locator` appears on current page.</doc>
<status status="PASS" starttime="20230123 16:57:28.890" endtime="20230123 16:57:29.592"/>
</kw>
<kw name="Click Element" library="AppiumLibrary">
<arg>android=UiSelector().text("Search")</arg>
<doc>Click element identified by `locator`.</doc>
<msg timestamp="20230123 16:57:29.596" level="INFO">Clicking element 'android=UiSelector().text("Search")'.</msg>
<status status="PASS" starttime="20230123 16:57:29.593" endtime="20230123 16:57:29.870"/>
</kw>
<kw name="Wait Until Page Contains Element" library="AppiumLibrary">
<arg>android=UiSelector().text("Arts and humanities")</arg>
<doc>Waits until element specified with `locator` appears on current page.</doc>
<status status="PASS" starttime="20230123 16:57:29.870" endtime="20230123 16:57:30.746"/>
</kw>
<kw name="Click Element" library="AppiumLibrary">
<arg>android=UiSelector().text("Arts and humanities")</arg>
<doc>Click element identified by `locator`.</doc>
<msg timestamp="20230123 16:57:30.747" level="INFO">Clicking element 'android=UiSelector().text("Arts and humanities")'.</msg>
<status status="PASS" starttime="20230123 16:57:30.746" endtime="20230123 16:57:30.914"/>
</kw>
<kw name="Create Dictionary" library="BuiltIn">
<var>&amp;{dic_arg}</var>
<arg>strategy=-android uiautomator</arg>
<arg>selector=UiSelector().text("Art of Asia")</arg>
<doc>Creates and returns a dictionary based on the given ``items``.</doc>
<msg timestamp="20230123 16:57:30.915" level="INFO">&amp;{dic_arg} = { strategy=-android uiautomator | selector=UiSelector().text("Art of Asia") }</msg>
<status status="PASS" starttime="20230123 16:57:30.914" endtime="20230123 16:57:30.915"/>
</kw>
<kw name="Execute Script" library="AppiumLibrary">
<arg>mobile:scroll</arg>
<arg>&amp;{dic_arg}</arg>
<doc>Execute a variety of native, mobile commands that aren't associated
with a specific endpoint. See [https://appium.io/docs/en/commands/mobile-command/|Appium Mobile Command]
for more details.</doc>
<msg timestamp="20230123 16:57:30.916" level="INFO">Provided dictionary: {'strategy': '-android uiautomator', 'selector': 'UiSelector().text("Art of Asia")'}</msg>
<status status="PASS" starttime="20230123 16:57:30.915" endtime="20230123 16:57:48.167"/>
</kw>
<kw name="Click Element" library="AppiumLibrary">
<arg>android=UiSelector().text("Art of Asia")</arg>
<doc>Click element identified by `locator`.</doc>
<msg timestamp="20230123 16:57:48.171" level="INFO">Clicking element 'android=UiSelector().text("Art of Asia")'.</msg>
<status status="PASS" starttime="20230123 16:57:48.168" endtime="20230123 16:57:48.962"/>
</kw>
<kw name="Create Dictionary" library="BuiltIn">
<var>&amp;{dic_arg}</var>
<arg>strategy=-android uiautomator</arg>
<arg>selector=UiSelector().text("South Asia")</arg>
<doc>Creates and returns a dictionary based on the given ``items``.</doc>
<msg timestamp="20230123 16:57:48.963" level="INFO">&amp;{dic_arg} = { strategy=-android uiautomator | selector=UiSelector().text("South Asia") }</msg>
<status status="PASS" starttime="20230123 16:57:48.963" endtime="20230123 16:57:48.963"/>
</kw>
<kw name="Execute Script" library="AppiumLibrary">
<arg>mobile:scroll</arg>
<arg>&amp;{dic_arg}</arg>
<doc>Execute a variety of native, mobile commands that aren't associated
with a specific endpoint. See [https://appium.io/docs/en/commands/mobile-command/|Appium Mobile Command]
for more details.</doc>
<msg timestamp="20230123 16:57:48.967" level="INFO">Provided dictionary: {'strategy': '-android uiautomator', 'selector': 'UiSelector().text("South Asia")'}</msg>
<status status="PASS" starttime="20230123 16:57:48.963" endtime="20230123 16:58:00.964"/>
</kw>
<kw name="Click Element" library="AppiumLibrary">
<arg>android=UiSelector().text("South Asia")</arg>
<doc>Click element identified by `locator`.</doc>
<msg timestamp="20230123 16:58:00.968" level="INFO">Clicking element 'android=UiSelector().text("South Asia")'.</msg>
<status status="PASS" starttime="20230123 16:58:00.965" endtime="20230123 16:58:01.306"/>
</kw>
<kw name="Create Dictionary" library="BuiltIn">
<var>&amp;{dic_arg}</var>
<arg>strategy=-android uiautomator</arg>
<arg>selector=UiSelector().text("The Taj Mahal")</arg>
<doc>Creates and returns a dictionary based on the given ``items``.</doc>
<msg timestamp="20230123 16:58:01.307" level="INFO">&amp;{dic_arg} = { strategy=-android uiautomator | selector=UiSelector().text("The Taj Mahal") }</msg>
<status status="PASS" starttime="20230123 16:58:01.306" endtime="20230123 16:58:01.307"/>
</kw>
<kw name="Execute Script" library="AppiumLibrary">
<arg>mobile:scroll</arg>
<arg>&amp;{dic_arg}</arg>
<doc>Execute a variety of native, mobile commands that aren't associated
with a specific endpoint. See [https://appium.io/docs/en/commands/mobile-command/|Appium Mobile Command]
for more details.</doc>
<msg timestamp="20230123 16:58:01.309" level="INFO">Provided dictionary: {'strategy': '-android uiautomator', 'selector': 'UiSelector().text("The Taj Mahal")'}</msg>
<status status="PASS" starttime="20230123 16:58:01.307" endtime="20230123 16:58:23.826"/>
</kw>
<kw name="Click Element" library="AppiumLibrary">
<arg>android=UiSelector().text("The Taj Mahal")</arg>
<doc>Click element identified by `locator`.</doc>
<msg timestamp="20230123 16:58:23.829" level="INFO">Clicking element 'android=UiSelector().text("The Taj Mahal")'.</msg>
<status status="PASS" starttime="20230123 16:58:23.826" endtime="20230123 16:58:25.211"/>
</kw>
<kw name="Get Source" library="AppiumLibrary">
<var>${page_source}</var>
<doc>Returns the entire source of the current page.</doc>
<msg timestamp="20230123 16:58:25.667" level="INFO">${page_source} = &lt;?xml version='1.0' encoding='UTF-8' standalone='yes' ?&gt;
&lt;hierarchy index="0" class="hierarchy" rotation="0" width="720" height="1536"&gt;
  &lt;android.widget.FrameLayout index="0" package="org.khanacade...</msg>
<status status="PASS" starttime="20230123 16:58:25.212" endtime="20230123 16:58:25.668"/>
</kw>
<kw name="Log To Console" library="BuiltIn">
<arg>${page_source}</arg>
<doc>Logs the given message to the console.</doc>
<status status="PASS" starttime="20230123 16:58:25.668" endtime="20230123 16:58:25.669"/>
</kw>
<kw name="Sleep" library="BuiltIn">
<arg>10s</arg>
<doc>Pauses the test executed for the given time.</doc>
<msg timestamp="20230123 16:58:35.679" level="INFO">Slept 10 seconds</msg>
<status status="PASS" starttime="20230123 16:58:25.669" endtime="20230123 16:58:35.679"/>
</kw>
<kw name="Close Application" library="AppiumLibrary" type="TEARDOWN">
<doc>Closes the current application and also close webdriver session.</doc>
<status status="PASS" starttime="20230123 16:58:35.680" endtime="20230123 16:58:36.402"/>
</kw>
<status status="PASS" starttime="20230123 16:56:40.057" endtime="20230123 16:58:36.402"/>
</test>
<status status="PASS" starttime="20230123 16:56:39.712" endtime="20230123 16:58:36.403"/>
</suite>
<statistics>
<total>
<stat pass="1" fail="0" skip="0">All Tests</stat>
</total>
<tag>
</tag>
<suite>
<stat pass="1" fail="0" skip="0" id="s1" name="Demo4 Uiselector">Demo4 Uiselector</stat>
</suite>
</statistics>
<errors>
</errors>
</robot>
