<?xml version="1.0" encoding="UTF-8"?>
<robot generator="Robot 6.0.2 (Python 3.9.13 on win32)" generated="20230128 13:56:39.176" rpa="false" schemaversion="3">
<suite id="s1" name="Assesment" source="C:\Users\40032111\OneDrive - LTTS\Desktop\robot_project\Appium_Suite\assesment.robot">
<test id="s1-t1" name="TC5" line="4">
<kw name="Open Application" library="AppiumLibrary">
<arg>remote_url=http://localhost:4723/wd/hub</arg>
<arg>platformName=android</arg>
<arg>deviceName=Infinix</arg>
<arg>appPackage=com.mobile.simplilearn</arg>
<arg>appActivity=com.mobile.newArch.module.monetization_new_flow.PaidBookFreeActivity</arg>
<doc>Opens a new application to given Appium server.
Capabilities of appium server, Android and iOS,
Please check https://github.com/appium/appium/blob/master/docs/en/writing-running-appium/server-args.md
| *Option*            | *Man.* | *Description*     |
| remote_url          | Yes    | Appium server url |
| alias               | no     | alias             |
| strict_ssl          | No     | allows you to send commands to an invalid certificate host like a self-signed one. |</doc>
<kw name="Capture Page Screenshot" library="AppiumLibrary">
<doc>Takes a screenshot of the current page and embeds it into the log.</doc>
<msg timestamp="20230128 13:56:53.832" level="FAIL">No application is open</msg>
<status status="FAIL" starttime="20230128 13:56:53.830" endtime="20230128 13:56:53.837"/>
</kw>
<msg timestamp="20230128 13:56:53.839" level="WARN">Keyword 'Capture Page Screenshot' could not be run on failure: No application is open</msg>
<msg timestamp="20230128 13:56:53.839" level="FAIL">WebDriverException: Message: An unknown server-side error occurred while processing the command. Original error: Cannot start the 'com.mobile.simplilearn' application. Visit https://github.com/appium/appium/blob/master/docs/en/writing-running-appium/android/activity-startup.md for troubleshooting. Original error: Error executing adbExec. Original error: 'Command 'C:\\Users\\40032111\\AppData\\Local\\Android\\Sdk\\platform-tools\\adb.exe -P 5037 -s 047253202I000486 shell am start -W -n com.mobile.simplilearn/com.mobile.newArch.module.monetization_new_flow.PaidBookFreeActivity -S -a android.intent.action.MAIN -c android.intent.category.LAUNCHER -f 0x10200000' exited with code 255'; Command output: Security exception: Permission Denial: starting Intent { act=android.intent.action.MAIN cat=[android.intent.category.LAUNCHER] flg=0x10200000 cmp=com.mobile.simplilearn/com.mobile.newArch.module.monetization_new_flow.PaidBookFreeActivity } from null (pid=31311, uid=2000) not exported from uid 10254

java.lang.SecurityException: Permission Denial: starting Intent { act=android.intent.action.MAIN cat=[android.intent.category.LAUNCHER] flg=0x10200000 cmp=com.mobile.simplilearn/com.mobile.newArch.module.monetization_new_flow.PaidBookFreeActivity } from null (pid=31311, uid=2000) not exported from uid 10254
	at com.android.server.am.ActivityStackSupervisor.checkStartAnyActivityPermission(ActivityStackSupervisor.java:1854)
	at com.android.server.am.ActivityStarter.startActivity(ActivityStarter.java:834)
	at com.android.server.am.ActivityStarter.startActivity(ActivityStarter.java:590)
	at com.android.server.am.ActivityStarter.startActivityMayWait(ActivityStarter.java:1222)
	at com.android.server.am.ActivityStarter.execute(ActivityStarter.java:531)
	at com.android.server.am.ActivityManagerService.startActivityAndWait(ActivityManagerService.java:5835)
	at com.android.server.am.ActivityManagerShellCommand.runStartActivity(ActivityManagerShellCommand.java:480)
	at com.android.server.am.ActivityManagerShellCommand.onCommand(ActivityManagerShellCommand.java:167)
	at android.os.ShellCommand.exec(ShellCommand.java:103)
	at com.android.server.am.ActivityManagerService.onShellCommand(ActivityManagerService.java:17302)
	at android.os.Binder.shellCommand(Binder.java:634)
	at android.os.Binder.onTransact(Binder.java:532)
	at android.app.IActivityManager$Stub.onTransact(IActivityManager.java:3461)
	at com.android.server.am.ActivityManagerService.onTransact(ActivityManagerService.java:3666)
	at android.os.Binder.execTransact(Binder.java:731)

Stacktrace:
UnknownError: An unknown server-side error occurred while processing the command. Original error: Cannot start the 'com.mobile.simplilearn' application. Visit https://github.com/appium/appium/blob/master/docs/en/writing-running-appium/android/activity-startup.md for troubleshooting. Original error: Error executing adbExec. Original error: 'Command 'C:\\Users\\40032111\\AppData\\Local\\Android\\Sdk\\platform-tools\\adb.exe -P 5037 -s 047253202I000486 shell am start -W -n com.mobile.simplilearn/com.mobile.newArch.module.monetization_new_flow.PaidBookFreeActivity -S -a android.intent.action.MAIN -c android.intent.category.LAUNCHER -f 0x10200000' exited with code 255'; Command output: Security exception: Permission Denial: starting Intent { act=android.intent.action.MAIN cat=[android.intent.category.LAUNCHER] flg=0x10200000 cmp=com.mobile.simplilearn/com.mobile.newArch.module.monetization_new_flow.PaidBookFreeActivity } from null (pid=31311, uid=2000) not exported from uid 10254

java.lang.SecurityException: Permission Denial: starting Intent { act=android.intent.action.MAIN cat=[android.intent.category.LAUNCHER] flg=0x10200000 cmp=com.mobile.simplilearn/com.mobile.newArch.module.monetization_new_flow.PaidBookFreeActivity } from null (pid=31311, uid=2000) not exported from uid 10254
	at com.android.server.am.ActivityStackSupervisor.checkStartAnyActivityPermission(ActivityStackSupervisor.java:1854)
	at com.android.server.am.ActivityStarter.startActivity(ActivityStarter.java:834)
	at com.android.server.am.ActivityStarter.startActivity(ActivityStarter.java:590)
	at com.android.server.am.ActivityStarter.startActivityMayWait(ActivityStarter.java:1222)
	at com.android.server.am.ActivityStarter.execute(ActivityStarter.java:531)
	at com.android.server.am.ActivityManagerService.startActivityAndWait(ActivityManagerService.java:5835)
	at com.android.server.am.ActivityManagerShellCommand.runStartActivity(ActivityManagerShellCommand.java:480)
	at com.android.server.am.ActivityManagerShellCommand.onCommand(ActivityManagerShellCommand.java:167)
	at android.os.ShellCommand.exec(ShellCommand.java:103)
	at com.android.server.am.ActivityManagerService.onShellCommand(ActivityManagerService.java:17302)
	at android.os.Binder.shellCommand(Binder.java:634)
	at android.os.Binder.onTransact(Binder.java:532)
	at android.app.IActivityManager$Stub.onTransact(IActivityManager.java:3461)
	at com.android.server.am.ActivityManagerService.onTransact(ActivityManagerService.java:3666)
	at android.os.Binder.execTransact(Binder.java:731)

    at getResponseForW3CError (C:\Users\40032111\Downloads\Appium-Server-GUI-windows-1.22.3-4 (2)\resources\app\node_modules\appium\node_modules\appium-base-driver\lib\protocol\errors.js:804:9)
    at asyncHandler (C:\Users\40032111\Downloads\Appium-Server-GUI-windows-1.22.3-4 (2)\resources\app\node_modules\appium\node_modules\appium-base-driver\lib\protocol\protocol.js:380:37)</msg>
<status status="FAIL" starttime="20230128 13:56:39.438" endtime="20230128 13:56:53.843"/>
</kw>
<kw name="Set Appium Timeout" library="AppiumLibrary">
<arg>30s</arg>
<doc>Sets the timeout in seconds used by various keywords.</doc>
<status status="NOT RUN" starttime="20230128 13:56:53.844" endtime="20230128 13:56:53.845"/>
</kw>
<kw name="Sleep" library="BuiltIn">
<arg>10s</arg>
<doc>Pauses the test executed for the given time.</doc>
<status status="NOT RUN" starttime="20230128 13:56:53.845" endtime="20230128 13:56:53.845"/>
</kw>
<kw name="Close Application" library="AppiumLibrary" type="TEARDOWN">
<doc>Closes the current application and also close webdriver session.</doc>
<kw name="Capture Page Screenshot" library="AppiumLibrary">
<doc>Takes a screenshot of the current page and embeds it into the log.</doc>
<msg timestamp="20230128 13:56:53.847" level="FAIL">No application is open</msg>
<status status="FAIL" starttime="20230128 13:56:53.847" endtime="20230128 13:56:53.849"/>
</kw>
<msg timestamp="20230128 13:56:53.850" level="WARN">Keyword 'Capture Page Screenshot' could not be run on failure: No application is open</msg>
<msg timestamp="20230128 13:56:53.852" level="FAIL">No application is open</msg>
<status status="FAIL" starttime="20230128 13:56:53.846" endtime="20230128 13:56:53.853">No application is open</status>
</kw>
<status status="FAIL" starttime="20230128 13:56:39.438" endtime="20230128 13:56:53.853">WebDriverException: Message: An unknown server-side error occurred while processing the command. Original error: Cannot start the 'com.mobile.simplilearn' application. Visit https://github.com/appium/appium/blob/master/docs/en/writing-running-appium/android/activity-startup.md for troubleshooting. Original error: Error executing adbExec. Original error: 'Command 'C:\\Users\\40032111\\AppData\\Local\\Android\\Sdk\\platform-tools\\adb.exe -P 5037 -s 047253202I000486 shell am start -W -n com.mobile.simplilearn/com.mobile.newArch.module.monetization_new_flow.PaidBookFreeActivity -S -a android.intent.action.MAIN -c android.intent.category.LAUNCHER -f 0x10200000' exited with code 255'; Command output: Security exception: Permission Denial: starting Intent { act=android.intent.action.MAIN cat=[android.intent.category.LAUNCHER] flg=0x10200000 cmp=com.mobile.simplilearn/com.mobile.newArch.module.monetization_new_flow.PaidBookFreeActivity } from null (pid=31311, uid=2000) not exported from uid 10254

java.lang.SecurityException: Permission Denial: starting Intent { act=android.intent.action.MAIN cat=[android.intent.category.LAUNCHER] flg=0x10200000 cmp=com.mobile.simplilearn/com.mobile.newArch.module.monetization_new_flow.PaidBookFreeActivity } from null (pid=31311, uid=2000) not exported from uid 10254
	at com.android.server.am.ActivityStackSupervisor.checkStartAnyActivityPermission(ActivityStackSupervisor.java:1854)
    [ Message content over the limit has been removed. ]
	at com.android.server.am.ActivityManagerShellCommand.runStartActivity(ActivityManagerShellCommand.java:480)
	at com.android.server.am.ActivityManagerShellCommand.onCommand(ActivityManagerShellCommand.java:167)
	at android.os.ShellCommand.exec(ShellCommand.java:103)
	at com.android.server.am.ActivityManagerService.onShellCommand(ActivityManagerService.java:17302)
	at android.os.Binder.shellCommand(Binder.java:634)
	at android.os.Binder.onTransact(Binder.java:532)
	at android.app.IActivityManager$Stub.onTransact(IActivityManager.java:3461)
	at com.android.server.am.ActivityManagerService.onTransact(ActivityManagerService.java:3666)
	at android.os.Binder.execTransact(Binder.java:731)

    at getResponseForW3CError (C:\Users\40032111\Downloads\Appium-Server-GUI-windows-1.22.3-4 (2)\resources\app\node_modules\appium\node_modules\appium-base-driver\lib\protocol\errors.js:804:9)
    at asyncHandler (C:\Users\40032111\Downloads\Appium-Server-GUI-windows-1.22.3-4 (2)\resources\app\node_modules\appium\node_modules\appium-base-driver\lib\protocol\protocol.js:380:37)

Also teardown failed:
No application is open</status>
</test>
<status status="FAIL" starttime="20230128 13:56:39.186" endtime="20230128 13:56:53.855"/>
</suite>
<statistics>
<total>
<stat pass="0" fail="1" skip="0">All Tests</stat>
</total>
<tag>
</tag>
<suite>
<stat pass="0" fail="1" skip="0" id="s1" name="Assesment">Assesment</stat>
</suite>
</statistics>
<errors>
<msg timestamp="20230128 13:56:53.839" level="WARN">Keyword 'Capture Page Screenshot' could not be run on failure: No application is open</msg>
<msg timestamp="20230128 13:56:53.850" level="WARN">Keyword 'Capture Page Screenshot' could not be run on failure: No application is open</msg>
</errors>
</robot>
