<?xml version="1.0" encoding="UTF-8"?>
<robot generator="Robot 6.0.2 (Python 3.9.13 on win32)" generated="20230123 12:13:00.515" rpa="false" schemaversion="3">
<suite id="s1" name="Demo3 Android Advance" source="C:\Users\40032111\OneDrive - LTTS\Desktop\robot_project\appium_suit\demo3_android_advance.robot">
<test id="s1-t1" name="TC5" line="4">
<kw name="Open Application" library="AppiumLibrary">
<arg>remote_url=http://localhost:4723/wd/hub</arg>
<arg>platformName=android</arg>
<arg>deviceName=Infinix</arg>
<arg>appPackage=org.khanacademy.android</arg>
<arg>appActivity=org.khanacademy.android.ui.library.MainActivity</arg>
<arg>noReset=true</arg>
<doc>Opens a new application to given Appium server.
Capabilities of appium server, Android and iOS,
Please check https://github.com/appium/appium/blob/master/docs/en/writing-running-appium/server-args.md
| *Option*            | *Man.* | *Description*     |
| remote_url          | Yes    | Appium server url |
| alias               | no     | alias             |
| strict_ssl          | No     | allows you to send commands to an invalid certificate host like a self-signed one. |</doc>
<status status="PASS" starttime="20230123 12:13:00.906" endtime="20230123 12:13:17.799"/>
</kw>
<kw name="Run Keyword And Ignore Error" library="BuiltIn">
<arg>Wait Until Page Contains Element</arg>
<arg>xpath=//android.widget.TextView[@text='Dismiss']</arg>
<doc>Runs the given keyword with the given arguments and ignores possible error.</doc>
<kw name="Wait Until Page Contains Element" library="AppiumLibrary">
<arg>xpath=//android.widget.TextView[@text='Dismiss']</arg>
<doc>Waits until element specified with `locator` appears on current page.</doc>
<kw name="Capture Page Screenshot" library="AppiumLibrary">
<doc>Takes a screenshot of the current page and embeds it into the log.</doc>
<msg timestamp="20230123 12:13:24.707" level="INFO" html="true">&lt;/td&gt;&lt;/tr&gt;&lt;tr&gt;&lt;td colspan="3"&gt;&lt;img src="data:image/png;base64, iVBORw0KGgoAAAANSUhEUgAAAtAAAAZACAYAAABQfnXMAAAABHNCSVQICAgIfAhkiAAAIABJREFU
eJzs3XlcFOUfB/DP7nKJICkqGniiIN6aB5CiiEdqmpl5VJ5plvcvTTPLszQ1zErT1ErN+8j7LG/F
+xYRTwTBAxAFudl9fn/gjjvsLjCAHPZ5v17PS+fZZ555ZnaZ/e4zzzyjAiBARERERETZoi7oBhAR
ERERFSUMoImIiIiIFGAATURERESkAANoIiIiIiIFGEATERERESnAAJqIiIiISAEG0ERERERECjCA
JiIiIiJSgAE0EREREZECDKCJiIiIiBRgAE1EREREpAADaCIiIiIiBRhAExEREREpwACaiIiIiEgB
BtBERERERAowgCYiIiIiUoABNBEREVEBGTBgAC5fvoxnz54hPDwcixYtQsmSJTNdZ9CgQTh+/Dhu
3LiBnTt34s0338yn1pIeA2h6JanVapQpUwYzZsxAWloadDodhBAQQkCn00Gr1WLWrFkoW7YsVCpV
QTeXiIgyKFeuHI4ePYpdu3ZJ5+nw8HDpXK5PERERRfY8/u677+KXX37B8uXLUaNGDfTu3RuNGjXC
8uXLza7z1VdfYcqUKVi/fj1GjBiBoKAgbNq0CZ6envnYcgIAwcT0qiS1Wi3atWsnEhMThU6nE1nR
6XQiMTFR+Pj4FHjbmZiYmJjSk1qtFseOHZPO1SqVSgCQzutqtVqoVCpx6dIlcfnyZen1opZWrVol
1q9fL8tr1qyZSE1NFY6Ojkblq1WrJh4/fiyaN28uy588ebI4evRoge/PfymxB5peGRYWFkhISMDu
3bthY2OTrR4JlUoFGxsbHDx4EGo1/xyIiAqDadOmwcvLy+zr+t7nevXqoW7duhBC5GPr8o5arYaV
lZUsz9raGlqtFikpKUblBw4ciDNnzuDIkSOyfH9/f3h4eKBRo0Yvtb30AiMGeiVUqlQJycnJsLa2
ztH6QgioVCqoVCpUqVIlz9rl7u6OUaNGYe3atQgLC0NoaCjWrVuHUaNGwc3NLc+2Q0RFn4WFBSpU
qICWLVuiYsWKstdUKhWKFy+Ojh07om3btrC1tS2gVr58bdq0wZdffpmtThB9IF1ULVq0CL6+vli9
ejXeeustuLq6Ys6cOVi+fDni4uKMyjdu3Bj//vuvUX5cXBxOnjyJ1q1b50ez6bkC7wZ/FVLJkiWF
r6+v8PPzM0q+vr7Cw8MjR/X6+vqKxo0b52i9Ro0aFfhxyY9UsWJFodVqsxyukZWvv/5aAOmXCKtW
rZqrNhUvXlzMnDlTpKammhxKotPpREpKipg5c6YoVqxYgR9DJiamgk8ODg6if//+4tq1a2LatGmy
S/gajUY0adJExMXFifv37wtPT09hYWFR4G3O6+Ts7Cyio6OFEEIsWrTI7BAOlUolTp8+LXQ6nQgP
Dy+yQzgAiJUrV4onT56IJ0+eiOTkZBEUFCTKlCljsmxgYKDo2bOnydf++OMPMW/evALfHwDC29tb
rF+/XsTExOT6uzkrSUlJ4tChQ+KDDz7I7/0smIM7bNgw0bdvX6P85s2bC39/f7Fx40axZcsW8fvv
v4vBgwcLGxubPN9W3759xcaNG8XFixdFUFCQOHLkiJg7d67iYHfOnDkiOTk5yzc5PDxczJgxQ1ha
WmarXnd3dyGEEE+ePBEODg7Zbk/btm2FEELcvn07399XCwsLYWVlJaytrYWVlZWwtLQUGo3GZFmN
RmOyrJIToZWVVZ4Ez0IIERgYKFQqlRBCCK1WK6ysrHJ0DOrXry/CwsKyNQZbCCHu3Lkj6tWrl+/v
FRMTU+FK9vb2olevXuL27dsiPDxcDBkyRNjZ2QmNRiNq1Kgh/P39pfPGokWLhJ+fnyhfvrzZc2xR
TIcOHRJCCHHy5ElhZWUlC5gBeQCtUqmMXs8seXt7i06dOglvb+8sy44ePVqsWbNGHDhwwCht375d
TJw4UdSqVSvX++vv7y8ePXokvLy8hI2Njejdu7c4c+aMuHbtmnBxcTEqf+3aNdGpUyeTdc2fP18s
WrSowN/DPn365Ml3ck788MMP+bmv+Xtg3dzcxM6dO4UQQkyYMEHKd3BwEBs3bpR65sLCwsTt27dF
QkKCECI9yMg4aD6n22rVqpW4cOGCdMAfPXokwsPDRWpqqhBCiLi4ODF06NBsbWPQoEFCCCHOnj0r
Fi9eLIRID8RmzpwppR9//FFs2rRJ+iW2devWbNX9ySefSG0cMWJEtvf7r7/+EkKkB4Hly5fPl/dV
pVIJBwcHMWnSJLFjxw5x6NAhsXXrVvHtt9+K7t27i+LFi8tOcDY2NqJfv35i5cqV4tChQ2L37t1i
1qxZok+fPqJs2bLZOhmq1WqRlJSUZ3944eHhQq1WS8vJyclCrVYrOg5WVlbi6tWrird99epVYW1t
na9/i0xMTIUvOTo6imHDhon79++Lu3fvih49eogyZcqI0aNHG53voqKixPTp00X16tVz1Rvt7Ows
du7cKeLj44VOp8u39OjRI/Hdd9+JUqVKSW0JDw+X9s+wE+LMmTMmA2YlAXSnTp2klFXZRYsWiZCQ
kEzP2xcvXjTbG5yd5OrqKhISEozqsLGxEWfPnjXZm3zq1CkxZMgQk/WtX79ezJw5M08/j2+//bao
X79+tstXrVpV6tTy9/c3+SMgr5O9vb0YMmSI9L7kY090vmxEVKlSRcyZM0c8efJE2knDoHbv3r1C
q9WKBQsWyA64jY2NmDRpkkhOTha3b9/OVk90Vtvq0KGDiIuLE0uWLJENc3BychKzZs0SSUlJIiUl
Rfj5+WW5rdmzZ4srV64IJycn0ahRIyGEENu2bTNZ1sXFRZw6dUoIkb2AeOHChUKn04n79++LgwcP
Zus429jYiMjISBEWFiaEEKJXr1758v76+PiIe/fumT3R3Lp1S/oBVLFiRREUFGS2bFRUlOjRo0eW
29T3tOeVR48eCY1GI/2QEkKIjh07KjoOs2bNynbPc0azZs0q0pchmZiY8iY5OTmJadOmibi4OBEa
Giq6du0qatasKU6ePGnyituCBQuEq6trjnqibWxsxPXr13N83swLN27ckIay6XuWM/Yw6zsz8jOA
vnv3bpZtP3XqlGjTpk2O3uc+ffqIiIgIk699//334tixY0b5y5YtE0uWLDG5TmBgoPjwww/z7HNY
qVIl8fjxY0VXwL/99lshhBDLli0zW6Z9+/Zi4sSJJpM+7jJXxt7e3my9+iD60KFD+fW3+vI3curU
KemX8+XLl8WCBQuEEC+C2s8++0wIIcT3339vto758+cLIYTJoRhKtqVPzs7OZuuYOXOmEEKIlStX
KtrPrAJoAKJmzZoiOTlZnDp1Ksv6jh49KsLDw8WqVatESkqKqFatWpbr6HvEp0yZIoTIn8sZHTp0
yHIIi06nE8nJyaJv375iwoQJWQaZaWlp4rvvvjO7TbVaLRITE422odPpRFhYmPj333/Fhg0bxIUL
F2Q9HpkJDQ0Vjo6OsnJJSUnZ7oW2sLAQKSkpZvf/2rVr4tq1a2bbkZKSkuNhI0xMTK9Wql69ujh5
8qQ0xtfb21u88cYb4saNGybPId98840oXbq04u106dIlxz/681KXLl1Mti/jNHX6HmrDc3pERMRL
DaAPHjwofH19hVqtFs7OzmLixIkiIiJCCCFEbGysWLhwYY7e465du4q4uDiTwzqXLFki9u/fL4D0
YaL6oRmdO3cWDx8+NApq/fz8RGRkpLC1tc2Tz5+lpaW4cOGCuHPnjqL19uzZI4TIvPNp3rx5Zj8H
+h70lStXmnw9sx5te3t7IUT693Z+/I3myywcV69exZ49e/DZZ5+hTp06uHfvnuz12rVrIywsDJMn
TzZbx65duwAAdevWzdW29MLDw83WsWfPHgCAk5NTptvKiatXr+Ly5cuoXbt2lmVr1KiB4OBgrFmz
BpaWlhgwYECW67z//vt48uQJfvjhB8TExKBOnTp50WyzbG1tsXTpUtk0PKmpqejRoweaNGmCK1eu
AEi/g9zKygoLFizAsWPH8PDhw0zr1Wg0+OKLL/DOO++YfN3R0VGacSMpKQleXl5Qq9VwcHBAbGws
/Pz80KVLFyQkJMDS0lJ6sEpsbCx0Op3JOiMiIvDdd9/J7vy2srJCmTJlsnUsPD09YWFhYZR/5coV
uLu7w8PDAx4eHnBzc8PVq1eNyllaWqJx48bZ2hYRvbpUKhUsLS1ha2sLlUqFcuXKYdWqVYiLi8Pg
wYPx4MEDo5knBg4cCBcXF8UPFHF1dQUAnDhxAo8fP5a9Fhsbi6NHj2a6/s2bNxESEiIth4SE4NCh
Q0bp9OnTAIDjx4/L8g8fPgwAqFatmsn6M05T5+LiArVaDY1GA41GA7VaDWdn53yZiUOn0yE8PByL
Fy/GihUrAAD29vaoWrUqypYtq7i+nTt3IioqCvPmzYOlpaWU7+Pjg65du2LTpk2wtLTEyJEjMWjQ
ILi5uWHr1q24fPkyli5dKs3EUq1aNfzyyy/46aefkJCQkCf7+ssvv6BevXo4c+aM2TLz58+HEALz
58+X8vSxQHx8vNn1Dh48iJ9//llK+nqA9M8hAOl79/Dhw1i6dKmUMqtXP2tJTmfjyol8idQN04QJ
E4QQ8l7hrMbqNmjQQAghxC+//CLlubi4iH79+gknJydF28oq6XtxV61apWi/stMDDUDs2LFDCCEy
bbd+f3/++WcBQISEhIjAwMBM661YsaJISkoSa9euFQDE8ePHRWho6Et9L0eOHGnUe/HgwQPh6Ogo
Vq1aJdzd3cWtW7dkr//1119i2rRpQgghjh49Kr7//nsxY8YMWQoNDRVCpI8tN9WzMGPGDJGUlCRc
XV2FWq0Wvr6+Ii0tzagt7dq1k62nUqmEra2tuHPnjlHZrl27muxBnjNnTraOxbhx40z+YjbVs9K1
a1eTvT5ffPFFvvwNMjExFd5kbW0tOnToIDs3aLVacfXqVeHk5CQ++OADERkZaXQOef/99xX3QI4d
O1bodDrh5+cnfv75Z1l9S5cuFY0aNcq0h3rEiBHim2++kZYnTZpkcjs1atQQOp3O6LvewsJC6HQ6
MXbsWAFAHDhwQHbV8MCBA9J3QMuWLYVWqxUtW7Y0uz9eXl6iU6dOJu+Zym0PtP41tVothg8fLu3z
oUOHRN26dXP0Xjdt2lScPHlSPHjwQJw6dUpcvXpVREVFicmTJ0tlxo8fL6ZNmyYtV6xYURw5ckRE
RkaKCxcuiCdPnogFCxbk2efvvffek97z8ePHmy1nSJ934MABIYTI9D3KmIYNGyaEECIsLEzKO3fu
nBBCiI8//lhR2zO252WmQjMP9P379zN9vWnTpkblFi5ciD///FP26ye3HB0dMWrUKADAli1b8qxe
Q5aWlhBC4OnTp2bLNG/eHABw7tw5AMCOHTtQs2ZN+Pj4mF2nf//+sLa2xpo1awAAgYGBcHFxQeXK
lfOu8Rm88847UKlUCA0NxezZszF79mwsXboUOp0O+/fvh0qlwmeffQZ/f3/pl2OXLl2kX5nx8fFI
SkpCSEgIpk+fjuTkZCQnJ0sTyNerVw81a9Y02m79+vVha2uLO3fuICIiAvv374dGo5H1vmi1Wuzd
u1e2nhACCQkJqFKlCrp27Sr1Rmu1Wly6dMlkD7L+85AVc5P+X7hwIVt5QHovdlF9JC0R5Y1ixYoZ
zUevVqvh5uaGtWvXYvv27Zg9ezaePn0q63l9/fXXc9z75uPjg2PHjsnqCwgIQIsWLRTVM3nyZOh0
Ouh0OlSoUAFnzpyBTqfD1atXpXPb+fPnpTIpKSmyc96UKVMAQJqXf+rUqVKbJk2aBLVajUmTJpk9
T5YuXRoA8Nprr720nkgbGxvZPNypqalGvffZdfLkSTRt2hSdOnXCvHnzMG7cOHh4eMiuyM+YMQPf
fPONtBwaGormzZvj3XffxcyZM9G0aVN89tlnOd4fQx4eHli2bJl0fDPrgc4r3bt3B/BipAHw4n10
dXXF3LlzMXjw4JfeDqUKTQCdlU8++QRarRabN2+W8qKiogAAjx49ynX9Tk5O6NOnD06cOIGaNWti
+fLlWLt2ba7rNcXNzQ3h4eFISkoyW6Z+/foQQuDQoUMAgOXLl0MIgT59+phd591330VYWBg2bdoE
ALh48SJUKpXiE6AShpfdEhISkJCQgOPHj6N8+fIoV64cnJ2dERYWhuTkZOkPsnjx4tI6LVq0wOjR
o9GzZ0+kpKTg888/x+jRo6WgX6PRmBzu0r59e1haWiI1NdXsUBv9CdiczZs3w8XFBTqdDlqtFtev
X89V8Org4GAy39Qltddee81k2ejo6Bxvn4heDRqNBnZ2dibzfXx8MHv2bMyfPx+rVq3Cs2fPpNdt
bGyg0WhytE0fHx+j4RrHjh1D8+bNpfPigwcPEBgYmOVwCcNzr/7/hudWw7yM59yDBw9K33uHDh3C
wYMHAQAtW7aUvssM/18QateuDU9PTwDpnS+xsbFZdgJm5fTp01i+fDm2bduGyMjIbK1z9OhRrF69
GsHBwbnatp6trS22bNki+47WD715Wdzd3aXOJ/2wGCC9MxMAxo8fj5EjR2LhwoVYvXr1S22LUkUi
gP7999/RoEEDbNiwQTZ2tF+/fnBxccGQIUNyVO+pU6eg1Wqh1Wpx//59LFu2DFWqVMH06dPRt2/f
vGq+zNChQ1GpUiWTTxIyVLt2bURERODOnTsA0n+lXr58GR07dpSNldLz9PRE3bp1sWPHDilPfzJ8
44038nAP5PTjnZydndGlSxds2LABe/bsQcOGDTFmzBi0atUKVatWxbBhw1CsWDEA6SdP/Une2toa
dnZ2sLa2hkqlgp2dHezs7GRfAhkfcwqkf5HExcVl+vhtlUqV5Yn+/v37qFu3LrZt22Y2eH4ZPcI9
evQwWe/58+eL9FO1iOjlUqlU+OSTTzBo0CB8+eWX2LNnDxITE3Ndr6enJx49eoSwsDAA6eNJg4KC
0KpVKwDA6tWr8frrr6NOnTro3Lmz2XtJ8sKUKVMghJD+BWDU65xZL3Req1SpEvr27YvJkydj7ty5
+PXXX9GlSxcA6fdTnThxAlqtNl/a8jItXboU1atXl5b1nZYHDhzAtm3bTP6oy62BAwfCwsICQUFB
0nh4S0tL/P333zh//jzGjBmDxYsXA0i/x6swParc+Hp1IWJpaYklS5agT58+uHTpEoYOHWpUJrOb
AbNy+PBhREREAEj/5e7q6oqqVati/PjxcHNzw4ABA0w+SjMnnJycMGzYMIwePRoPHjzA1KlTMy3v
7u6OU6dOyfK2bNmCb775Bt27d8fKlStlr/Xv3x9Aek+13vnz5xETE5OtGxZz6tGjR3BycoJGo8H6
9etRuXJlrFmzBmXLloWDgwNsbGxgYWEBe3t76WQnhEBaWpqsnsyCRlPvcWpqap6dPLVaLbp27Zon
dZkyadIkWY9C1apV8eGHH5osqx+yQ0SUmR9++AEhISEYOnQo7O3t0bJly1zVZ2NjA09PTwQEBKBi
xYo4cuQIateuDTs7O6SmpuLTTz/FsmXL0LRpU3h7e2PXrl3o2LFj3uxMBgcPHoRGo5F9L+gDeUP5
1dlQuXJlk0MhExMTcfjwYfz+++/50o6XadiwYejWrZssT6PRSD39AwcOlF3tyCv6HyLbt2+X8lJT
U9G7d29ZuW7duqFkyZLw8vLKl2El2VFoA2h3d3csXboUnp6eOHHiBLp165bnl7fHjBljlNe2bVvM
mDED3bp1g5WVldlZILLy/vvvY/bs2UhJSYGNjQ3Kly8PCwsL3Lp1C3379pV6lk158803UaJECWkG
C70///wTX375pckAumPHjrh8+TKOHz8uyw8ODoaHh0eO9iE79u3bJ830ERsbi2LFiqF69epYv349
goODTQ5VOHXqlFGvuLkT4dOnT3N8CUkIkWUvdJkyZRAYGPhSezKye4Xk5MmThebEQESFm0ajwV9/
/YW33noLn376KVasWIHU1NRc1dm8eXMcO3YMPXr0wLFjx6R7bv79919UqlQJH330EVQqFYYPH44N
GzagQ4cOOdpOgwYNpP9PmzYNEyZMMCqT8bxtuOzl5YXSpUsjLi5OGuKR31JTU7FmzRqMHDkyzzra
CoqTkxM6d+4s9QDXrVsXJUuWlF7fs2cP/vjjjzzfbocOHVCtWjXodDpZ51/58uVRr149aLVa/PPP
PwDSr4iULFkSJUqUyPN25FShHMLRo0cPHD16FE2bNsWff/4JX1/fXPU0K7F37160atUKgYGB6Ny5
Mzp37pyjep4+fYqoqCjodDrExsZi//79GDduHBo0aIBjx45luq63tzcA497IO3fuICAgAH5+frKp
1Xr27AlnZ2ds3brVqK7AwECUK1cO7u7uOdqPrCxevFga4ztkyBDcuXMHjRs3xpo1a2QnSUMrVqww
+nWp0WhMDtVYsmRJjn/1CiEyDZ47duyIBw8eZDoMRF/PyxYXF4fu3bu/EpcBiSh/2NnZYePGjXBw
cMDw4cNx6dIlo6t7Svj4+EidMIbjn2/fvo369etL5Ro0aJBpJ1BWFi1ahP3792P//v346KOPFK+v
v8HM3t4+X6Ysu3v3LpYtW4Zff/0Vly9fBpB+hbx06dI5mr6usHn48CHatWsHX19f+Pr6yqYljImJ
QZ8+fV7K96D+nq4zZ87IOgwrV66MXbt2Ye/evahfvz6qVKmCcuXKAQBu3bqV5+3IqUIXQE+cOBEr
VqyApaUlBg0ahAEDBmR6s93L8PTpU/z6668AkONL+3v37kWjRo1Qo0YN1K5dG+3atcOsWbOy9Uu1
Xr16shsIDW3atAnFixdHv379pLyePXsiNTUVS5cuNSqvn+3hZd1wcf36dfj7+wMAqlevjr/++gvL
li3DnDlz0Lp1a7Rr1w5du3aVenh///13WFpaGt1hXrNmTaxcuVLWE3zu3DnMnTvX5B/uvHnzsmyb
RqMxuuynUqlgY2ODmzdvYtu2bVkGz9ndVm7odDp88sknCA0NfanbIaJXT9myZbFq1SqkpKTg6NGj
iI2NzXFdLVq0wKVLlxAXF4fTp0/Dz88PQHoQZTj+1d7eHk+ePMnxdho3boyWLVuiZcuWqFSpUo7r
yS8hISFYtmwZ/ve//2Hjxo3SLFE1atRA27ZtC7h1eUPf4SSEkF21HjBggNmJGvRxkv5fJRwcHPDW
W28BgFHn3/HjxxEYGAggfWaOQ4cOwcrKCiEhIdi4caPibb0shSqAnjlzJqZMmYK7d++iTZs2BTqu
6Pz58wDSJ23Pb7Vq1cK9e/dMBlTLly9HXFycFNg7OjrCz88PAQEBJn+Z6Xu7zfUG51ZaWhrmzZuH
ZcuWAUg/odSvXx/Vq1eHvb093Nzc0LlzZ6SkpGDhwoWYMmUKLl++bHSp0d7eHq1bt5aWN23ahI8/
/tjslYfp06dn6xfx1KlTpRsSHRwcEB0djfj4eLi6umZr2IYQAjNmzMiyXE6Fh4fDx8fnpc34QkRF
h7W1Nby9vTF//nz07NkzW+uoVCq4u7tj/vz5qFChQq5u7rOxsUGDBg0wb948VKhQAaVKlQKQHqQb
DqGMjo5+JXpelUpJScG5c+ek+KBq1apo0aKFbEq77LC1tcXIkSNNztzUpUsX9OjRw+y6NjY2uH37
9kub1q18+fJSr/7SpUsznc536NChUKlUsvvT9D8uDGfyMKVfv35wcHBAcnKyFD8Y6t27N06ePIly
5cqhQoUKCAsLw/DhwzMdpmRvbw8ASE5OznTbeaXQBNBDhw7FF198gStXrqB169YvfeqUrOgvEeX3
jAiWlpZwc3NDUFCQyddjYmKwb98+NG7cGLVr10b//v1hZ2cnTV2XUX7dSDhx4kR069YNf//9t+zD
a2lpiatXr6JPnz747rvvEBYWhhMnTuCjjz7C7du3pXIpKSm4ffs2tm3bhiFDhmDMmDG4dOmS2eP/
6NGjbI338/LyQnJyMnQ6HWJiYlCyZMls9TrrpaamZvnUxJx4+vQpli9fjlq1ahnNvUpE/00lSpSA
t7c33n77bZPz35uj0Wjg6emJyZMnG13dU6p58+b4/fffZc8cqFOnDo4ePSoNMTt48OBL/U4BIM0f
ffr06UI1N/7Zs2dx8uRJAOnH3d3dHe3atVNUR6lSpTB37lwpztBzcnLCn3/+afapjADQt29flC5d
GuvWrVPe+GzQbzs0NBTDhw9X/N2kj930czub89NPP0lXhE09Mfr8+fPw9PRE1apV0aRJE1SsWFF2
o6Ep+qGh+vfnZSsUNxE6Oztj6tSpiIqKQpcuXWTjb/Jaz549ERwcLP2CNOf9998HAFy7du2ltcUU
Hx8f2NraGt1AaGjdunXo0qUL+vXrB29vb8TFxckG4GcUHByMGjVqvIzmSkJDQ/Hw4UMEBgZi/vz5
aN++PXr27AkXFxc4OjrCx8cHjo6OsLOzQ6VKleDh4QEnJycEBQVh165d2LVrl9Q7/PDhw0wfMgOk
D3vo1atXlpdzVCoVZs6ciXHjxuVoftRevXrlerqmBQsWIDIyEkII3Lt3D8ePH0dQUFCWY7SJ6L8l
ISEBN27cQGBgoMmHOpljY2ODqlWrolOnTrh48SL+/PPPbM8lnFGLFi0wZ84c+Pj4SIGrl5cX7Ozs
8Nlnn8HT0xOLFy/G8ePHpdf1j+/Wq1atGpydnc1u48yZM7IhIPoHhxlq2LAhVCpVoZq2DAAiIiJw
4cIFRERE4PXXX4ebmxs6deqEzZs35/p8PnbsWMTExEjDIk3p3r079uzZg5iYmFxty5xq1apBCIEP
PvggR/cf/fHHHxg/fjz69OmDqKgo/PjjjyYD5Oy6c+dOluPt7e3t0bt3b+mher/99luOt6dEoQig
Bw8ejFKlSmHChAmKBog7OTnB19cX//zzT7Zm6ChZsiR++eUXAMBXX30lzS1oyNLSEhMmTMAHH3yA
+Ph4LFmyJPs7kgf0k7OfPXvWbJnVq1djzpw56NixI1xdXbFjx45M/5jzvJ3IAAAgAElEQVSuXLkC
T09P1KtXDxcvXszzNuslJyfjxo0buHXrFoKDg7Fp0yZUq1YNlStXRtmyZdGwYUOULl0asbGxOH36
NJYuXYqgoCBERETg/v37igPVzZs3Iy0tLcsvmnHjxqFZs2Y4duyYot7ntLQ02YN7cmry5MlSAE1E
ZE5iYiIOHTqEmzdvynpdLSws4OLiIg2p0AsJCcGTJ0+gUqng5eWFr776CsOGDUN0dDQ2btyYrXHK
+kvuer6+vgCMp41bv349evTogc2bN2P69OmyYYErVqyQPQTj559/xrBhw8xuc9CgQbLl2NjYfLvs
nhfOnz+Pw4cPo2fPnrC1tUXNmjXRtm1b7NmzJ8d1VqxYEf3798f48ePN3vfl6uqKZs2aGfXuWlpa
onbt2oiOjs71vTTVq1fH3LlzERAQkKP1b9++jf79+2PZsmX4/PPP8fnnn+eqPUr5+/tj1apV+bKt
QhFAN2vWDED6r9DsBCx///03li9fjkWLFqFz585Yv359lpcLgPThD8OGDcOPP/6IRYsWYdSoUTh4
8CDu3bsHa2trVKhQAa1bt0bFihWRnJyMzz///KUGnHq9e/fG2LFjceTIEbRp0waJiYnYt29fpuvs
2rVLmvs5q/Gz+n1o3rx5vuyPTqdDeHg4wsPDceHCBbz22muws7ODjY0NrKyskJiYiKdPn+Lx48cm
n9KnZDvFixdHYmJipoGxRqPBli1b0LBhQ5w/fz5blwP1defVwwIYPBNRVnQ6HZ48eWIU+BYrVgz1
69fHiBEjZPkff/wxrl69irS0NNy9exf29vYYOXIkvvjiC0RERGDfvn1GAXJGGb8T7OzsoNVqjc6T
devWlR5kZvja3LlzMXfuXFlZ/et37941qsfUfS0qlQqXLl3KtJ2FSWBgIAICAvDuu+/C2toalSpV
wuDBg3MVQPv7++PGjRuZ9p4OHDgQ9+7dk41L/vDDDzF79mwkJyejRIkSCA0NzdU9TydOnMCePXty
9Z21fPly3Lx5E//73//QunVrs0/ezSvJyck4efIkfvvtt3wLnvVEfqcJEyYIIYSYMGGCACAuX74s
lJg5c6YAIP766y8hhBCLFi3K9rYACEdHRzF79mxx69Yto7q1Wq04cuSIaNWqleL9atSokRBCiG3b
tilaz8vLS4SHhwshhEhNTRUzZszIch1fX18hhBARERFZlm3QoIEQQoglS5bk+3udH8nDw0PodLos
PzdHjhwRarVaJCYmZlpOp9MJDw8Pxe04cOCAyfrKli1b4MeIiYmp6CaNRiM8PDzEunXrxJMnT4RW
qxWrV68W5cqVEyqVSipXrlw5MX36dLF06VLRqFEjodFoslX/pk2bsjx/vkw7duyQ7QcAcebMGSGE
EGfPnjV6rWnTpqJTp07Cy8vLaF+aNGkiOnXqJN58802j15o3by46deokmjZtmuUxUalUspTTMqaS
i4uLEEIIV1dXAUCMGTNGJCQkiGbNmmW6XlBQkPD395fl3bp1SwwYMEBazknswpSzpHr+nyLL3d09
V8+B9/LygpubG0qVKoWoqCgcPXo0V/NblilTBklJSYonVre1tUXTpk0RFhaGmzdv5nj7/1W1atXC
pUuXshyiceDAAbRp0wa+vr7YsmULihUrJush0el0qFOnDq5fvw6tVqvoV/iBAwdMPg3MycnJ7DRA
RETZodFoUKNGDVSuXBlWVlYIDg5GcHCw0dzxlStXlm7MUjKGtU2bNvj000/h6OiY1003KzExEQcP
HoS/v7/R/NWG52Ul5+GiwMXFBWFhYTh9+rQ0y8SYMWMyHfvcpk0b7Ny5E/Xq1ZOuBABAZGQkxowZ
Y3ImC3q5inwATaRnaWmJhISELMdEJycnw8bGBmq1WppvfM6cOVCr1ShWrBhSU1OxYMECWFpaYu/e
vdm+23nu3Lmyhw3odenSJVdzphIR5YeCmO3iVQuOs0MfQM+YMQM3b97EoEGDcPfu3UynLlyxYgUq
VapkdMPlN998g9GjR+Ovv/7CvHnzctWhSMoVeDc4E1NeJZVKJXr06CGSk5MzHdah1WrFkiVLpEuc
KpVKqNVqWT1KL8tlvJyndH0mJiYmplc/6Ydw1KtXTwAQderUETExMWLgwIEmy9va2oro6GgxfPhw
k683b95crF69WkRFRYn169cLJyenAt/H/0gq8AYwMeV5UqvVonz58uKXX34xGUjrdDoxb9484eLi
UuBtZWJiYmL676SMATQAMXz4cBEZGSnc3NyMyg8ZMkTExMQIe3v7LOs9cuSI+Pvvvwt8H/8LiUM4
iIiIiPKJfghH/fr1ZbOgbNmyBQ4ODkb30hw4cAAPHjxAr169sqy7a9eumDNnDipXrpzHraaMCs2T
CImIiIj+qz799FO4urpi8uTJ6NChA77++mu4ubmhWbNmJm8SrF+/PqZOnSp7JHiHDh04EUE+YQBN
RERElE+EENDpdEbPGbh//z6GDh2KUaNGYcOGDVCr1ahcuTLmzZuH3bt3G9VTrFgxtG7dGvfu3cO1
a9cQERGBRo0aYdSoUfm1K/9pHMJBREREVEg4OjqiZMmS2e5JrlixIlxdXTkNbj5jAE1EREREpACH
cBARERERKcAAmoiIiIhIAQbQREREREQKMIAmIiIiIlKAATQRERERkQIMoImIiIiIFGAATURERESk
AANoIiIiIiIFGEATERERESnAAJqIiIiISAEG0ERERERECjCAJiIiIiJSgAE0EREREZECFkKIgm4D
EREREVGRwR5oIiIiIiIFGEATERERESnAAJqIiIiISAEG0ERERERECjCAJiIiIiJSgAE0EREREZEC
DKCJiIiIiBRgAE1EREREpAADaCIiIiIiBRhAExEREREpwACaiIiIiEgBBtBERERERAowgCYiIiIi
UoABNBERERGRAgygiYiIiIgUYABNRERERKQAA2giIiIiIgUYQBMRERERKcAAmoiIiIhIAQbQRERE
REQKMIAmIiIiIlKAATQRERERkQIMoImIiIiIFGAATURERESkAANoIiIiIiIFGEATERERESnAAJqI
iIiISAEG0ERERERECjCAJiIiIiJSgAE0EREREZECDKCJiIiIiBRgAE1EREREpAADaCIiIiIiBRhA
ExEREREpwACaiIiIiEgBi4JuABEREREVXU8TBALDdJmWqVVBDQdbVT616OVTCSFEQTeCiIiIiIqm
bv4JCLiuBTKJKL3dNVg/2havSgjNHmgiIiIiyrErYTpk1R17JUyXHmC/IhE0x0ATERERUY7EJgg8
Tch6MMPTBIHYxFdn0AMDaCIiIiLKkbDo7AfFYVGvTgBdqIZwpKamypbVajU0Gk2u6tBoNFCr038n
/LZ4Ce7eDZVea9zoDbzb5Z0ctvbVlvE4AoClpWUBtCT/RUREYN6vC2V5Qz4bDBdn5wJqERERUeEU
Fp35zYOGrtzTonbFV6PvttAE0DExMejUpassz7dlS0ybMilb62/Y+DfWrt+A+/fvS3keHjXw89wf
UczGBgBwNSgIZ8+ek14vW7ZMHrT81XP//n283/MDo/w1q1b8J4LIxMREHD5yRJbXr2/vAmoNERFR
wQgM0yE0Wof29c2HiwHB2mzXd+K6Fj28Lc0Ogw4I1qJCaRUqOBb+ILvQBNC5sXvvXsz9+RdZXsmS
r2Ha5MlS8EzZt/fffSbz//lnH/r365PPrSEiIqKCMGBBIsKidKhQWg0vNw1Gd7KSgtuAYC3mbE9W
FECvDUjF8etajO5khe5e6Ve1YxMEluxPxeJ9KXgaL1DCVoWT04sX+invinwAff3GDcya7S/LU6vV
+HbqFJQr51RArSq6UlNTsXnLVpOvbd66FR992Os/M5SDiIjov2rO9hSERekgAIRG6RAapcO6gFR4
uWtQwVGNdQGpmc1aZ1ZolA6j/kxCQLAW96J1CLiulc3g8TRBYPG+VIzpZJVXu/JSFP4+8kw8efIE
X0+chJSUFFn+mNH/Q726dQuoVUXb2XPnEBkZafK16OhonDp9Jp9bRERERPkpLFqHH7YmGwXIAuk9
z2tzGDwb1rM2IBXHgrUmp79bvC9F0djqglBkA+i0tDR8N+N7RETcl+W/2+UddH777QJqVdG3Y+cu
2XL58uVlyzt3yV8nIiKiV4v/tpRcBci5FZsgMGppUoG2IStFNoD+c+kyHD9xUpbXoH59DB86pIBa
VPRFRkbh0KHDsrxhQz6VLR86fAQPHz7Mz2YRERFRPgkM02FtgPFMXPktIFiraHx1fiuSAfThI0ew
7K8Vsjwnp7KYPPFrWFkV7jEzhdm/+/dDZ3AtpUrlyvBp3hyuVasalSMiIqJXz4AFibla38FWhVoV
1KhVQZ3rGwEnrUvK8gmHBaXI3UQYcvcupn03Q5ZnaWGB76ZNhaOjY47q1Ol0CAy8ilOnT+Pho0fQ
anUo51QWjRs1Qr16daFSZf0BeBQZiUuXLiHwahCio6Px7NkzlCjhgBo13PCmtzcquLiYXffI0WOI
iYkBVIBb9eqo4e4utetqUBBOnz6LBw8fIC1Nq7hdSo7Blgw3D3Zo/xZUKhXat2+HefMXSPmbt2xD
z+7dFc/RHRsbi/MXLuBa8HU8fvwYqampeO2111ClcmU0eqOh0XCRjHJzjDPu65XAQBwLOI6IiPtI
SEhAmTKl8UbDhmje7E1F+5Rx364GXUNMTAy0Wi1KliyJmh4eeKNhAzg4OJhd19z7/+zZMxw+chTB
16/j2bN4uDg7o3XrVkb7mZKSgtNnzuLylSuIjIyEhYUFXJyd0aRJY7i7uRlt7+ixY3j8OEZaruDi
ggYN6me5j9GPH+PkyVNIS0sDABQvXhx+rXyzdXyIiKjwWxeQirConI09Tp+lwxrebvLYIOC6FusC
UrHuuPJe7cAwHRbvS8EnrQtf52iRCqCfPXuGrydOQmKi/NfRV+O/lIIOpUJCQvDDj3Nx4cJFo9eW
/bUCTZo0xsQJX+G1114zuX5oaBhWrFptdmzwv/v24ddfF6JXr54Y9PEAWFgYH/INf/8tzU9tbW2N
LX9vQGRkFH6Y8yMuXrqUo3Ypdf7CRdwLD5fltfBp/vxfH1kAff/+fZw/fwGNGr2Rrbrj4+OxZu06
rFi5CqnPgy9TOrR/CwMH9EfZsmVl+XlxjPXC7t3DD/5zcPbceaPXtu/YiddfL48PevbM1n4B6XNG
r1u/Acv+WmF0M6uejY0NPuzVy+wMJqbe/4uXLuH7WbMRE/NEVvbPZcvw1fhxeKttWwDAhQsXMeXb
70ze+Pnb4iVo17Ytxoz+n2w6x8ePYzDrB/nMNT/9OAdvNGxgdj+FEPhqwjcIvHpVyvtk0ECz5YmI
qOi5EqbL0bjjKd2tMcjPCqb69d5018DbXYNaFdSYvM74xsSsKHnSYX7STJ48eXJBNwIAkpKSsHrN
WllelcqV0cq3JYD0XsNvp39vFOh+2KsnenR/P1vb2L1nr+xBKykpKVixajXu3Qs3u054eATOX7yI
t9q2Nepx3bFrF8aO+xLB169nul0B4PLlK3gUGYVmb3ob9Rwbtkur1UKlVuP7WbMRHp6zduXE738s
xa1bt6TlNxo2QPf3uwEA7O3scCUwEOEREQb7JKQAOzORkVEYPXYc/t23Hzpd5r9qb9y8iX/27UfD
Bg1QunT61YS8OsYAcPvOHQwbMQp37oSYrScu7hkCjp8wyn+ncyejKxxRUVEY++VX2L13L7Ra8+O0
0tLScP7CBQRdu4YWPs2NAvyM73/Mkyf4deFvSEpKMt5PIXD06DF4e3nhWvA1jBk7DvHx8Wa3fevW
LYSGhsK3ZQvpmLi4OGPT5i2yp00mJiZk2pscdO0a/vhzqbSsVqsxYfyXKF7c1uw6RERUtPjWtgCg
wvHr2R97PKW7NT5pbTp41lMBeKOqBiVsVTgYmP26B/pZYWoPa7MPXilIhXoMdHJyMqKionDz5i18
P+sHHDh4UPa6l2dTDBr4cY7rv3nrlhSkVKxQAb4tW6BWzZrSo7/1goKuYfuOnbK8+Ph4LPxtkVGP
qlv16vBr5YsG9esbjcfeuWsXjhw9mmW7/lqxMsftyomYmBj88++/sry32rXLdPmff/ch+vHjTOtN
Tk7G+AlfIzhYHvwWL24Lv1a+6Na1K3xbtpAdp7S0NLz2Wvpwh7w8xgkJCfhqwjd48kTeo1u+XDm8
2+UdfNirJ9709jY6xpnu29fyHlm1SoV2bdvgfyNHYOyY0Xiv67uwtraWXj916jQW/LYoy7r1M6FY
W1vD28sTTZo0RrFixaTXdUJgwW+LMHP2D9KY9TJlysCneXOTV2IOHT6C4yde/CgoXrw43nu3i1GZ
+w8emG3T3r0ZPx9tUaZM6Sz3hYiIipYxnazwYz+bbI1f7u5tiUF+2R9eMcjPCl7uWXf6lbBVYUp3
a0ztXjiDZ6CQD+EIOH4cXd4z3bv8xhsNMWniN5lers+O6tWqYdTI4ahbp47UQxd8/TrGjB0nu3y+
afMWdDUIOooXL44Rw4ZhyrRvAQDt2rbFhx/0RNUqVaQy4eERGDv+K9y9e1fKW7tuA3yaZ91zm9N2
5cT+AwdlvcOWFhZ409tLVsbbyxNWVlbSMAWdTof9Bw7g/ffeM1vvuvUbcC04WJbX5Z3OGPLpYNja
vui5fPr0KdZv/Bu7du/GF6M/h5NT+gNw8vIYr123wWiIykcffoCP+/eTDasIu3cPEydNwY2bN83u
FwCsXrMWQUHXpOVixYrhl59+NApg3+/2HoaP/J80xGLj35vQpXNnVKlSOdP6O73dEZ8N/gQlSpQA
kN7b/fXEybgSGAgAOHP2rFR20MCP8WGvntLfwtlz5zH6i7HSWGUA2LV7D9709pbVv2LlKtlNo3v2
7EW/vsZPmoyPj8eODMNnOnfiVJFERK+qnt6W8HbT4P05iQjNZEx0dy/LTHueTRn9tjWOByeYHcpR
wVGN3z+zQZ2Kub+6/jIV6h7ozHg2bQobg969nKhfvx7m//IT6tWV35Dn7uaGfn3kgcSdkBDZjVcA
0Ka1H5b+vgRrVq3ANxPGywI7AHB2fh2DB8l7yC9euoSnsbEvtV1K6HQ6oycPtmrVSgrc9Ozs7NDa
z0+Wt2XrNrPDMhITE7F67TpZXtMmTfD5qJGy4BkAHBwcMHBAf2xctxaeTZvKXsuLY5yUlIQNGzfK
ynh7eWLwoIFGY5IruLhg3NgxJvdJLy4uDqvXyocbjRox3GTvr4uzMwZnGCu8559/Mq3fp3lzfDH6
c9l7ULp0aQz8eIBR2TcaNkDvDz+Q/ZB8o2EDox9VJ0+dlr1X5cuXR6tWrWRl/t68xeQ47qPHAmT3
HXh41ECtmjUz3QciIiraKpZW48e+NmZfd7BVGd0wmB3e7ulDOcyZ2sO60AfPQBEOoOf/ugA//TwP
Ihfzm1RzdTUK5vRq1vQwyntsYshCtWqucHF2NrsNt+rGsyA8evTopbcruwIDr+JOSIgsr03rVibL
ZswPCbkr9YhmdOHiRcRm+KHQp/eH2R4iYSi3x/jKlUCjHy09unc3O4uJZRZXNc6dP4/4+ARp2dra
OtPxwxl784+bGGNtqGzZMiaPU8YfD0D6D0lTZWt6yD8niYmJePbsmSwv4zCOx48fy4Z66G3bsUO2
3OP9bnk6AwwRERVOmT0N0MUx598DmQ0PeZJQOG8azKhQD+GoXLkS2rVpA61Wi6tB1xBw/Ljs9U1b
tsDNrTo6vd0xz7f9molpxxKTlM+NqB/PayghIcFEyWzWl0ft0tu1e49s2aFECbzRsKHJsg3q14ej
oyOio6Nl69etU8eobODVINmytbU1ateqleN2ZiarY5xxGIlapUItEz9EsuvS5SuyZRcXZ5w9dy7T
dWxsbKRx7XdCQqDT6RT/mLCxMb7iUqZMGZNlTc3OkpScDMPrCrVr10KtmjVl47g3bd6KFj4+0nJI
SIjsxt2SJV9DszdzNtUfERERAJQoVvQ7YQp1AF2lchX0/uhDaXnhosVYsXKVrMycH+eipkcNuLq6
5u3GTfWwZeNHUWRkFMLDwxEZFYUnT58gLu6ZURmhy8Wvqxy2y5TY2Fjs3rtXltehQ3uTU60BgIWF
Bd7u0F72EJvdu/fIxurq3b8vvyGtmqtrnswWAig/xhH35Y97f/3112FjY/6yVFYyPonx1q3bGDd+
QrbX1+l0SExMRPHixXPcBj1zPcEm8zNcrVGpVOj+fjdMmjJVyjtz9ixCQkJQuXJlAOk3ixrq1rVr
ro4dEREVHZn1FN/LxfRymfVsFxWFOoDO6OP+/RB07Zo0Zy4ApKalYfLUb/Hbgvlmhz28bFevBuHf
/ftx6PBhPHyY+fCMwuTQ4SNGY16PHD2GK1eumFkDePL0qWw5NS0NBw8fRue35TeVxcbKy9nb2+eq
rbk5xhmHkuS2Lbm5ggCk98Zb53L8fl5p3uxNlC7tiKgo+VWFzz4djNTUVGzdvl3KV6tUaP9WO1PV
EBHRKyYwTIdJ65LNvv40QSDguhZvZmNWDUMB17WIzWSYxpztKfB206Bi6cI9yrhIBdCWlpb4evx4
DBz8qWwYwZ2QEPwy/1eM+yLzm7/yWnR0NPx/nIvDR7Kemq4w2rx1q1HevXv3cO/ePWX1bN6KTh07
yno9M/ZSmnvISFby4hhn7PnObM7m7MgYgHt7eaHbe12zvX7ZsmVyPXtMXrGyskL3bt3w68LfpLzN
W7ehb5/eOHf+vGzGlzZt2hg95IaIiF49S/alwH9bSpbjkedsT4a3u62iqebWBaRmeuE8LEoHz6/i
MaWHtaIp8vJb4fgWV6BMmdKY/M3XGPm/z2VTcG3bvgP169VDu7Zt8qUd0dHRGDp8pGxqNLVKhWbN
mqFBg3qo4FIBZUo7wsrKCr0+Mp4arKBdCw42mp85p67fuIHg69dls1C85iAfgxseYf6hMObk1TG2
s7OTLT+OyflNlwBQqlQp2bIQOjRp3ChXdRak9m+1w+Ilv0vzbcfHx+PkqdPYt3+/rFyXdzoVRPOI
iCifxCYI+G9PwaJ/s9fpFRCsxeJ/s/+o7SX7UrAuIOtHegsAE9cmIyxKYEohfZBKkQugAaBBg/r4
dPAnsl4zAJjtPwc1arijUsWKL70NC35bJAvs6tSuhYlfT0D58uVl5Uw9Ta4w2L17r1Heh716Zmuc
slarxcrVa4zqMwygq1WTj0l/+PARHkVGoqyZm95Myatj/Prr8vJRUdF4+vQpHEzckJkdtWp6YL3B
8tlz55GYlCR7XHZRUrJkSbzdsSM2bdki5e3ctQsnT52Wlj1q1HhpN4ESEVHh4L89BYuzGTzrTX4+
zCOrIHrJ/hRMVPgo78X70tsytUfhGPZoqEgG0ADQs0d3XAm8isNHjkh5SUlJmPrtd5j/808v9UYn
nU6HAwcPyfJGjRhhFNgVVqYejOHZtCk++3Rwtuu4ees2Tp46JS1v37kTgwYOkG6MMzUzx759+9Gr
Z49s1Z+Xx7iaazWjvDNnz5mdes5w2IIpdevWhVqlkq6ApKSk4J9//i3SDxfp8k4nWQB9/MRJ2evv
d3uPU9cREb3icjI1nUB6EH31ng7dvSzhnWFMdMB1LeZsS0ZAsDZHcx7UqlA4x0IXzlZlg1qtxrix
Y4x6F4ODr2frccm5EffsGZKT5QPrrU1MMQYAp8+cNZlfkI4cOyZ7MAaQ/mhmJdq/JS+flJSEI8eO
SctVqlTGG2/Ip8P7Y+ky3Lp1y2R9t27fxrTvpuPEyfTALS+Pcd06tWWPwgaAP5ctw7P4eKOy14KD
MeXbbzOtr2yZMmjf/i1Z3i/zfzWaLs/QhQsX8f2s2dj7z79myxQkV1dXNG3SxORrDiVKwKd5s3xu
ERER5bdBflaoVUH5jFkCwNqAVLznnwD3Uc/Qelo8moyPR41Rz/DeDwk4lsPguYKjGt29TM8MVtCK
bAANpH+xT508yeiGrI1/b8LBQ4df2nbtihc36uHetHkLUlNfjOt58uQJfv/jT0z4+puX1o6c2rJ1
m2zZ2toaXp5NzZQ2zdPT02gmiYz1DuzfX7acmJiIIcNHYN36DQgJCUFkZBSu37iBBQt/w8eDBmPP
3n8w4ZtJuHX7dp4e42LFiuGdzvLxuyEhdzF02Ajs3rMXFy9dwtFjx/DjTz/j0yHDsuyBBoA+H32E
4sVfzPqSmJiIIcNGYMHC33D+/AXcDQ3FjZs3sXvPXgwf+T8MGzkK23fsxLffTcf58xeyrL8gdHvv
XZP5773HqeuIiP4rpnTP3XCJ2ASBwDAdwqJ1eJrLh6L82NdG8aPC80uRHcKhV8PdHZ+PGolZP/jL
8mfMnIXq1arB2fn1PN+mRqNBa79W2L5jp5S38e9NOHDwEKpWqYJnz57h+o0b0qOTS5Z8LVtBWX64
desWLmd4EEjbNq0Vz0lsV7w42rT2kx2Dy5ev4NatW9Kc3HXq1MannwzCwkWLpTLx8Qn4ed58s/Um
Jyfj8uUrcK1aNU+Pce8PP8CevXtlZW7dvo1vp88wKlunTm3cvRtqNP2dIWfn1zHx6wkY/9XXsqEc
K1evMRofbkgnBM6cO4cGDeqbLVNQmjZpgooVKiA0LEzKU6tU6PDWW5msRURErxJvdw283TQIuJ67
Gatyq4e38XCQwqRI90DrdXq7IzpkuKQeHx+Pad9Nz/H0aVnp37cPSpd2lOU9fvwYZ86exbXgYOh0
OtjY2GDyxK8xasSIl9KGnNhjYgiBXyvTj+7OSms/P6O8jEMUPvrwA4wYNhTqbPyELF68OCaM/xJd
3ukMIG+PsYODA2bP/F7Wa2yKt5cXZn8/Aw3q18uyvW96e+OnH+egZEnjp/6ZUqxYMYwaMRwf9++X
rfL5Ta1Wo0OH9rK81q39UK6cUwG1iIiICsLc/jaZPkQlP4zuZFVoe5+BVySAVqlU+HzUSLRu1QpW
Vi/uAr0SGIglf/z5Urbp5OSEhfPno13bNkbBYYkSJdDtva5YtQDzYv0AACAASURBVGI5Wvv5wbNp
E3jUqPFS2qFEUlIStm3fIS1bWFigyzud0TCHvaFvNGyAru92kQ2h2bp9h9GsGN3f74a/li9F57ff
NtnTXc3VFYMGfox1a1bJHtSR18e4hrs7lv3xB9q/1Q6WGYb9eHjUwMSvJ+D76d/Czs4OHdq/lWWw
DaTPCLNm5QqMHD5MNguJXvpjw2vis08/wYZ1a9Dtva6KH+GdX4QQOGYwjh2A9GOGiIj+Oyo4qjHQ
zBzMXm6aPBmX3N3bEt5upnuYP3/bChUcC+d3pZ5KCJG7ASqE+Ph43L//AKlpqbC3t4dT2bJmH4f9
X5eamopHjyLx7NkzWNtYo2TJknDI8BhwU/L6GCckJODRo0fQarUoVaoUSpYsmeO6DD2NjUVMTAyS
k5Jha1sMpUqVypNHdueH8+cvYPio/0nLbtWr4/fFv3H2DSKi/6CnCQJNv4rH0wSBErYqDGxliU9a
W6FEMRWgSn8giv/2FIRFKXsst5ebBqM7WacHz6r0B6f4b0vB8etahEXrUMFRjZPTixfq3meAATQR
PTf2y68QcPy4tPz1V+MVz85CRESvjrBoHcKiRKZjkUctTcLabDwcBQAG+llhaiYPRtl1IQ0VHFWo
nYOZQPJb4e4fJ6J8cePmTVnwXKJECbRo4VOALSIiooJWwVGd5Y18Xm6abD8p8E33zMu2r29RJIJn
gAE0EQFYt36DbPm9d7sU2ScrEhFR/lEyb7RLqVcn7Hx19oSIciQ8PAJ79rx4tLtapULHDh0KsEVE
RFRUVHRMHxOdHRVKF/KBzQowgCb6j/t782ZpLmsA6NevL6euIyKibClhq0q/sTCPyhUVvImQ6D8u
LS0N+tOARqMptNPsERFR4fSefwICgjN/8Iq3mwYbxthme7x0YccAmoiIiIhyLDZB4EpY5tPZ1aqg
LvCHs+QlBtBERERERArwWi0RERERkQIMoImIiIiIFGAATURERESkAANoIiIiIiIFGEATERERESnA
AJqIiIiISAEG0ERERERECjCAJiIiIiJSgAE0EREREZECDKCJiIiIiBRgAE1EREREpAADaCIiIiIi
BRhAExEREREpwACaiIiIiEgBBtBERERERAowgCYiIiIiUoABNBERERGRAgygiYiIiIgUYABNRERE
RKQAA2giIiIiIgUYQBMRERERKcAAmoiIiIhIAQbQREREREQKMIAmIiIiIlKAATQRERERkQIMoImI
iIiIFGAATURERESkAANoIiIiIiIFGEATERERESnAAJqIiIiISAEG0ERERERECjCAJiIiIiJSgAE0
EREREZECDKCJiIiIiBSw2LZtW0G3gYiIiIioyFAlJqWIgm4EEREREVFRwSEcREREREQKMIAmIiIi
IlKAATQRERERkQIMoImIiIiIFGAATURERESkAANoIiIiIiIFGEATERERESnAAJqIiIiISAEG0ERE
RERECjCAJiIiIiJSgAE0EREREZECDKCJiIiIiBRgAE1EREREpAADaCIiIiIiBRhAExEREREpwACa
iIiIiEgBBtBERERERAowgCYiIiIiUoABNBERERGRAgygiYiIiIgUYABNRERERKQAA2giIiIiIgUY
QBMRERERKcAAmoiIiIhIAQbQREREREQKMIAmIiIiIlKAATQRERERkQIMoImIiIiIFGAATURERESk
AANoIiIiIiIFGEATERERESlgce9eWEG3gYiIiIioyLB4nFYJQpW+ICDS/6MCVCoVVAB0uvQsjQX0
hSAEoHv+LwCo1YBK9aLs8+qgUskTAGie93nrtC8aIZ7XpVKlr6t7XrHq+Ura56+pVQbrZNwRzfO2
PK9PK9LboxOASp1er74NQqSvr9M9r9egH16/D2qNvJ0qw/3UHyZVhm3qXuSr1C/2BwBS0wyO1fMy
aryoT+DF8RTPN6hWPT/eSP+/yqBMWlp6GY3mRX1G9ejfO83z/OfLUBm0zWAfDBaldojnrxmWlbUT
L7avwov3SGX4Xj3/vOjbp38pY1kh5OsY0jdd307DeqR9eP6vLkM9+vdbnwy3qTKoQjomQr5N/bL+
PVCpXtSjb2fGz4TR+2nAcFmq73k7LdQvPmuG7deJF++B/jga1qH//GlU6X9juufb0Ri0B0j/u9D/
Des/z+J5nnSMVfK6pWNj8Nk39RmQjknGHc34uREv6lNlKKszXCXD58PwM6o/JvrXpXOHfj918nUN
P08a/b5k2Lb+PdOfFwzPW9K5LsPnBkg/pvrjCRicQ1QGn7vn/1Fl2Cet1vg8qf97k8pk/LsW8raZ
apfh51mrS18/TSfbXams4d+S/vys357W4DxtuD1D4nkFhn/P0mcqw+dFfwzUz8+7avWLMkbn1eef
N53O4O8449/Zi68s6f9Wli8+24bHRv+Z0YoX+6s/v6dl8nnR74v0nWDwPaf//pA+H8/LpKU+Xzb4
blEZvjkG29DpXhy/jN+F+mZoNPJjq9U+P36G5yJ9u9TyZWnbqhfvp/RePW+70Bl8Zz0/BwnZH6PB
uUj34vhpn/+hqZ5XqNIBFhaAjbXqxedL/531fNtanYBKBWjUKtnfnBDPv89UL7apPyb6z4H+O93w
/ZH+btQv/m/4mTEkfZ//n723Dbb1uMoDn373PldXNrpcZMmSLEuyMQQzQwYsQBSOAgiGhEyGmUwm
ZKaKfFTiAGYqVYSCYZKqKQz8CUUylVCZBJOQUEySmiSEqfzIEE+SwQY7YmTHYIMTyR+yLVvGAilw
LVm6V/ec/fb82L1WP+vp9e6z74ekK+l01Tl77/ftXr169eq1Vq9e3U35VZZb/UEOin4Lcp/6jHUr
6xrFpdC7LU22z9bTqKssue6rHX/Qs4qIM+PJeZTHVbahYBhnPl5o/Ko+D3Wh8ZSMj1nr4vw2zmjs
Mu4z8aPJcE2mJ0sZ26f5LY+1KeiclmdDfMSy2/p3zcxqAIwo/k578jKSIaAMnaXS6vQGG5M2/JgO
SiRWWEGRl8toBgnngB8SWKIYs8TGVaHPNK9WppmJDpVwXUz6/hgkMnDZM9EJl5+uAo9dcRJaBCH4
PFRPQzEYo/z9WDxEACzmSej9fLTR69o1TiAoyvhNi+5FnOV0Rex3BYVZQZlgzpqhvJjR73LG4pJY
uNTkeC8UZnx1csIwqn6/FNouyDODo2NpKV0xL1BHuIFWJY+kTMcsVnFJAiECzHTwIA6ucCwZCIW9
sz/LMl8vAudHbCPsqEbth0WYO/TicyYnn08BnKS927ZHRp0g8PN9xhfzyl48sYCDTRj2sTtTHBbg
WlrbbH37pnhB86qYMeoeHTEq1TMAtFlG6Z7Z0spVkIeJLIWC5pFwobp9yR6dij57ZqPfZiXu9ZlG
fHxGRd7lYvBrm5VqJ1Hnucek/Z4lq3vXV50mTpuWZzXFd5u51U/wtMNWpc/ybKZr3gXzdGyaq5Fn
wOblrlInW2fWr8ZlBtc9RugCTb1I5tW0brB+Y0adydtl+Ktx4LNRqhPoSsfxg3gmBY57LwWO4cz9
pZ469uxq4UnqdhwoD/dnQeeBqeXnutkgrECYoa+IhgYPiLNu3rBQKI/x0WrVx9EuY7Mi8oZ7ThhP
GkPOA0RL98RYP8vEoxgREFdGtp6n3k7ucwBYWXnj/drrdvypLBvbwTNVOp7qeZmlfY43GRlusC8I
cWuPrXaxh8J5lmWj8J3lXdMKkhrQ6jlZCQ6cVgLX6p8BzCW+My+cGxu1e/5Y5gOdnzlpf5jHaD31
8RYcGKAVwtJlhoExGq1cDyF4v12HkCyyxI6TqWzl2KpEr9cRweGVC066elCdCBWlCVTneZajlcao
kaXJ01K2K7fsua3zyKPsQTVvsNGUVwAMPzYWN5ttHayXDL2J9FEYb6U/s34wp1WtGJYjM0/lkkEy
o2JTS1hZOWo4H7VV2NVqywROxwKsCLbjSe1lTyDzLX+y0FvyOjo/U1mrg1edfeJThHbC1/bc+M9X
TTgT6TPjY+vfo03k/dJsErar3LNO8FJRsEQb0i0FJCelf+e5rwwZLPUUuzPD6BubuYVjcn7Vx5uv
BhEYrhvY8r1HDZSuW6ap028q0fvsxWv8bTrd6G3tG/JYvtL1iOJl44THK7C1A9ZhGYOFHymY4A7X
yu1hRugh45h8aWQiA1qYVD3SvOzC37OGOwplzLM0yBSONulSUsZo3OkmDIFo3IUBg94/ZnTZs9IE
UWnLgBn99ke2f2XG42faliJ0VcXpeiiBs4TjLtxFLh2fjI4LNMlo7XUtIJLCSfrL2y7vbCxWU5wi
oJfq5iHFwi14MRWHKr/blwBexq+OC9VPS/jteh4EWp7Fyxs64XtSbqnfMnj7pAz3zHC2LyyDBjx2
8I6OH6NJEeW0EZmr7huWa6lCwu72a96lMZB5yUlshSXhEEZWO49mS8uqawI+3HaiCdOg+oApgQbu
/LFJKDHwvrzQnTSEuNFh4saP2ax8GIuJXjpWzmX0mCuqVJYZkAO8HeNVx3VZoJMZgNYHW/2zVcDd
GOmhn+4QMHkyeRZl5ci/RRwwC/qDywadsoOwgVbctccIErV/WPayLHf8Mt1JvLKEJ/fHkty71HRc
ebOhAt7SR4XyMtyU1MTfl2OHaDiFfyUaZzpJigx8oxPXwPsLhA79lqS1zRJQe5yRz/YAFJux8cyc
kGBPsjaGZ1xeTAdDM5zXqz7gUgO3dE+lN75S45IyztDNI2vTH4tP85kHC0RrbvvtMctUr+Mg7c0Y
ygSBeWCG+NxNx3Nt3mX2DrZPmyX7TI5mrMps7q2mwSBZks6K7QgCxeq0nwk3WbtM6QeBJqAWhRX1
4ZLiHzzGSdLVDRTy8gv/LsVsW12cR4Uo0L2CK4JjhgTH4LMRYPBWFA8/xK8ng537sYB4QPrXvYjo
8a+W3POnAkP4ksfiLHUH/BDLqQLg9rqxWDAIVxs7bOzwu8A3DZ8pw18Yz52DPBYSpmSDi40f7fsN
4Wdyyfpeca/SBjY8bGyzfGE5XAEcWrzq1GG4h9JkoigUjv22vjB5MPAx9bPh5bLHmkLwzMNmxDkS
OgYvYXtnqw1OI4zjw8D4ChLrmkL8Qn3cDaHa8hT/eTRv9UwVnRUcMLW3OdCYlfZUtmOzrfL5SgDH
DQtNOP7dCck0SZRxofKeRP75SuumNg9mL1CpDoYXViPI8+2PqYzBMV2zbX9vi4+Ppq9n1Eb6Euoy
tA6POm+5N34i+oHsg04mXx06olUSlkWsA5lW/J1jWp1lpH+CepuSvNQnzM9Ow7ZytJp63mB7EHzj
a96PEuQklbX4/GDUoj/j9g4TizK2d2cSfCvhrYaqPgc9170LqiMCe9sXGpvOJ6XjkuHvDlZqp9JA
9zvU2vt3JnwMBa6LeYsjJXQiWKn8utYu+CxUohQAVKkBDsxrDECKZGm6wcxnwmY9jYSzPAbXl8aI
yDbQQHgVarA2moUmG8XMaIWpalXOseM5jEGNS+Frf1Aor5GHB4vhpwaGC8saBQjjGTqd63cCJQqc
YC3NqmrdDqTBw0LlM0MylEdibBeiZw1oOiw1GrUNMLjJQGdAPlBMYfFAFvoZPtkMlAWB4hdkLA8u
aluZ2tKk9h23rchgd0ah9qL1SYPDCtvaDHSB4AZhf+V8Mstvo4VVWwneMOaouiCs299MODGts2U7
g6l8ohuFAz6St0i+YTOI8UKJq9KuwHTNm2ljbRdeDxvluF1EINsUZnjYsi5soxa1YSNyhumsY9zH
7hQVRcK61Jj+VyUTG41sJHDdFh7kfIUon4D+LhifRifWI+g6xicKRN/MY+RDq/Z6QHktHGBoA8ve
9jk3ZvD+nSicJaubdBEbljbpsVBAo8VgINduuAa8jKY0zpx+IrvV8JtKaQY00b19VtKXTFM11qwN
mcxVWT/IzNamghImaZjrdhIzRdobIjr5yfo7qJ0SaW+TBKaNjzseJ6UZqiXCq+Qx4DbZ+GTaGMyM
nw3gSsYO4+byNOEpbisncwzxZHkq2zFr8j5zWjgO9l1puodsI1KMsIUPlY+ALlsHQzrpQ0ePaGz0
shAskxkWvbQk9x2fGt/5WKUxVRHxSuGg2xccLgnE8ctDZu2Gc23CnBqFAmyOcqIHYCUnfqjYUiPO
mnYV26ciybFlnJcF0lK9akAP79AFdHzZcQiGHNUbOnRBe2msOH/3YiXGfnNcaUXzJtG7qgAbYr58
xAyKSCNlIDc0WBh5Q2N+x18HIzDU6RMNYdKCSFqtsyL3HGTeI8UnwC2kbIBuRLf32SkKu4STwXWB
X3pbWBBnxQvgXpyhTkShogaM5c/ima3/hnjQhXrs5VITrR3Gyll9RgOuM+QtcINDFa8LWFB7E1yt
vdaWzMPC8Cwf0OnH/VuLjFfBeVefK3xLbPDrqoEl3gnuPNBiHU1Ae9450t9g+/g0+Mx3U393ZAZp
1ukVkdiUzAhz+I1+Ngkyb9kkmsR4IChDg0kzpSBr0A3nDcn0jOe5HsdtoXmlANOq9PEwd3py4njo
WitqLf20hx14uAFvtCHvcinNiKqRfmFVpHQDPc6MEjlGOncXWxYzoEm/eX5qj433XROjijHGmhOf
ymBlbeLpNLfMFdgGl3Rhy/QF51PjHXleH6vShjp8EbzV+nG4cSB5F4i8ypktvtITOtiITuUvoRv0
Ro2fXp7H+w4dc1zKeNxk0KYu5L3MOiBtYJvExxDr80p9RX2g8MJYkc8lZNnpwI5ThTfoxdLpz1WE
SRLhsD7cdGHo3pGpL6/Nc1uqIWFRFIu5K6vwigd5Q2DebCO46jqyWU2Op7FGGLNyhwehg6g4zbug
ni+v0UI2qNPUODY8dMNMNsZ4g5xtINCYP1MctVXvG74ImCnDjSAcJgwykG3ZpXi/tL5oz4AWdE90
YxhtdTLAr2gbCtBhFsANe95UV0BLfDXShfHlicZgWEnbKheR9nLyPlqo09rFRvQwYQgAY10+CTBF
2lZNbDMpDzQ3DKiNRr+sLjNE7PsEBMNo03A2shUCZMaIGtDZcTy+SUg2BlnFDMfotp5CFldiBi/Q
qP3jcBc1Eo9ImLmB0PiFYwe1zmCIc9tqzMfC2WgejrjrRcJYsmfBUBCa+rgQYWLjfCavsisoCfsC
2orb1B/6EJ8i/Xzclk4vO0E0eFnkz7usdPx8XAt9+ShNx9k2EVK7jYedxuj8Ukn5Dc4CMljNExTo
WMk5QvzKXjgeb4w/yzGHz7SZYh9bv9SWiQ1PEKxgPNX4nA1wqyMYB71IGKNFYFgVuiF800JOQiih
49xI2srzZvTB0CDacp2qq5Zkn8t64RdryyR1s66svLPX4DQ6+cq2tN8nhqwXKsmrGsNHvM832zxr
kWk2gTH7xbzO2/9d6ZQGvzbbxwbfSnbphs17Ivdm6md7ocbw1KsMOm1u7TEDspTeFuNXD8UiPBYT
dajbcvKaDUqTv7tAIoETXidMlO1zCLK8YHCymH5y2c38ImPS8uyq0xLrOzf3lmRGUBAynhkF6k97
tg4z1DbaXEAHydm5tJYy6pp0VHawnmVhALMiHMobc/LgFASY1kV+Z8RYtGwYJ66TuGnosyodrr8h
7SrkeaYq9LSLbNAU+czeKeNnTCayt5NWFENZyOuDcuco3J32kQn7gE/7F2nXXVFig04NsyHvccAS
pA22vxeeC/SvcQmdx496gFkBZCi4QF3i76RdqYDWNkg9Wua4ykJdZSFrDR/D88UxuFRfOT4f8z9P
0BRvTjrWmSb+zGRje8gxqAHwMbLWXy/ky/jBjUimp5RXr3PaHzIoVOYHIz0BFOCbPkpoq8qQn3H7
BxIoPOnvgoXvlG8vmdfq5lNHvPsSfZESU/CysbXEn9qvViaERR3D21YwoFPRQwksS+nwd40ZnwDx
+2wQLCg0fcw0GzzGjY7b5zW3JQj3buO0l8mpJaFO+j7sqQHGcSd9EUjQZEe2r6iiTyYXwC2mKpl9
HF+iEtyHTY7Di2WIt6UsdzeX09UclyNLeiBJmdxAg72oT/aBS1/Wc+0zbJsZHqF3MMq0HbRNUvny
DR1v5AbFKlbAMzL72zStf7SJ6PPxQZMqjlbHwarzgu20NiOCj0mqtXtWAbiHRDfceF6KU2NPRqRW
b6cyV7gIoCIfVDQaamvvLPhYuXB0lMG290ZToxGVDYq40qbEBYOG39mmDfbg1FavC4v2ZcWzeOIb
biYfdWdf1BBijx3/Zq9TduSUDTAWhpxK8sN4QONAGabKeqNtuvSjbSgxzzD7RuSLUqJh5Ksvwju+
qYTgBUMLcVlcmu2fesQf83E/PjLmsR+qdIDxhIhMP3JbLU3Y8obhr+W57CBoaZxV9MsvLLPHClpF
GPuD4fg7k2lT7y/1elnfXdzEvmNeVdnBvO90s81cMj7cY0jGSNh0BFoVrHSUk/ULt7PGC1q0rkDj
Etuox7kdmZwVQ5UvQDGgM3sJG/0mOTZMV4cYsUnox0wRVgQpDcv1TfBXbC/0MPAmrwyHmfrBfhsN
XJ+xvK8YeOGQ2sv1AMCpU9vPNbkf/VhB4QHbQL+auly3482UpzJj2DzNRpvrTgE6CHncGn/wZILH
mbdbQlY4PncjG0DtnW0aDZtjsW33iuyDWntbmRd4FZrh+GY9jCsCRou5YnsaVaslcxzVtlpueBUT
bogx7mhtnAqC29PlCOG75DjgDfXsdCml634/Qk9inyexr6jKQd+5bQAaO5xXdM0+E8HBuSfvuahu
zgvPjZdEwPPqi+Eyt4p47AX4U2+PprBfDrvl86blO5oxXEZkSfU6ME52Shk94nvNPCwVQexyky6p
nqQrSy8IHffhgSvkkxdbKvJ5tdLO/r2EyvYat5eB/It5HF9OX11Kmb08gNd62tFgVZQ7veUvYnmg
y/VZuixeuko6dT935RXWoVVeCs4LeTOUnrMhcxmAdxW5lHcvCOs/j5VeTp9dbfR28ePV4qn1Zu7e
R5stmDemAHRRwtbWnrEN2KrYXsU5lX4Iv80UjujCE/b8lAKsWxCXCZ4NzRxWU4/FA0ZPTvdid7gr
ylOxPfopzPhodrGRbZ02E7ZZZLiSlWb85tFmjw/QN4jYVdkW72dtLWW8Stm91dwL3sBGv7mXTZfj
0Y+Q4ng3P8lhYYZZpB6jKeNVj8ayNutb6QoDIn4881OPk/NCHZe/di1fZcnq0Rn50rKu8YD9ATGO
yfMtwNMTDwJPS15uk/aZer8HLwo9U4/BhniL2wb061+dj20w1O4F0Ut+uN8GYSJ4c2y220UuF7bv
7NKfTe3eIuctPy9oqGKIv/YVFsRd2AW9Xz02nfmmxrwbeQ6MK1BqrEzonlP18ps3k+OHuTFGA2B7
hBeAcBSSpeFIq+bl4uNEh/0T4mAoBrsS33EMPslkaoKXP2hyzuGaF436zOUze7LR31XElRnz2IeK
EGNEmShTa6/JYKbNfERFDK859qXxM6/W+VGfBtdOC3HEBZcCqGuNxwnzFHtr+Wg/L9c8r7Y6Z2Xt
EhFepVuvo7wxHeZx6+3ZaurXuLOXj/nP9U6ljfno/evyqgFW3rdLQ9hz6eGFcomObx6lP6sznEqB
3maum8d2J2znA6a1e4H58jSRXTYmLWbW5MKGjobVVT+72IbzaByyo9v62Q9X6Cj3C6V49ZTGBQ9h
bp/RxWjsl9145ny8EbncA87jdlCYZGcYTfe1GhmcymXrB3Z6ZrKbdRnjXqiP7LfpLLYnuN3bF7Fu
7YewGsM6kPDh8W9jyPbssG0AjDI41ee17085NlXCwCo3BJjglRoY+ivpiED8BSQdZivLis3zFCFQ
QBzO2Fmd2h4VMAMyQGAMr7b2DuaJiCZu3xI/Z+OB6wk4MP2kjixP8PazkiCBHOpeaMcSvlZeq+aQ
hizp8wGPBfhc7hg0Pc8+cmSQR1mFgtfeeJBiSwFgpN9xMwo7MtH6wo4iVAN5Hxpl+RTVYYK1Iz+A
IU54cbzuwCU19uVdkTJZ/mwiOfwswmc87haImOKWCOLhNyO9J00S0B0/jHRY6ncbl7tgLbXZFLiG
HgUERb5cchIDaAnHUO2uzhfQi3iRDL+kVYNGTw/nQ/9j2c/V6rGlbhiB9J3gHX5Xec6yVnlcfodl
cZJxpmP1VQBp70l3GC/YBI/1aVUAZcSdnR3BYGb9VHeUFV5VucA04BAZf16WddWi7koyaqxuNoay
YbXvMGH8LndoXW7aW38+T4gZrx4r4y4THy9m/OGVAusyIQ1wsQFs8SKV3HoF23jk1dTPXAT6wf92
WgMa0mUaG6dxzmzEWvLLOdquW/Z6rSx2pfQ83Ej7XtFn6OEKb0SmDszOeWwHcpMiwZvQCpkXmM+f
9Hc1tpPTcAxW+2SvugrhDQlbIHpMjIYWLnbIMWzcvtq9EwbPvJh8r7jP0EiYc7Kuz7xTg2FeR2Xg
PFLjMyYHH+3H6GVJPYpDRSAjM1Hs2eQNGDd3MkzjP8NriP1OknlmskPztS727HidAs/PC62dV2tF
OEpQjdBdQnDXbuqa5PF37eUM9FNhLEMhvBJesFSy7zSmCuIKA2csiG0FtvLLeZTGYinRo+1efnRc
S+nP7BpiNFh23S3joEc4BvysP5VH2TBov1UxDuxcKW6dZJB9lgJg2soBHvvMW2z0Ml+rB9rfSbw5
5888sm4Att9+kdTcyxSGQcbMMPGvXTe45zTBU71QTJMAB30M8nnKDHcqEY7lBch7xjis4vi9eJjQ
ZOoxl2xQHh5uN7wdHcEZeLXaru5yjGgBfKMbr9JZDGy4aMzabTRjXQiSK7IyZfB4/LKHzsa56Qbz
uLs+2cQ8QL/zYcP9UeLKniWP5+Z2l746zDTwk61Mvqw6bzELsY4anF8khzatgTPHh5usqB2eE5jh
UT+bfbCWvmKdaBMM1Re8EpA5txjnucXwHjfxHobTAtySlFGdw+3VybquuA3yG7zXYFvYLgSqlH+p
r6yZlWDWxm9sM5HYCCshYW9Fwn/MJ0WIwv3OPLOOb2nAEVn1oQAAIABJREFU19iodTsLzQSyGbCO
QBkbrIQBeiOUIX3QUYN8aUYbk/b0NuklEwV0RIxEfFf5boK0sHLhAq0HrSN9CaiMSnrRa1F3GDAl
0ioINcHHFYq8B0YFbsaUb0SrEQ57+LW5Xmmi2LmIDjBXZtLeXTACn2BMLJiZb5bKhUG5Rx263Kc0
5x+DAah91/6xopyXygL9ghhT0prXhDli2/mTBaQ+03Zr2eE7t50ImcnqQlnsk+vjCavyH8NQWDam
1BirVCDIjx3tWUrD+KaHx5Yv0dBQhQJ0JWwAM/5b8owoLU3m8PFag5IRuQCM3sAlxWTKIWvnrqSb
gBUfb4/Az5Qmt2EoD3QnCsHkxBODDAY/2zV5HjyTWpfwsDoOFlPty+q8+bxKZ9cqc5YydkMY42WZ
Jo5fjb+Nf/2x6H7n5wnDOAmOEWqD6ifHk8cUj+lMoCgudQzL4/ZzPjUOdWwu0WZQJHsmpyNETrEu
aZ96vXkFdp4qEVZ3CuFeY31M20zeX067QloQ1mw7qMxfqtvKTE3hFcrDdGNaMu8b7bSuoHvrskwN
bVoyMhD7dchCfL5WAWXIBGVQmgGNMQ7WASbClw1iF+xiQPNh9CrEzetj56eyoWpwq9Q12UkdrU73
wohwCh6YBtNpSp2nRhXnUwPa4njY+FDj36rN4nyLfFHvCsOzfrBbzoKxLcrVFCjjpMqDB6c9YwYK
/SvCiXdju5HYPExz6W3m5ukzpYMKAo51KhhPAQhlSPjay2GAC/GZl2y1QWNuGaYagR4uSH2ny7+8
01+Te6WsPMXfeftI8QD9FAo/n7LVZ7HQKOPO4WBICQ7BaEZOX5U7/IzZY+AvdB7yneuSB0CPXyWa
DB5xYY6CsHASDewacff30n/O6zXmUSKx0lqaxAblvdBOS5knX9ktM+60TqaF0czanHlrla5LBiAb
Si7/JI/JXL6eV+WUGjA+PhKaBMO31Tm3Uyn0DFc1CoMRNSXwWj5ehTBeM/pZ3jBRr+P4ZWPNDN6l
1RHr3Iouj32FVVx3bpiQnM6OMvSmU18DQiPq18EhU0dae3nRe6FJpBsMdfYG2yTPkvMWlWdDEkXw
E7pzm4Aeb646i1dCdMzoakSwe4wHkpO3QtLBia7H+UI0PSnG+cNOfZj6qsaS5emksXYSv1h2n7ii
05hP88jQX/rNMnuuFZsLE2557Lfwit89DGWeufEAAPD062/BM7WgtEI8jpkvod9d9owYsjEeJiaa
kfiDZfEW915+0LOqR0hP8rP+Y0DRHxt+ax6kVjEH2FvSzXrZGbQO3PClgeYIi/DZmGA0AU11TmRs
sxzy3xXdQiAtbsrB/rzhZJSEOuV4I2D7rFTZeFTjpx+U3pjcN2MqDZg+iaJShlMDXMuC+siPDyoE
RwTW0J+iUJg22meB9iKUDKcsrMJg621HBoD5NjM8bFlSBSlfhDAcIWN5qZ4M35BH3tXa+cEnHtwv
NZZlvvSBj95PnAbjqQHwZXZTeFRHxj82TgYvC/05nQhPGzuWZ/BqkRAK6HP/2LiV9mdttK/OA9KH
zAdBuYLeJcrUDC9GTyc0FmLBtFIje5DhIkgrOi9MFN7BtNcxx22YKL8ZgpYnHH1ZSI4SGgvy28sN
Hj/CyxQ5L2f7J/chyRQgyj9ObPTw9dyclGfDO+k77mP1GmbjzTcIiuwK16ZT/eZY0DZw3cwDbqhi
1GeG06IXswqNa0KD0uEO54abEZLIDr363Seh5Il3UAFmby/rHD0iMEz0qRGVALuXmMdYRTgb2ruO
4NsYZ8PIqtY2VAMifDwLHbsxWolv+mAMhjnyySMLnGxyG2StvWv/jA/XtInVJ6z21+oYdCptrraV
8sGRQPQx2kCeqYBgHuXXoGzMs1k46cFU8YUffwzX/94hznz23JihpTOPtS//8XEAwOHpA5w/+0r8
9t2vxUWQRY9Rx7iOQ2zzMP5j80KbzG7zSAPj8z10FtejOoZxZnpNyGVWKVt7b82czTNfQ5q9W4wg
8+EuoyTpq9AY9koN4ReJJqkQHLlSwptnhCr4ODSEiWkwmCEZf/dwSNvskw1ByyPyKhi2Gb2y59ms
SGnOCj0IQ8JbjRbim1QRL+GnuAb8ZIAMgx4jT7BiDDhLPQAZX8j5Y9+kA80FPSmPMA6I5zJ8d6GR
0cDwVwE6KOcdcDIDOsAfq4xCaaEdOiFi5ae4MN8c23503lLPmgq3wbiXxLxreGg9PqEGAr9n3bFI
QxnkpuiDB2wJR+qfJV6tQLrBUtunyeP6hBeC3Wv8nPGqyIdBySy0J/DrJYy7tG8uoWyV9vI7gxd4
iAwYTp43PKD3jfCZXlM9ksqsHfQL41f6rnJFkN88kE1fLsSka1scJ8FZ+z/TkxGYvDcGzehHuLsN
kcBckosMpyT96sbzklzF2GexYoTJk9aZldEJjNUZVsVJtzL/6Bjd5QQhFNPvIQ+PqV3jKRk72wl2
xXxhwusefGSn0bwrHVw4xMFj53DmF8/h8PoD/O7rz+Lxu26LyJMsz/AMfbzchEBXD31huYz4fUln
qVzO7CDmTbaduPxcgfLAx47qYBzXcZMf33JZQWEDFTjaVMxzhU0/w8anlsK1mACevRiFMQtnXarw
TXqrzsDKlLaxwwznFWmSjcZSo+flcYgKQL0rVBcTtZROEzfI0TvF8LRNFrzUpbNkhT9s/qidfo67
oWIhMNh6+liw+gZBiy8weHPvX2cgEXKGM8vIbLCbMFflauB0EwzPfu2dLjuxwhw2mxYMA8O8qt7l
iYLnfq6IIRdurBv9FxSlCV0WlL55UHDyMeLnCHWeDJcM1Dw22tprfbrZkJdDNuWsJayK+6wKDSxf
NlGyvH5J0Yw4zpj2RLeCaLjZZpza8q3Ji6YTUO3LsNJV47j1kJUFxZ2NDw1xCN4f62/KYheVgN6x
zFmvOq/4ZSGtMttrwfCGVTCisT8D0QvjOCMWchjWfysh4jDpQ++HkKfSSty8la3TRHI0OpN8lc3e
BaXDddLvAMDgrBD4ZmsQdXy87ka3eablbsJLrwJn3lIP28rOmiK+VtSsSDiy0vAshKe015bkLfll
HKsIj8sdbRAu6cmMRd0kzjhZO8B8UjFcWlMJnvYdOwz4vU9IQHJ5RfKuxjwBP/4U/cnyClJXZpxY
Mj5mvWlG69Ec62KvLvMMw+UYeuNVv2hNhHiZMByfaMkv6SH+Uz3J7WRdCPQjanmVHRhXVNjWGfi2
yTIOPVF5yqnSt5s/+Rhu/MQ5HJw/3FHi8tLh9Qf4T68/i9+567ag8102kExWfR54R/DmMa76rRKf
2W92tnmZQrKx9neGl668sd2huvTwaOEYOzVqdyU3FKrklcakZbXMJabjvFSMY/AO2IAlRncBswee
g+fhUpBeSKyQlt4bA9BHNH4vARFWwnsjcYVJ+yqtaqH+Ip+Xm1LwSbuPI0Nm/GWVZXCycjpG9umK
pXE1CKSFPPuMvV1jdJcX1tmxSt+VqID3TWyYOVwVjtgNV72ge8mOpH3eN2SgBnpexhg6tq+xgG+m
gJI89LFXfUnx8fkx8n0nwKRBV0v0LHmIszxD3ZmQuhIdJV/YgMjwLDQ+GMWd3uHkGY+XFB+M43dX
PzqP59U57Io4PoZKr0IKxuoOfLSM4rKTbxfy7SMz0z7fM1VgOKZvr7QHXqfLjFf/2qOX7W3eNx2c
P8St//FxvOrj5/Dwt7wRm1qGyfb2B9yBczVMj526CjLOkvr2Hepcrrz/E0f1kC7PUO/o4OlBnxH6
M2EUQ9bjkMl7evFobGitdGA/MIaNtJbxRgqbheqMf4UuPMyw1+u+eQZned1D2izoI/HEmJFd0Wcp
9souueBjugxVP/oomymJUKxCc26/HxCOCM/7o8Jny+ahZAFdyugNqYg0DTjYIxJWOgjYE2tJj9mz
fOaJ53eWRePMGTavfCylYSDsMEazAcbeJqDTeLgmOKnPVje4bcb/9jkLrUsCiGPo+LVd6bupY0iS
x+4rHyfC3x5lHt6NtN+vc6fVA/UA8jKW1aMGpP1cq3se49g0PlrTJuDgQeW22FgVA9r4FRj5plKd
qQ1SI19aHUd2TJIPaLgXc+iPlocvZGAZA3T6696AYPAIvOETtElQxhJ73L3PLG97dUTHgjqvytFv
TBeTHYMHOpH7LHf5nSb1FoF0SnptNeFjdYX2Bq22/fAVH/LMzrPoLsFL25vxC8sF13O2KrQheY0u
99h7drjpsBkJxkX3m4QLRQxPxGdrcoepjl40xpjXrM4dcdfBC8w6rH1nPJUHsn41WLoRXtvr/GJy
El1H8/irAkdDxFg+W3/opkQ/Zo9Pl7HxK6t9vOKt49Tgmc3Dl55J13faJ7wwE/1B+K5MFiXtdVFc
tt7mL/r4c+Nt3id99stv9rAO1amsMny8Ca8GGww93JflleqlzGzQuvzCP0TeArrsMHx4LDGg9bGz
HLYO6FGa2iBi44ENs12zt1BmAfRSORWqS3mOa+qxqSDGXHNK6LQAIhYjeOrBXyqj5YPyXcqv+O1q
y1VMxAI70xWS9YqS6QE2MvZNaf4in/sisQR8j75awn2BpeKCRVKQabKEnqasr5ZWa9LxWLrRealp
F5514Xso32gcjPEGUM8EzcoueTS1voxGDP64pnvZijS2+bg09PklwDCDaac8GgplD1veimCEmTcq
Q2snbeRF4PnLFB7pWBIjZ4kWzj/H1b0Hbim/LNFzB8hdq0UpQ14Jb+2Z77ixaqmEAXlp6XL1h3ex
jmuyY3bZK5w/A5zxs8rnRRgL+Thd17zNNzzH3uZ90m0PPo5X/N4hfuvuO3BUy+AkGpLIhF1pJ1/v
kXQCw2lJhofyD3zsqOqJDgDNugTwrlAGnwm3z0mseKB7Pxgrq9uMaPPYDUcCeYHuVeGTMBx3xFkZ
zz4Zz6xz7Nmu2F2Fe7TpONlzPSxfPXio29jxzQysp34lOsPm4760+ott9uQXE1SiIeGh7S1EO6MV
0H/rcXFcPnjoQBso0OOl9VKFzIs07N6vRL/W99q/qbAlfLI2ZIpU28Sw2GPHHrzBo03vLA5vTbxu
gtWGkO7cZnydjiXCNf7bUB+Gi3cq8b7sVGUeyJRvRb/Exeoy/gm0qZ0uK+GtcKJFjTSyfCuCY2Xc
Qyl4DRfQJDxvtPAVgtJpnfEbEGm2meNpPxzfZrTxctQ2hqsx0ZkS3ccjNpzrnuBh73wfAOXVCYju
UfH+pTFq9Ds8bP2TxK/6b/LssAxiW8Zj0qXtob3icVIPJedPr5svCLGovOJYK7A5nFFKQZlKz6/j
ovSyvLLCuNc24EorFAyl9nlAJy+EFQuWvTsUP+u1Wrtn/DC7dKW1YyNeVk52KYvHS2tApvAhe/k1
7dLrBqrOkb5AvIYcwPYSEsR+dTpK/HpYdTO9uyHbA3TKxarzgOrUcC00Irx5g2DH2IUs2z7YVrRa
TelEnx1zGS8U0P4T1heI7bQVftNrfvkJOi+6x7PRcjOTjjZ5n3i/rcxW31Tc8sgL623elS6ePsDH
7nsjDufiY31DJ5d5H2SyvEa7YUm/Oc2aLREfho/QX5mN5XlJ3mu5dQiqZ8FlFSfKRRswCN/2OSeC
ShUjG3V7pYWGJtnCl0VPryTPR4POfg6wBV6h3y4YVIgQkNVUUFAH48QMSjMmC0bjP6tf3b1sCPHM
N2t+oWyDrBZaMIwqn6nHsfY2hdknCSjFZaHqHGnFYSm/4mV5CY8K+E1cic4aBCnfkMU8nuGqPMSD
Vg1RXVlwnVIFPI+HBcXHXxhmKCZ9w8/YWNT+DnCENpmgWpBpCULjzyLPlIYGryDSz+p1w9naltWd
1MV4+zvh46BAd4xVLhNonhgcuqqUjQWlTZWXxt8Bf+nXjlQHtDQpYBwc32khL7dJcAttS47M40+V
3WbMbfs0Gs5s7LMs13EwpsgQ7migPuJToky2V/lbCjkbqi0YxmFmJC/xEDs47Dc/q/6v/bbNcI0W
2VI6G6eDc6z9U3RqYIhYIPRBKISh/SxvSsEwyQl0FnDp2cc2vtqLLosqKgr1ay/l+CyMAcY1kwEs
b4BxA7MdicaONdfzJKeW5LMKT8t3eppxy689ijOPvfDe5l3p1IVDfMk7H8LH7tvGRQMYeGeR39FJ
kMlXlWM6PqiKwSbxMlnFordD/gqsNxv4SQ682zsY0YS0K9N2TrI9Yw+WNXKmGDtlSvu0GDGPg3IA
C8QBgpBU4mgeAH7WqnYSM6rOHk3Y2C1MmfKypCdEsKBdEkhA87i0K1s5ebw0CSGjzaBArW4+pUPa
6We7Upkq8CzuzT2UiizRakVtqzUee7YS2hrum027vVJXObDgQaV6K3L6eaNaOT0Rg2mfCv4czHDY
vvYPj4s1tbcQDoGFW/3Wr2vmE/R3bHAMlywQPupp08kZK8/Az9IGy6+rOH45ACtZwovbFsZ2g6F1
Hgk92Zupca8ZfvbJfFf4T4UnweXrtUuDMVzMwm2RhyI6/EvY71A6nwNwT12geSJ7jMY6WfL+td/o
ZeyB6NJBpgUao+MJSGynlRUZnhnQOom33wfU/+5lrV0HGL2sbOalLoHIMe+86TSx/tg0r97KPM8k
/+yEg0NapQvEou89PKeEV7Yi6DfukgxxPUV0M0/aai19r3oAeV9VoJ8QQX21SvYPMKJmbLJxbPUF
I1ROk9ATJ9D6d57J07kgXxh33cCeOUiMdoGPW0dantVqS2fz6B7VmNdw4zaYx915lvIZP5lc8Tsg
NhXTtL0q3TDK9mNA5IR7gTU+XOlXxY6x9peuK6zdbuSVrhv0CvOOEPXnBNRaccsnH8NNnzyHgwvX
nrd5KZkR/fA3bz3ROmlN+Yfes8y1Z/wJbHXwvIlRDfbc4Jq8dZ3F/IbedUEHkgwCmpy//6Gj6sqL
NLALPFmiEbkaBu1wHFlDji/5yLy19nJDA4AboUoyM6B33cDjx9jZcgkdRcUCh7+wccfKDZWUUxHc
WOlyO8uI15KyNnz5NyskFb4zzXq0Tj3Q17wqLHAGb2H7DCEw7Z8pkknz17F/GS/7PRjBpiRADF0S
+lKRbCVBcV/Rd02ZJ43Lcp6VGHWhXlVWxsNyDJHOsMGClJKFUQSvBsHl8aI8NVSxSyBwOyF0yMYm
usDJxksYlyC2I8DZ7V+WN4MTcNAHNZBynEi392GTHvMUIa9GjsPAuOFwsZ2UhpvCCvVhg2cGUbiw
ROoyJc23tbpCpnbw2GCj1vrV8eLNxUj6sva/zIA+zuBdU0hDnXuoDLdX5VZGeh3brjBnMoQM9yYr
eALim/ms3aQozcDhsiE5PSqmUrCauvHsaLUypnDDZIE3eGnD0PklTIIaLks3HAJb+j1xccbjG+Dx
DXCubgnx5AY4Vwt+tzH607Xg/EJ4xk2rii9qCv2ug4qzmHHrKeCVZcZrT61H2puRKMbnLg85y0Sj
DY/NUmhSyxsES6+LSZZe3c3jq4wGEudxI2kGItq1TY5KwJUz+YSmRvlTQKsSgpu3nUBpiBgInjvE
Ej5k3ve8dQvPvM1feI17m49Lh6cP8LFvfiOe3ZTuSAC6nUGJZYXlSZ1IRK8sVGm4WAndJrJXOtlm
u89Cb3git2ZNFQYBoDLA85lQc4Ym72VocIlCDsiJ44w8d0+cE8XyZUKPmIyJwrCXUgG2Xqma58u8
etUCIxsh1XNn7XBlh3GpzGC7ByvBlyaag5JLkz5XD9MUs3oTiAGXZnsBjhgR9smbmSp/1l63K7oq
TE+FeKCYkNJd1LuSzwNLzo9L34Ow5DbuqNvap7NaviKXeSgIXa4XpIxZeLDBB/oucLVuroeFuRoB
JG+GGXpYYSAcM5kQFMlQGb2TstnkKIM7FkTYUKmTDvfkJPUIu6U3YFp71YDOlua5yZx0RQWaj/pw
p5DSuggH3seQ5c1A2/OpwD2Hyts61tm4Vl5Mz293QB2BQW4j8qmNGZ5omYwKPEUE97pt9XTTEWFe
D7Qw3ZbhxTKj1BBTrSdEqBHFp0iwMc9o2w+dyBgOT1yc8cTcjeRHDgt+b654YlMwnjIfKLnjXYO9
KXiiGa0fPWzwngGAFV4xAa9dA3euK77sYMZNK+DV102BPiwDBroxFqKPTc9585dmrGR3ZI46HeNG
v+HECXSjetNinzWMwlYspmnci6GrJH7CkskQGrcbMbS4o1W/rQyeZWPBLKSwcE7jqS1fVbz6U4/h
5k+8uLzNu9LBhUN8yS89hN/8g2/EqhQfe7XCVwsH/Zv0gzoNTU6xtzqzS0FwMp3pdctJNoxnKUB5
78NH1a9rJqEaLHwaGKU0Q/eoAzXL3JBYrXYwePtt18gGRgyjJs5Chwa3vG7ESj7/jj5QbElPj6IJ
el+Vv+Qx44jrNmHIbTEDlXHg51MhT50o/UNd8kb3UFpn62zK85ce4+nKhgQhb/zjxJvVpLgLz11H
yrFMAHoYABPQjTCFQwxuZVbUjkJ5hjCjMsLRn6zYVcHpMWw8cHUAP/rIw/jsZz6F337sUfz2Y59B
rcDHP/ogAOCzv/UIAOCxz3waAPD5pz6Hp56MXoLbbr8LP/N//mvccecbgrJgtFWuBgGvOMn4UpnO
fQh9V5JVjfaON//NiLw21NX6yb1yrRzzQxYC43AE6cHwSBqx2CbCSycD3iQqrJtiOePggaa6dTK0
6E0S3LgpSkdum8lIPTkp8GclnCkFuSD8GxwS7Xk4cg5JX6lOsDyFDN/2nledzOtrIQ3pZiHEvuT9
OCYjPeuCN5Q900tOAfdGkkLt/LDNtD4oW31EG+o9fEP613SNjQ3zQPNY4pUG4+M6AzMqPnqx4vEj
4JOHEx4+BD6/w3v8QqSbVxU3rgu+6tQGrzuYccep7YXFVRkSbZWuRJoYL6gjY7iIhnV56XnYkRAm
eA2ebywEwaHvwHZj/zz38eAX+MxJvTI+jpqjjGXQoC9pk62v3pTOO0Qi93BuzAFHcPmYQy4DAKfK
jJvf/yiu/72nXzKGs6bf+vKb8cSdtw0rSUyHTesIkz0so4K8qwiTouCwS3iEZbE7oahfDQaXMfu3
1m3frUtBiLUblBNrAETlx4KXG1w0n8BkYcY37zhTK0AuiPguzUbCfikPp6zKlA7WkaqUqT3eUaqs
gFCJ/dZ6DH81jhjXpTawEcA4qGLfk7SLRkOGc4aPwgjvS+QfxkOPDcv65rg+zRIbdUvp0Ucexmd/
61P40AcewMPNOP61974Hn/3MI5dRY0yf/cwj+OEffAv+wT9714DLpdB2mFHr++TZ5dBrX4Tq0qcI
n0VeB3IEj0Fa6ZcZ1oFvlixvHoc1jpcl+TIo1Zq30/pCjQn1QO8Se0u4ZPwzZFiQV1yOu0CNT5Uj
WR6/iVXbxqjQO5PP+/B6gFdiPylcf76DiIvyU/ExY9vavAvsQkMqKh48vzWWP3i4wu9uKh7fLMSF
XUPp8U3B4xvgw8+uAKxw86riiw+Arz4146YJuOkUtUF4gm2JwG87OrsMX3bnU6/hsJqVjF/LY/sB
QrkFZWW877qfUrZyUwUndgzZhNLLss3DOKDipk88hrPX6EkaVzu95sHH8fnX34KL9ZhxsTCutR/S
wxbEDkon2DXKsCypXihle4Jav2aaLjOxI3LCMk7VQP5tzXWeolfPypXtrGuzGdvumxhIOqnL3fNS
XF5w3+9opLvwMS7VsJuflScTkA8997oWBrji5bDQ6VU5X93+zYge1XBkUWOYoOwKzXxL/ywlxusa
Hn60EAHRdtgrhmeeKcs7xSKBXoORIvCcb2hS4xc7qMFBQke9A8rXPp5qfBbyqCVDeea6NZY/8P77
8dGHPoQPfeABfOzDHxq8xlc7VVCYAbWVw3ZM0AeEEenFSimjn/GO9Y31hx9vJobrTt1Ve90cl2vv
rNphhaH2uu298kuhsZ3Vy2kmeF7e/qS8RlFkk/1FYwqd97Ut4eKOQn1BAPUoM6M3yxfbWGl1hDCA
BldXSTzVvl/E8pinnR36fpSm4GP1+AbOCt+ENwkco9eKPESHspnLJxO0sufL7NK/XM49REkeV2hN
XpqH14/0o+u5rayFAE7GJ+JFCpM1f7attLZBaad6eL9QW6wfjirpQse34sPPVvynGfjUZsLHLlY8
MRjLO0fZNZvMoH7gwraDf98p4CsPNnj9wYzXXb/tCOPnsH+pDQ4dgx6mwGF9LT/rsQqgUry0bUJ3
nZcYRKbv7blele0e80Rn89G1FfCQza0er5jnSisrjW/m7SdfFjfYMCx7Sl/Z4Jj9uVa89v2fxulz
T78sDGdOr/+lD+PB+964HXsgPdL6bp3Y1r5hU/YOsbi2Phn21NXev7xaYnyB9g4NF+OTeUZYhdnM
C1d5MyLHPVtKKvOv1fRc45nNaFiJvxjS84orG4FXMT315Dk8+KFfx7vf9Q586IMP4GMPPffGsqbb
br8LP/bX/n54lhqOx6Sd5NlBv6VyLyZevJL0XI3154hlLzldDg6X1fd7VMSK7Ng6kkxlx7vLAHfV
0+MXZ/yHC8A5TPj1C3jJGMv7pI9cBD5ysXmnn6p402ngTQdHuOO0mBNXOihkku9pB2l3eRD3KD7W
rXCv0kBXHL7k/33oZWc4Wzq4cIhXP/KY31a4T9JJ2VKexb7W/t2Vd6EMgO1FKv6DvthRQGEiVYGj
wzjr3rqgZNOBVBRmejY7VK+DlaujUVHkC4edrFd9VmeAbBa6mWNcns1kLKZmIs2nHWLgJtphbrGe
S8Kej8MxeOZVtmtWh93F5CGaJU6QY7Vtc2XhsojevWwWBmxn8TYb1xgixzOJwcs8e0ie8axRY6nZ
86abb/xiDIVH/etoST9lnnFOZjC/513vwIc+8ADe/973LOTcP912+1249TV34JbX3IWbbr4VX3j2
i3DLrbcDAG657bW47fY73dP+RTe+CmfOnA0481WsmjQeWTe/GNuVQrwg/W2eQI5z97oXBIblH3BB
9OQMwoPGrf3ULJN8hrLSn0uyg6oa+DvzWC4l8/4OXP8cAAAgAElEQVSYpysCHutWfambm7oM7B7K
InmNyEGOLihmPxGn0FW9DeCFo1iGvcor8bLycjaHjXC1Hqfe6uT+t4uBuC6DFeIECaZefcz8oiew
VHKRq6fO2yQndxicWjEcv8bwDFeLzXZvtclwWw3kk4uonZbsCDtr9wzgUxeO8PCFCZ86mvCbhwXP
XEMxy9dKunlV8ZWngK86OMKdp9eotXlsG3HtiDpfGZi7J9F1Qhs8pQkz1oGraTsm9OptG4ubua94
G69yPxZEeFa3Jb7wxPKgwZ43FbXW5MzyCdMk16jLF7d1aLzx6tBNn/wsXv0fHt+HxC/ZdHj6AA9/
y/ZoO7UTrH/twrpStrYSr145L6g8YFuH5LLZQ/Nme7Rh55dtgRAh0crMzZ70jaqDB5oM1CXLRIVr
3XOmzQp/KWVKeBEef5IgDso0MRryH71ujXPh70v4h4Es73igZ21gQ4ePU1HjaIk2w1IR19cKDTFi
EPpdQspIULHQ9uMK7kgshPbF8dOPPIx//X//PN7zrnfgo5fpYb7hzFl86Ru/Are95i58ye/7cnzF
m74Ot9x2J26/8w1DKBAbnzwRdIMDUQhwnx7Xpp28lvAul7tEUjuel8oLKaw9xvnVTL7UvyvP5cKm
OjSFfj2mnjAek+QKvg3SIuV0HJX26QZ8IrOysa6VZmJeHR37JI0tTNMe8HQMDXQz2XYMjxsvM5w0
5CRheuuHB8/PePwI+PWLK3z6EHhmPji+AS/z9Pim4N+eB/7t+QPc/HTFN52ueOMB8KqDsbeGCS9N
1OhRzM9jnX/bxI4EAcvawUnXkp6ukqXhPQl4HbfcoKCC69iWDSpuvL7ii1454fRvPrsbiZdBOrhw
iNve/2l86k13+jOWv4MIXRIAl6B7gt1SIux9VjKAZkBzzNfAcHKMh8NtEqhYRoyN02WPLC7Ii5Th
0ZDYc2CGxIYUQUWbpUgV7omRF2bUmOHKCsXLVm/q4CWzPMNpCjKYeCak8N0LhNG7MrQDIyNtaFZm
nke9mnm94O1PDQ+mpyjo7LZI24nucUvtue+QphkiKzV7BiAcz2UIpnGL9NV+PnD/O/GhDzyA97zr
Hfi1S/Qy33DmLP7gN/9RvOFLvxy//01fh9e89k7ccdcbBk/ikZ1ra3FRhfhVjAdfCKH2WhM4Zo/7
0gUsDeIwc8Yo7NnA4CuLQ99h7F82sLgfKmL8bMYX3D498QPCAyxHOL7b8yp8aquXlXGlnmxWnEo3
HaOhKcJvaqhyv/nV9ObNRM+rFy/oqUGs6K09GpdrY9ZXDahjOI/i75dDGR0aDXjPxhIPDJM+6g8+
whDAcExjlvx8eOFZqzzIfZYHauwYv2Re8EI0JzoaHVSEsMccRwSH4KH0/v3ws1uD+TeOzGDedXTc
STouPb4p+PmnW8z0AfBfrDf4z18B3Hxq8r5Pr/S2mPQGx/jYruSuU89run6z6ToNIH4pxCetLrcP
Sl+RONYxVuVZ7THQE8Vlu15l/YWtDVHb+LhuKjhz+hC33ngKm3bWXv3iLwQ+9eQlUvill64/9zTm
WlHYUIGc6Y+oW0zmWAw+y9dFD7TpbpePxS/yMUFydBThMUzDraCdwqEK3HUXCc29LHK1DqmhRfPs
SBlTL3px5y1zHrHyIoFqbTMlBWwHoaIzCOAFvJT4/o5w7MKgb5TIDCMrl303HFgBDoZN7csJx4Za
FIKlFe3oW85fE/wZQTbKQhYxZmwetDRpypbkGe57738nPvTBB/AL//jvXdLpGHffcy9+/1d9Hb70
jV+Br/qaN+OOu94QiUtN4k80XNmCWxS67V+wGSiv9uE+4QdedUIvp3mJeHu/Jf3F+RgfJ4WO2QU4
ydedbfC83F6pKyMry6Nd8mOp7K73miqicTp4lthwZTlPMosN8l0o28SZFQLzwqLMTYRGdjzlrvpD
37bPKvn1u+GkXmomlb8yYzipPPQ9tUWNHb0BMJU/XK+1QXmTcW7wPv3sET55NOGDF1d49OjEYH4u
00cOgY8crvDPzwNfd7ria07P+PLTPeyT+5k3FgL596O26ctv7EUfN8rzoSz9tjGXTdQtuW1UOj87
zy/pQVbY/qripldU3HRmwqnVDGDVjOdtOrrrFTtP+n65pFMtFvqJ193mEw9gt+05yMrWn7tkPTt2
1dbcaeeSQWZOtHUpJLAa52XCSI8HGYQUxrMb2bOQeRnGlsG5v9YRnhvDpLj8LFLDweIRJwRmZwNa
PTypgmHliEj07Axmxs/Lc/vtOcVDaXwve2fcwCTBsHXBxDr14HVW8EXay2f0Zv1oWe2RnekZ4pFq
zOxdpoaQ9h2Sz5JPClwgEnM/9dQ5/PN/9Hbc/8vvwK/v6Wm+7fa78K3/1Z/Al7zxK/CN3/rtOHPm
7IAf88QgbCWvG/xGkwF5kqG1e1b81BERCNk4yy7eMTxVNit+Xj8pHfaYchn+VB6vzD/Mf/SpKdzm
pfyXKDrJ6okNO87jpGb+5vfCS1koQqbzJEuIydRVBs/bBKi929V3jpPSBFEm8Vg3D6yeeBKaVDv/
cB6WmQP/or/jdptYsfh9Hc9OJ1rZKqXv73Bvn9SDMt6qaj9cTonx5EVLjKlWnaJATY9lCrBW4InD
GR8+Aj69mfCbF8tJSMYLlB64UPDAhe3ReF91HfDm62bcenoKY6wUYG4eQF3d5dWJsNcAoivbzNRP
opp7GZf9zXNsMf2eGhDja9ZDo23TR5E6Q65fFZx5xSFuu/EU5s0GqIfY3l23QSWTeVqdwnznGUwn
Xmi86hPn8Dt33QYk9l+Q9+1Lpf4dHIkLSq/r4e0X83hXYPnWTRKEJn+nFdpFKnZkGxlKzriEhCsw
g2mGmQguMx6DEK5d+CpRTFiy4kfZBu573lKIHrUL86Y57TIXXxLlo+9i+4eZJgQXFths3Dh+C0YO
G772ye8qEC6gsOUga9hEtDZ8TLFNAo8vNTEc/UB/VZhWJx3aPixxiyJ2QwGdftp3G+orby/Rypg8
1ENpyWOH1uYnP3cOv2BG8/v2M5rvvude/IFv/Db8oT/6HbjjdW/wurU/lowpNtyse4JHjOAExY5I
M3tfCvpMmtqm+GTx1Vwn0PoYcZxy3Tbh8auPC/xIL26nGW5+CUR7PhwL1f45rtRBvKzGY4Tx4ivj
Oa/nK/3T5rs8sTa8fDMi4cX0Y7lUJW+WXNFKHm+HKVDQzahMG5ENE7VD+YXHoNVZQMYxjQGvX8aF
y4MS+YJlTRiDkPJF5B8peivD/GftBtDD5grJcJFXtuGcx/NWJ1RcPNz+Xh2UaKMQDpZShZn0EX8x
44Zvu92Ok4r7n644hwkfuLANKThJ12Z643XAt16/wZednrotIeO5ou+2KtPWFvBj5whWNKJ6OEA2
ufMxftR4UeS6y/Nah0noxLdNtTe15b3pCypedWbCdatM6+Xp6PACrv+HH907/0s5PfRtX4Hz8xTt
F7Pt2if3DwC/sChsGG7ljSf8OLvEeWt1mJoLThOpy+TMagWs1dI2Ie4eQFpbYCHsxgEZEb7juilv
NaB3pZBXjK6toN8OBsfNzmRcbbVWNvPQ3ZyzEEA9bBVRSXPeCjopQesLDYlGu1WuN97tk7zT6miU
Z+csc0wX03xjSgYdL5JRHa+8Oelzq5PxGpQ0ckOmyCcr7oJtiMa73/kO/It/+veP3Qhom/7+2J98
C77hW78dN5CXObSh5O2w+nmAaFnuM/a0pXnR+32pzmBEIuap+lLxFKOI8bex4ROupEluxNFLN6aO
Ocu+YFgAiUY/G0AVu8d8YvApPGsXn5W+hJfYmmMeklNuzC7kA7/LZIbJjdp5wz23iM8se3ZFsVdR
RwNW3yuORjs9hSNtiww044HB6QEMy6a88hjlMRnQ05gHqFGPiHxwhUbtVu8eG1IDnyTt/fCzMz5y
uL0G+yMX9xSyJ+kFTw89Czz07NYr/Y2nZnzZwTZWGojybpBlMmCiHK3BYWeyzSesmTzg8VKioWXn
g09FBnLj39NTwQ3XH+K2V+32NmepYIP1wekTL3RLN3zit/HMnf1IO76ghhPbV7xK57rQ8u2w1bYV
tI9KzgEJJ2P7iG2F9WBt01+m5FzJln6shyU/Nsh+FzN2x4as9DiiOhoy5nMePLlz8RmgeVVNqNvV
mOzNtRUaUwZr8lbM2M5kLfuGiBnqNiOU2u/2RmunxWFvqCP4EG/DL7S7DP3YPUOtHXzdp7XBrvt2
b1lpR/oRThfbMhgf3VMRl1WtfatVoxVJKfN62yM2AkppwqjGvvOlfFKCxtDBY4iurFcFeLIdO/f2
v/mjx24GNKP5v/sf34Jv+C+/HTfccLYjxsnwo0qHQZUo4lnK+FFIVqSOxwq6EC+938xjbDhY36+F
n+12LBP4jNpRsx4L5dkAfvkFgHj7VwHKKnpFub1mOBuObNhYvfw7XN5SaZJGCqm2fHbQ/GqFEEK1
FD9oMLkbyOHZr6SPxbfjlYUq8ZZ65y35pRdUp26EzK72tjJhcwrRzvjEjGBgPFKTFTxfLV4R4zjV
eHfjmMaSTeBsbFq7dHXE8odPoclqig9Lw4eH8MEKbrwYHivECYLTbd6W325s3mY+OBV5jMefGfE6
FO15uFiq9Laj1fnExRkPHgK/cbjCp4+A8ydxzC/q9Pim4J+fXwHngXuuq7j71IzfdzC1fqcLblr+
OeP59jlNJXij7dNkLR8Z646HjZVtnza+W+Gtju+VVVS8+oaKV90w4br1NrZ59rimdctzPE9anpPN
hNv0ys8dhotpwqpk7ZeBFcRDI4DWZ6XbhVbGL0sBfFVN7RHWN8YL4Xjfxnt2dHIpOy5S8TIl/83C
OLFBLi9dIqC4XHNpYNUDU+XLYECHwuEj1lW7YjWjxzJfSvPUoNnlqTMDIsu3iGdWaVl6kacse7aU
vys99eQ5/MI/fjt+9u1//Vhv89333It7v+nb8Cf+1FvxBWfODn22N5L7pmPakvLVHvmCwSD4afmK
ZiAn/b+E1y4ecKO65u/5d02yHreSdLlpCexS93n7a39vQvVq4nNcc7m+mjzbVWbffDZBz15ecXcc
Mz54Al3oWUZrm5y4UcyKrO6oamHSo6mi4sPnKz5yaJeXnBjML9X03mcL3vvsCjdNFd943Yxv+IK2
6XDP8rxCnqVM96eyTZi2VuD61YwzX1Bw+6tWl+xt3pXmLz6L8vHPvey90GcfOwd85Z37r9Rz/7Di
smd7wFjS25kdyLy1LqV5GdA9EJt5PMyfPbNZ/BrQPZ1hSa8ClTy+NkGb6TgZR7i5KOxaWbY0Kii2
kGYn5t22I+BmFdQknH3mSm1gPO2dUw9dGbjnJ+kYxouJzt6npc1hnBw0eZrMK1znCM/yrsgj7qEc
MgkwXOxCFYPNBreB2XD+BfzcS8XtTFYZgN4fGvbwvvvfift/+R34v/7J7jCNG86cxZ976w/iW//o
d+C17Yg5w01PMGCvd/ikttgz3lynbXUvMvEUNTF4mdmocFq0T/eSBos54slL3FM55si3QjAJrPdZ
7d5J7d+BvwmGifzMaFRaO00kr69WrKht7d265eMySxtxmVRDnxnv8xFm7b15RS3p5iOWqcOkz+qm
sWWrEGnsJEZ+AYAD8jxr4pUFhsf8M5UoY4K8Kk0GyxhngMGYJxmtuBfKw3mB3kdhLwTitg+9Gndj
F6k0Y7tM8bIL7m/GZ2r/uJ0Gr/dbxXueqfiNwxUePTq5wOTllp6YC37h/Aq/crHiq04Dbz494+Y2
0DTc0idtNOkz+4CX4j3ZeLCVW7NNzC4Ihtn2zOZbzlRc15YQL8fbnCU2vE+80Nt0eprxzFGXOsNk
3WSNTJJ0su8PSWZOzW3sepdOMlM71Z6vVqO8rLUZ0BmCXndijGhSoz+D5XlkRrdv2nMyEjPvUegy
UOlld9DkStLSbOi4PJpv6FsywPapY6mSmmbekQjO++5/J376J48P07j7nnvxvd//Ntzz9fcB6Ebi
vimbAFzNdKWwl/ozHR67+uH4bGneF0Ui/rX+XJItlrJ2+mSvLNPIxsTzTSc1qo8VWTuQ1AnHUgoT
pUtosE6wqr4s+c+lKrL+rAAeujCTl3kPz8NJesmnxzcF/+Zp4N88vcLXna74tutn3Lg+hjfqfuyt
K3zMk9evZpx5ZcFr3Nt8hKvhbY5odjgnXuhtOvPJ38Yzrz3+au9sb8SumOcgb5Oyu+rQqAUAWB+Y
pwC5V+iwHVLOV7K61W8WfePjA/Y8I+7Ud69dy/PsxQjPPFum7IKHuP3j+GHNY/n8GLuEEOpJDAUN
ltUpmk131AM9/sbOBAweyfZPZ0TqYWPF7l5R8uKB89dx4w4rzc08HtPDeUObhBbqhWPRZMXMiOXZ
WZjxU39wHFnB1nD+qWPim284cxZ//q0/iD/87d+B1965PUHDeGhD8WnF4C541Mx7uGGeRadFQY9X
59AX7V+lSYAvY2WVeR9lgqWnDBjsVVK3e0ESHaGGEm98cN6Xuo1+zAu2N0A343BTjNZhjwLIG09l
/Qg44b8secy38LPFt4UVi/ZdD8vXI+A21C/cZxwDx2NAL7YxPg5OA4PTymw2fazzdbyA7BGQNrgn
NjYpXHLkscJzzKsbEEvpq0AcEwzQ/gaRHVw+O1pO+U/ZmS9LCkcWUlm70rtMXf5n19dbf/h4KBW/
8mTFJw7tiLmT0IyTtJzsKLwvPQC+cr3BN9wwbcftTON47noAQNfrrAtFVtuYWa+BAxS87par721e
Side6JjY+5+tNOgBEdadGinhL9EjJMIePcQDGPTIUEurKeoA011rN1gRDQMziAwzDcbPEu+WV++s
TPKGMz/tU/maGxOWySsGg5B31rpRzFmEoOr6d6NXEWgvg7HBcChbKKJwCPdKBdTg3xUmE5YREPOo
oty1upA10fGmzyGvGT0EtKD/ZvwKgPf96juP3Rh42+134Tu+87vwJ//0W3HmzNmhLVXaMtBr4TON
C+eG6Wf+c4DNG592xcjrz4Gv5cWSAb+E18BeYuQynVjYpGUT2MrP/Jk2W+idlWG+t69L9PHyxyHL
ZUXuGG/6hEv5VmCEcWX9kiDIskDHqQp8TrvkG/ffUln7NDhm5BtPzlkFS/Uled0YlufcRpWTQbZX
oQ3kszXuiYszHrwIfPDiCh8+OTHjJF1G+ugh8NHDFd51seKbrptx7yv6yR0+fhfsFvNUFrBdUHHr
GTyn3ualZPALNpi/+CxW7/r0c1rftZ4q6AQV/7eszzRxf0/NNmQxzmVZZ1ldau9WLWT5fv0TR1Vj
Wjl2LQhbbI3CQcGYV5BO4QjGZtJSj00yRqYZhcYoD1fPogviLBbaCKKnKfgu+VWfxViyGYjGThqs
Vel4eeeIm4YNN39WYlZvPxnI6yl2ol3FvRGvPys8mxHxVd78riA58YPw1K4Zrss0owMxJhHoJy/M
CgQd5/ff/0783Z/80Z3nN999z734nr/0Nnz9H7hvpA0i/+kJIKHvhH/Zy2fxwOZtLZrHjD70NqbO
5Brr8TMp5eQZUFnlXz4SLBj2VJFfH54YQT64Ja8P9tq9wH7BDmIepu3i8KzynowlS5k33YDZIx9v
AofPnzb8zDtgJ+Jwn9nYXNNeDcbBZQYQj54iuJldqddWO11qX83RMcSGZeF+rR2vUxRjZ3CXhD3H
qi9NmrU+oHl3Ke/c5ICfGMNwRAaxEjI8HU779BUaxLaEdtsKHLXFfluf2criNAEPnZ/xkYsTPvDs
ybnMJ+nqp5tWFd90asaXXwe8aj0F/lM7wQy0rRex4PW3Vly3Xhp5z30aLlf5+LmXtRF97pazePSr
7wQw6qmwWixd5id0kM7y2Geyr9SGMBloOsHuVODVdr5AqtZ2DvRmpmX8BliVpykob4wZt2R82LJJ
QTMaCx0DQwiyUVERFbHOAjTxMmwwKtGViV8KgxGWd0DD3RSb4W9tCMnaXRNDn+hktLIy4TmDM7pR
/UwjawsQvfQVCEA3iie1wZQyb7Ky8kyzsMwrCjJ4nBhJMtbtMZd9/682w3mHx/lN99yL7/m+t+Ge
P3Bf9ABwW3t1W16i3xxCZPWH65eJNyGwmNZsPBfKZJOzWmJhz1di2RT3mtcPED21f4B+7N2Cwcp1
DCEs9FyFSOqZRT5JCRNpy1Pgt2eyfNC+chpb+2uc0PBEhMtXqXsj9NcVCCWuGoUeMsYwxKhUL6mG
tHhokjyzFAzHRKizzORjNbmfnJbU59Z3oZ4a8eVbRwtIVtBYD4azjCFr55LJoLzlvJQINuW/jmfF
uz9f8emjCb95eBKacZKe2/REOwbvposVX7wG/tDpGTevxvOkt2Op4tU3AK+5ccHbXI+A8vx4nwGg
YhXqerl7oYMTEk0mLoRXsG0UbBLRKe7MTGxOk6Mqw4YwxBpl8zoos0RJuLXPxlavM+RxgUwK3JSW
WfR+YsV6VDgMNBDJYNS+21/PuZ3NaLQZZqZ8l7QF5xFt4MrL6iRFpCd+DIoEUXHahxnwYkfFDi87
vHzoBvSkfUXGndGC44LMI6vGA6ewLEx0CXmlXe+7/3jD+e577sV3fd/b8LVtY+Ci8UnfmcHtIxhq
Dd9hiUV+D7RueZTXgeUTIrx+ovGOrDthuCBH/NMVEMWR36UnidiPS8SPqwgX5HRwg1BTnAr/oE+b
3ISVqYU2gfMYbokxt9iG9m642tpwpLoFzdQ7D3oHIJwHzRW7YY8Rhq/mFdl/YeOM8gDxllGuQ1eQ
WL4o7ZnEhluIK69x/4NWWeR7WNHbkSoq3v10xQcvrvDopuD8yakZJ+l5Tk9sCp7YAO99doV7rqv4
w9fPuKlt0Lr+oOCumyuua6tEi7HNz1Gs864UjOh6hM033fGyNaKf+aKD/oME1KD7F8pnBrQlXXnb
5dEOIRzyvBSKgYZ8DjGTZOGborIlEH/WeO2IwyFEWekGIFcCJpzJYBiWY+m4ESvroRtNOxfh9+r/
0ENNCKYZLSH2kcs0Q9auq82sktABiIaGXlyUGepWp9Fk3c4MU2OvVjpyReDxBi6L99ElfvWCZYbM
YFAWmngkxt1nHnkYb/+bP4Zf/Bf/GEvp7nvuxVv/0tvw1V9/X1x2FiOEDXurx1DUY/Dck1m755A3
B3D5DQ9AHogEk3ExL7DmC3OG2nGj7IMxYsZ9AXwGbZvErEwRAAHGFI1YxkP715JNdpjWdqV3mTpO
Dfxg8PHFPVmbvE42qGqbxBIds8s9TG6YDNHjpfwCltLzeBUtz4babW1VnFkgBlpYX2DcpMfsOGxc
aXjpxUhcmYZshPeFZAMBDsdmLghr3ejrP6gfvV2NJuZogD2j8gNNMNLE8bN3QnMAQOOl37kw41cv
TnjkqOCjJ/HMJ+kaSu99tuBjmw3+9h0XcfvNr7gmvM27ksdCl4KLd5zG9S8oNi9smmuU6axvVJYB
lJdsoVKAldh0kx2rXMgOaq/1JlaDyxv02ageLlJhIK7EksTAljbb+yyAtIkaAQ6PFPJinQVRMaE3
VDe2ZcuTad1mTGoZVhhAUBxLcO27KqUsT0ChxhfsdU1nPpQnLK2WyAy6oqDtztK+6u+pJ8/hn/7D
t+Pnfnr5AhQznL/2zfe5wg4oGK5meBVqzzFJjb7QhgWDBvSZNZQHlWVZ4kfpsoCHldHJwHHGtsJZ
QHMRh+z9LlJmuPNzNfaGPElfpbTWd8fIFSP8kqeZQxd0lWRp1SaMB0TapDQqsQ/V4A8N1I40OZZM
IHaQNBrR2N33S8U5plqdIJyPZV1YylQZzAqKgD10fsaDFyd84ALw+MmFJifpGkzfcHbGf3Nzxdec
WQNYX1Pe5uNSxQrrdcXL2QsNHK8jM71rP9xxYHKQjeKmu1wXqEDm32R3htA6N6DJiJzaX5ng3iog
Xr1dEI/74Phje8ge6IIe/rAqERE28tT7Ybj6cVPTNnThiDavqLKemzvSlULpswejySHFSZcGfwbi
KR6tDG9c4iVerwtbfIzAk3rJxYhVzVmmtgxANPUjAy2P914v77Qij5h5Fs2IOFhHOJZnrnQMl4GV
yUERmIz2P/jbP47/Yw/D+Z4334cZPXyHPZ/AuMHrqGJ7/BDFumsMkoWu2NEzm7ltHCXGZhvHwoZW
K5p5on9uWqPn2lZU0Fcb2MCwOn2iJ3wSDCuQAUM8xbhbHlBdvOykx9d5v5Bg8PbS+GO+5smtHUE4
VRqbjuz2w8aZV123tNxQnStiJjVC/VV7+KyGGckYqNywGg1g0IzfNjnb+FgxvXp2l0XAeJwbxxsf
0Zixd/yA6eurU7rpmcqF3eLSFst31GjuFyJJ3szg1bumMmPYN/I1OAfZBmkZw7ZBtbaj5FZtXMyt
kjBxsLZM/XzmX376JJ75JL3w6a7No7jpusfwxLO34pHVawEAN64v4o+/eoU/fNOEmw+AYdSIt/la
8DovprJ+2Xqhf+/OW1ynuh1DNpWr3/bsiISl62s6QrOUrlN9BY43E5qNWXoZTcX+tfKbDXmg2cA8
NmWS/MqzXhKgvXG9inW+EMn75TnCZR+wRmu7BGUpzvnutjnwa9983xBycTWSxm1fLR7YBw4b00ue
UU/PMd88r2xZx59Xo/6rPX6vFl5D315lJnte5NZC3ZderOKhCxXvf3bCb5ycz3ySrpH01et/j7dc
/zO4e/1r2wc3AD//7J/Ebbd/f/M2AwVHwTB2Q1m8zdeq8Wz4rtfrl6UX+plNwXH35DzfyXQMi9M1
e/tOkaeztBKbdpGKHY+0aha+HbWWyWa+BIKvp2XPrG9sm2M5P4IL3fsLbOuy2GqgzzzM+7MRT8w0
dW+wbrQJO9abh9KP1ZLLR8xrxfmCZxjt2Cqrp0ZFvhSfassHnN8vDaGZkXkRjdbWH3zxDNPDcOd6
j9rlD+ZZ1WuFGZDP3hxh4NFPPYyf/hvLcc43nDmLH3zb38B//cf/tIPimwPZ88zeNvME8nFi7NUE
eh73vDcuLmVLg3DFpmVl+oE81Op5RaNt6W6Li9kAACAASURBVB74uaLHQREN+Ct7H+3VSuSwe/ES
fjG+DnsOWr66IDT4kh5NvkpUervVy2w0tmN+VlOMCwYQrsj2fmj8Z3mO5rxM8Fo2PNbJpLe0Mrpk
pmOUvbEDHPMg1N7OVZM1WTyz9ZmNbfNMzMl7a/dwlGZyeYtuyHWZZMfYNTibTZeXeh25Lw+Wjge3
0+rSxDIMAA6PYtuOykjjbPWrIh5hWUvFu5/cbgL81OHJ1dkn6dpIN64v4o8f/Bz+h+v+CW4oTw3v
v+O6f4Z67pfw7Jl/CWA0jK9VQ3kpcXjJy80LffH0ASaU9CIutRGKfFaIjUMWr+oEXgFfSraC7Jd0
sU5d2VXeJMQZSYdOiiQzcrhxIXyCkPA8YqgpnExZ8AY/rsuVttQVNrpkOCZJ82feTv4ejGQCrkqQ
32u5Kp9agGM9Fc8lmAyPeOfYtJTvZ//Oj+Pn3p6Ha9xw5iz+zPf8IP7773wrznzh2UXY2uYlhjV8
d21eA79bApbx0DH17pNS3ryE8qEcjYN9+4jrDHgd857rC+Wc4Hl5jhELlemYk7KZUAswMrgL5dK2
kYFfkWTSRwsAM9jaHzbh5X0JXnHpNGKYPAk1eEvyKItTdtmWFxnypY3J8izCqXj3UxUfuLjCp0+M
5pN0DaXB27wjlaMnsHrmPdi84t7nAbPnPrkX+uA05jvPvGyu937mzCtdaKlDwe1AtpEksfxcMg+q
vDC9sqTj1fg2wGs2OMNB+KRISkE/OSCxHDXmxLza61X3PpunKI0DJeT5ikaOPeU4RI5DUU3DnvJI
HTlCCqPyKYQXX1vNsaxsVAwnitBVtllHBIOiNI/23GnqOrpEOoJO3lhL3LA0scOvY/uMoRi1ucZP
a8u/v/+deNv//Bfw2c88MjYEwB/5Y9+J7/n+H/YrtzXm2+b71kcDQ3N/No+dx7E22tQZqHp5Rqtj
noHKs0yM9BNbJxpb0l7GfZa8HuuKxMAy+DKQmdeyE0QAiU0VvDgVxH6zsRnwoj8bS4Gfrb00q7fz
gb1KMerd+GP8qF77briZlxUyLjzmmGZ2Lm8ML4GdTbDt+0be8YRZeWAQtATQSdFosGkErJXGpJ7c
Y3k37dSRsj01h/vYvPQbklelxdcbz/t4nojWtSuHCjryk+jp/Sw84IZ4ie+J5H2fQ90aze9pRvOH
nz3OxD5JJ+n5SzeuL+JbVv8C9536pb0MZ07T07/0kjGg2Wv+crre+7N3vxaljrrZVxxpT5Nd8lYo
n+5fGlY3bU+cyXt0eamb0F3nz2P5ucopHGHzlTRKLX32XmXvDEE72iooCaXYwiyCDeYCuo+8jMdf
cb3swTQc2eAM6qK9KJyf87LSoXeFYbOypQnATtdPHXHV7KYg2XjKQDJNCzVU21ulv7TNwPZ0jR//
4e9bDNd40z334ru/72245+vv8yVgLr+EH39aPm7bXiq8UD5mfnstRuiSUZnyARct0SBW45hhVAHG
dlqhvFyX0gzJ78EQpHJah7aF6WnGtb3YRWu/xEXw8cmY8bo0yH5qmNbAf/RDcQj0obHGeGmd3FYO
rRrqTOTOUB+kCypVWfoNiVn4ifJZdskRpP5QVvAz3FZCK72AJuOjQRZT3expPrk++yRda+muzaP4
1i/4V4thGvuk1VO/iPNnfwjrg9NXGbsXJpkXev7isygf/9xL3gt98fQBLrQ4xg05EAYbB4kteQki
jUMc3VbLBHQGmnTRmhHimEk1ELyyZoiwhvJYT9HmcwXKDD8vFMgvAAlYkoHHHhiL4QXgp2XwyQce
78p5LO6QyozUQDgpQdvrnUdKPdCa2h28QccYz54P3UBRIysYmCW+52uljRmY/gbX2gDkbWDj6rhw
jT/71h/En/uf/rIblO75zCwXagfjyfSa5DMYh5pfaUxwverEiDVYwYM6tC7iqpOfoXmF8Evaa59s
sLOxo/jxd/YqA+R1rNGA4nJqbAdekknDJPQDuiAabiJEbKfDJf42w9Laq2d5G16GJ+PGOCz1ndXB
YWHaTjOgeQz4iTZkHKuXga9YV14KKwNkFLtPSOSfnTZj+KLkfK1jnGO27c9PB5p25LXvJdKU+7QU
oJaKX35yazR/5MRoPknXYLqUMI190vXnfgKHN//wVYH1QqeXmxf6idefdVnmJylJHj5Noz9sHyoI
0Z+rM9T3miVOEUusn9wOJDjrqi/JuAsIEaIV8I1ajhjls0tNTIhzowzZsoqN9Cw1bv5yeBiNJq7X
Gsaziplw4LbY0rHejugKE9HAz5aIOc/i8vGuRNZDNoHhQHjvH6rDjT3rAwHPdAozLXqPlufRRx7G
j/4vb1k8XeNPf9cP4C1/8a/ghhbnbGU3tYfoaLKQHzbKOFQoi4sP7beLcah/wf07xfK1UpgCl0Hk
gZrkYcOZack8aW0JBmBCdy7LV0ersWwGtX0aL7uBmhizA53F6DSectaidmc3Ylq57Hxup4XhJXzG
l5kE72pijLqha/0PKivJJgq22RFUTie5bAw7vIaj4aehYtzHvmmXOslCpiyOZzNLeaKDwTLjPeCh
NLAycuSdG+q142401AtUeCLDTgquc5u/4lc+fxKecZKu3XTcpsArSdP59+Lo8MJLxgtt6aXuhb54
+gC/e9etXc6RzHUZiRa+2X4PxrTapRjlsdmFJu8L2b7Zajkb0R56WLYOjjVrdi28yxDMDNNgrfMD
SayYLbaEFaQSIItT1RmHnZ4wKHJEw9OKVlP8C8pPiR4MCDFIL1lFkfHMSZqWx84mtA7vE3hqqPO7
n/2p5TOd+QbBLKlHL6s7C9swA5rzsEFneaH4UvuDQaV1XUKHKI8onzB883BOOL4Kfq9drUY1171r
zOlELR1exls18n1m1AUcOLMMmGzSE8ZAiXCDUch4l95GB5XwuHr3FXcVbowXG6b2mXmuM3hMK+Up
XV1jemjIiXcB8aP2A09kvB1AyjeBR6Vv+t6FFp5xeGI0n6RrN331+t/jm069C9926l9ddcPZUjl6
4iXlheb0UvZCP37XWVycy3AHgq+iiqFbQXutVKmKzOc8IfRDjUOFJ3owwCzAOnhgSVmYAvDlzuYx
dni0UU6vvfVK9OQYVu5cZ3sejrsjfGxTzmAoESEmWrLdfkEMLai0VEv4DsbNYMWOmfh4ueBhT9LS
0kAw3rU8TQoMhl4v7TGfiXGhBjh/GjqPfvJhvO2H3oJfS7zOFq7x57/3Lzsf1IrA2MXoYO8NPaYf
GS/uYWOjQ0kiFrRfCILIkzwLBLZXdQLxgh2jX6HvjE92nJ2BHIx5q2fq7bYmptcsU/urfadMgzFF
BlYW/sBlQjkxwpzHq0z4qL0BPPdBobCRVexfM5BZcPEGPEXQhr3TxvoMkcYBr5leIvKqGrqrVcTd
jGjzBnMaLnwiXvVLl6x8OxJx3vTnq4Z0di35ZjNutt4iDw91Y/pyGyxNRFsgyiyeICrfAcCMind/
fnvk3El4xkm6VtON64t4PX7jqoZpHJem8+99Xup5vtNL1Qt98fQBHrvztnD5lB51zLJzMmViDgSx
T12+g1by2zvXi03e20ZErsOjHkq3UQ0vS/NMmwiX7LyQDOHEaMw8J6LnlytiBAWWvTbjyZ/tQjgx
zrjqvdrKiTW+/cZuw/lKk88rrC2VnkkeL7NHwz7/5Dn8s3/0dvytn/hf0/dvuude/MhP/H3c8bo3
DB7eDL/sOeyd0G0nudRwTMosdMNOcEt4XgIqXlcYhJcJJ0tXm432bfPSeMjaetzY4TyX0p4A1yY4
2tFZXXsywy4e3Tm5tfLZBIbg1CVi2wQS+/PBrtTHfsWvnJyecZJeBOm5DNM4Lr3UjrTj9FLzQl88
fYAHv+GNl6xABtmaCFsL1chgZs6ytJ6S64oKYK0XQAASI9LemyeH43L1OK3sqPLNHHelm4fI8gaP
ZEHY7Mfxh6XhMKNfnFBAsxSZrbgHk6wAu/Z2WNKlOssU3/ERYXPbzHRgF3MseJUygnv8zdwVryry
FcXzVCTHf4GUt7a7djo5flL/A//unfiRH8qPprvhzFn8xE/9PO55832ooCPJgMULaYBtXxxR/2bh
PwXwS3WyGGMLjbBLeurcLwXh2SEQLwvxOtHx9PoAd5NWeuYevsRqdD4T/NyxSHXaweq82TTUzX0m
ExEbuB5TXfp11ca/eg174R/SBLua2fE0D2jtxzEqnuatZo/tWsY6H3GoseM7w3YMD8Mv2QwyCC7m
LcHL+sX3RJRWnoxUS8qjg9xLxvoQWzz1PtNLhzweHuR9TsYie62nklwPT/AKtrRfnqTQ6RknRvNJ
usbT1d4UeLlp/cSPY3Pnv3xBcbhaia8cL1/yhcBL6GbCD97znwGbGaVd7mVKq7LeEHnqK452LPKm
v7NkutXsraXjZBmmr4AmeM7NNimkExav8r5anpMrScEII8Wo3qBMSe6bQsjGDo8Ug75cFaaxoVcj
7dNPT37uHH7mf/+r+Lm/+7+l7//If/ud+KEf+0nccCZehlISA0XTXk0px9NM4agxocbsQjWXRdpL
7c/nYpwYnKXZ7j7lgThBWcqzhHD3cm7/ZXG9V5wWkLvcMXXVzUmVB40oThPLdgwxuD8uD43uaT65
3OQkXevpSs5ufq7SS8kLzadxbOaC+hK53vszX3YzputqCD3N0j5i9JJErToldxRWlcBZwznQdpWt
lQgGrO4eT2rQPHzw9ZIi0Y1t89xnA6sy5q2AX3vMDXdvNR07Z+84fjjURZek2OxDT3DgXe4hBraQ
l0xgZ221q8b52lyNU7W6D8kjbZ55hW1xv+rNZHw2FXjf/cte59tuvws/8hM/g699831DLC/Hv2qM
u9W5IS+mxoLPc/esOc0YCH0Np4TU3h424g7sQhWaUYLKV2C43ljr4TTMVIFjB6DhlXlHvQ8pr/1Z
uJbyFpctVrb9KEzs9qmrDtZnK2kLX7hhcCyPHn/I48R4c9Wui9+0sThN7Y/QSe1H6jubDAAUhyxt
4T7kI9vmhneIB8ZIP0t2hTfn8XfovFqp7eoOt/Y6H5PhzCsNHI9Xpu3fZtM8HLxKR+OG47+d59Hf
wd9VPHi+4v95+sRoPkkvjnTX5lH8iRv+yXO6KfBK0kvpYhVOR3e94kV2OfmYPvNlN+OxO27b2gnr
Mhwnqvak657aZax7jFmONptzNSFcHGaJ9/xNpe9zsWdA4sCjevj7WneKB2s80ZKs191DKQaWGz8J
iMVTLkImgoNoZGpMcKrIjzHWC+UbQh1AdBD4Fiah3iidzYS4SDJ6FFefrBT5naQhTIRgsCFkSvqp
J8/h7/6tv4p/+Pdyr/OfaUfTfcGZs2MfIQ+R4E81gDQZHzmfcFvap5477GXNiKR2Du1drnqoazFO
VR5rPuWBlFePSUt51Whnoy1LWTz60jANmzr5OZVjA9feaf/ypIg3+4Y627NB4HBTEpr69x0EOo7O
Voe2JeCHhE9rbx+srNUneas2TOGAJkKljx2dUO7i1/94fsb7zk/44LPTidF8kl4U6VoJ0zgurZ76
Rcyv/OaXnBE9rU5h8yL1Ql88fYCHv/HLcH6egqOiZPoFUU5ryOqQdghadlwNh0XQzyUQ2X6YNSsX
E/pTwXB1t+4IZ2WhHiw7DcGMSW7oij2JtXsqIUrHPEJAv4HQr3E2fOpIiLCEzYqR89hXiTm2iiu6
AcleZvV+LnmgfVJREON4ENtn9RrOqqwr56t95sVtYViW/r9ffSd+bIfX+Uf/2s/ga77+vmg0tS92
Esqq9Hd8GQXQ43XZc2zGR5icUNusv7mcHpRu+XjWyKcoWFn7dLjSRjWe2GOcrWo4fJ0UCA8EA5on
PVynwZNxxeUtDx/B4xMNnXhRo7SdqYFp46O9VD5mg9Paod5+s+F8RzSIxxLpYjTmvua6GTdub5jA
SntZmHp7dayDxoXJLcT26uVQzg8kl0wm+Vi1OLfSvcuZsDZ6TM0TbVnWMkZ5QmN5Hjw/48MXJ7z7
mYJn5he7L+kkvRzSC7kp8ErSS9ILXY9elF7oz916Fh//yjtQSsG06rHLJmOngngjLrpstZXGYHeR
UWxw/Lc6VczGMY/zHPUVAL+YSsMXQz7SLetQWAwFVnDm9vbf1GBIOVMUYckUEQ4fE8JGr17J63BL
NAKsVdlxeA4XIyx7V4kQrEzVmGVPHE8mgm5nzSjwg4FKCLEtoJEH7ummuvm4Ow6etzSV7Qkb/+Dv
LHud/+x3/wD+wl/8K7jBvM6JkZcdTWd5s+MK2VPMxqyuShgtNHDfiUAwNI5XealS3uEiDZDxRPg7
72ubxWjM8hYMXcxo97wlDuDhCvAS8/JztUuzsBalLePB7zNcQe/0uxmhPK4YuPMBG6MmjAinwsWp
T7Ob/oZxxnDJuB/4gPJmcoL7XhusEyQfXwZPbqRiejtexDN+nGWy0ZB5wT4fPD/jw4cT3nNiNJ+k
F1F6Ps5ufi7TS/JilbLGtMKLxgv9uVvP4rfvfi3Oz5M7QoFoK7LMZ0dauEivdHk8Y7RPzZabCob7
GtSDnOpLUcTB5lElXRIDOljwGYJUoXl8FKGAnBrXojBDXKSWYVhiQKbJjCsxzLJEejBkHTzPhKcp
b/OAD8QlZbzUBjUIsu9WnkNkhnAZMf4/8+mH8b1/6g+lXufX3H4Xfuyv/4yfsJEtZWj7QxiA5FG6
ZZOVJY9dJUBF8nIck7YzGPNcN+X1MiXirThYXjd0BHbGNmwULhqoFT6DPTbtsnIJF554MH7pJCPD
eQnuPnjR+NZJY3rDn+GVCCo2btXIZrx8nBSKw7d3bfzMGNumeGbtdPmmEwHjP/RJ1+C9ILwsldLi
7CQvh7A9fnHGv7sw4dfPA49vTozmk/TiSNfipsDLTS+1i1X8RI5r3At9ePoAT7z+LM7ddQuerRPK
HHWCJV3hM3m6XsXfs+QLNpjYKO6II7syKFAx4JfS4GyVtOaK/Rg1zmHveRZQRze7NSIzqFmp6hFZ
QenWqNDUEGYjXOMa/fpwKmLH2LmBZN7q0icAllkNXzcCzLvU8Jtr87qR12lDV5dXUP8kRNfrqsNR
e9yW2PSwcbFiu0xseP3sT/344rnOf/a7fwDf1bzOtvxhOBaMIQ1csW3WVK+503gimkif+XK61Ul9
422mfg2ewBL7GhiNL40zLZRHY+d5ad/p2drhxyASbDXAljZRMrzFSR0VrEKjkIVoZAYn0z54eNsX
HQOWn+/+sU++SMW9v+i0DzN/HW/URh8ftKwmwzQIpwrg8IgEWoPj8oMIyf1qAHihRcemwZ+5w6xs
cnSerm5MVKdlrrVt+BXjnVfM/n/23j3csqK6F/3VnGs3z73ZGhWhoVvteNRzcvIpBzFq50GuyU3U
JCbRkxNf0YgEMcYYENH4QOW7QcXkmijig0iC+AiJb5CDMaBRFDVq7skXFdKRFhClW2n6tem915x1
/5g1Rv1qVM219+5eDd3NHN+391przqpRox5z1m+MGjVKng3ZyCLFS/qx78LO/etSje/sOVCnt4EG
yulgddNYjg4lK7RG5AhW6Hbd3AF1sMq2Y+ex+34zuP3EB8OFl31dpXOYzLuyeldV8X1ccgGUuUoN
MRK+zuA0CfSQGYYBfUG35oUtPEtzrpTZ+Hx+bNsAoCUTTxgW+zn7g8GzmWiTpI4E44oVJv8ekJ9R
AqAJQMGUtRxfXo7NfGgof3LPQ8FzUhfi5Qt8ovCRse1olrn3mgw8B9y6eRNe94ryaYLHrV2PN4rV
2fQPa3yZRbtUdk8arbKpU3YfxqJfqqAvXy+KVQDPSR5Pssin6WdZDSjJxe3UK+9+Iuuza9uT600h
z7M0mXIL88M8GDwW7TNT8gF29Acq0xYj+TWNua/xqYWP8XlH4bM4fHrKsDJzmlLMaHZn8ZQ2G2v2
5Q6Pz23vws59e4jVPNBBRgfLpsC9pUPWCg1gz88fiyMuu3cB9NLhM9h1zFG4/TEnYHcTLbHJOxQ9
84gjgxhyYxyvGsr3zICKPG+yeu0xEesopgwv/myF2ps5Ltwf1QBGIZhdXUULpT2mVnyTBeHDRz8T
9TUt7CCvHFDRIQEtbdSBi5adxHc0/OkmQm4UpOkb45vN4bCAuNzrAD2IwSoD3DDCX6x4nFaswNKf
EppOElV1Vy8O2zcjIa3Iuq8aD3JXkaROiINKypBDUi656AL89TsvxI7t27L84ut81Nx8d8hGKEP8
qB3Xw5bPQIQGnEc8ECMBIDZNyJ/Y3cIYkINomiBTAmYdos8wA3xhIWWalRCgsKmRwY1Px4CGausB
UfyQl477puYUUbUc5qcPOoxVtZCX23xkQLwQZ9dnxSqR4aFuQoUT5Yby6nsiyFiHMWX9hxm46jNk
2k39myXkXSJo93HYjBnrjoCq4QeSwQLnxlzQvqI2FzbyrHPIIm4nfpcsjlMQ7SRsn4vvNHkmrd/z
vy+0uGGhwv8ZImgMdJDRoeSmsRI6lI731kNV0GA0c/i9ZoXeduw8dt1/Bj9Y92A47/TF7RxQj+I7
umk7/MA4zXtgPPaoa6ByTtPaVWchAeMa3hfAmlHESDLHMBb1PuIO2SxuMafIYw2AXOaoTvEGAt/k
IJWDgVgJ2N/8p9ImU27YnTu24f957Utx5Ucvz+7Nzs3jrRd3pwkCZvl7H8os5V1NtVZUttVW7gU6
WJ6BldBK2nx/P0v3BJWs43vFB2n/T2L5rYUWN42HzYADHZx0oMdu3l90KB2sIuRRo678PXq89+Lh
M9g9fxS+/+huU6Ddj7M/aFXzFFurV0p7WYHRYWuiNWip6VC1WLAmyecRw9VpUGu671znpytagWgB
1pIoxH6MYkWekV2Y1ipHDWMtlTUnkbK4jFLViJ/dEGSt32Lh8x7xKOA2LkOg6uptrY5s2U9kd7Ft
1IoZtCG2ytUV8LUvXYvXnH0avn/rZlsDnHTKRvzFez6Go8XqTPVShcB1bcE+wWq9I/9woLNutp5C
BoLamtpc/eFN+5Wsjfwb1BYVtaMc3GH7KjvgBvmYstZqGVJsfRRiFxtn+so0TbTIUnuKv5b6cpEM
mWXU5FcZ8iKz6BFcFysiW+M1TehjOeSm5KojFlSx2Nqls6ROPraPQ7TEJj5sZBUoucRUpqKye7rk
my71aIxsnKYN7yfuM/XJDr/HxozOS4TyaX3mZUVFLRwt7QSHxye2O3xz2Aw40EFKh7qbxkroUAxp
17QOeNg83H/etV+t0NuOncfOY2Zw+7oHow7x5hwQcVt4LTZmHoEcUFVFPBWxo9N3sfCyrha6Tym8
k9s2zhvCpyHAoZZsuWIOAROy+Awg+WjlsXJxlZaqC1cFH2jd5OVT4CnkS99dPulZ0k1R9mYJrLjy
d+afbCIs3BdAlyKKfbOy2ToWebn0K+fpOyyExFNi/50ENDjgkndcgL8sbBScnZvH8884G79/5rmJ
y43Xf0jBBoPfUl0o/6T7jr9QwtVofVmfL6O0TRYkbbO+9K7n+96SLcvpv+nwm5SOqQ+kl14aiVuQ
UbI4XyKLR3IyoGW+3Hixck66nnwvaQ4kf9YOhQK4zvKSLr6XjEDi19xtBpzGaBlooHuWDtVNgXtL
h9rBKuwLvT+s0GJtvv3RnW+znNuRGa7c8nN/gtv43e3ie14xHHLsxIZA+V2cHyJb5Zn4YQsv4ktY
v8guc30MNBq3EcVrwS5YJMm6yH4j7NMLBIsQmSFlktKDMiRP0ELkGqdPJjkCkix8BvSpsgrW2WoW
7lsLot3tyfyywx+Ql815RU6xfql/ZVBMxuaY3yySAJXNx1UjyH3b5k147cvLGwVPOmUj3vCWS3Di
+g0JcNYwWuJDPkrrrXIX5OFoDTpoTJsYLJ4cHW3jhScxrk1Zyi90VMnJ3z48VhAH8sul63bnrJXH
1mESPNI0jsYZXSuNWVC/WoXPmS9ZvGikVn0rnx2jbJUH0rFsfbw56oooyxyZReQRS7YH+SObF6Dw
SKz5LKt5QcmzyS+9vpejc7TCYDbtJn7YVDbQWQ54/KiFnMb+OMigQfxJXIfOReMzu2vcOh6O0x7o
4KSDPXbz/qRDyQrtabdRO0Ur9LZj57FrfgZ3PPTBcHC6WiyW3balyBnh/TwexzQgjOjRYRHvoROw
3Ktlrm4CvypirYYOWYHgRxdXTz3CO1wmspC4e587ffdrtCTCf+xJoCu1juZO4/3QaDnpXD7S+M5m
olVmdnInoCu3XZ4sqThvDLS8pCwFOixDKIAnaCsny5HwpO+TwFG2rO5zORkxaT182m/SBgKwbei2
UltKvtoASKGvXn8tXvfy8omCv3f6WfiTV70p8iYxRRZXmUyMkuytElAVZaScpbj8LgOVT9nje0DB
JYf7DGmfMgjlpKWlfa6LbepsXBleJdJ2dKaOZjxYGSa5avTJIGmyUw8nDV7kgF54Thr7tm1YWZI8
4pqTAGT7/Ap/BuWs/Eg6l/a1tF9RKaIxqi89j9z6jZSHty4bfFBTuKVtK0uApMB8Z0/n1/zFhcGv
eaCDk+5rmwL3luodV2H7US/DEUfO3tui7BOJ9XlaVujFw2ew+5ij8IOTOmuz94CTDek8j+s/ZAbN
opwOXeQynxpeLU4SMNsaI4jQSuZENsAIeOZgB0wC1l1bntuA3N2VN6oDwKhpI9BKfFtV6lxAkUeY
CcjgCvIuezkW1062zI99FIXYGsppeTLVyVEqzGILP+FjQEWfdbMPAIn88slRHzzJCx4E2liRl8ik
nSyfVO9LLup32fhz2ihowXNiIadBrvU3CkIJTDFZhYnTyXKHxeli8QOi/xKPGz3tMKSx4dh0TNG9
LAoC8zQoNLMSI/pAWUVrIj61/Fm+UIa1aLObUcbOyKlsg2B2DBXESchanrn9bJ9lAN3InPngI/q/
q1JpXqLSl8LPxhgvHbYiX/qs8j784xehvcbPs4L/0OFSto3GI+OVXdZc5fHJHQ6blxxuXBxA80AH
Jw1uGqunuV1/gaUjD+6QdgqaCUTvrScZggAAIABJREFUjRV68fAZ3LF+Hret7Xybqyadx3huUOsy
YTyL01Q+g3E0P2juov1fLTowa/c2ZTjGI5tnkxVgBzjnUVVO40+zfCxXH/K3808SJ5poxAzZ9yQB
AD5aSXnC5Mbjyuh3l1/PBJQ/I5nwR+EeV5qP1+YJWkBqUg0LOCivAC4BWoklW/8Rb6QbFh26oN7c
uSWrsgA/u6kJ6MDmju3b8GevfSmu+lgeZeOkUzbijRd2LhvS7g051AvQ6AOJ7LpiLbpWuZDvFtQm
bWI/XarA+MBXQT2VzbxqcwgOgzEf+CaaJdJ2VeBm+lcEY5lsmzCQBPL+YmIXHttQVhlTvg6Zi4bP
vkSZ7IumJA6PLyDyt+4anNY+gtqfDKhN2fK9ZO0vBbnn+3oaJFIFS/qu4czIx0WiCNqXJWcNg0Ss
DPZlqePKy7jy+MIuj39drPGdxQmdPdBABzgNmwL3ng6Vg1UEOHNYu5VYoRclbnOIpAEAtc/nP8V7
BQCsq4Pi3mHcVHkOlLxNQ/MF40kzcSb5jOwNnWgo8syom6rT/DpvmflD8qvxliYoxsCM9bQtXBrw
YsQZZRJLTvYqIHyekFhTmGR2l5YoTlkFUMOfSZ4+MMLfQ+V7lIv0Oms1iPlKcpYsacxD5npuvhIP
9cuhPABwy82bcPqzysdx/9HLz8cLXnxuZj0uaX+lditZkYvylfL0VcZkZMCd9KFB3yUwx2k8orXQ
uqEweNayrKJUSm/AF0z6Et+EHytGyMdAsYmWafCJCknPM8HfDYZP8k5yI7EXrcJlqTR2rDU4vdnD
x/zZ7Cw3Wwm8TdhDJTcxyfvvCy1uXKrwxYUhXvNABy8NbhrToUPlYJXMhQM18LBZtP9Zjgu9ePgM
frhuHred8GDM1C7du1Z4b5eMKqGgxDgBGKOUvMcNGGaXDecBew45g247L7Grh8WM6lPNeKFnDlTX
YsOfSTBw4n4Y0jrCGyMWVHZYSgUcwgY0F/GNHHMrzGo6JMWT07dzFJy6xzLkqMJOGojAr3UN0ISg
zgqVSSx3puE4OkUfsQsFEDegWb7MXj5FqxJ52gD8uF/UolbFugpIbFrgyo9chre+8WXZwSgS2/lx
Tzg1AxgJUR2lrTkEXwJapGyqhIxJ3RBI/HVTovCvUn7cGGql1fBfkomUC6Nw8XHa3kMP2eE0VkuU
oOwlizZ/r6hyvQ87XUj6t03bgtMy4C40g/Zxcs+UXRpLfa4XFuSX+JXcP7JL5iXkXHiH8TNKaTJ5
DOjmOsrqij1dUA+gkXHXxjGQKTZUtra3GfPaFiELy80bAz08PrXT4Zt3D6HnBjq4adgUOH06VKzQ
ifU5WKObJ62H/89t6s6xePgMbvy5R2B3U8V3fs5IJ6UkFK+LwQEkhGjJemznD/Ev5nnEzudNYwwf
NCmqKyEfhgXi48MhgC7OMeOxhw8TtMwRHPYOLmITDvOazItUtmA+EUvqUrkOt6kF2rahTmhSucCo
FaYF8FCiPqBh01gZVkrFtAUQvRyVRLQs+qrBYIKByrIWyJD+fe+8ABddmPs7n3TKRrz+zZfgxIds
KPJaVilYRu5l+VEdPN13mFC9VbZ7H4tJMrMsyxVJ74S9ksPyt4B7X8nKNpHtlMoE0ja2n1PowoxK
ysK+UN8Y8R64Zc8YH1+YwY2Di8ZABzkNbhr7j9x4Kw5b+hqamYM7Iod14xBqH3o08LB5NAD+/VZg
sVnB+5AMK6UVvbzsFb7PfX869WJYzeuawEhuVIogWpIm+3hcyma1+IDFdF+6cezZMdwRQgegJv7x
GGpxFgTOPiXex3B4zE8qJZ1R18HSyW3hIw+PGHaELabMTyqRtDdbED0F5iaLmFaJ+InFU0OeTGg0
9pXmMrPrbJULaXQzHfHcsX0b3nzeS/Hpgr/zc08/C2f96ZuSsoWPR9xUV6KRbT/EQSTy9j0crGlZ
y262EYDqLv7VepAF8dMyQ14LpFiDlf5wpg6lT7uqsRTGX12l9XX00GQHtPABHCaNRHbgiA7aRtQf
3DZM1lor+e3Y52Ora1m5MGPWI++vzBcaaZ+khcc8kkbC3GVHphaet96xgJxkxad03Lf1qRaSPtPQ
lyIH9V3JdUfTtp1/85W7HD6zawDOAx28NGwKvOfIjx6APes+dW+LMRViVw6hqq7x3S0ed+702er1
qE4/ZU6VMHFAXF23h04xH30f07s7kcvF+VxWCHU+okOxHKUHKFypYEYX56GGNjp2fHyYPzycc93R
4JJfsB3NgSybYACuX+YxgYiJGDuMBOwqIOW5xxRUIgYqnHelU5i1Jtp7q+Vn80u9+nhldd5L4jJW
otHcunkTXn/OC/CNr+bxnV9yzvn4/TPPLeZbjaZUSrtSbRGAViRrL6QX7Ca5SWlXS9bSyL/ZFyp7
aAt5J11n5rYvS8ksvxJxWb3tvpLBYuRbNs0qkvdRKd++PCbLVdMjJtibMX7LnjEu3THClpVYWQYa
6AAksTY/vL5pAM73EB1Kx3szeP7ado+7f9zi6Hr178PEMMG/l3kxl/aruNLkbSbQSRJOcpO030vp
euBsxn9v58rRaBQzC8JvgxXQ+2gRG8kuRykYnfWtaaOPrD1amIW0DSGWOw5joulcvAekjuF0O2kA
1ZDCdbZyWotXYmUO2lFmqTPaFFvOFMCZTz2AosoBGPv93rp5E1707Hyz4HFr1+Ndl1/TuWwQeVAI
LmN55nazMupxxlS2aJlshQRyyyyPCWt5HtNIrJD2rVpSjfxaf8QHMdP2gnxVHa2PmoYa1MGUaZ4M
uSXvDokEwvUtrTTww++QBoKXL9IXcrF0KA8LMmm8yHfP6cRaa+rC8llN3b7w+Jhzqe8ofDaU0IOi
YSBtLxbUu1hPqhoA87z1AOBaXqxVHFPWOi+rV621UlOh6pYmsoe0X9jZ4lO7Z4bNgQMddDRsCrz3
6VA4WMWhwR1LI/zvrS0+ckeDH4/X4AG1w4tmWzxgTZUcYiXv1pbmMCHBGDIHjI2lNwPEXeEA6Chv
67PsIp6s6i69pJE8LJfu4aLDTNhLgWNFezPb1GHSZkAsc6tYv0eZ4zJ0JdiGpeWqqmyEmTSMHZDG
feVNPMlERuBHN/2twmQkGxWJVaE21AAEvovahNGOEuCMvCEAMwi4lXsGik1u5WZAo0qAAUIi3y03
b8Jzf+Nx2WZBBc/rI3gWUCKgM9uUZuqq1wXomQfEusAwmC3VxQKipO6evvekFT7SD5liZSviqM4G
bfbtBuYllVJne6T90EeltuzLY4GdyMGfnM72T4lf31g1eLxXZr6vIBX5oTX6TMmny8dA8rIo8OZ0
pTaqEJWCSWTdQiBl2r7u6QjngG/f3eLvdg4bBAc6uGhw0zhw6GA/3vtr2z0+saXGv+1cwo/HayDm
q61NhQ/tAl4843WCkbnB0byU4Qt6Ly+3EV6I54sqGCStMdOSs/w9kqgdckuwZoI5KU/GFGSAkSQe
+cFyK6QMJ9H3kficcoPx0jgfTw0E65bvLMi2QmwlFF7WqiyWpgTU0ezsgXgENR33KPy0QogNk9wj
GUq+lkAOwuKNVGuS+mdkOq0i+SWvWCnFZ7ltgas+ehnOO/v5Gbtf+Y1n4ezXvQ0PuP98wj45urxP
UfBxwMnvJjROQz7BCqoI2DvQASXm5Da1UveUCUCjKfCDIJ/qEy3aJNW3NQqRHv8tv4UPg9FQB7Fm
yjj0PhzT7LJuyUA9DwaOe23HkrNpjBLAz4fk0RWV+K5S5la2RE6fWvG9ScQgWdLZfrCKkkPq1wXE
fhY/f36Z6HgzfPU4U6qv9pHpb36m5JmWImQ88jjilyLntydVcX15fADAj5ZaXLp9AM8DHTw0bAo8
MOlgs0KPl+7Gh7Yehht3O3x+m7wD12TpbloC/nlni5+bje4Bso9NcFYT3sXNmPBawYrMv+NyNuCc
6+ZmwWuArhC2LdAmy9sufjX8dQ42R2+LfN6sMDpHvIVf8H2uyY9b8MUa2zw0h1mMwPOuzFOJt0PA
HSM+NlGAQWKmRgDGbcycgGaHDJBK5YvL2iIV3csQfsIspms5rTGF2WUGBj3JBOyyrJnsyWePWKV7
ySAwYOxv3nkB3lGItPHs087CH73SHMltFAXw9R65ZOmb0yoAChmEH4+5xKWBtTafp+V29MjBs7QB
87V1AsxBJ0hdfzT+YriQWc9dvC+WTrbyWsAvv637jW0/X6hn33IOJyopWgygHV+kfNyvLVLZ+H5L
jW6Bt+vpO14BsaQrC3Rfx6zhZ5Eryyd8ePNlYtlGCvBlaVBfjA65zCj3i8jHMc+3Lra46K4hpvNA
Bz4N1uYDn+odV2Fh/pwDPqTd17Z7fHsX8JE7RvjxeGXGg6v21PhvhzW4/0wVwSBozgu72DO85siN
kec7B1RwMehE+OMwqh50oiDP/WTIEb4WQ4qXgmYzxpoSJSvRJm1lrKAcnlY2F1pAr2kNplJ5whw2
stZNB6gGwGk9aSQJiO0pnBtoksndmzRF94pADKAnAVvJWgK4pXTe/C4UnWhEGShi/gXg8r6LyuD5
xS8/H88789wi0snAMxKMk8hQcu8A8ugRCqApv8bqLbSNXWIvjV+DsSLYcmkaqwh4KpPBkzzYyQ5a
I5+CwJ7+LC0dOUQQzfIW69QDtic8v1n7SXklAWX8euRtUwT2Duk4NePQulrYMW3l4gSscGiannYt
8clANcsePu1KCq9yWOBslQiWj5W5D+6ssYUduAca6ACjIXbzwUUH6sEqZWvzylfeFlrgQ7trnHlM
9wLNVustJqP5twSqZZ9XLeAzpFmic0DUYmwmODVOGWBuy2fssRzWE8a+J6E1ngmObEP0NS7AFwr1
9h6lGVnrrS3YhksrNnoJSMr1gNhK/o5SGc7HB5Cws7s4jnN5CXBgENYzsWfgBGnDlixiReoZXAwS
BDS8750X4O1vycHz6y98H578m89JQnuNLSBgDU/KFfBkQq+wZmflUstduCc+9HZQcZtY5Wim6hJU
3mMMh6XWFcdAHWQQtxs5OKNl1C79atxHlFXVAXt1H0I6TkROq0xxP3uqjGqZPC4KoFHaw44X+zAn
YFnArTeYnptnAvJmK3LJ71xPrOS6mbHJTSuZOZQcy1xa3UjGl5E3eT6A7KVmN6Aob5+uNDgXNpAQ
IwbTsvwn/VbiIYV+cgdw4yIGGuiApMFN4+CkA+1glb2xNvfRjYvAF3e32Hhk2GTn0/e1QzfvWvBa
V+nciDCXyvtaXFU9UqzIbg+udmqATfAG4yYT3k6ul4gxSh0EaRDxo7goCis+rE+/BCYe4dA8A5gd
tY3MVdIudWgM3UQ4iSaZzSeSADkGzivgVQQwLEsfOPbxt/BYiewJYJwSyeT/1xddgLcby/Ps3Dze
/M4rcPLjT41+vgbcIMjjSEALiq2SId85r/VdRikPC420jeeOcPiJo4Gj1jjMjNIGWhx7LCy22LLd
485dscO4/S1f284ljc7KOLFbVjI2/Qp5TSizWIwZo/J9bx6XSePPYWWyyzDiJk1cfmj8MHjmewX8
vFeUWThMOfxOsGPXU0VYCRL69t0tPrNr8Hse6MCiwU3j4KcD4XjvfbU2T6IrF2psPDIzt6j1Nptj
jCFFPi2+svthkqyCXSweswYxAbH8vi/gAitQ0eXWYhDzXRP6VCbeb9Mnp+KxIPOIgU0GIDz50Qbt
RI9VNMInftMaksqHey6msRY24VFBg217Y7FmP1DhI+HVSsvGYvWEVDLwtYeZsGuDAnCztGC1tIRB
IY3w/ZuLy+D58k/cgLXrNwTzIAFdD6wZRT6sNLShnSoATehktt46hCPVWaNLBCL5JI30VZtaKmcq
YO4Ij7X3rzPQzLRm5LBmVOOYI4Glscftd46x/e4qaRNP/J0c6w7qM7Nxsa6i5RQeSbg43uAm/S+V
kk0GEhKnlgFuxxs9DKzwOoRXlHkhZAeokPx2fNhA8/YB5nscllE13Da32AofSSeyZs9FuNbQagbL
aQEz89XxZ9I4GKt1T11EHvaZz54Hyle50E9GobJjV5YAvY/P5NbFFlfs2Mut1AMNtB9osDYfWlQt
fOVeKXea1uY+2t0CH9ju8MxjwgV69+q84sLBJWEOERcHXh3nkLwtY7VwXd0zzDznkW9glJVpXmkd
jz2896hoaVrmhC5NBIctzS7OdYfCMD4ozcMzdTdPjWnCFU+OcZi/SqH9mK9Y2HMLdD9mWt4MRrQa
y3Wf7+S+0l5bz/eRLnnHBXjbm1PwfPza9Xj3B6/B8Sd2YeoKmCQhBkoryjAF8vB46AMdZo8cwa+i
8WZGDuseOIOlscd//qDp3DsKtBLxV7pycKhQ1s/7Kc/e0mrKWU3a0lhYLv8776qGg1IGutdpiN18
6NI9ebDK/rQ299ENexxOurvBIw+fniFianPRlF/tK4KyNtEqKzOqRxGl86auJOIFyPJMliKxdrHv
b5rGJekACmtGIQ6kbOufaf16xQrufWdta5BbCTU/NYQe623bSKxowbTnCvVUcmRRM6Y1Lvu9PeD5
PR/sYjyXrHL2mra51KXtLM/wefuzK4HdTChfK/otVkIhab8Z5/GI46PV2RmtZimcnrLUtJgZVZgp
nHA0qoGHPbjGTbc3uHvstA7Sd2z1BKLFmOstMqrGKeNFLOamjUob0kSz1ENOTP25TYRXcjhM4CU+
XSPjQ9W2ZCk3dXKFjm3NvZLFt0GqI1X0qX0WKqOyS5tIGMrCs6RKtljVaby0vitXI5+Y8SxaObeh
fcGMfbxfhUxStvSDDzwlnCIrAA1bIpi9PJPhufvkDgzgeaB7ldY3t+KXjv704KZxiNP+Dml3T1ib
J9EVuyq8ao1HHV70epiJrGBWcT4dh4lJVgHV97mN86BjgIEufK5zSA5JYbwHlFd3mZ+DQ5tswHPk
yeAU6+hhKzOcMj/zgsTT8kajrn7jxqzccpuAVkJlvpW5VI7y5gkyARsGkEnBKzWGZn4n6MlLYET9
ggv5SgCRfSa1Aj7PK7dgvie+uvs4P7/3HRfgbW/KwfN7P3gNTggHpNh27iPb2SyiR7ltLWWW/VK7
hmuPWJu7bCyOPe7cBdy1y2Pnou9cYQDUVYs1aHG/Y0aYOwJJvlENPPy4Gv/n1gbdY7Ay6lP8VjTO
JuTPyikoRqsptG8zbDEtcsDYR+LeVBqj8p15WRFViaDfk8rkx8yFf31lA/EFwjytHNlGDJe2gTPp
E0XCPsN0bfB7HujepMFN475F0z5YRU4J3LzQ4hNb7jlrcx9tbRyu3AX8+tHIJxXz4ndAch5Cco+x
oyvjC6EMg4UyLXxL+bvM9XI5KsFHLaOEHfv4TDCSMo3kEApNG0Bq25BlCxGR6056byZAA26tvwgj
cwaAYmV1lJ99X7nGfBiEpJWjiSdaAE0oNLbC8WdJYeABZf1SmfrA83s+cA1OWLchWzIogRWOhCFf
qiCvrgiE9NZXuyQ/W3jFZ0fqIYO/aYETf6LKwPPuuxt89w6Pse/iPc5QaMPWA3ejwm13trjjLo/j
71/hmCMrtVqPao+HP8jhP7ekFmWuLw9ouSf6plhdvSv0laPBz/UhPqwtSmbrq8yyMA97jeVj/1xN
X1AwQenFf72UlvPwYSWWjwXH1q9ZrQM8FnrKVF9lxLHF5QCpf7jmo/oAefhDlo+D5fAfvw/Eb13H
pJi7jbxbl1r83eD3PNA9TMOmwPs2TcsKvWXJ4X9vrfCRO+SUwAODrt/j8MTDGzxgTRU3+ZlIGbL/
JMHVLn2f15RhyeALJrUY1zGNBzQms+A/7wEfMkvZLYXHExlKBkYtB5EnEH8zvvK+s5SXwHZSViiv
qiiuNa1Ix6O8CSz0CQfERgZNhokrhC0caYPKxq5kybag9Whac8MlCUguahwBHDwhS8P2WcWXox4F
BABww/XX4v99U75h8L0fvAYnriO3jUlMUnHzexYkms8SsdVQ2t2ZtltTexw7lwp2564WN2/plnhK
QcZlAHoAexqH7271WDvv8cDAxzmH2SNrHLWmxa7FfglLg9VRHxd0IYRb+qUwFPIyfOE+PYx8SYA9
j7MkqRlnK6IJiRm0r2QclvIul4aLV/eMwgCaoDv286N7ExVgejd4e72n4t4DH9xRY+sQ73mge4iG
2M0DAftuhe6O13b4/DaHDmYeWCtoCy3w4V01XnK4z91CA1kjjnwmgBqpYYnzFQ2SlMeuuBbTcOH2
OnL+dhUUZPRRzOlItoBNBax7zRiZ6DVRHgh3jDQ6hQ++k4hxlz3y+LE8e2qgbLJCJRVFLFD8SsWX
k3d1OtMjCl56GoejCyigIWDvHMXVdUZzKYCZUieXLIAlumXzJvzx6c9Irs3OzePDn7oBJ5LbhvUv
7Sufcb9VZBjU8dHRVu7MKu1S5YFB54OPSfMvjj02/bDFmtplUU7UX5VApPC79c4Wh42AuSPji+LY
eY/vbqHCqGCuX3IUtTcKF4OyQns4xDjIk0C0fchV6WPxZEwJyHRGvgJflcdctP1XAvEWPLvCvYRF
DwNWKLiunIzHn46vnheU82me7CUFs0tZyjR1z8Yb9TsrdYkSQ2V9Yoj3PNA9RIObxkCWVmuF7qzN
LT5yR3NAWZv76DuLwHf2tHjEYVUKdgmv2XlI5lzBigAdtS3zJK2Oy5+1SnvyJgDyuZI/rVeB+GoL
nvM+PUvCzkd6Eq5gTokoF+a5iny+vTkWmE8trARoE5YdNW02hykIlUaQRlGhbAYzEcstcQ+paBlA
gLkFlMkSugEuroAuRB6+JoBaG4N+c116NRu6JFbISVbj7928Caf97i9jx/ZtyfVXnvcXOHH9hl5t
ro9UrAAsxHWj9bQRUAC0GYB8z7rO2DiNsnzv4fGgY9JALN/b2qjvUeO7xNwfrI2x4JUDfvCjNgHQ
s0dEKzQrPXoy3YS2sSCwMuXJoBYdjvkUl5AQH+SEHyFvdm3h9lKygJVo3Ll8Zzyk7OWod3wYZaUg
TkxqFJNyorS8NssQx43nfrJjK6RtSbNpkbaZLnVxvyOVseRXBwBb97T4x8HveaD9SIObxkCTaKUH
qxzo1uZJ9KG7KrzmgR7OOwWlbIST+WFErhfwEX+wf7SCWGPNKhnEsjmH0jLoZmLQngFyBumENaQO
vBpvg1OwMa42c1bJCMRupKNeKxQVztcmOV4n+V3UVGw0BOY/CUA7kzZbUjcMHYwGUQIGnJ/vFeqQ
KRaGTvvdX8b3b9ucXHvpK87Hr/32cyZanFdCjuRnEMODQto3k99RX3mk57kLPwfMH5naVBfHHnfu
djpQ7TJLYu02A9wB2OMr7NjdYJZA9Jq6we4A//XZMQBaHzzib3FdEjUjtI2AMgtsJ7V5MY2L9XEO
6jtlrd4meULyoqkkxvFe9vu+0AofTQDlOlhmDHazZxHU/sSvLy2Q8uuVywHee1x01+D3PND+ocHa
PNBKaNLBKgebtbmPtjQOn9wB/NrR3e/k/e4RV/YR7zOG4Bd+Yk2mOZVdO0oYzBq3SmRBeGIkDQyT
lXcqI7GCA6n1m/+QGh8dujpaX2qe40ZOdmyh0yrUOiggYuzh4cEQhivDYFc3M5k08NHMr5WQTYku
bcxkYhfBuaxQMesTLJWWgNcIZ7W7Kt/4VARqQT49OMZ0pu3gC89/RQ6ezzkfp515buyPFYIotYpS
WQj5K7qRuC2QkisDXfiI5d9VEeRIm0nvew/MHp4K+ONd3WfrEY/WDF2fuNmQ/3rt0hB1P9rZJgB6
9qgaP9rtNb1odfywWf/1xCdfxqaPaaW/pI20HUz78QNVyUE98tvwZ18O4+afjGOpfiIL8nHD91WB
NEB/EtkXjeRbzgXIvoxkTDXUJqIkyJGslqWOF+Hp6LuRi+8lY6yQlt/FopxpOKOQrm2BT+xwQ8i6
gaZKQ+zmgaZBB7O1uY++uODw+DUNHnRYNxkwJpN3trpvht+CCDnAQRMwg8yz4iUgrhFyaIolveTp
02AAu7qq867MPzKPSJg9mgPV5SIIX3NaR/J5oBV+UnbBXaQlgKDr9xaxx+s+Qfdc/z5LMQM95t1n
ebJAeCW00uk1A+U9tJry3/uOC3Dpu9+aXHvqbz4Lp7343FVwWR31WuWXyxc+dTxSY6wZsS4FbF+I
rcAg1SEZz71lAMDCQnpvTZ2C51LeRAkq8OTrrOysxsprFM2kXfaG7AN9j8C9FSHvFdz26XiybJf7
vTe0knZ2AD6/cwhZN9D0aIjdPNC+UozbfHBbm/todwt8aFeNPzrML/uu7/NY4HuMF+yerH2hPvzQ
I06ayGYuTXyhEDHy6aUJWEPD2Imlsm2R7FJ0VbqUqsvcbLlywqz7TMJVteFABWnckEb9UOxhGogN
LodnjIPmwo1lNznqRi85ypH8rq3lufF5+7H/Tx95320atBE3jl+7Hq96w9tiOuHVz2pFJMsIlYsW
2MwSyANaNC1TMJ95IppgVQGVS0eVWO+l3zSbHCgiVk3SMKUdVT4y3XvvMVNXaAMDtmgChQfCx7Lr
ymjC9HA6uScW4TC+JMSiPAAqp0vHF0AWWSsDkbVSsyVfwLO0rd1gKX1R8E5J6quV8vmlUvoSH24j
kUuiwglJ34nFOPH9MoVJhA72R5P+TWLbB0Gzd5O0iTyThfoo3ybm2brY4tqFwXVjoH2nwU1joGnQ
M797GjbX927c5nuCblwEbtzT4pGHV/F4bppTFWfR+78J84K4L9rDUoSqKmJKzu9cF9aubYFmHOck
VABDkyqspIs1WDc4JgAul0+CXDizOuyCZXy8lMrCVJtpSEB05SJ+gacwdp4+i2RAyCSrJIM75Rcy
JJuMVogwC+2ULBWvlPZVE9qxfRtO+91fTq5JuLrZuflUwH2kPlFX7IM+gUfcQJYKO1PFNZaSFTKx
gjMop8+aBHTOYbHZ+xhk+9oGQNnS7AvXViuLfRaSi/uJJq0CrDSx7bvVUsmikIHjveR99e4KWwfX
jYH2koZNgQNNi3b4Wbx74Q+WnBSjAAAgAElEQVSwuT7h3hblHqMPbq9wXtgvqXNkwdAkq5ggPNA3
P07EeIQHE6POBBzax66ECRyQ7f9yiMrB3hLXd9T4Dv2zEGwFVt9OsRyHox3FismBtiXPWEJ/0E5N
sfAKnhqN0jL5uG0tO5SZHPlsLK6icIhuKEdHC4llHQDGoZ4zo5gfSC1kFnBpcQ5491/9Web3fO55
fxFPGXRIPpcj24mlMjWkIFlngdgmoLS6cTPUQ5UxsqRWVQzxN87ASqdmOddZVlULDX08wztxQ/LG
h/4Og37mqFSwpukf9La/+YaEVrTglC2WlhIrNaJ12CHVlBE/oj8U8ZOvNkQg3+eVD4/C0aSUPotc
[...]
<status status="PASS" starttime="20230123 12:13:39.899" endtime="20230123 12:13:42.257"/>
</kw>
<status status="PASS" starttime="20230123 12:13:38.497" endtime="20230123 12:13:42.257"/>
</iter>
<iter>
<kw name="Swipe By Percent" library="AppiumLibrary">
<arg>90</arg>
<arg>75</arg>
<arg>90</arg>
<arg>25</arg>
<doc>Swipe from one percent of the screen to another percent, for an optional duration.
Normal swipe fails to scale for different screen resolutions, this can be avoided using percent.</doc>
<status status="PASS" starttime="20230123 12:13:42.258" endtime="20230123 12:13:43.665"/>
</kw>
<kw name="Get Matching Xpath Count" library="AppiumLibrary">
<var>${count}</var>
<arg>xpath=//*[@text='South Asia']</arg>
<doc>Returns number of elements matching ``xpath``</doc>
<msg timestamp="20230123 12:13:44.681" level="INFO">xpath criteria: //*[@text='South Asia']</msg>
<msg timestamp="20230123 12:13:44.682" level="INFO">${count} = 0</msg>
<status status="PASS" starttime="20230123 12:13:43.665" endtime="20230123 12:13:44.682"/>
</kw>
<status status="PASS" starttime="20230123 12:13:42.257" endtime="20230123 12:13:44.682"/>
</iter>
<iter>
<kw name="Swipe By Percent" library="AppiumLibrary">
<arg>90</arg>
<arg>75</arg>
<arg>90</arg>
<arg>25</arg>
<doc>Swipe from one percent of the screen to another percent, for an optional duration.
Normal swipe fails to scale for different screen resolutions, this can be avoided using percent.</doc>
<status status="PASS" starttime="20230123 12:13:44.682" endtime="20230123 12:13:46.086"/>
</kw>
<kw name="Get Matching Xpath Count" library="AppiumLibrary">
<var>${count}</var>
<arg>xpath=//*[@text='South Asia']</arg>
<doc>Returns number of elements matching ``xpath``</doc>
<msg timestamp="20230123 12:13:47.390" level="INFO">xpath criteria: //*[@text='South Asia']</msg>
<msg timestamp="20230123 12:13:47.390" level="INFO">${count} = 0</msg>
<status status="PASS" starttime="20230123 12:13:46.087" endtime="20230123 12:13:47.390"/>
</kw>
<status status="PASS" starttime="20230123 12:13:44.682" endtime="20230123 12:13:47.391"/>
</iter>
<iter>
<kw name="Swipe By Percent" library="AppiumLibrary">
<arg>90</arg>
<arg>75</arg>
<arg>90</arg>
<arg>25</arg>
<doc>Swipe from one percent of the screen to another percent, for an optional duration.
Normal swipe fails to scale for different screen resolutions, this can be avoided using percent.</doc>
<status status="PASS" starttime="20230123 12:13:47.392" endtime="20230123 12:13:48.816"/>
</kw>
<kw name="Get Matching Xpath Count" library="AppiumLibrary">
<var>${count}</var>
<arg>xpath=//*[@text='South Asia']</arg>
<doc>Returns number of elements matching ``xpath``</doc>
<msg timestamp="20230123 12:13:49.994" level="INFO">xpath criteria: //*[@text='South Asia']</msg>
<msg timestamp="20230123 12:13:49.994" level="INFO">${count} = 0</msg>
<status status="PASS" starttime="20230123 12:13:48.816" endtime="20230123 12:13:49.994"/>
</kw>
<status status="PASS" starttime="20230123 12:13:47.391" endtime="20230123 12:13:49.994"/>
</iter>
<iter>
<kw name="Swipe By Percent" library="AppiumLibrary">
<arg>90</arg>
<arg>75</arg>
<arg>90</arg>
<arg>25</arg>
<doc>Swipe from one percent of the screen to another percent, for an optional duration.
Normal swipe fails to scale for different screen resolutions, this can be avoided using percent.</doc>
<status status="PASS" starttime="20230123 12:13:49.994" endtime="20230123 12:13:51.410"/>
</kw>
<kw name="Get Matching Xpath Count" library="AppiumLibrary">
<var>${count}</var>
<arg>xpath=//*[@text='South Asia']</arg>
<doc>Returns number of elements matching ``xpath``</doc>
<msg timestamp="20230123 12:13:52.880" level="INFO">xpath criteria: //*[@text='South Asia']</msg>
<msg timestamp="20230123 12:13:52.881" level="INFO">${count} = 0</msg>
<status status="PASS" starttime="20230123 12:13:51.410" endtime="20230123 12:13:52.881"/>
</kw>
<status status="PASS" starttime="20230123 12:13:49.994" endtime="20230123 12:13:52.881"/>
</iter>
<iter>
<kw name="Swipe By Percent" library="AppiumLibrary">
<arg>90</arg>
<arg>75</arg>
<arg>90</arg>
<arg>25</arg>
<doc>Swipe from one percent of the screen to another percent, for an optional duration.
Normal swipe fails to scale for different screen resolutions, this can be avoided using percent.</doc>
<status status="PASS" starttime="20230123 12:13:52.882" endtime="20230123 12:13:54.295"/>
</kw>
<kw name="Get Matching Xpath Count" library="AppiumLibrary">
<var>${count}</var>
<arg>xpath=//*[@text='South Asia']</arg>
<doc>Returns number of elements matching ``xpath``</doc>
<msg timestamp="20230123 12:13:55.655" level="INFO">xpath criteria: //*[@text='South Asia']</msg>
<msg timestamp="20230123 12:13:55.655" level="INFO">${count} = 1</msg>
<status status="PASS" starttime="20230123 12:13:54.295" endtime="20230123 12:13:55.655"/>
</kw>
<status status="PASS" starttime="20230123 12:13:52.882" endtime="20230123 12:13:55.656"/>
</iter>
<status status="PASS" starttime="20230123 12:13:38.497" endtime="20230123 12:13:55.656"/>
</while>
<kw name="Wait Until Page Contains Element" library="AppiumLibrary">
<arg>xpath=//*[@text='South Asia']</arg>
<doc>Waits until element specified with `locator` appears on current page.</doc>
<msg timestamp="20230123 12:13:56.054" level="INFO">xpath criteria: //*[@text='South Asia']</msg>
<status status="PASS" starttime="20230123 12:13:55.656" endtime="20230123 12:13:56.055"/>
</kw>
<kw name="Click Element" library="AppiumLibrary">
<arg>xpath=//*[@text='South Asia']</arg>
<doc>Click element identified by `locator`.</doc>
<msg timestamp="20230123 12:13:56.057" level="INFO">Clicking element 'xpath=//*[@text='South Asia']'.</msg>
<msg timestamp="20230123 12:13:56.564" level="INFO">xpath criteria: //*[@text='South Asia']</msg>
<status status="PASS" starttime="20230123 12:13:56.055" endtime="20230123 12:13:56.565"/>
</kw>
<kw name="Get Matching Xpath Count" library="AppiumLibrary">
<var>${count}</var>
<arg>xpath=//*[@text='The Taj Mahal']</arg>
<doc>Returns number of elements matching ``xpath``</doc>
<msg timestamp="20230123 12:13:56.722" level="INFO">xpath criteria: //*[@text='The Taj Mahal']</msg>
<msg timestamp="20230123 12:13:56.722" level="INFO">${count} = 0</msg>
<status status="PASS" starttime="20230123 12:13:56.565" endtime="20230123 12:13:56.722"/>
</kw>
<while condition="${count}==0">
<iter>
<kw name="Swipe By Percent" library="AppiumLibrary">
<arg>90</arg>
<arg>75</arg>
<arg>90</arg>
<arg>25</arg>
<doc>Swipe from one percent of the screen to another percent, for an optional duration.
Normal swipe fails to scale for different screen resolutions, this can be avoided using percent.</doc>
<status status="PASS" starttime="20230123 12:13:56.723" endtime="20230123 12:13:58.127"/>
</kw>
<kw name="Get Matching Xpath Count" library="AppiumLibrary">
<var>${count}</var>
<arg>xpath=//*[@text='The Taj Mahal']</arg>
<doc>Returns number of elements matching ``xpath``</doc>
<msg timestamp="20230123 12:14:02.092" level="INFO">xpath criteria: //*[@text='The Taj Mahal']</msg>
<msg timestamp="20230123 12:14:02.093" level="INFO">${count} = 0</msg>
<status status="PASS" starttime="20230123 12:13:58.128" endtime="20230123 12:14:02.093"/>
</kw>
<status status="PASS" starttime="20230123 12:13:56.723" endtime="20230123 12:14:02.093"/>
</iter>
<iter>
<kw name="Swipe By Percent" library="AppiumLibrary">
<arg>90</arg>
<arg>75</arg>
<arg>90</arg>
<arg>25</arg>
<doc>Swipe from one percent of the screen to another percent, for an optional duration.
Normal swipe fails to scale for different screen resolutions, this can be avoided using percent.</doc>
<status status="PASS" starttime="20230123 12:14:02.093" endtime="20230123 12:14:03.487"/>
</kw>
<kw name="Get Matching Xpath Count" library="AppiumLibrary">
<var>${count}</var>
<arg>xpath=//*[@text='The Taj Mahal']</arg>
<doc>Returns number of elements matching ``xpath``</doc>
<msg timestamp="20230123 12:14:05.470" level="INFO">xpath criteria: //*[@text='The Taj Mahal']</msg>
<msg timestamp="20230123 12:14:05.470" level="INFO">${count} = 0</msg>
<status status="PASS" starttime="20230123 12:14:03.487" endtime="20230123 12:14:05.470"/>
</kw>
<status status="PASS" starttime="20230123 12:14:02.093" endtime="20230123 12:14:05.471"/>
</iter>
<iter>
<kw name="Swipe By Percent" library="AppiumLibrary">
<arg>90</arg>
<arg>75</arg>
<arg>90</arg>
<arg>25</arg>
<doc>Swipe from one percent of the screen to another percent, for an optional duration.
Normal swipe fails to scale for different screen resolutions, this can be avoided using percent.</doc>
<status status="PASS" starttime="20230123 12:14:05.471" endtime="20230123 12:14:06.858"/>
</kw>
<kw name="Get Matching Xpath Count" library="AppiumLibrary">
<var>${count}</var>
<arg>xpath=//*[@text='The Taj Mahal']</arg>
<doc>Returns number of elements matching ``xpath``</doc>
<msg timestamp="20230123 12:14:08.418" level="INFO">xpath criteria: //*[@text='The Taj Mahal']</msg>
<msg timestamp="20230123 12:14:08.419" level="INFO">${count} = 0</msg>
<status status="PASS" starttime="20230123 12:14:06.858" endtime="20230123 12:14:08.419"/>
</kw>
<status status="PASS" starttime="20230123 12:14:05.471" endtime="20230123 12:14:08.420"/>
</iter>
<iter>
<kw name="Swipe By Percent" library="AppiumLibrary">
<arg>90</arg>
<arg>75</arg>
<arg>90</arg>
<arg>25</arg>
<doc>Swipe from one percent of the screen to another percent, for an optional duration.
Normal swipe fails to scale for different screen resolutions, this can be avoided using percent.</doc>
<status status="PASS" starttime="20230123 12:14:08.421" endtime="20230123 12:14:09.811"/>
</kw>
<kw name="Get Matching Xpath Count" library="AppiumLibrary">
<var>${count}</var>
<arg>xpath=//*[@text='The Taj Mahal']</arg>
<doc>Returns number of elements matching ``xpath``</doc>
<msg timestamp="20230123 12:14:11.421" level="INFO">xpath criteria: //*[@text='The Taj Mahal']</msg>
<msg timestamp="20230123 12:14:11.422" level="INFO">${count} = 0</msg>
<status status="PASS" starttime="20230123 12:14:09.811" endtime="20230123 12:14:11.422"/>
</kw>
<status status="PASS" starttime="20230123 12:14:08.420" endtime="20230123 12:14:11.423"/>
</iter>
<iter>
<kw name="Swipe By Percent" library="AppiumLibrary">
<arg>90</arg>
<arg>75</arg>
<arg>90</arg>
<arg>25</arg>
<doc>Swipe from one percent of the screen to another percent, for an optional duration.
Normal swipe fails to scale for different screen resolutions, this can be avoided using percent.</doc>
<status status="PASS" starttime="20230123 12:14:11.424" endtime="20230123 12:14:12.814"/>
</kw>
<kw name="Get Matching Xpath Count" library="AppiumLibrary">
<var>${count}</var>
<arg>xpath=//*[@text='The Taj Mahal']</arg>
<doc>Returns number of elements matching ``xpath``</doc>
<msg timestamp="20230123 12:14:14.270" level="INFO">xpath criteria: //*[@text='The Taj Mahal']</msg>
<msg timestamp="20230123 12:14:14.270" level="INFO">${count} = 0</msg>
<status status="PASS" starttime="20230123 12:14:12.814" endtime="20230123 12:14:14.270"/>
</kw>
<status status="PASS" starttime="20230123 12:14:11.423" endtime="20230123 12:14:14.270"/>
</iter>
<iter>
<kw name="Swipe By Percent" library="AppiumLibrary">
<arg>90</arg>
<arg>75</arg>
<arg>90</arg>
<arg>25</arg>
<doc>Swipe from one percent of the screen to another percent, for an optional duration.
Normal swipe fails to scale for different screen resolutions, this can be avoided using percent.</doc>
<status status="PASS" starttime="20230123 12:14:14.271" endtime="20230123 12:14:15.658"/>
</kw>
<kw name="Get Matching Xpath Count" library="AppiumLibrary">
<var>${count}</var>
<arg>xpath=//*[@text='The Taj Mahal']</arg>
<doc>Returns number of elements matching ``xpath``</doc>
<msg timestamp="20230123 12:14:17.181" level="INFO">xpath criteria: //*[@text='The Taj Mahal']</msg>
<msg timestamp="20230123 12:14:17.181" level="INFO">${count} = 0</msg>
<status status="PASS" starttime="20230123 12:14:15.659" endtime="20230123 12:14:17.181"/>
</kw>
<status status="PASS" starttime="20230123 12:14:14.270" endtime="20230123 12:14:17.181"/>
</iter>
<iter>
<kw name="Swipe By Percent" library="AppiumLibrary">
<arg>90</arg>
<arg>75</arg>
<arg>90</arg>
<arg>25</arg>
<doc>Swipe from one percent of the screen to another percent, for an optional duration.
Normal swipe fails to scale for different screen resolutions, this can be avoided using percent.</doc>
<status status="PASS" starttime="20230123 12:14:17.182" endtime="20230123 12:14:18.568"/>
</kw>
<kw name="Get Matching Xpath Count" library="AppiumLibrary">
<var>${count}</var>
<arg>xpath=//*[@text='The Taj Mahal']</arg>
<doc>Returns number of elements matching ``xpath``</doc>
<msg timestamp="20230123 12:14:20.427" level="INFO">xpath criteria: //*[@text='The Taj Mahal']</msg>
<msg timestamp="20230123 12:14:20.428" level="INFO">${count} = 0</msg>
<status status="PASS" starttime="20230123 12:14:18.569" endtime="20230123 12:14:20.428"/>
</kw>
<status status="PASS" starttime="20230123 12:14:17.181" endtime="20230123 12:14:20.428"/>
</iter>
<iter>
<kw name="Swipe By Percent" library="AppiumLibrary">
<arg>90</arg>
<arg>75</arg>
<arg>90</arg>
<arg>25</arg>
<doc>Swipe from one percent of the screen to another percent, for an optional duration.
Normal swipe fails to scale for different screen resolutions, this can be avoided using percent.</doc>
<status status="PASS" starttime="20230123 12:14:20.429" endtime="20230123 12:14:21.810"/>
</kw>
<kw name="Get Matching Xpath Count" library="AppiumLibrary">
<var>${count}</var>
<arg>xpath=//*[@text='The Taj Mahal']</arg>
<doc>Returns number of elements matching ``xpath``</doc>
<msg timestamp="20230123 12:14:23.542" level="INFO">xpath criteria: //*[@text='The Taj Mahal']</msg>
<msg timestamp="20230123 12:14:23.543" level="INFO">${count} = 0</msg>
<status status="PASS" starttime="20230123 12:14:21.811" endtime="20230123 12:14:23.543"/>
</kw>
<status status="PASS" starttime="20230123 12:14:20.429" endtime="20230123 12:14:23.544"/>
</iter>
<iter>
<kw name="Swipe By Percent" library="AppiumLibrary">
<arg>90</arg>
<arg>75</arg>
<arg>90</arg>
<arg>25</arg>
<doc>Swipe from one percent of the screen to another percent, for an optional duration.
Normal swipe fails to scale for different screen resolutions, this can be avoided using percent.</doc>
<status status="PASS" starttime="20230123 12:14:23.545" endtime="20230123 12:14:24.927"/>
</kw>
<kw name="Get Matching Xpath Count" library="AppiumLibrary">
<var>${count}</var>
<arg>xpath=//*[@text='The Taj Mahal']</arg>
<doc>Returns number of elements matching ``xpath``</doc>
<msg timestamp="20230123 12:14:26.570" level="INFO">xpath criteria: //*[@text='The Taj Mahal']</msg>
<msg timestamp="20230123 12:14:26.570" level="INFO">${count} = 0</msg>
<status status="PASS" starttime="20230123 12:14:24.928" endtime="20230123 12:14:26.570"/>
</kw>
<status status="PASS" starttime="20230123 12:14:23.544" endtime="20230123 12:14:26.571"/>
</iter>
<iter>
<kw name="Swipe By Percent" library="AppiumLibrary">
<arg>90</arg>
<arg>75</arg>
<arg>90</arg>
<arg>25</arg>
<doc>Swipe from one percent of the screen to another percent, for an optional duration.
Normal swipe fails to scale for different screen resolutions, this can be avoided using percent.</doc>
<status status="PASS" starttime="20230123 12:14:26.572" endtime="20230123 12:14:27.953"/>
</kw>
<kw name="Get Matching Xpath Count" library="AppiumLibrary">
<var>${count}</var>
<arg>xpath=//*[@text='The Taj Mahal']</arg>
<doc>Returns number of elements matching ``xpath``</doc>
<msg timestamp="20230123 12:14:29.556" level="INFO">xpath criteria: //*[@text='The Taj Mahal']</msg>
<msg timestamp="20230123 12:14:29.557" level="INFO">${count} = 1</msg>
<status status="PASS" starttime="20230123 12:14:27.955" endtime="20230123 12:14:29.557"/>
</kw>
<status status="PASS" starttime="20230123 12:14:26.571" endtime="20230123 12:14:29.557"/>
</iter>
<status status="PASS" starttime="20230123 12:13:56.723" endtime="20230123 12:14:29.558"/>
</while>
<kw name="Wait Until Page Contains Element" library="AppiumLibrary">
<arg>xpath=//*[@text='The Taj Mahal']</arg>
<doc>Waits until element specified with `locator` appears on current page.</doc>
<msg timestamp="20230123 12:14:31.817" level="INFO">xpath criteria: //*[@text='The Taj Mahal']</msg>
<status status="PASS" starttime="20230123 12:14:29.558" endtime="20230123 12:14:31.817"/>
</kw>
<kw name="Click Element" library="AppiumLibrary">
<arg>xpath=//*[@text='The Taj Mahal']</arg>
<doc>Click element identified by `locator`.</doc>
<msg timestamp="20230123 12:14:31.821" level="INFO">Clicking element 'xpath=//*[@text='The Taj Mahal']'.</msg>
<msg timestamp="20230123 12:14:32.588" level="INFO">xpath criteria: //*[@text='The Taj Mahal']</msg>
<status status="PASS" starttime="20230123 12:14:31.818" endtime="20230123 12:14:32.588"/>
</kw>
<kw name="Wait Until Page Contains Element" library="AppiumLibrary">
<arg>xpath=//*[contains(@text,'fifth ruler')]</arg>
<arg>30s</arg>
<doc>Waits until element specified with `locator` appears on current page.</doc>
<msg timestamp="20230123 12:14:39.965" level="INFO">xpath criteria: //*[contains(@text,'fifth ruler')]
xpath criteria: //*[contains(@text,'fifth ruler')]
xpath criteria: //*[contains(@text,'fifth ruler')]
xpath criteria: //*[contains(@text,'fifth ruler')]
xpath criteria: //*[contains(@text,'fifth ruler')]
xpath criteria: //*[contains(@text,'fifth ruler')]
xpath criteria: //*[contains(@text,'fifth ruler')]
xpath criteria: //*[contains(@text,'fifth ruler')]
xpath criteria: //*[contains(@text,'fifth ruler')]
xpath criteria: //*[contains(@text,'fifth ruler')]</msg>
<status status="PASS" starttime="20230123 12:14:32.589" endtime="20230123 12:14:39.965"/>
</kw>
<kw name="Element Should Contain Text" library="AppiumLibrary">
<arg>xpath=//*[contains(@text,'fifth ruler')]</arg>
<arg>Shah Jahan</arg>
<doc>Verifies element identified by ``locator`` contains text ``expected``.</doc>
<msg timestamp="20230123 12:14:39.968" level="INFO">Verifying element 'xpath=//*[contains(@text,'fifth ruler')]' contains text 'Shah Jahan'.</msg>
<msg timestamp="20230123 12:14:40.502" level="INFO">xpath criteria: //*[contains(@text,'fifth ruler')]</msg>
<status status="PASS" starttime="20230123 12:14:39.966" endtime="20230123 12:14:40.503"/>
</kw>
<kw name="Get Source" library="AppiumLibrary">
<var>${page_source}</var>
<doc>Returns the entire source of the current page.</doc>
<msg timestamp="20230123 12:14:41.178" level="INFO">${page_source} = &lt;?xml version='1.0' encoding='UTF-8' standalone='yes' ?&gt;
&lt;hierarchy index="0" class="hierarchy" rotation="0" width="720" height="1536"&gt;
  &lt;android.widget.FrameLayout index="0" package="org.khanacade...</msg>
<status status="PASS" starttime="20230123 12:14:40.503" endtime="20230123 12:14:41.178"/>
</kw>
<kw name="Log To Console" library="BuiltIn">
<arg>${page_source}</arg>
<doc>Logs the given message to the console.</doc>
<status status="PASS" starttime="20230123 12:14:41.179" endtime="20230123 12:14:41.181"/>
</kw>
<kw name="Sleep" library="BuiltIn">
<arg>10s</arg>
<doc>Pauses the test executed for the given time.</doc>
<msg timestamp="20230123 12:14:51.190" level="INFO">Slept 10 seconds</msg>
<status status="PASS" starttime="20230123 12:14:41.181" endtime="20230123 12:14:51.190"/>
</kw>
<kw name="Close Application" library="AppiumLibrary" type="TEARDOWN">
<doc>Closes the current application and also close webdriver session.</doc>
<status status="PASS" starttime="20230123 12:14:51.191" endtime="20230123 12:14:52.003"/>
</kw>
<status status="PASS" starttime="20230123 12:13:00.905" endtime="20230123 12:14:52.004"/>
</test>
<status status="PASS" starttime="20230123 12:13:00.520" endtime="20230123 12:14:52.006"/>
</suite>
<statistics>
<total>
<stat pass="1" fail="0" skip="0">All Tests</stat>
</total>
<tag>
</tag>
<suite>
<stat pass="1" fail="0" skip="0" id="s1" name="Demo3 Android Advance">Demo3 Android Advance</stat>
</suite>
</statistics>
<errors>
</errors>
</robot>
