<?xml version="1.0" encoding="UTF-8"?>
<robot generator="Robot 6.0.2 (Python 3.9.13 on win32)" generated="20230124 17:06:16.648" rpa="false" schemaversion="3">
<suite id="s1" name="Demo1" source="C:\Users\40032111\OneDrive - LTTS\Desktop\robot_project\Selenium_suite\demo1.robot">
<test id="s1-t1" name="TC4" line="27">
<kw name="Open Browser" library="SeleniumLibrary">
<arg>browser=chrome</arg>
<doc>Opens a new browser instance to the optional ``url``.</doc>
<msg timestamp="20230124 17:06:17.054" level="INFO">Opening browser 'chrome' to base url 'None'.</msg>
<status status="PASS" starttime="20230124 17:06:17.054" endtime="20230124 17:06:18.741"/>
</kw>
<kw name="Run Keyword And Ignore Error" library="BuiltIn">
<var>${output}</var>
<arg>Click Element</arg>
<arg>xpath=//a</arg>
<doc>Runs the given keyword with the given arguments and ignores possible error.</doc>
<kw name="Click Element" library="SeleniumLibrary">
<arg>xpath=//a</arg>
<doc>Click the element identified by ``locator``.</doc>
<msg timestamp="20230124 17:06:18.744" level="INFO">Clicking element 'xpath=//a'.</msg>
<msg timestamp="20230124 17:06:18.922" level="INFO" html="true">&lt;/td&gt;&lt;/tr&gt;&lt;tr&gt;&lt;td colspan="3"&gt;&lt;a href="selenium-screenshot-120.png"&gt;&lt;img src="selenium-screenshot-120.png" width="800px"&gt;&lt;/a&gt;</msg>
<msg timestamp="20230124 17:06:18.923" level="FAIL">Element with locator 'xpath=//a' not found.</msg>
<status status="FAIL" starttime="20230124 17:06:18.742" endtime="20230124 17:06:18.923"/>
</kw>
<msg timestamp="20230124 17:06:18.923" level="INFO">${output} = ('FAIL', "Element with locator 'xpath=//a' not found.")</msg>
<status status="PASS" starttime="20230124 17:06:18.741" endtime="20230124 17:06:18.923"/>
</kw>
<kw name="Log To Console" library="BuiltIn">
<arg>${output}</arg>
<doc>Logs the given message to the console.</doc>
<status status="PASS" starttime="20230124 17:06:18.923" endtime="20230124 17:06:18.923"/>
</kw>
<kw name="Log To Console" library="BuiltIn">
<arg>${output}[0]</arg>
<doc>Logs the given message to the console.</doc>
<status status="PASS" starttime="20230124 17:06:18.923" endtime="20230124 17:06:18.923"/>
</kw>
<kw name="Log To Console" library="BuiltIn">
<arg>${output}[1]</arg>
<doc>Logs the given message to the console.</doc>
<status status="PASS" starttime="20230124 17:06:18.923" endtime="20230124 17:06:18.923"/>
</kw>
<kw name="Log" library="BuiltIn">
<arg>${output}</arg>
<doc>Logs the given message with the given level.</doc>
<msg timestamp="20230124 17:06:18.923" level="INFO">('FAIL', "Element with locator 'xpath=//a' not found.")</msg>
<status status="PASS" starttime="20230124 17:06:18.923" endtime="20230124 17:06:18.923"/>
</kw>
<status status="PASS" starttime="20230124 17:06:17.054" endtime="20230124 17:06:18.930"/>
</test>
<status status="PASS" starttime="20230124 17:06:16.648" endtime="20230124 17:06:18.930"/>
</suite>
<statistics>
<total>
<stat pass="1" fail="0" skip="0">All Tests</stat>
</total>
<tag>
</tag>
<suite>
<stat pass="1" fail="0" skip="0" id="s1" name="Demo1">Demo1</stat>
</suite>
</statistics>
<errors>
</errors>
</robot>
