<?xml version="1.0" encoding="UTF-8"?>
<robot generator="Robot 6.0.2 (Python 3.9.13 on win32)" generated="20230119 14:18:54.962" rpa="false" schemaversion="3">
<suite id="s1" name="Demo3" source="C:\Users\40032111\OneDrive - LTTS\Desktop\robot_project\robot_suite\demo3.robot">
<test id="s1-t1" name="TC6" line="46">
<kw name="Log To Console" library="BuiltIn">
<arg>${MY_DETAILS}</arg>
<doc>Logs the given message to the console.</doc>
<status status="PASS" starttime="20230119 14:18:55.037" endtime="20230119 14:18:55.038"/>
</kw>
<status status="PASS" starttime="20230119 14:18:55.030" endtime="20230119 14:18:55.038"/>
</test>
<status status="PASS" starttime="20230119 14:18:54.969" endtime="20230119 14:18:55.041"/>
</suite>
<statistics>
<total>
<stat pass="1" fail="0" skip="0">All Tests</stat>
</total>
<tag>
</tag>
<suite>
<stat pass="1" fail="0" skip="0" id="s1" name="Demo3">Demo3</stat>
</suite>
</statistics>
<errors>
</errors>
</robot>
