<?xml version="1.0" encoding="UTF-8"?>
<robot generator="Robot 6.0.2 (Python 3.9.13 on win32)" generated="20230121 17:35:58.399" rpa="false" schemaversion="3">
<suite id="s1" name="Demo2 Native App" source="C:\Users\40032111\OneDrive - LTTS\Desktop\robot_project\demo2_native_app.robot">
<test id="s1-t1" name="TC1 Sign Up" line="5">
<kw name="Open Application" library="AppiumLibrary">
<arg>remote_url=http://localhost:4723/wd/hub</arg>
<arg>platformName=android</arg>
<arg>deviceName=infinix</arg>
<arg>app=C:${/}Users${/}40032111${/}mobile${/}khan-academy-7-3-2.apk</arg>
<doc>Opens a new application to given Appium server.
Capabilities of appium server, Android and iOS,
Please check https://github.com/appium/appium/blob/master/docs/en/writing-running-appium/server-args.md
| *Option*            | *Man.* | *Description*     |
| remote_url          | Yes    | Appium server url |
| alias               | no     | alias             |
| strict_ssl          | No     | allows you to send commands to an invalid certificate host like a self-signed one. |</doc>
<status status="PASS" starttime="20230121 17:35:58.857" endtime="20230121 17:36:17.087"/>
</kw>
<kw name="Set Appium Timeout" library="AppiumLibrary">
<arg>30s</arg>
<doc>Sets the timeout in seconds used by various keywords.</doc>
<status status="PASS" starttime="20230121 17:36:17.091" endtime="20230121 17:36:17.091"/>
</kw>
<kw name="Wait Until Page Contains Element" library="AppiumLibrary">
<arg>xpath=//*[@text='Dismiss']</arg>
<arg>30s</arg>
<doc>Waits until element specified with `locator` appears on current page.</doc>
<msg timestamp="20230121 17:36:22.377" level="INFO">xpath criteria: //*[@text='Dismiss']
xpath criteria: //*[@text='Dismiss']
xpath criteria: //*[@text='Dismiss']
xpath criteria: //*[@text='Dismiss']
xpath criteria: //*[@text='Dismiss']</msg>
<status status="PASS" starttime="20230121 17:36:17.091" endtime="20230121 17:36:22.377"/>
</kw>
<kw name="Click Element" library="AppiumLibrary">
<arg>xpath=//*[@text='Dismiss']</arg>
<doc>Click element identified by `locator`.</doc>
<msg timestamp="20230121 17:36:22.381" level="INFO">Clicking element 'xpath=//*[@text='Dismiss']'.</msg>
<msg timestamp="20230121 17:36:23.173" level="INFO">xpath criteria: //*[@text='Dismiss']</msg>
<status status="PASS" starttime="20230121 17:36:22.381" endtime="20230121 17:36:23.173"/>
</kw>
<kw name="Wait Until Page Contains Element" library="AppiumLibrary">
<arg>xpath=//android.widget.ImageView[@content-desc='Settings']</arg>
<doc>Waits until element specified with `locator` appears on current page.</doc>
<msg timestamp="20230121 17:36:24.255" level="INFO">xpath criteria: //android.widget.ImageView[@content-desc='Settings']
xpath criteria: //android.widget.ImageView[@content-desc='Settings']</msg>
<status status="PASS" starttime="20230121 17:36:23.173" endtime="20230121 17:36:24.255"/>
</kw>
<kw name="Click Element" library="AppiumLibrary">
<arg>xpath=//android.widget.ImageView[@content-desc='Settings']</arg>
<doc>Click element identified by `locator`.</doc>
<msg timestamp="20230121 17:36:24.259" level="INFO">Clicking element 'xpath=//android.widget.ImageView[@content-desc='Settings']'.</msg>
<msg timestamp="20230121 17:36:24.520" level="INFO">xpath criteria: //android.widget.ImageView[@content-desc='Settings']</msg>
<status status="PASS" starttime="20230121 17:36:24.255" endtime="20230121 17:36:24.524"/>
</kw>
<kw name="Wait Until Page Contains Element" library="AppiumLibrary">
<arg>xpath=//android.widget.TextView[@text='Sign in']</arg>
<doc>Waits until element specified with `locator` appears on current page.</doc>
<msg timestamp="20230121 17:36:26.429" level="INFO">xpath criteria: //android.widget.TextView[@text='Sign in']
xpath criteria: //android.widget.TextView[@text='Sign in']</msg>
<status status="PASS" starttime="20230121 17:36:24.524" endtime="20230121 17:36:26.433"/>
</kw>
<kw name="Click Element" library="AppiumLibrary">
<arg>xpath=//android.widget.TextView[@text='Sign in']</arg>
<doc>Click element identified by `locator`.</doc>
<msg timestamp="20230121 17:36:26.433" level="INFO">Clicking element 'xpath=//android.widget.TextView[@text='Sign in']'.</msg>
<msg timestamp="20230121 17:36:27.576" level="INFO">xpath criteria: //android.widget.TextView[@text='Sign in']</msg>
<status status="PASS" starttime="20230121 17:36:26.433" endtime="20230121 17:36:27.576"/>
</kw>
<kw name="Wait Until Page Contains Element" library="AppiumLibrary">
<arg>xpath=//android.widget.TextView[@text='Sign up with email']</arg>
<doc>Waits until element specified with `locator` appears on current page.</doc>
<msg timestamp="20230121 17:36:28.559" level="INFO">xpath criteria: //android.widget.TextView[@text='Sign up with email']
xpath criteria: //android.widget.TextView[@text='Sign up with email']</msg>
<status status="PASS" starttime="20230121 17:36:27.576" endtime="20230121 17:36:28.559"/>
</kw>
<kw name="Click Element" library="AppiumLibrary">
<arg>xpath=//android.widget.TextView[@text='Sign up with email']</arg>
<doc>Click element identified by `locator`.</doc>
<msg timestamp="20230121 17:36:28.559" level="INFO">Clicking element 'xpath=//android.widget.TextView[@text='Sign up with email']'.</msg>
<msg timestamp="20230121 17:36:29.634" level="INFO">xpath criteria: //android.widget.TextView[@text='Sign up with email']</msg>
<status status="PASS" starttime="20230121 17:36:28.559" endtime="20230121 17:36:29.634"/>
</kw>
<kw name="Wait Until Page Contains Element" library="AppiumLibrary">
<arg>xpath=//android.widget.EditText[@content-desc='First name']</arg>
<doc>Waits until element specified with `locator` appears on current page.</doc>
<msg timestamp="20230121 17:36:30.812" level="INFO">xpath criteria: //android.widget.EditText[@content-desc='First name']
xpath criteria: //android.widget.EditText[@content-desc='First name']</msg>
<status status="PASS" starttime="20230121 17:36:29.634" endtime="20230121 17:36:30.812"/>
</kw>
<kw name="Input Text" library="AppiumLibrary">
<arg>xpath=//android.widget.EditText[@content-desc='First name']</arg>
<arg>Akb</arg>
<doc>Types the given `text` into text field identified by `locator`.</doc>
<msg timestamp="20230121 17:36:30.816" level="INFO">Typing text 'Akb' into text field 'xpath=//android.widget.EditText[@content-desc='First name']'</msg>
<msg timestamp="20230121 17:36:32.183" level="INFO">xpath criteria: //android.widget.EditText[@content-desc='First name']</msg>
<status status="PASS" starttime="20230121 17:36:30.812" endtime="20230121 17:36:32.183"/>
</kw>
<kw name="Wait Until Page Contains Element" library="AppiumLibrary">
<arg>xpath=//android.widget.EditText[@content-desc='Last name']</arg>
<doc>Waits until element specified with `locator` appears on current page.</doc>
<msg timestamp="20230121 17:36:32.888" level="INFO">xpath criteria: //android.widget.EditText[@content-desc='Last name']</msg>
<status status="PASS" starttime="20230121 17:36:32.187" endtime="20230121 17:36:32.888"/>
</kw>
<kw name="Input Text" library="AppiumLibrary">
<arg>xpath=//android.widget.EditText[@content-desc='Last name']</arg>
<arg>anu</arg>
<doc>Types the given `text` into text field identified by `locator`.</doc>
<msg timestamp="20230121 17:36:32.892" level="INFO">Typing text 'anu' into text field 'xpath=//android.widget.EditText[@content-desc='Last name']'</msg>
<msg timestamp="20230121 17:36:33.196" level="INFO">xpath criteria: //android.widget.EditText[@content-desc='Last name']</msg>
<status status="PASS" starttime="20230121 17:36:32.888" endtime="20230121 17:36:33.196"/>
</kw>
<kw name="Wait Until Page Contains Element" library="AppiumLibrary">
<arg>xpath=//android.widget.TextView[@text='Birthday']</arg>
<doc>Waits until element specified with `locator` appears on current page.</doc>
<msg timestamp="20230121 17:36:33.938" level="INFO">xpath criteria: //android.widget.TextView[@text='Birthday']</msg>
<status status="PASS" starttime="20230121 17:36:33.196" endtime="20230121 17:36:33.938"/>
</kw>
<kw name="Click Element" library="AppiumLibrary">
<arg>xpath=//android.widget.TextView[@text='Birthday']</arg>
<doc>Click element identified by `locator`.</doc>
<msg timestamp="20230121 17:36:33.942" level="INFO">Clicking element 'xpath=//android.widget.TextView[@text='Birthday']'.</msg>
<msg timestamp="20230121 17:36:34.182" level="INFO">xpath criteria: //android.widget.TextView[@text='Birthday']</msg>
<status status="PASS" starttime="20230121 17:36:33.938" endtime="20230121 17:36:34.182"/>
</kw>
<kw name="Wait Until Page Contains Element" library="AppiumLibrary">
<arg>xpath=(//android.widget.EditText[@resource-id='android:id/numberpicker_input'])[1]</arg>
<doc>Waits until element specified with `locator` appears on current page.</doc>
<msg timestamp="20230121 17:36:35.327" level="INFO">xpath criteria: (//android.widget.EditText[@resource-id='android:id/numberpicker_input'])[1]
xpath criteria: (//android.widget.EditText[@resource-id='android:id/numberpicker_input'])[1]</msg>
<status status="PASS" starttime="20230121 17:36:34.182" endtime="20230121 17:36:35.327"/>
</kw>
<kw name="Click Element" library="AppiumLibrary">
<arg>xpath=(//android.widget.EditText[@resource-id='android:id/numberpicker_input'])[1]</arg>
<doc>Click element identified by `locator`.</doc>
<msg timestamp="20230121 17:36:35.331" level="INFO">Clicking element 'xpath=(//android.widget.EditText[@resource-id='android:id/numberpicker_input'])[1]'.</msg>
<msg timestamp="20230121 17:36:35.551" level="INFO">xpath criteria: (//android.widget.EditText[@resource-id='android:id/numberpicker_input'])[1]</msg>
<status status="PASS" starttime="20230121 17:36:35.331" endtime="20230121 17:36:35.551"/>
</kw>
<kw name="Wait Until Page Contains Element" library="AppiumLibrary">
<arg>xpath=(//android.widget.EditText[@resource-id='android:id/numberpicker_input'])[1]</arg>
<doc>Waits until element specified with `locator` appears on current page.</doc>
<msg timestamp="20230121 17:36:36.272" level="INFO">xpath criteria: (//android.widget.EditText[@resource-id='android:id/numberpicker_input'])[1]</msg>
<status status="PASS" starttime="20230121 17:36:35.551" endtime="20230121 17:36:36.272"/>
</kw>
<kw name="Clear Text" library="AppiumLibrary">
<arg>xpath=(//android.widget.EditText[@resource-id='android:id/numberpicker_input'])[1]</arg>
<doc>Clears the text field identified by `locator`.</doc>
<msg timestamp="20230121 17:36:36.276" level="INFO">Clear text field 'xpath=(//android.widget.EditText[@resource-id='android:id/numberpicker_input'])[1]'</msg>
<msg timestamp="20230121 17:36:36.763" level="INFO">xpath criteria: (//android.widget.EditText[@resource-id='android:id/numberpicker_input'])[1]</msg>
<status status="PASS" starttime="20230121 17:36:36.272" endtime="20230121 17:36:36.763"/>
</kw>
<kw name="Wait Until Page Contains Element" library="AppiumLibrary">
<arg>xpath=(//android.widget.EditText[@resource-id='android:id/numberpicker_input'])[1]</arg>
<doc>Waits until element specified with `locator` appears on current page.</doc>
<msg timestamp="20230121 17:36:37.595" level="INFO">xpath criteria: (//android.widget.EditText[@resource-id='android:id/numberpicker_input'])[1]</msg>
<status status="PASS" starttime="20230121 17:36:36.767" endtime="20230121 17:36:37.595"/>
</kw>
<kw name="Input Text" library="AppiumLibrary">
<arg>xpath=(//android.widget.EditText[@resource-id='android:id/numberpicker_input'])[1]</arg>
<arg>Nov</arg>
<doc>Types the given `text` into text field identified by `locator`.</doc>
<msg timestamp="20230121 17:36:37.599" level="INFO">Typing text 'Nov' into text field 'xpath=(//android.widget.EditText[@resource-id='android:id/numberpicker_input'])[1]'</msg>
<msg timestamp="20230121 17:36:38.308" level="INFO">xpath criteria: (//android.widget.EditText[@resource-id='android:id/numberpicker_input'])[1]</msg>
<status status="PASS" starttime="20230121 17:36:37.595" endtime="20230121 17:36:38.308"/>
</kw>
<kw name="Wait Until Page Contains Element" library="AppiumLibrary">
<arg>xpath=(//android.widget.EditText[@resource-id='android:id/numberpicker_input'])[2]</arg>
<doc>Waits until element specified with `locator` appears on current page.</doc>
<msg timestamp="20230121 17:36:39.151" level="INFO">xpath criteria: (//android.widget.EditText[@resource-id='android:id/numberpicker_input'])[2]</msg>
<status status="PASS" starttime="20230121 17:36:38.308" endtime="20230121 17:36:39.151"/>
</kw>
<kw name="Click Element" library="AppiumLibrary">
<arg>xpath=(//android.widget.EditText[@resource-id='android:id/numberpicker_input'])[2]</arg>
<doc>Click element identified by `locator`.</doc>
<msg timestamp="20230121 17:36:39.155" level="INFO">Clicking element 'xpath=(//android.widget.EditText[@resource-id='android:id/numberpicker_input'])[2]'.</msg>
<msg timestamp="20230121 17:36:39.449" level="INFO">xpath criteria: (//android.widget.EditText[@resource-id='android:id/numberpicker_input'])[2]</msg>
<status status="PASS" starttime="20230121 17:36:39.155" endtime="20230121 17:36:39.449"/>
</kw>
<kw name="Wait Until Page Contains Element" library="AppiumLibrary">
<arg>xpath=(//android.widget.EditText[@resource-id='android:id/numberpicker_input'])[2]</arg>
<doc>Waits until element specified with `locator` appears on current page.</doc>
<msg timestamp="20230121 17:36:40.560" level="INFO">xpath criteria: (//android.widget.EditText[@resource-id='android:id/numberpicker_input'])[2]</msg>
<status status="PASS" starttime="20230121 17:36:39.449" endtime="20230121 17:36:40.560"/>
</kw>
<kw name="Clear Text" library="AppiumLibrary">
<arg>xpath=(//android.widget.EditText[@resource-id='android:id/numberpicker_input'])[2]</arg>
<doc>Clears the text field identified by `locator`.</doc>
<msg timestamp="20230121 17:36:40.564" level="INFO">Clear text field 'xpath=(//android.widget.EditText[@resource-id='android:id/numberpicker_input'])[2]'</msg>
<msg timestamp="20230121 17:36:41.397" level="INFO">xpath criteria: (//android.widget.EditText[@resource-id='android:id/numberpicker_input'])[2]</msg>
<status status="PASS" starttime="20230121 17:36:40.560" endtime="20230121 17:36:41.401"/>
</kw>
<kw name="Wait Until Page Contains Element" library="AppiumLibrary">
<arg>xpath=(//android.widget.EditText[@resource-id='android:id/numberpicker_input'])[2]</arg>
<doc>Waits until element specified with `locator` appears on current page.</doc>
<msg timestamp="20230121 17:36:42.249" level="INFO">xpath criteria: (//android.widget.EditText[@resource-id='android:id/numberpicker_input'])[2]</msg>
<status status="PASS" starttime="20230121 17:36:41.401" endtime="20230121 17:36:42.253"/>
</kw>
<kw name="Input Text" library="AppiumLibrary">
<arg>xpath=(//android.widget.EditText[@resource-id='android:id/numberpicker_input'])[2]</arg>
<arg>23</arg>
<doc>Types the given `text` into text field identified by `locator`.</doc>
<msg timestamp="20230121 17:36:42.253" level="INFO">Typing text '23' into text field 'xpath=(//android.widget.EditText[@resource-id='android:id/numberpicker_input'])[2]'</msg>
<msg timestamp="20230121 17:36:42.512" level="INFO">xpath criteria: (//android.widget.EditText[@resource-id='android:id/numberpicker_input'])[2]</msg>
<status status="PASS" starttime="20230121 17:36:42.253" endtime="20230121 17:36:42.512"/>
</kw>
<kw name="Wait Until Page Contains Element" library="AppiumLibrary">
<arg>xpath=(//android.widget.EditText[@resource-id='android:id/numberpicker_input'])[3]</arg>
<doc>Waits until element specified with `locator` appears on current page.</doc>
<msg timestamp="20230121 17:36:43.320" level="INFO">xpath criteria: (//android.widget.EditText[@resource-id='android:id/numberpicker_input'])[3]</msg>
<status status="PASS" starttime="20230121 17:36:42.512" endtime="20230121 17:36:43.320"/>
</kw>
<kw name="Click Element" library="AppiumLibrary">
<arg>xpath=(//android.widget.EditText[@resource-id='android:id/numberpicker_input'])[3]</arg>
<doc>Click element identified by `locator`.</doc>
<msg timestamp="20230121 17:36:43.320" level="INFO">Clicking element 'xpath=(//android.widget.EditText[@resource-id='android:id/numberpicker_input'])[3]'.</msg>
<msg timestamp="20230121 17:36:44.245" level="INFO">xpath criteria: (//android.widget.EditText[@resource-id='android:id/numberpicker_input'])[3]</msg>
<status status="PASS" starttime="20230121 17:36:43.320" endtime="20230121 17:36:44.248"/>
</kw>
<kw name="Wait Until Page Contains Element" library="AppiumLibrary">
<arg>xpath=(//android.widget.EditText[@resource-id='android:id/numberpicker_input'])[3]</arg>
<doc>Waits until element specified with `locator` appears on current page.</doc>
<msg timestamp="20230121 17:36:44.438" level="INFO">xpath criteria: (//android.widget.EditText[@resource-id='android:id/numberpicker_input'])[3]</msg>
<status status="PASS" starttime="20230121 17:36:44.248" endtime="20230121 17:36:44.438"/>
</kw>
<kw name="Clear Text" library="AppiumLibrary">
<arg>xpath=(//android.widget.EditText[@resource-id='android:id/numberpicker_input'])[3]</arg>
<doc>Clears the text field identified by `locator`.</doc>
<msg timestamp="20230121 17:36:44.442" level="INFO">Clear text field 'xpath=(//android.widget.EditText[@resource-id='android:id/numberpicker_input'])[3]'</msg>
<msg timestamp="20230121 17:36:45.133" level="INFO">xpath criteria: (//android.widget.EditText[@resource-id='android:id/numberpicker_input'])[3]</msg>
<status status="PASS" starttime="20230121 17:36:44.438" endtime="20230121 17:36:45.133"/>
</kw>
<kw name="Wait Until Page Contains Element" library="AppiumLibrary">
<arg>xpath=(//android.widget.EditText[@resource-id='android:id/numberpicker_input'])[3]</arg>
<doc>Waits until element specified with `locator` appears on current page.</doc>
<msg timestamp="20230121 17:36:46.307" level="INFO">xpath criteria: (//android.widget.EditText[@resource-id='android:id/numberpicker_input'])[3]</msg>
<status status="PASS" starttime="20230121 17:36:45.133" endtime="20230121 17:36:46.307"/>
</kw>
<kw name="Input Text" library="AppiumLibrary">
<arg>xpath=(//android.widget.EditText[@resource-id='android:id/numberpicker_input'])[3]</arg>
<arg>1996</arg>
<doc>Types the given `text` into text field identified by `locator`.</doc>
<msg timestamp="20230121 17:36:46.312" level="INFO">Typing text '1996' into text field 'xpath=(//android.widget.EditText[@resource-id='android:id/numberpicker_input'])[3]'</msg>
<msg timestamp="20230121 17:36:47.175" level="INFO">xpath criteria: (//android.widget.EditText[@resource-id='android:id/numberpicker_input'])[3]</msg>
<status status="PASS" starttime="20230121 17:36:46.307" endtime="20230121 17:36:47.175"/>
</kw>
<kw name="Wait Until Page Contains Element" library="AppiumLibrary">
<arg>xpath=//android.widget.Button[@text='OK']</arg>
<doc>Waits until element specified with `locator` appears on current page.</doc>
<msg timestamp="20230121 17:36:47.995" level="INFO">xpath criteria: //android.widget.Button[@text='OK']</msg>
<status status="PASS" starttime="20230121 17:36:47.175" endtime="20230121 17:36:47.995"/>
</kw>
<kw name="Click Element" library="AppiumLibrary">
<arg>xpath=//android.widget.Button[@text='OK']</arg>
<doc>Click element identified by `locator`.</doc>
<msg timestamp="20230121 17:36:47.999" level="INFO">Clicking element 'xpath=//android.widget.Button[@text='OK']'.</msg>
<msg timestamp="20230121 17:36:48.246" level="INFO">xpath criteria: //android.widget.Button[@text='OK']</msg>
<status status="PASS" starttime="20230121 17:36:47.995" endtime="20230121 17:36:48.246"/>
</kw>
<kw name="Wait Until Page Contains Element" library="AppiumLibrary">
<arg>xpath=//android.widget.EditText[@text='Email address']</arg>
<doc>Waits until element specified with `locator` appears on current page.</doc>
<msg timestamp="20230121 17:36:48.502" level="INFO">xpath criteria: //android.widget.EditText[@text='Email address']</msg>
<status status="PASS" starttime="20230121 17:36:48.246" endtime="20230121 17:36:48.502"/>
</kw>
<kw name="Input Text" library="AppiumLibrary">
<arg>xpath=//android.widget.EditText[@text='Email address']</arg>
<arg>akb@gmail.com</arg>
<doc>Types the given `text` into text field identified by `locator`.</doc>
<msg timestamp="20230121 17:36:48.506" level="INFO">Typing text 'akb@gmail.com' into text field 'xpath=//android.widget.EditText[@text='Email address']'</msg>
<msg timestamp="20230121 17:36:50.171" level="INFO">xpath criteria: //android.widget.EditText[@text='Email address']</msg>
<status status="PASS" starttime="20230121 17:36:48.502" endtime="20230121 17:36:50.171"/>
</kw>
<kw name="Wait Until Page Contains Element" library="AppiumLibrary">
<arg>xpath=//android.widget.EditText[@text='Password']</arg>
<doc>Waits until element specified with `locator` appears on current page.</doc>
<msg timestamp="20230121 17:36:50.804" level="INFO">xpath criteria: //android.widget.EditText[@text='Password']</msg>
<status status="PASS" starttime="20230121 17:36:50.171" endtime="20230121 17:36:50.804"/>
</kw>
<kw name="Input Text" library="AppiumLibrary">
<arg>xpath=//android.widget.EditText[@text='Password']</arg>
<arg>akb123</arg>
<doc>Types the given `text` into text field identified by `locator`.</doc>
<msg timestamp="20230121 17:36:50.807" level="INFO">Typing text 'akb123' into text field 'xpath=//android.widget.EditText[@text='Password']'</msg>
<msg timestamp="20230121 17:36:51.525" level="INFO">xpath criteria: //android.widget.EditText[@text='Password']</msg>
<status status="PASS" starttime="20230121 17:36:50.807" endtime="20230121 17:36:51.525"/>
</kw>
<kw name="Wait Until Page Contains Element" library="AppiumLibrary">
<arg>xpath=//android.widget.TextView[@text='CREATE']</arg>
<doc>Waits until element specified with `locator` appears on current page.</doc>
<msg timestamp="20230121 17:36:52.202" level="INFO">xpath criteria: //android.widget.TextView[@text='CREATE']</msg>
<status status="PASS" starttime="20230121 17:36:51.525" endtime="20230121 17:36:52.202"/>
</kw>
<kw name="Click Element" library="AppiumLibrary">
<arg>xpath=//android.widget.TextView[@text='CREATE']</arg>
<doc>Click element identified by `locator`.</doc>
<msg timestamp="20230121 17:36:52.206" level="INFO">Clicking element 'xpath=//android.widget.TextView[@text='CREATE']'.</msg>
<msg timestamp="20230121 17:36:52.385" level="INFO">xpath criteria: //android.widget.TextView[@text='CREATE']</msg>
<status status="PASS" starttime="20230121 17:36:52.202" endtime="20230121 17:36:52.385"/>
</kw>
<kw name="Wait Until Page Contains Element" library="AppiumLibrary">
<arg>xpath=//android.widget.TextView[@text='There was an issue signing in']</arg>
<doc>Waits until element specified with `locator` appears on current page.</doc>
<msg timestamp="20230121 17:37:24.039" level="INFO">&lt;?xml version='1.0' encoding='UTF-8' standalone='yes' ?&gt;
&lt;hierarchy index="0" class="hierarchy" rotation="0" width="720" height="1536"&gt;
  &lt;android.widget.FrameLayout index="0" package="org.khanacademy.android" class="android.widget.FrameLayout" text="" checkable="false" checked="false" clickable="false" enabled="true" focusable="false" focused="false" long-clickable="false" password="false" scrollable="false" selected="false" bounds="[0,0][720,1536]" displayed="true"&gt;
    &lt;android.widget.LinearLayout index="0" package="org.khanacademy.android" class="android.widget.LinearLayout" text="" checkable="false" checked="false" clickable="false" enabled="true" focusable="false" focused="false" long-clickable="false" password="false" scrollable="false" selected="false" bounds="[0,0][720,1536]" displayed="true"&gt;
      &lt;android.widget.FrameLayout index="0" package="org.khanacademy.android" class="android.widget.FrameLayout" text="" checkable="false" checked="false" clickable="false" enabled="true" focusable="false" focused="false" long-clickable="false" password="false" scrollable="false" selected="false" bounds="[0,64][720,1536]" displayed="true"&gt;
        &lt;android.widget.FrameLayout index="0" package="org.khanacademy.android" class="android.widget.FrameLayout" text="" resource-id="org.khanacademy.android:id/action_bar_root" checkable="false" checked="false" clickable="false" enabled="true" focusable="false" focused="false" long-clickable="false" password="false" scrollable="false" selected="false" bounds="[0,64][720,1536]" displayed="true"&gt;
          &lt;android.widget.FrameLayout index="0" package="org.khanacademy.android" class="android.widget.FrameLayout" text="" resource-id="android:id/content" checkable="false" checked="false" clickable="false" enabled="true" focusable="false" focused="false" long-clickable="false" password="false" scrollable="false" selected="false" bounds="[0,64][720,1536]" displayed="true"&gt;
            &lt;android.widget.LinearLayout index="0" package="org.khanacademy.android" class="android.widget.LinearLayout" text="" checkable="false" checked="false" clickable="false" enabled="true" focusable="false" focused="false" long-clickable="false" password="false" scrollable="false" selected="false" bounds="[0,64][720,1536]" displayed="true"&gt;
              &lt;android.widget.FrameLayout index="0" package="org.khanacademy.android" class="android.widget.FrameLayout" text="" resource-id="org.khanacademy.android:id/content" checkable="false" checked="false" clickable="false" enabled="true" focusable="false" focused="false" long-clickable="false" password="false" scrollable="false" selected="false" bounds="[0,64][720,1536]" displayed="true"&gt;
                &lt;android.widget.FrameLayout index="0" package="org.khanacademy.android" class="android.widget.FrameLayout" text="" resource-id="org.khanacademy.android:id/content_root" checkable="false" checked="false" clickable="false" enabled="true" focusable="false" focused="false" long-clickable="false" password="false" scrollable="false" selected="false" bounds="[0,64][720,1536]" displayed="true"&gt;
                  &lt;android.widget.FrameLayout index="0" package="org.khanacademy.android" class="android.widget.FrameLayout" text="" checkable="false" checked="false" clickable="false" enabled="true" focusable="false" focused="false" long-clickable="false" password="false" scrollable="false" selected="false" bounds="[0,64][720,1536]" displayed="true"&gt;
                    &lt;android.view.ViewGroup index="0" package="org.khanacademy.android" class="android.view.ViewGroup" text="" checkable="false" checked="false" clickable="false" enabled="true" focusable="false" focused="false" long-clickable="false" password="false" scrollable="false" selected="false" bounds="[0,64][720,176]" displayed="true"&gt;
                      &lt;android.view.ViewGroup index="0" package="org.khanacademy.android" class="android.view.ViewGroup" text="" checkable="false" checked="false" clickable="false" enabled="true" focusable="false" focused="false" long-clickable="false" password="false" scrollable="false" selected="false" bounds="[0,64][720,176]" displayed="true"&gt;
                        &lt;android.view.ViewGroup index="0" package="org.khanacademy.android" class="android.view.ViewGroup" text="" checkable="false" checked="false" clickable="false" enabled="true" focusable="false" focused="false" long-clickable="false" password="false" scrollable="false" selected="false" bounds="[32,64][688,175]" displayed="true"&gt;
                          &lt;android.widget.Button index="0" package="org.khanacademy.android" class="android.widget.Button" text="" content-desc="Back" checkable="false" checked="false" clickable="true" enabled="true" focusable="true" focused="false" long-clickable="false" password="false" scrollable="false" selected="false" bounds="[32,96][100,144]" displayed="true"&gt;
                            &lt;android.widget.ImageView index="0" package="org.khanacademy.android" class="android.widget.ImageView" text="" checkable="false" checked="false" clickable="false" enabled="true" focusable="false" focused="false" long-clickable="false" password="false" scrollable="false" selected="false" bounds="[32,96][80,144]" displayed="true" /&gt;
                          &lt;/android.widget.Button&gt;
                          &lt;android.widget.TextView index="1" package="org.khanacademy.android" class="android.widget.TextView" text="Sign up" checkable="false" checked="false" clickable="false" enabled="true" focusable="false" focused="false" long-clickable="false" password="false" scrollable="false" selected="false" bounds="[100,100][526,140]" displayed="true" /&gt;
                          &lt;android.view.ViewGroup index="2" package="org.khanacademy.android" class="android.view.ViewGroup" text="" checkable="false" checked="false" clickable="false" enabled="true" focusable="false" focused="false" long-clickable="false" password="false" scrollable="false" selected="false" bounds="[550,97][688,143]" displayed="true"&gt;
                            &lt;android.view.ViewGroup index="0" package="org.khanacademy.android" class="android.view.ViewGroup" text="" checkable="false" checked="false" clickable="false" enabled="true" focusable="false" focused="false" long-clickable="false" password="false" scrollable="false" selected="false" bounds="[550,97][688,143]" displayed="true"&gt;
                              &lt;android.widget.Button index="0" package="org.khanacademy.android" class="android.widget.Button" text="" checkable="false" checked="false" clickable="true" enabled="true" focusable="true" focused="false" long-clickable="false" password="false" scrollable="false" selected="false" bounds="[550,97][688,143]" displayed="true"&gt;
                                &lt;android.widget.TextView index="0" package="org.khanacademy.android" class="android.widget.TextView" text="CREATE" checkable="false" checked="false" clickable="false" enabled="true" focusable="false" focused="false" long-clickable="false" password="false" scrollable="false" selected="false" bounds="[550,97][688,143]" displayed="true" /&gt;
                              &lt;/android.widget.Button&gt;
                            &lt;/android.view.ViewGroup&gt;
                          &lt;/android.view.ViewGroup&gt;
                        &lt;/android.view.ViewGroup&gt;
                      &lt;/android.view.ViewGroup&gt;
                    &lt;/android.view.ViewGroup&gt;
                    &lt;android.view.ViewGroup index="1" package="org.khanacademy.android" class="android.view.ViewGroup" text="" checkable="false" checked="false" clickable="false" enabled="true" focusable="false" focused="false" long-clickable="false" password="false" scrollable="false" selected="false" bounds="[0,176][720,1536]" displayed="true"&gt;
                      &lt;android.widget.ScrollView index="0" package="org.khanacademy.android" class="android.widget.ScrollView" text="" checkable="false" checked="false" clickable="false" enabled="true" focusable="true" focused="false" long-clickable="false" password="false" scrollable="false" selected="false" bounds="[0,176][720,1536]" displayed="true"&gt;
                        &lt;android.view.ViewGroup index="0" package="org.khanacademy.android" class="android.view.ViewGroup" text="" checkable="false" checked="false" clickable="false" enabled="true" focusable="false" focused="false" long-clickable="false" password="false" scrollable="false" selected="false" bounds="[0,176][720,1299]" displayed="true"&gt;
                          &lt;android.widget.TextView index="0" package="org.khanacademy.android" class="android.widget.TextView" text="Invalid password" checkable="false" checked="false" clickable="false" enabled="true" focusable="false" focused="false" long-clickable="false" password="false" scrollable="false" selected="false" bounds="[32,208][688,259]" displayed="true" /&gt;
                          &lt;android.widget.TextView index="1" package="org.khanacademy.android" class="android.widget.TextView" text="Tell us a little bit about yourself to create your account" checkable="false" checked="false" clickable="false" enabled="true" focusable="false" focused="false" long-clickable="false" password="false" scrollable="false" selected="false" bounds="[64,307][656,399]" displayed="true" /&gt;
                          &lt;android.widget.EditText index="2" package="org.khanacademy.android" class="android.widget.EditText" text="Akb" content-desc="First name" checkable="false" checked="false" clickable="true" enabled="true" focusable="true" focused="false" long-clickable="true" password="false" scrollable="false" selected="false" bounds="[32,447][688,543]" displayed="true" /&gt;
                          &lt;android.widget.EditText index="3" package="org.khanacademy.android" class="android.widget.EditText" text="anu" content-desc="Last name" checkable="false" checked="false" clickable="true" enabled="true" focusable="true" focused="false" long-clickable="true" password="false" scrollable="false" selected="false" bounds="[32,573][688,669]" displayed="true" /&gt;
                          &lt;android.view.ViewGroup index="4" package="org.khanacademy.android" class="android.view.ViewGroup" text="" content-desc="Birthday November 23, 1996" checkable="false" checked="false" clickable="true" enabled="true" focusable="true" focused="false" long-clickable="false" password="false" scrollable="false" selected="false" bounds="[32,699][688,795]" displayed="true"&gt;
                            &lt;android.widget.TextView index="0" package="org.khanacademy.android" class="android.widget.TextView" text="November 23, 1996" checkable="false" checked="false" clickable="false" enabled="true" focusable="false" focused="false" long-clickable="false" password="false" scrollable="false" selected="false" bounds="[57,726][663,768]" displayed="true" /&gt;
                            &lt;android.widget.ImageView index="1" package="org.khanacademy.android" class="android.widget.ImageView" text="" checkable="false" checked="false" clickable="false" enabled="true" focusable="false" focused="false" long-clickable="false" password="false" scrollable="false" selected="false" bounds="[615,724][663,772]" displayed="true" /&gt;
                          &lt;/android.view.ViewGroup&gt;
                          &lt;android.widget.EditText index="5" package="org.khanacademy.android" class="android.widget.EditText" text="akb@gmail.com" content-desc="Email address" checkable="false" checked="false" clickable="true" enabled="true" focusable="true" focused="false" long-clickable="true" password="false" scrollable="false" selected="false" bounds="[32,825][688,921]" displayed="true" /&gt;
                          &lt;android.widget.EditText index="6" package="org.khanacademy.android" class="android.widget.EditText" text="••••••" content-desc="Password" checkable="false" checked="false" clickable="true" enabled="true" focusable="true" focused="false" long-clickable="true" password="true" scrollable="false" selected="false" bounds="[32,951][688,1047]" displayed="true" /&gt;
                          &lt;android.view.ViewGroup index="7" package="org.khanacademy.android" class="android.view.ViewGroup" text="" checkable="false" checked="false" clickable="true" enabled="true" focusable="true" focused="false" long-clickable="false" password="false" scrollable="false" selected="false" bounds="[616,975][664,1023]" displayed="true"&gt;
                            &lt;android.widget.ImageView index="0" package="org.khanacademy.android" class="android.widget.ImageView" text="" checkable="false" checked="false" clickable="false" enabled="true" focusable="false" focused="false" long-clickable="false" password="false" scrollable="false" selected="false" bounds="[616,975][664,1023]" displayed="true" /&gt;
                          &lt;/android.view.ViewGroup&gt;
                          &lt;android.widget.TextView index="8" package="org.khanacademy.android" class="android.widget.TextView" text="Passwords should be at least 8 characters long and should contain a mixture of letters, numbers, and other characters." checkable="false" checked="false" clickable="false" enabled="true" focusable="false" focused="false" long-clickable="false" password="false" scrollable="false" selected="false" bounds="[56,1077][664,1203]" displayed="true" /&gt;
                        &lt;/android.view.ViewGroup&gt;
                      &lt;/android.widget.ScrollView&gt;
                    &lt;/android.view.ViewGroup&gt;
                  &lt;/android.widget.FrameLayout&gt;
                &lt;/android.widget.FrameLayout&gt;
              &lt;/android.widget.FrameLayout&gt;
            &lt;/android.widget.LinearLayout&gt;
          &lt;/android.widget.FrameLayout&gt;
        &lt;/android.widget.FrameLayout&gt;
      &lt;/android.widget.FrameLayout&gt;
    &lt;/android.widget.LinearLayout&gt;
  &lt;/android.widget.FrameLayout&gt;
&lt;/hierarchy&gt;</msg>
<kw name="Capture Page Screenshot" library="AppiumLibrary">
<doc>Takes a screenshot of the current page and embeds it into the log.</doc>
<msg timestamp="20230121 17:37:25.129" level="INFO" html="true">&lt;/td&gt;&lt;/tr&gt;&lt;tr&gt;&lt;td colspan="3"&gt;&lt;img src="data:image/png;base64, iVBORw0KGgoAAAANSUhEUgAAAtAAAAZACAYAAABQfnXMAAAABHNCSVQICAgIfAhkiAAAIABJREFU
eJzs3XlcVFXjBvBnBgYQNEBENBAXFBU3TDRxxyXTXpfcLcPlp2XupVm+5pKmZqmZmru55VJuqZlp
uSDgCmqa+4IbuKEIyDLr+f3By8gwwzAXBgb0+X4+56Nz77n3nrkMzDNnzj1XBkCAiIiIiIgsIrd1
A4iIiIiIihMGaCIiIiIiCRigiYiIiIgkYIAmIiIiIpKAAZqIiIiISAIGaCIiIiIiCRigiYiIiIgk
YIAmIiIiIpKAAZqIiIiISAIGaCIiIiIiCRigiYiIiIgkYIAmIiIiIpKAAZqIiIiISAIGaCIiIiIi
CRigiYiIiIgkYIAmIiIiKiKcnJxs3QSyAAM0ERERUREwevRo7Nq1K9d6rq6uGDFiBDZv3oxFixYV
QssoOwZoyje5XA5PT0/MmjULGo0GOp0OQggIIaDT6aDVavHtt9+ibNmykMlktm4uEREVA+XKlUNE
RAT27t2rf++IjY3Vv79klri4uGL93uLt7Y0hQ4bg+PHj+Prrr+Hh4WG2fr9+/XD+/Hn07t0b9+7d
Q0RERCG1lLITLCx5KXK5XLRv316kpaUJnU4ncqPT6URaWppo0aKFzdvOwsLCwlJ0i1wuF5GRkfr3
D5lMJgDo32vkcrmQyWTi3Llz4vz58/r1xbF06dJFnDt3TsyePVtMmzZNREdH51h3+PDh4sGDB6JX
r142bzeL7RvAUgyLvb29SE9PzzU05xSk5XK5zZ8DCwsLC0vRLDNmzDDomMkeoDMfy2SyYh2es5fJ
kyfnGKCbN28u4uPjRbt27WzeThYIDuEgySpWrAilUglHR8c8bS+EgEwmg0wmQ+XKla3cOiIiKs7a
tWuHL774wqJhGZnDOF4FX331FdavXw9PT08sW7YMy5cvxwcffGDrZr2yGKDzwN3dHSEhIWjTpo1R
CQkJQc2aNfO035CQEDRs2DBP2wUFBeXpmFL5+vri5s2bkMvz/tKRy+WYMGEChBC4ceMGQzQREQHI
GA+8efNmyOVyrFixwmzdU6dOQafTITY2tliPgbaEn58fGjRogMDAQEyfPh329vaQy+WYNm0aDh06
BFdXV1s30UCTJk2wZcsWJCQkGI1Zt3ZJT09HWFgY3nvvvUJ9jjJkdEUXKHd3d/j6+r446P9e6Jn/
ZoaxS5cuITU11aJ99u/fH507d0bVqlXh4OCA+Ph4REdHY9myZbh06ZK+np+fH7y9vfXHyOz5zPx/
9uWnT5/G48ePczzuvHnzMHz4cDg4OJhtX1xcHNatW4fJkydDrVbn+nyqV6+Oy5cvIzExERUrVkRi
YmKu2wDAW2+9hX379iEmJgZVqlSxaJu8cnBwQFpaWr7Cc6aLFy+idu3a0Ol00Ol0KFGiBFQqlaR9
ZP4BkclkRhctZmdnZwc7OzujupkXPBIRke2FhYWhRYsWOHnyJJo3b4709HT9e3Xm3+2s791ardZg
vTlNmjSBh4cHnjx5gqNHj5qtO3bsWDRs2BBeXl5G61JSUnDy5Els27YNFy5cyPuTNWHy5Mno0qUL
GjRoYLD8ww8/xNKlS3HgwAH06NFDnxHc3d2xc+dOxMTEoH///lZtS16FhoZi7dq1Njn23LlzMW7c
uEI7XoGPEwkNDbVobGxQUFCu+2rdurU4e/asfptHjx6J2NhYoVarhRBCJCcni+HDh+vrL1q0yNKh
uSI9PV1Urlw5x2MPGTJECCFEdHS0WLFihRBCiAsXLojZs2fry/fffy927NghEhIShBBC7Nq1y6Jz
9OGHH+rbMWrUKIvP7fr164UQQmi1WlG+fPmCG+sjl+d5zLMpsbGxQi6X6x8rlUqLx0XLZDLh6uoq
pkyZIvbs2SPCwsLErl27xNdffy169eolXFxcDMbEOTk5iQEDBogNGzaIsLAw8eeff4pvv/1WhIaG
irJly75U4+dYWFhYpBZvb2/xxx9/iJSUFKHT6QqtPHr0SMyYMUOULl1a35bY2Fj9+0LWMdBRUVFC
JpMZjYHO/thc6dSpk77kVnf58uXi1q1bZt/H/vnnH9GnTx+r/ixyGgP95ZdfivT0dFGpUiWjdQEB
ASI5OblAXhv/+c9/RGBgoMX1q1SpIrRarRBCiLlz5wofH58Cf/2WKlVKDBs2TP9zee+99wrl98Ye
hSgiIsLsp7779+/nug8nJyf4+flh1apVWLp0KaKiogAAXl5eGDt2LEaNGoXvv/8ely9fxoEDB/DX
X38hJSXF7D7d3Nzw4Ycf4uDBg4iJicmxnr+/Py5cuICOHTuiQoUKGDx4MG7evInPP//cqK6Pjw+2
b9+OTp06YdSoUViwYIHZNrzxxhsQQuDhw4fo1q1brvUzz8Xbb7+Ne/fuwcfHB61atcKmTZty3S4v
2rZtm+cxz6YoFArIZDJoNBrY29vDwcEBHTp0wJ49e3Ldtnnz5ti4cSO8vb0Nlnfq1AkAcPPmTQwY
MADh4eHw9fXFvn37UKNGDYO67du3BwA8efJEP5cmEdGrxsnJCYcOHUK1atUK/dienp7473//i169
eqFu3bpIS0uDj4+PQZ3MHuZGjRoV+reFuQ0LqVu3Lj799FM8efIEf/31V4G2JSUlBffu3cOtW7eM
1l28eBHp6elWP2bFihWxbt06ScMsBw0aBLlcjnXr1mHs2LG51vf19UWvXr1QuXJljB071uh55LYe
AJKTk7F48WIAwI8//oiPPvoIGzdutLjN+VHgKT2zB/qHH36wyv68vb1zXDd79mwhhBAbNmyweH9z
5swRQgjRt29fi7cJCgoSQgixe/fuHOsEBAQIpVIpTp48mev+IiIiRGxsrNi4caNQqVSiatWquW6T
2SP+1VdfCSGEmDNnToH8/ORyuUhLSzP45J3Zg3D37l3x999/i61bt4qzZ88a9C6Yc+fOHeHh4WFQ
Lz09Pdde6I4dOwqlUml23zqdTiiVStG/f38xceLEXNui0WjEjBkzCvz3gIWFhaWola5du1o0DWlB
69q1q8n2ZZ+mLrOHOuv7TFxcXIH0QN++fVsIIcThw4dFSEiIkMvlwtvbW0yePFnExcUJIYRISkoS
S5cutdrPI2sP9Lx588Ty5csFkJE5kpKSRKlSpYy28fHxEampqVZ9XSgUCnH27FkRExMjabt9+/YJ
IYR45513cq07aNAg/bf1Qgij55bb+uylVKlSQoiMLFEYvzvF8iLC2NjYHNft27cPAEyOW8pJz549
cfv2bav33l68eBHnz59H7dq1c61bo0YNXLlyBZs3b4ZCocCgQYNy3aZnz5549uwZ5syZg4SEBNSp
U8cazTbi4eGh731OT09HcHAw5HI5XF1dkZSUhDZt2qBr165ITU2FQqHQ31glKSkJOp3O5D7j4uIw
Y8YMg0/4Dg4O8PT0zLEdzs7OWLNmjcH4c7Vajd69e6NRo0b4999/AWT0Gjg4OGDJkiWIjIzEw4cP
zT4/Ozs7fPbZZ+jSpYvF54SI6GXg5+cHADh+/DiePn1qsC4pKSnXm3Rcv37doFf01q1bCAsLMyqn
Tp0CABw7dsxg+ZEjRwAAVatWNbn/evXqoW7duvreZx8fH8jlcv11LXK5HN7e3oXSO515weKKFSvw
888/AwBKlSqFKlWqoGzZslY9lkKhwOjRozFkyBD4+/sjKioKUVFRmDdvnlHdhQsX4u+//7bq8Rcu
XIh69erpv+U35ccff4QQAj/++KN+Web7c27f/Ddr1gyLFy+Gm5sb/vnnH3z//fcGvcu5rTclOTkZ
AKz6bXluCjyl56UH2sfHRwwYMEB4eXlJOlZmr+zGjRstqt+vXz8hRMZYHSnHsaQHGoDYs2ePEEKY
fR7169cXQgixYMECAUDcunVLXLhwwex+fX19RXp6uvjll18EAHHs2DFx586dAvn5zZo1S6Snpws/
Pz8hl8tFSEiI0Gg0Rr0W7du3N9hOJpMJZ2dnERMTY1S3W7duQqVSGfVCzJs3L8d2jB492mg/Dx48
EB4eHmLjxo2ievXq4saNGwbr169fL6ZPny6EECIiIkJ88803YtasWQYls5chOjo63+Ohg4KCxM6d
O0VqaqpITU0VO3futGhsf163Y2FhKV6lqP2ujx8/Xuh0OtGmTRuxYMECg7+fa9asEUFBQWZ7qEeN
GiUmTZqkfzxlyhSTx6lRo4bQ6XRG1+rY29sLnU4nxo8fb5XnExwcLDp16iSaN29utC6/PdCZ6+Ry
uRg5cqT+OYeFhYm6detapf1Ze6AnTJggpk+frl9XvXp1ce3aNREeHi6mTJkipk+fLqKjo8WFCxeE
r6+v1V4T3bt31//MJ0yYkGO9rDKXHTp0SAghRKtWrcwe448//hBCCHHkyBGhUCgkr8+tTQX1+5K1
FGoPtKurK3r06IGhQ4di8ODB6NChA5ydnU3WXbp0KVavXm3wySY3Hh4eGDNmDABg586dFm0TGhoK
tVqNZcuWWXwcKRQKBYQQZmfVaN68OQDg9OnTAIA9e/YgICAALVq0yHGbgQMHwtHRUT9298KFC/Dx
8UGlSpWs1/j/CQwMhLOzM2JiYhAXF4eDBw/qZ7TIpNVqsX//foPthBBITU1F5cqV0a1bN31vtFar
xblz52BvbzwEP/PnZ0qXLl0gk8lw584dfPfdd/juu++wZs0a6HQ6HDx4EDKZDB9//DHmzp2r//Tb
tWtXHD9+HEDGJ+L09HTcunULM2fOhFKphFKp1M+SUq9ePQQEBOT5PAUFBSEiIgKdO3dGiRIlUKJE
CXTu3BkRERFmpxnM63ZEVLwU5d/1Fi1aIDIy0qAn9+jRo2jZsqWk/UydOlU/w1GFChUQFRUFnU6H
ixcv6t8zzpw5o6+jUqmsOgVdmTJlAGRc21RQPZFOTk4G2UWtVhv13ufVtGnT9DNwzJo1C5MmTdKv
u3LlCho1aoSwsDC8+eabeOONN7B9+3Y0btwYd+7cscrxa9asibVr1+p/JuZ6oPPKyclJ/7oKDw/H
unXrsGLFClSvXt2i9UVFoV5E2L9/f6NpVlJTU7F3715MmjTJYPq5+Ph4AMCjR49y3a+Xlxfat2+P
SZMmoWrVqli3bh1++eWXXLerWbMmWrVqhcOHD+Pq1asSn41l/P39ERsba/arh8DAQAghEBYWBgBY
t24dPv74Y4SGhuq/3sru3Xffxd27d7Fjxw4AwD///AOZTIaWLVuavMggPzp06ABHR0ekpqbmOIVd
5jSAIoev0X777Tf4+Pjg3r170Gq1uHr1quQ/mlm/4suc7vDMmTMoX748ypUrB29vb9y9exdKpVK/
bxcXF/02LVu2RJMmTRAVFYU1a9bg008/hUwmQ4kSJQBkDOWoXbt2nqclmjRpksk/2I6Ojpg0aVKO
Q0Tyuh0RFS9F+Xe9RYsWWL58ucGyyMhIg6F2Dx48wJMnTxAQEGD273fWdVmnjjW3rDipXbs2Gjdu
DCCjQygpKcmiSRCsISEhAV9++WWB7NvZ2Rk7d+40eN/MHHpjTUFBQfoPIJ9//jns7OwAZAzbqFmz
Zq7ri4pCCdDPnj3DgQMHEBUVhYcPHyIxMRHOzs6oUKECGjVqhC5duqB169Z4//33sXfvXgDAgAED
MHHixBzHO588eVL/KS3zl1Gr1WLmzJmYOHGiRe0aOnQoFAqFfiyTtQ0fPhwVK1bEmjVrzNarXbs2
4uLi9DOAnDhxAufPn8c777wDhUJhNI9048aNUbduXYNe88xxag0aNLD6/It2dnZITk42O/+zufCc
6f79+6hbty6++uordO/ePcf95CRzbJW3tze6du2Kfv364fr16+jRowfGjRuHH3/8EUePHsWIESP0
oVgmk+l/+RwdHfVFJpOhZMmSRsfLbX5vc9q1a1eo64ioeCnKv+uNGzfGo0ePcPfuXfj6+iI5ORmX
Ll1C69atAQCbNm3C+++/DwB45513sHPnTqvcE6A4qFixIvr374+WLVvCzc0NzZo10+eP2NhYHD9+
3OT9B4qbNWvWGMzGotVq8dtvv0EIgefPn6Nv3754/vx5vo+T+S0BkNFhePv2bUyZMgU1atTA+++/
bzB+2tT6DRs25LsN1lAoAXrXrl3YtWtXjuvbtGmDDRs2YO3atahfv74+NJu7WPDIkSOIi4sD8GJq
uypVqmDChAnw9/fHoEGD9APKTVEoFOjevTtiY2Oxbt26PD4z07y8vDBixAiMHTsWDx48wLRp08zW
r169Ok6ePGmwbOfOnZg0aRJ69epl9GIZOHAgABi0+8yZM0hISLDogkWp1Gq11XoLtFotunXrlqdt
Hz16BC8vL9jZ2WHLli2oVKkSNm/ejLJly8LV1RVOTk6wt7dHqVKl9O0VQkCj0Rjsx1zQN/eaIyJ6
WTk5OaFx48Y4evQofH19ER4ejtq1a6NkyZJQq9UYOnQo1q5dizfffBNNmjTB3r178c4779i62YWi
UqVKJodHpqWl4ciRI1i1alXhN8rKRowYgR49ehgss7Oz0w+lGDx4sFXCMwCDD14fffQR1Go1evXq
hYCAADRo0MDgwlVT64tKgC4SHx8PHDiAiRMnwtPTE5988olF24wbNw5du3ZF165d8fbbb6NatWro
0KEDzpw5gx49euTaq/z+++/D29sb27dvz3f7e/bsiVu3buHq1au4c+cO7t27hy+//BJxcXHo0aOH
2bmlmzZtitdee00/g0Sm1atX61802b3zzjs4f/48jh07ZrD8ypUrNvt6QwiRa8j29PTEhQsX8hzG
Dxw4oP9/UlISSpQogWrVqmH//v2YPHmyyW2yflORta2mJCYm5uvrKnPzgBbEOiIqXor673rz5s31
46AjIyP11+H8/fffqFixIvr16wd/f3+MHDkSW7duzfPMF/Xr14dcLodcLseMGTMkb3/69GnodDrE
xMTov2EsbGq1Gps3b8awYcPw5MkTm7TBWry8vNC5c2ccOXIEYWFhSEhIMFi/b98+/PTTT1Y7Xtbx
2pm90UlJSQAyhpHktr6oKBIBGsjoTU1OTkbTpk3zvI/9+/ejdevWuHDhAjp37ozOnTvnWLd///7Q
aDRGY77yIjExEfHx8dDpdEhKSsLBgwfx+eefo379+oiMjDS7bZMmTQC8uIAwU0xMDI4ePYo2bdoY
TO3Wp08feHt7m+zRv3DhAsqVK2eTgfbif7fHzsk777yDBw8e5PqVn7l9rFixQj/2ediwYYiJiUHD
hg2xefNm1K9f3+Q2P//8Mz744AODZXZ2diaHaqxcuTJfn7CnT58OpVJptFypVGL69OlW346Iipei
/rveokULfcdMZGQkmjdvDplMhps3byIwMFBfr379+mY7hnKzfPlyHDx4EAcPHkS/fv0kbx8YGAiZ
TIZKlSqhQoUKeW6HpW7fvo21a9di8eLFOH/+PICMb7HLlClj9enrbOHhw4do3749QkJCEBISYnAd
VUJCAkJDQ606TeC///6rn1ihQ4cO8PDwgL+/P4CMaRFzW19UFJkAnXkVq7l5gC2RmJiovyNNTkMF
ateujWbNmiEiIsKo5zcv9u/fj6CgINSoUQO1a9dG+/bt8e2335odQpKpXr16BhcQZrVjxw64uLhg
wIAB+mV9+vSBWq02Oa767NmzACD5quncLFq0KNc6dnZ2aNOmjcEymUwGJycnXL9+Hbt377ZovJy5
Y129ehVz584FAFSrVg3r16/H2rVrMW/ePLRt2xbt27dHt27d9D3cq1atgkKhMLqLUkBAADZs2GDQ
E3769GnMnz8/X38koqKi0KxZM+zatQtpaWlIS0vDrl270KxZM7NXMud1OyIqXor673rLli1x7tw5
JCcn49SpU/q/6QkJCShZsqS+XqlSpfDs2bM8H6dhw4Zo1aoVWrVqhYoVK+a73QXt1q1bWLt2LT75
5BNs27YNKpUKQMb9G9566y0bt846MjvBhBAG32QPGjQox8kcMrNW5r+WSk9P1993Y968eYiKikLp
0qXx6NEjrF69Otf1RUmhzJdnSYmPj891/mNLSnBwsBBCiL///tvk+kWLFgkhhBg8eHCej2HpPNC5
lTNnzuQ4f7O7u7tISkoSx44dEwCEh4eHSE5OFocPHzZZP3M+6SVLllj151KuXDmL7lQVGRkp7Ozs
BADh6uoqnj59KrRaba7bZTI1R2j2UrZsWbFmzRqh0WiMtlepVCIhIUEolUqxZMkSUaFCBdG2bVuR
mppqdJysd1bcvn27CAwMzPcc0CwsLCzFrWTOA52pUaNGYsaMGaJ69er65cuWLRO9evXSP96yZYto
166d0Ol0RvNAZ1WhQgURHR1tsKx8+fLi7NmzRnWlzAOdtb2VKlUyWJd1rmdHR8cc1+V2jJzmge7U
qZM4fvy4ECLjLrabN28Wzs7Oks65s7OzGD16tHB1dTVa17VrV9G7d+8ct3VychI3b94UH330UYG8
HsqXL68/v6tXr5b8vmjpnQhdXV3FH3/8YXA3yR49eli83lR5Ze9EGBwcDA8PD9y8eTPf+8ocMyNM
9CYqFAp069YNDx48sPpsFVIpFAr4+/sbTN+XVUJCAg4cOICGDRuidu3aGDhwIEqWLKmfui67grqQ
8NGjR0YzgZgSHBwMpVIJnU6HhIQEuLu7S7pKW61W53rXwEePHmHy5Mno0aMHtm/fbvB1qEKhwMWL
FxEaGooZM2bg7t27OH78OPr162fwulKpVLh58yZ2796NYcOG4bPPPsO5c+cK5U5WRERFWfPmzbFq
1SqD+xDUqVMHERER+pkmDh8+XCAXrGeVOVd0REREkZryLjo6GidOnACQ8c1r9erV0b59e0n7KF26
NObPn28wGwWQMRZ59erVOd6VEcgYflqmTBn8+uuv0htvgcxj37lzByNHjpT8vph5HZGp67eySkxM
RMeOHeHv74/g4GBUrFgRW7dutXi9KZnDNTN/PgWtUGbhCAwM1A8vyMkXX3wBANi9e3eOdfr06YMr
V67gzJkzZvfVs2dPAMDly5eN1g0cOBDly5fHkiVLLAqFBalFixZwdnY2O4zk119/RdeuXTFgwAA0
adIEycnJZmcNuXLlCmrUqGHVdup0OvTt2xfbtm0zW08mk2H27NkG8zZK0bdv3xxv/Z3VnTt38PDh
Q1y4cAE//vgjOnTogD59+sDHxwceHh5o0aIFPDw8ULJkSVSsWBE1a9aEl5cXLl26hL1792Lv3r14
8uQJUlJS9NMqEhFRxjCOefPmoUWLFvrgGhwcjJIlS+Ljjz9G48aNsWLFChw7dky/PvP23ZmqVq0K
b2/vHI8RFRVlMAQk82ZiWdWrVw8ymSxf10UVhLi4OJw9exZxcXF4/fXX4e/vj06dOumne8uP8ePH
IyEhQT9U0ZRevXph3759Rhf6WUvVqlUhhMB7772Xp2uCfvrpJ0yYMAGhoaGIj4/H999/j3v37uVY
//r162bHNee2HsgYUvTBBx/ob7xXUDfGM6XAu7kPHTokwsPDRdOmTY3WKRQKsXDhQiGEEMePH9cv
9/LyEn369BEeHh4CyBjO8PjxY/H48WMxZMgQk8dRKBRi6tSpQqPRiOfPn4t69eoZ1Tly5IjQaDQi
MDAwX8/JGkM4Jk6cKIQQ4r333jNb7/79++LSpUtCpVKJHTt2mK27YsUKIYQw+dzzU+RyuVCr1Sa/
pstKo9GIxo0bSxq6IYQQarVayOXyPLXL29tbNGnSRISGhorJkyeLRYsWiZUrV4rffvtNrFu3Tsye
PVuEhoaKhg0bCm9v7zwdh4WFheVlLGPGjDEYEpGcnCxkMpmIjY01+Bv9zz//iBo1aogyZcqIOXPm
6LcZNWqUkMlkBiXzPT2nIRzZ6ycnJ4vRo0cbtCtrm7IPI7DlEA4AIjAwUGzatEnfhuPHj4v27dtb
fM59fHyEEEL4+fnpl/n6+oqnT5+aHZrh5+cnlEql6NKli8FyhUIh6tevb5Xbec+cOVPMnTs3X0Ma
Q0NDJb3/W9OcOXMK8/en4A8yefJkkZ6eLtRqtTh27JhYtGiRmDVrlli7dq24deuWEEKICxcuGLyY
du7cKYQQ4tdff9Uv6927t4iLi9PX//HHH8WECRPE1KlTxapVq/Qv9vT0dPHhhx8atSMwMFBoNBoR
Hh6e7+eU1wD9wQcfiPPnz4vFixeLa9euidTUVOHl5WV2m59++kn/4ujTp4/ZuiNGjBBCCDFixAir
/xwdHBwsCsYPHz4U9erVs2jctBBCaLVa4eDgkO/2OTs7i9dff134+/uLunXriqCgIFGrVi3h4+Mj
eYwaCwsLy6tQQkJCjP5W5/S3W6fTmaybvZjbT071swZUoGgHaIVCIUaOHCnS09OFEELcv39fbN++
3eJzbipAb9myRZw4ccLsdrNmzRI3btwwWPb++++LuLg4ERMTI548eSLOnDmTr9dD586djc5bXkqT
Jk3Eli1bREJCgkU5ID/S09NFWFhYrp2RBVAK50CBgYFi3bp1+gCc6f79+2LhwoX6nubMsn79eiGE
EMuXLzdY7uHhIb777jtx48YNo5Oo1WpFeHi4aN26tck2LF26VAghxMcff5zv55PXAB0cHKz/ZK9W
q8WsWbNy3SYkJEQIkTGIPre6mRcSrly5skB+jjVr1rQoGIeHhwu5XG5wsZ4pOp1O1KxZs7Bf9Cws
LCws/ys7duzI9W96QdqzZ49RSA4PDxdCZFycnn3d0aNHhRBCnDp1yugbxUaNGolOnTqZ/Ma7efPm
olOnTuLNN9/M9Zxk7yXPax1TJXuAHjdunEhNTRXNmjUzu92lS5fE3LlzDZbduHFDDBo0SP84p/zD
Yv0i+99/ClXlypVRsWJFxMfHmx3/W716dVy5ciXH9cHBwfD390fp0qURHx+PiIiIfM1NKZWnpyfS
09Mtmq4uK2dnZ7z55pu4e/dukZrT0FK1atXCuXPncr1A8NChQ2jXrh1CQkKwc+dOlChRwuBiEJ1O
hzp16uDq1avQarW8iI+IyEbatWuHoUOHwsPDo9COmZaWhsOHD2Pu3Lki+PGhAAAgAElEQVRGd4zN
+l6R/b3B3LriwMfHB3fv3sWpU6dQrlw5VKhQAePGjTM79rldu3b4448/UK9ePVy8eFG//PHjxxg3
bpzNJ0V4Vdk8xbMUv6JQKCwaE505nYxcLheOjo5ixIgRQqVSCY1GIxQKhQAglixZIlauXCl69epl
8+fFwsLC8qqW7D2qhVFs/ZxtUTJ7oGfOnCkGDRokjh07JjZv3mx2m59//tnk8NNJkyaJZ8+eiYUL
F4rq1avb/Lm9YsXmDWAppkUmk4nevXsLpVJpdliHVqsVK1eu1M8RLZPJDL52e9X/mLKwsLCwvDol
M0BnXuxfp04dkZCQkOO9KZydncWTJ0/EyJEjTa5v3ry52LRpk4iPjxdbtmzJ9boqFqsVmzeApZgX
uVwuypcvLxYuXJjjRSOLFi0SPj4+Nm8rCwsLCwuLLUv2AA1AjBw5Ujx+/Fj4+/sb1R82bJhISEgQ
pUqVynW/4eHhki5oZMl7sckYaCIiIqJXUeYY6MDAQPzzzz/65Tt37oSrqytatWplUP/QoUN48OAB
+vbtm+u+u3Xrhnnz5qFSpUpWbjVlV2TuREhERET0qho6dCj8/PwwdepUdOzYEV9++SX8/f3RrFkz
kxcJBgYGYtq0aXB1ddUv69ixY7GcnKA4YoAmIiIiKiRCCOh0OqM7796/fx/Dhw/HmDFjsHXrVsjl
clSqVAmLFi3Cn3/+abSfEiVKoG3btrh37x4uX76MuLg4BAUFYcyYMYX1VF5pHMJBREREVER4eHjA
3d3d4p5kX19f+Pn5FdupcYsrBmgiIiIiIgk4hIOIiIiISAIGaCIiIiIiCRigiYiIiIgkYIAmIiIi
IpKAAZqIiIiISAIGaCIiIiIiCRigiYiIiIgkYIAmIiIiIpKAAZqIiIiISAIGaCIiIiIiCRigiYiI
iIgkYIAmIiIiIpKAAZqIiIiISAJ7IYSt20BEREREVGywB5qIiIiISAIGaCIiIiIiCRigiYiIiIgk
YIAmIiIiIpKAAZqIiIiISAIGaCIiIiIiCRigiYiIiIgkYIAmIiIiIpKAAZqIiIiISAIGaCIiIiIi
CRigiYiIiIgkYIAmIiIiIpKAAZqIiIiISAIGaCIiIiIiCRigiYiIiIgkYIAmIiIiIpKAAZqIiIiI
SAIGaCIiIiIiCRigiYiIiIgkYIAmIiIiIpKAAZqIiIiISAIGaCIiIiIiCRigiYiIiIgkYIAmIiIi
IpKAAZqIiIiISAIGaCIiIiIiCRigiYiIiIgkYIAmIiIiIpKAAZqIiIiISAIGaCIiIiIiCRigiYiI
iIgkYIAmIiIiIpKAAZqIiIiISAIGaCIiIiIiCRigiYiIiIgkYIAmIiIiIpKAAZqIiIiISAIGaCIi
IiIiCRigiYiIiIgkeGkD9MmTJzF48GAMHjwYp0+ftnVziIiIiOglIRNCCFs3wtoiIyMxf/586HQ6
AICHhweWL19u41ZZx+PH8Uh4loC0tDSUdHGBq6srypQpk+t2Wq0Wf/19AFevXUOlShXx9ltvwcHB
oRBaTERERPRysbd1A6wte3h+GSQlJWHX7t/xx94/cefuXaP1FSr4oHmzZuj0TkdUqFDB5D7mzPse
u3/fo38cFhaO72bPglz+0n4JQURErxCVBnB46VINFVUvVQ+0qfAsl8vx2WefoVGjRjZsWd5FRUVj
ylfTkJiUZFH9d7t0wcdDP4Szs7N+2aPHj9GtRy+juksWLUSdOrWt1lYiIqLC8OCZwJ9n1Yi4rMW/
d3W4G6+DTgBOCqC8uxwVPeVoU9sOIbXs4VfOdEeRVgd8sDDN7HEcFUBJJxncnGXwf12OWhXkqFfR
DnYW9D1Zsv/cVCgjw+z3nSyu/+VmJW4+NOxA7PamPXo0Vli0/d/nNfjpoFpSG3PToqYdhr6V8Y23
Lc5JQXlpPqvlFJ7HjBlTbMPziZOn8Nn4z6GT8Blnx86dePT4MWbPmqFflpZm+sWakpqa7zYSEREV
lgfPBBb8ocT6I2poTHzRnK4GYh7pEPNIh8MXNACU6FDfHuM7O6KGt3HqPXRBI7kN5d1l6N/SAR+2
VaCEg8xs3bzsP6sAH8u/Jb75UIdVB1VGy2/H69D9TQVk5psKAHiQIPLd5uzKuRkeuDDPSUEqGq3I
J3PhuWnTpjZsWd49e/YMU6dNNwrP7u5uaNqkCbp3exdvtWuL0qVLG237dvt2Bo8r+PigVkCAwbLy
5cujdu1a1m84ERFRAdh2XI3gic+x+rDp8JyTvWc0aD0tBYv+VMEa37nfTxD45jcl2kxLxfUHRWe4
6K/HTPcc33yow4nr2kJuzcuv2PdAv4zhGQB+27kLycnJBss+HDIYvXp0h5PTi68u1Go1IiKPYsXK
Vbhz9y5q1qyBli1aGGwnl8sx8+tpWLHqJ5w7dx41alTH/w0ciJIuLoXyXIiIiPJj9k4l5u8x7l21
lBDAjO1KlHKSoX8ry4Yz5CbmkQ4956Xiz4ku8HK1oHu3AKk0wMaInIdebIpQo3E1u0Js0cuvWAfo
lzU8A8BfBw4aPG4d0gqh/d43qqdQKBDSqiWaBDdG9OkzqFG9uskLAz08PPDF+M8KrL1EREQFYdVB
VY7h+c1qdujUwB7+r9uhtIsMWp3A7XiByMsabDuhwfP0F13OVcvJ0TPYfOxxcZThxMwXnUsaHZCY
InApVovNRzX/GxbywoNnAt/tVGJOqGVjch3sgb3/tbzzytHCrH/wXw0eJ714rjIZDHrbfzulxle9
HOHmYj7otwiww+phJXJcf+KaFkv/MvxZtK9njz5Nc26od2nzxyyoc1LQim2AfpnDs1KpxO3btw2W
1Q8MNLuNo6MjmgQ3LshmERERFapTN7SY+qvSaLmPhxxzPnBEywDjGFO3ItCpgT2+eFdgwR8qLPtL
BQd7YMkQJzg7mg9zMhngUcqwjpdrxgWEXRoqsPxvFaZka8+vx9SY2ssRJZ1y74WWywpmDO+GcMPe
5+5vKvDXOQ0SUzNStEqTEaIHtDI/fa1vGTl8y+TcPpWJ4cuVysrxdmDe42RBnZOCViwD9MscnoGM
YRnZaTT5G3R/5sxZ3L13T//Y3d0dzZvlfK7i4uJw4uQpXL12DU+fJsDR0QFeXl7wr1YNwcGNcx3+
ER4RiYSEBEAG+FerhhrVqwMAdDodLl66hFOnovHg4QNoNFqU8yqLhkFBqFevLmSWXOWQg92/70HW
SWVqBdSEn5+fybr379/Hqahog2VvtWtrMDwmp+cAADdjYnDkSDju3L2LpKRkeHqWQcOgIDRtEgxH
R8c8PwciIsogBDDlV6XReGe/cnJs+dQZ5d3Mv1+4OcswuYcjBoZkdFlW8Mh/SPuwrQN+P63BqSxj
itVa4MwtHZrXsM0QiXtPdDjwr2FG6FjfHgIZ48YzrT+Se4AmyxW7AP2yh2cAcHZ2hr29vUFo/nXr
NrQOaQUPD4887fPg4cPY8dtO/eMGDd4wGaATk5KwZOky/L7njxz35eDgAL8qVYyWDxn8f2jUMAgA
sHX7dkRHZ9wB0tHRETu3b8Xjx/GYM+97/HPunNG2a9f/jEaNGmLyxP/Czc1N8vMDgLnfzzc4Z+PH
jc0xQN++cwffzplrsKx5s6YGAdroOezYBp1Wix+XLMWeP/Ya7XP373vgV6UKJn/53xyPS0REljn4
rwZnYgwvflPYAcuGlMg1PGdljeCc1Vt17Q0CNAA8StQBsE2A3npcYzBco4RDxlAMB3vDAH3xng5n
YrSoX5ljoa2hWPWZvwrhGch4Tg3eeMNg2f379zH4o4/x5779SC2g6ecSExMx5pOxZsMzAKhUKly6
fNmopKWZbpdSqcSGTZsxZOjHJsNzppMnT+GzLyZApcr7hSIFRalUIjLyKIaPHG0yPGe6cfMmxowd
h3uxsYXYOiKil8/P4cbfxvZv6YBaFWwbXV4rYRze8/Hlab5odcD6I4bvmf9poICLowzNa9obDUf5
5ah153h+lRWbAP2qhOdMHTu8bbTs8ePH+HrmLLzboye+/2EBok+fMTncI6+WLV+Ja9ev6x87Ojqi
f+gHmP7VVHw1ZTJ69exh8gJFFxcXhLRqiTq16+S47/U/b0B6ejoAwLdCBYS0aolaAQFG+7t06XKu
Ad5Wps+YiZhbtwAAPj4+aNWyBd5s1AgKe8MvchISnmHe/B9eqrthEhEVJqVaIOyi8dDF0Ja2v4Ls
7hPjv+3e7raJU0cuahCXYDg3X7c3M96THOxhdAOVLcfVSE57ae6fZ1PFYgjHqxaeASCkVUvs2x+M
o8eOGa1LSUnFtu07sG37DpQuXRpdO3dC+7fegrf363k+XkJCAn7f8+JW33KZDIsWzEfNGjX0y9q0
DkH9wEBMmPilfln5cuXwy6YNFt0SvFrVqhgzeiTq1qmjH+t85epVjBv/ORISnunr7fhtJ7q92zXP
z6UgeXmVxYTx49GgwRv65/D4cTwmT52K8/9e0Nc7efIULly8iDq1eadHIiKp/rmtQ1q2LyNfd5eh
Wnnb9vupNMCOk4YdV86OQN2KtmnXxkjDtni+JkOz6i+i3bsN7bEsy6wZqUpgz2mN2VkzyDJFPkBv
3rwZW7ZsMVqu0+kwb948zJs3r0CO6+7ujmHDhuGNbEMpCotcLsfkSRMxc9ZsHAkPz7He06dP8dOa
tVizdh369OmN/xs4IE8Xsd26ddvgpi316wcahOdMzZs1hZdXWTx8+AgAcP/BAyQ/fw7X114zu//A
wHr4dtZMg1uMA0B1f38MCA3F9z8s0C+LuXULT58moHRpd8nPoyCVL18ei374Hl5eXgbLPT3LYOJ/
J+C99z8wOIeHDocxQBMR5cGdeONe3sbVbBtZNFpg4qZ0xD417MHt19wh1zsSZtLqgF1RuU8K0LCq
Xa7jvB8mCvxx2nBfvYIVsM8yxLleJTtUKy/HtfsvzufP4eoiFaCteU4KU5EP0Fu3brXJcRMSErB4
8WKsXLnSJscHgJIuLvh62lSER0Tgl1+34tz58znW1QmBjZs24+rVa5g9a4bkEK3ONsuHu7vxHQ4z
lfX01AdowLIZQqr6+RmF50wBATWNlj19+rTIBeimTYKNwnMmH29vBDUMwsmTp/TLTp8+U1hNIyJ6
qTx9bjzMwLOQblaizZLdVRqBJ8kC0Te1WPa32uiixnJuMnzyjuUzW6i1wEfL03Ktt35kCZR3Mx/R
tp9QQ5ftNHVtZLxNnyYKTN/2Yuq96JtaXLynKzJTx1nznBSmotOSIkhY456f+SSXy9GyRQu0bNEC
N2NiEBF5FIcPh+HqtWsm60dFR2P9ho0YPGigpOOULetp8PjipYtQq9VQKAw/paakpODa9Rv6xy4u
znBzdZV0rOxMbZ+WnvsvU1FTOyDAIEBfv3ED6enpBjN7EBFR7hJSjN9/XU1cvGdtz9MFfIYm514R
QNnXZNg02jnXm5MUBJ3ImJYuq5rectSuYDzDRucge4MADWRcTPhVL065mh9F4+OHGd27d7fJcUuX
Lo3hw4fb5Ng5qVK5MkL7vY+fVi7HhvVrMbB/KFxMzMe8cdNmyTN1VPT1RfXq/vrHcXH3sfKn1QYX
KaampmLBoh/1FwMCQIf2b8POLp9T4pi6fNn2n10kK1u2rNGylAKaMYWI6GXmbGJIRIqy6LwxdHzD
Hn9+6YIa3raJUcevahHzyHCYS07DMnw85EZzVP9yVI00VdE5n8VRke+B7tu3L3x9fU1eRPjJJ5+g
SZMmNmyd7VT09cX/DRqITp3+g0/HfYZbt17cuVClUuHKlauoX9/83QuzkslkGD1yBEaN+VQ/JGPD
xk3Yt38/AmrWhEajxcVLl/Ds2YuL/UqXLo0PPjC+vfirytSwmfS0dBM1iYjIHPeSxgHa1LCOwla5
rBwrPiqR56n0FHbAtN659/z653KxZPaLB2UyoFODnMc19wxWIPzyi+EniakC+/7RoGtD24+FttY5
KWxFPkAD0M+0kTVE63Q6fP/99wDwyoZoIGM88sjhwzH2s/EGy58mJEjeV906dfDNzBn4euYsfVCO
j3+CI+ERRnUrVaqIr6d9BY/SOY+VftWYmr/a0ZF3fSIiksrLxHjn6JtaEzWtS2EPjHw74+92mgrY
FaU2uGgw5pEO64+o8M37eRuaZydHvu8G+PS5wK4owwDd0C/jxilPkk1/yAjys4PCLmO8caafj6iL
RIC2xjmxhWIRoAGGaHMq+voaLcs+dtlSVSpXgn+1qjh5Ksponb29PerVq4u32rVFm5AQju3NJv7J
E6NlpUqVskFLiIiKt8BKxkMDr97X4cEzgXIFOBODo70Mn3V+0Rv6f60VaDMtFYmpL4Lp2jA16lWy
Q18bzWTx2yk11Nmu3T95XYvaY59L2k/kFS1uPNTBz6to9ewWF8UmQAOvXojW6XQWza+cmJhotMzD
Q3rPcEJCAkaN+VR/F72ZX09Ho4ZBSEpOhp2dHV4rVSrPwbwwKBQKgxlBlCqlmdrWd/HiJYPHNWvW
yNOUgkRErzrP12So6S3HpVjDcb4bwlUY26nw/q56l5bjq16OGLPGcDjepM1KNKthZ/XbhFsi+8WD
+fHrMTUmdOX7VF4Uu48dTZs2xZgxYwyCZWaIPnr0qA1bZl0Lf1yMtzq8g42bNud6t8EDhw4ZPHZy
ckJVPz/Jx9y+4zeDW1B7e78OJycnlPX0hEfp0kU6PAOAh4eHweO4uPs51rX2DCuPH8fj2PHjBssa
NWxo1WMQEb1Kur1p/J6z/G814p4W7l1eewUrEFLLsL8xRSkwbl260TRyBS3qphaXY633/DeGq6HK
fSZaMqFY9UBnetl7ok+cPIVffs24eczipcuw76+/MGhAfzRr2tRgxou0tDRs3bYdGzdtNtj+Px07
5qnn82ZMjMHjwUM+QnBwY5QrVw6lSpZCyZIucHZxhpurG8qV88Lrr7+OEkVoGEdAzRq4d++e/vGf
+/ZjQP9Qo5u83L5zB4uXLJO8/3PnziMpKQmvZdufTqfDkmXLjG7d3a5tG8nHICKiDP1aKDB/j8pg
9o2kNIHhq9KxcXQJi29ekqYSuBKnMzksxBIyGfBtP0e0mqo1aMuRS1qsC1MV6vjdzZHGHWpfdHXE
6+6WnYu/zmmwO/pFYo5PFjjwrwYdAotlHLSpYnvGXtYQrVarMX/BAoNlN27cxMRJU+Dm5oa6deqg
ZMmSePjoIa5evYbkZMP5Kl1cXPBe3955OnblypURduTFXQ/VGo3JCwgzKezt0bJlSwzo/wEqVayY
p2NaU5Pgxtj/19/6x8nJyRg1+hMMGtgfPt7eSEpKxrETJ7Bly1ajG8dY4uq1a/hw6DAMHNAfAQE1
4ejoiHv37mHzL7/i6DHD3ueOHToUiXNCRFRcuTnLMOJtB8zeaTgc7/g1LXrPT8PSwU54vbT5L9Kv
3ddh8NI0XL2vw/jOjvjkP3kLuz4eckzp6YjxPxsO5Zi2VYkWNe1RpRDGESemCmw/YRigvUtnnCM7
Cw9f00duEKABYEO4mgE6D4r1GTMXooUQ+vXFiUKhwIDQUHwz+1ujkPfs2TOzt/WWy+WYNnWKyfmI
LdGrR3ecOXMW/5w7Z1F9tUaDvw8cQHhEBBYvXGAwj7QtNGvaFL4VKuDO3bv6ZTduZnz4yM71tdeQ
mJQk+Rj3YmMxfcZMs3V8vL0xbOiHkvdNRESGRrztgLCLGhy/ZjgDx6nrWjSdlIIhbRzQ8Q17BPhk
zEIBZAyvuHBXh52n1Fgf/uKCu293KeFRSobQlnkbjvh+cwV2RakRkWU6uDQV8MnadGwf52xxiM2r
3dEapGWb7KlPU4Wk49auYIcAHzku3nvxjenBfzW4+0Rnk/HcxVmxDtBAziF6/vz5BuuLk/ZvtYNf
lSpYtmIFjh0/YdE2np6emDZlMurUqZ3n495/8ACOTi+GftSoXh1qtRpPE54iOfl5jrfsViqVWLJs
OebPm5PnY1uDk5MTpk6ZhDGfjkOSmXDsV6UKZnw9DRMnTcaNGzct3n+1qlVxLzYWaWk53yXRr0oV
zJ41E25ubpLaTkRExuztgMVDSqD7nFSjG4ekq4GFf6qw8M+MVOnqLINSLZBu5rKhc3e0APIWoOUy
4LsPnBAyNcXgGCeva7HqoAofts29dztdDVSw8E6HQEaP8f4vM26YZuriwbxMQ9e7iQJTfn3Rqy8E
sO24BmMk3JLcmvJzTmyp2Ado4OUM0VWr+uG72d/g/L//IuxIOMLCjuD+gwdG9erUroV27dqiw9tv
52s88qmoKIz/fIK+13vsJ2PwbtcuBnXS0tKQkJCA6zduYN36Dbh85Yp+3enTp6HVavN/V8J88q9W
DSuWLsGKVT/hcFiYQeh//fXy6PZuV7zbpQscHR3R/d13MX/BQpPzN5tSr15dTPtqClatWo3DR44Y
7NvHxwddOndCt65dOPMGEZEVlXeT4fcvnDFwcRpOXs95LuisU82ZEtpSgZl983fdTiVPOSZ2c8Sk
XwyHlXy9XYmQWvaoZsHNPjQSrgHU/q/u+TtanLtt+NzfqGyHquWk9xp3DlJg6hYlsl5Lv/6ICiM7
WD4UxNryck5sTSasPR2BDUVGRpq8Y+Fnn32GRo0a2bBl+SeEQGJiIp4lJiI1NRUuLi4o7e5utXmG
+7zXTz8DR7WqVbF61Qqz9Z88fYou7764zbpcJsOBv/YVqZk6UlJS8ODBA6g1Gri5uqFsWU+LpgXM
NPrTsYiOPq1/3KN7N4wZNVK/78ePH0OlVsPNzQ1lPDwk7ZuIiKRRaYB1YSrM2a3KNSxn5V1ahmm9
nNDxDcM+Q60O8MnW81nSSYZrC0qa3Z9WB7w7JxWnsoX5+pXtsHO8MxR2Oe9fqgAfOQ5MdsGXm5VY
ddCws2f2+055Ho7Sb2EaDpw3/FZ546gSCKltvl91V5QGHy03/Bb2o3YOmNrTso4ja54TW3speqAz
5dQTvXLlymIfoGUyGdzc3ApkaEBycrLB9HU6kfvHu+fPDSdsr1UroEiFZyDjgkq/PEznZ+m+XVxs
/wtMRPSqcLAHBrdxQI9gBbYcU2N3tAbRN7Qmp5JzsAca+9uhUwMFujWyh7Oj9W6+YicHln9YAiN/
SsPxq1p97+mZGC0W71NhdEfrDoVIVQr8cvTF8A2ZDGgVYI8ejfMe4ab2dMS1+zrciX/xfr8xUp1r
gKYXXrozZSpEk3nOzs5wcXFBSkoKgIxZPzZs2oTu775r8m6D16/fwOw5huOde3TvblSPiIjI2tyc
ZRjSxgFD2jggTSVw74lAQoqAWgs4KQCPUjJ4l5bre4JzYicH7i/P27e45dxk2PKpc4HtP7vcesWl
qlpOjhMzpXcCdQ6yR+egvD8na54TW3vpAjSQEaIVCgWWLVsGOzs7DB061NZNKtLs7OzwXp/eWLHq
J/2yJUuX46fVa1Gndm390Ifnz5/j6rVrRjcoebv9W2gd0qqQW01ERK+6Eg4yVCtfcLf2JsrJSxmg
AaBRo0bFfthGYXqvbx88ePgQu3/fo1+mVCoRFR1tdrs+vXriow+HQCbjHzAiIiJ6Nby0AZqkUSgU
GD9uLEJatcLWbdtx/Phx6HK4vlQul6Nd2zbo3u1dBNSsWcgtJSIiIrKtl2oWDrKe5ORk3Lp9Gw8f
PkRqahqEEChZsiTKlvVE1apVi9QtvAuKRqNB1l8PuVxu82n6iIiIyPYYoImIiIiIJODEtURERERE
EjBAExERERFJwABNRERERCQBAzQRERERkQQM0EREREREEjBAExERERFJwABNRERERCQBAzQRERER
kQQM0EREREREEjBAExERERFJwABNRERERCQBAzQRERERkQQM0EREREREEjBAExERERFJwABNRERE
RCQBAzQRERERkQQM0EREREREEjBAExERERFJwABNRERERCQBAzQRERERkQQM0EREREREEjBAExER
ERFJwABNRERERCQBAzQRERERkQQM0EREREREEjBAExERERFJwABNRERERCQBAzQRERERkQQM0ERE
REREEjBAExERERFJwABNRERERCQBAzQRERERkQQM0EREREREEjBAExERERFJwABNRERERCSB/e7d
u23dBiIiIiKiYkOmUqmErRtBRERERFRccAgHEREREZEEDNBERERERBIwQBMRERERScAATUREREQk
AQM0EREREZEEDNBERERERBIwQBMRERERScAATUREREQkAQM0EREREZEEDNBERERERBIwQBMRERER
ScAATUREREQkAQM0EREREZEEDNBERERERBIwQBMRERERScAATUREREQkAQM0EREREZEEDNBERERE
RBIwQBMRERERScAATUREREQkAQM0EREREZEEDNBERERERBIwQBMRERERScAATUREREQkAQM0ERER
EZEEDNBERERERBIwQBMRERERScAATUREREQkAQM0EREREZEEDNBERERERBIwQBMRERERScAATURE
REQkAQM0EREREZEEDNBERERERBIwQBMRERERScAATUREREQkAQM0EREREZEEDNBERERERBIwQBMR
ERERScAATUREREQkAQM0EREREZEEDNBERERERBLY27oBRETZ6ZKToL55Tf/Yse4bgExW4McV6WlQ
Xbmof+wQUBcyhaLAj0tkCl+PREUXAzRREZIWeQjKyxcAADJ7e7j2H2rjFtmG6vIF3B/cU/+40unb
kNnZGdTRPn6E+OmfQ3nuNJxD3kLpz6ZC7uySr+OqY+8iLrSL/rHvgdOwK1M2X/skyiu+HomKLgZo
oiIkNeIQkjb+BACQOTq9sgHaEk/mTkNq2F8AgOTtm2DnWQ7uw8bauFVERPQq4BhoIiqWsn61DQCq
y//aqCVERPSqYYAmomLJJeQtg8fOrd+2UUuIiOhVwyEcRFQsuQ0bC7syZaG6egklgpvDpX1nWzeJ
iIheEQzQRFQsyewVeO29QbZuBhERvYI4hIOIiIiISAIGaKKXkT7zILUAACAASURBVBC2boEhISDS
UotUu0R6GoRWa7vjazUQKpUVdmSdc5vfc2HLc5lvOp3VdylUKgi12vL6Nn49EpE0HMJBVMyknzqK
xPUrIHNwgPuwcVBUqQYAUN24guc7tyA1/CA0sXcAnRaKilXg3KYjXus7EHbupQ32kxZ5CEm/rAMA
KCpXhfuoL4zmWs5J8raNSD3yNyAESnbsCpe3uxhWEAJpx44g5eCfSDt6GNqH9yE0GsgUCjjWb4RS
XXrDpUMXi49niib2Dp7MnqJ/7DnzB8hLvpZjfaHVImXvTjzfsw3p/0RDpDwH5HI4VK2Okh3fRane
/fPcluxy+hmpb91A8raNSPn7D2gexAI6Hew8veDStiNc+w2BvY9v7ju30rnVPHqA5G0bkBZ+EKqb
1yDSUiF3dYND1epwbt4GJbv2hp27h9W2V127jISFswEA9uVeR+lPv4TMqYTZ5/lk7jSoLv0Lu9Ie
KPPlN5C7upl9Ts9WLYLyn2gAgNuQUXCsU99kPdWNK0j5czdSIw5Cc+82dEmJkL/mCnufinBu1hol
O3TR/8xykvkzhp0d3D/6BA41agEAUvb/jmerF0N18Rwgk8GxTn14LVhj9PtXmK9HIrI+BmiiYkbz
+KF+/mOH6rXgWqESni2Zi2erFxv1pKmuX4Hq+hUk/bIG5Rb/DMda9fTrHALqIu3o4YxesrC/4BQY
BOeQ9rkf/9EDxH/9hf5YpcdOMlivvHQeT76ZBOXZKKNthVqN9JORSD8ZieSdv8Br7nLIX3OVegoA
ALqUFP15yNx3jm2OvYNHnw+H8vyZbDvRQXX1Ep5evYSkX9bCffSEPLXF6HhZf0b+AXAbPBKJG1Yi
Yf5MCI3GoK728UMkbVqN5O2b4DnjB7i0eyfH/Vrr3D7f+xvip34GkZ5msFyX+Azp0SeQHn0CCcvm
o/TYSXit5wdW2V7hWxlpUccygiIApzcaGX/wyvpcL/+LpPUr9I+d3ngTr/UdmGN99d3bSFjwDYCM
mxB5zvjBqI4uNQVPv5uK5B2bjXrsdUmJUF08B9XFc3i24geU6tEPHuMm5xjys/6MHWvUgkONWni2
/Ack/Pjdi0pCQHnutNFdNAv79UhE1scATVSMqa5dxqNxHyH18H4AGaHYsXotwM4OyvNnoLqScVdD
3bMEPBw5AN7bDuh7wuzcPeDydhc8370VQEavsiUB+vnurfrwXCK4JRQVq7xYt/c3xE/+9MXQBLkc
Tm+8CUXlqoBMBuXZU1BdvQQASD8ZiceTP4XX9ysL9DbdmgdxuP9/vaC5f0+/zME/ACUaN4f8NVdo
4x8hNfwANLF38fi/o6x+fPXdW3gydxqSfl4JAHCs1wAOVfwBuQzKC+f081cLZToefT4c5T3KwOmN
N432Y61zm3Y0DI8njNQHSEWVanBp/Tbsyr0OXVIi0o4dQfqpoxBpqUhY8A1KvtXJoOc3r9vLHB3h
0vpt/estNewvswE69dB+g8cpf/9hNkCnRRzU/79E8zaQlzL8NkKXlIgHQ9+D8sI/+mX23hUyXgeu
7tAlPUP6iUio794ChEDylvVQXb2IcovXm/1mAwC0CU+Rsm+3YXj+H5m9PeyyfJCx9euRiKyDAZqo
GEvZtwsA4BjYEGUmfK3/GjnT872/4fEXIwAA2iePkfTLGrgP/VS/vlT3914EmoiD0Ny/B/vyPjke
T2i1SN7y84vtexn2TmruxOgDXsmufeA2eCQUFSpm2YFA0pb1eDLjvxnHPLQPaaeOokSjplKfumWE
QPy08fqwInN0MtnLW3r8V0jetgFPvpkMwLrjYZ/v2QFoNXAMDEKZybPh4FfdYH3a0TA8HPshRGoK
oNUgfvoX8N6yHzJ7hUE9a53bJ99N1Yff1/oNRulPJxkM93D7vxFQ37yGxE2r4dy0ldGwifxs79Km
w4vX25EDEGo1ZArD55kp87WdKT36OLRPHsPOw9Nk/cwPkQDg0raj4cr/vQ4yw7OshDM8v5oDl7c6
GX3ASPl/9u47OorqbwP4symkkEJ6QgIhgHSU3gVpoQjSe0dUxIJKtf3sXV8BEZWOIL33JgqiCAIB
6b2THlI3m2zJ+0fMsLMtO9nZZJc8n3M8Zmbv3L07e2f2y51b9mxD8ruvoyBPhbzTJ5D6yVsI+Wyu
yfcsor5zEzn7dxa+d4++8Bs4Eq5BwdCmpwEaLeDiIipHWdZHIpIHBxESOTnfgSMQsXi9UfAMAD49
+qJij77CdlHwUsSzUXNUeKxO4UZBAbK3b7T4Xqq/Dwk//q4hofBu31n0uv/4lxE040NELFqPkA++
Fgd4AKBQwG/waFFLd87uLcV+xpLKPXIIuX/+LmyHfD7XZBcJhasr/AaPRvD/Ppe/EFoNvDt1R8TC
dUbBMwB4temAkA//T9hWX78C1dHDRunkOLfqO7egvn6lMHmFCgh89U2TfaXdqz+G4Lc/hfdTsbIe
79XqSSg8PAEAuuwsob+yofwrF6G+ea3wmNYdCncWFED5xwGT6XWZGcg99mfhhosLvNp2FL2ee+QQ
cvbtELbDvl1YOG+4iScfFbv1RugX3wvb2Ts3Q3X8b5PvK+R/+DdokxMRNONDhH4+F57NWsE9piY8
G7eAZ/PWonKUeX0kIlkwgCZyYi6VAhD89mcWB4z59h0i/K25exvaB2kPX1QoRIOVstavsDgTQNbG
VcLffoNGGbWSKtwL52b2bNbKYrkrdu0l/K2KM+7PK5fMdcuFvz1btEXFYlYr9GjYRPYyuPj4IvSz
78y2tAKFLabuMTWF7ZxfdxmlkePc6jIePCyXrz8UFSoUW345j1d4eYuCauWfpgNi/dbkgJemCi24
ygO7TabPPXLoYbeiVk8aDdjLWPGwL3XFrk/Dq3V7i+X07tgNXq0epslYuchieqDwOyxuXnJHqI9E
JA8G0EROTOHq9vDxsBluEZGibV16mmjbp3sfYaCUJuE+VH8fMpmPNjkROUUBjEIBn2cGl7DUgFvl
h2XSJieUOB9LCtRqUb9Y32cG2eV9iqPw8LQ82wQAKBSo2LmHsGnLPyosnVv97g/a1GSkL/5e0vR3
th4PQPQ5lb+aDoiLum9UqF0fHg0bw6vlkwAKZ47RZWUapVce1O++IW7R1SlzkPv3wxZ9n6f7W1VO
H736kvvHryjIy7OY3n/CKxZfd5T6SETyYABN9IgznImhIE8lft3XTxQsZG1abTKfLL3Bg94duxkF
5lIo3B+2XBbkKkucjyX5Vy+K5lmuUO9xu7yPXNxrPuzeob5xBQUa6+cQ1mfp3LpFRIpaVh/M+Rzx
EwYjZ882oxk1TLH1eKCwy4rCrXD4jfrWdaGrRhH1javIv3IRAODTo3CQYVE3hwKNBrl/HRSlL1Cr
oTy4X9j2bt9F9Hr+xbOA9uHMJxX0ZqKxxKNew4fvkZ+P/CsXzKZ1DQyGR92GZl8HnK8+EpFlHERI
VM4UmGgx9O0/DFlrC+eEzjmwB9qUJLgGhz48xmDwoN/AEVLeEJqkBKhvXYc2NRm6rEyor13Wf9ku
tCnJom238Mr2eSOZuFbS63ZQUIACpRKK4qb4K8G5Dfl4Fu6NeBraxHgAgOr4EaiOH4HC0wveT8XC
5+n+8GrT3qh7jlzHu/j6wevJzlD+tgdA4SBK92o1hNf1u28U9ef27tClsL9yQQFyDuxGxW69hTSq
uGPQZWcBADybtoRryMN6CwDa5CS9N3eBW0iYyXIZMvwHojY12UxKWDWLjLPVRyKyjAE0EcGjbkN4
PN6kcM5arQbZOzfBf/QLwuuqo4ehuX8HQOHUX56tLPchLVCpkPPbbigP7kfu4QMmH7vbmy5b/J7F
dqMoYwpPT9G2TpVrch5nW8+ta0gootbtw4N5Xxf2ef9vXuoCVS5ydm9Bzu4tcIuIROD0D0z20bX1
eKCwv3BRAK08uE/Udzh7zzYAhVO7FQXWrsGh8GzaCqrjR6D8fS8KVLnC95l76NeH+er1/y5SFFwD
gIt3RaunTFR4eglBOwDosrKKOcIyZ6uPRGQZu3AQEQDAb/Bo4e+stctFi7JkbVz5MN2QMRYHLWZt
WoU7PVoheebLyNm1GbqsTCjc3ApXqOvUHb4DhsOnZ1+zx8tFvysDAMBgARNHY9gFwsXL2yiNXOfW
xb8Sgt78GFV+jUPwu1/As0VbUWCpib+HpNcn4MH3X9vleK+2HYW++7nH/oQuM6PwuLu3kX/hDAAY
fY6KsYXBcYEqF7nH/hL26w+49O4g7r4BAArvh+fR2m4mQGG3Df0mfP18SsLZ6iMRWcYWaCICUNjP
NPWL/xV2A7hzE6oTR+HZvDW0yUlCkKJwc7M4CCv1i/8hc+XiwrTu7vAdNAoVY3vBo+7johbWvLOn
kL1zs10/j0tFH9G2LjsTrh6m5xB2BPqP+BUenkblt8e5da0UAN+BI+A7cAS0yUnI3rEB6UvmQZde
ONtG+vxZqNitNyrUNJ5+z5bjXQMC4dXqycL+zDodco8eRsWuTyPHRPcNYbtDV6R++jYAQPn7Hni3
74z8yxeEJyMeDRvDrXIV4zL6Bwh/F2g0wrLdxdE+SDXIx/Iy4sVxtvpIRJaxBZqIABQ+UvbtN0zY
ztpUOGVd9vaHgwcrdust6hutL/fP34QAzzUoBJHr9iFoxofwbNzCqHtCaXCLFAdT6ju3Sr0MUuT9
tyIhULhaof7sKqVxbl1DQuE/9kVErt0r6kec+9fvdjlef7YM5R+F3TBy9hp33yjiFl658LygcFXC
Ao0auX/+9jC/WOPuG4V51RVtWxoMKE538eGGQoEKj9U1n9gKzlYficgyBtBEJPDt/zCAztm/EwWq
XGRtfbj4iu8A84MH9Vs9/cdOFM1rXBbcIqtCodfqp/rnLwup/6Mu2cwXtirQakQr7xnOU1ya59Yt
LAI+vQcK27rsbLsc792+i9DtI/fvP6BJShAWVtFf/EdfxW7PFOaZkY68M3FQ6s3I4d2hq8ljXIND
RUF0jpm5pA0p/1tZEChs3bam1doSZ6qPRFQ8BtBEJHCPqVnYnxWF091lb9sA9fXCWR3cqz8GzyYt
zR6rSU4U/i4u2FDfuiFDaS1TuLqKlnTOXLPM4pR5BapcpH7+ruzl0OUqoctIt5gma92Kh7NFKBTw
6dlP9Hppn1v98rqFRdjleNeQUHg2aQEA0CbGI3vLWuG1ih1jTR5TUS9IVh76VQi4K9SqC/fo6mbL
oz9IMWvtz9Dcu22x/OrrV5C1dd3D44eOs5jeGo5SH4lIHgygiUjEb9Ao4e/0Rd893D9kjMUZDNxC
w4W/TS1FDQAoKEDW5tVIfvd12wtqBd/+w4W/tcmJSH5vismBZJp7txE/YTBUccdkL0OBMgcJr46D
NiXJ5OvK3/ci7av3hW2/4eONpjiT69wWaLVIm/UpMpb9KJqTWJ825WGfdygU8GrZTrbjDenPmpGx
fD6A/4JhMy3sblFVUeG/+ZazNvwizGle1DJtjk/P/sKS9QX5+Uh4eazQd9qQ+s4tJL46Tpg7ukKd
Bma7h0jlCPWRiOTBQYREJOL9VCxcA4OhTUuBJv4egMJBbYatokbHte+C7G2F3T2yd26GW0QUfAeO
KMwrIx15Z08hc9USqP75Cx71n0D+1UtGi7rIzbNRM/j0HiiUK2fPNuT9exIVe/SFe1Q0dDlZyDt7
Gjn7dwJaDQJeno70hd9Jmq3BGnmn/sHdfh3h22cIPBo2hqKiD7RJ8VAe2CP0/wWACo/VQcCkqUbH
y3VuszauRMaSeQCAzLU/w3/0C/Bq0RYu/pWgTU1B3ukTePDjN8IgQN+BI+EWVVW2440+11NdhVbW
olZrc903ivh0fwZpF86IWrn1lwc3ReHhgZAv5iF+TN/CQbLXL+Nu347w6T0Qno2bw8XPH7rMTKji
jiJ76zrhHwculQIQ+uU8i8uwS+Eo9ZGIbMcAmohEFBUqwHfgSKTPnyXs8+k9oNiuA96de8CrTQdh
pbj0RXORvmiuUTqfXgMQ/O7nSHh5jHX9QG0U/M5n0CYnIvfvPwAUTrGWsfh7URqFuzsCp38Mv6Fj
kbN3G/IvWzfQzBqugcHw6T0QGct+FFpZTfFo2BhhsxfDxcfX6DW5zq1H/SfgXqUa1HduQnP3tjCr
hSneT8UiaOp7sh5vyC0iCh4NGyPvTJywr6LB7BtG+XboirRvPxG23aOrm50lRF+FGrVQeflWJL4+
AeobV1GQp0LW+hXIWr/CZHr36rUQNnsR3KvGFJu3FGVdH4lIHuzCQURGfPsNEXXX0J+dwxyFqyvC
vl0I//EvQWE4h7GLC7ye7ITwBWsQ8slsKDy94NOjLxQe9p+dQ+HphbB5yxE040OjmRAU7u7w6T0Q
ldfsht/QsQDMD0YreQEUCHzjHYR9twweDRoZvVyhVl0Evf0pIpZtgmuQ6WnN5Dq3HvUeR+SGXxH8
7hcmywIAFeo2RMin3yHs24VGM3zYerwp+qsKerZoW+wASfeYmvBs3kbveMvdNwyPjVy3r7D8jZoZ
d0lSKODRqBmC3/8Kkev2yB48Aw5QH4lIFor8/Hw7LaRLROVVQV4e1DeuQJeTDRe/SnALrwwXX7+y
Llbh0tfxd6FNS4WLjy/cwivbZUW47J2bkPzmKwAKp52reuBhC6s2NRna5EQUFBTALSTM7LSA5sh5
brUP0qBNvA9ddjYUXl5wq1wFrgGBxR8o0/FlTZeVCW1KEnTZWXCp6APXkLDSraelVB+JSH4MoImI
ZGYpgCYiIufHLhxERERERBIwgCYiIiIikoABNBERERGRBAygiYiIiIgk4CBCIiKZaeLvIf/iWQCF
82p7te1YxiUiIiI5MYAmIiIiIpKAXTiIiIiIiCRgAE1EREREJAEDaCIiIiIiCRhAExERERFJwACa
iIiIiEgCBtBERERERBIwgCYiIiIikoABNBERERGRBAygiYiIiIgkYABNRERERCQBA2giIiIiIgkY
QBMRERERScAAmoiIiIhIAgbQREREREQSMIAmIiIiIpKAATQRERERkQQMoImIiIiIJGAATUREREQk
AQNoIiIiIiIJGEATEREREUnAAJqIiIiISAIG0EREREREEjCAJiIiIiKSgAE0EREREZEEDKCJiIiI
iCRgAE1EREREJAEDaCIiIiIiCRhAExERERFJwACaiIiIiEgCBtBERERERBIwgCYiIiIikoABNBER
ERGRBAygiYiIiIgkYABNRERERCQBA2giIiIiIgkYQBMRERERScAAmoiIiIhIAgbQREREREQSMIAm
IiIiIpKAATQRERERkQQMoImIiIiIJGAATUREREQkAQNoIiIiIiIJGEATEREREUnAAJqIiIiISAIG
0EREREREEjCAJiIiIiKSgAE0EREREZEEDKCJiIiIiCRgAE1EREREJAEDaCIiIiIiCRhAExERERFJ
wACaiIiIiEgCBtBERERERBIwgCYiIiIikoABNBERERGRBAygiYiIiIgkYABNRERERCQBA2giIiIi
IgkYQBMRERERScAAmoiIiIhIAreyLgCVjsOHj+D2nTvCto+vD57p1VNyGpKPtef7fnwCzp+/gPCw
MDRoUK80iyjiqPXjwIGDSEhMFLYDAiqhR/dYm/N1lPNuK3udHyJnZcu9TKfTISUlFVlZ2fD09EBo
aAjc3d3tVVRyYAygZXL4zyNYvWa9rHm2atkCI0cMkSWvnbv3YsPGLcL2YzVrGN0wrElD8rHmfO/b
/xtenzITarUaANCvb298+vF7cHEp/YdHjlo/Nm7ein37fxO2Gzd+wuYA0ZHOu63scX6InFlJ7mXx
8QlYvmI1tu3YhaSkZGG/l5cXDv22G35+vnYrLzkmBtAySU5OEf1IySEkJETW/Mi55OXl4c233hOC
OADYtHkbOnd6Cl27dCy7gj3ieN6JSN/hP4/gtddnICs72+i13NxcuLm5lkGpqKwxgCZyUIlJySZv
2JcvXzEZyKWkpuLjT75EenoGAGDh/LlwczN/iet0Onz59SxcvHgZAPDmjCmoXfsxmUrvvOx93qn0
8Tuikrp67TpeevkNqPLyTL4eGBgADw8PyfmyTjo/fltEDioiPAyBgQFIS3sg2l+vXl2T6X8/eBi7
du8TtgsKCizmf/PmbSxZukLYzsnJsaG0jw57n3cqffyOqKTmfPeDUfA8etRwtGvbCsHBwYiKjICr
q/QWaNZJ58cAWiYtWzTDgp++M/v6yZOn8MNPi0T7enTviv79njF7TFhoqGzlI+fj7u6Ob776FK9O
nia0iI4dMwJPdWhnMv2lS1ck5X/12nWby/gosvd5p9LH74hKIj09A3v2/ira98pLL+Dll16wOW/W
SefHAFomlStHoHLlCLOv5+fnG+2LrloV7Z9sa89ikZNr07ol9u/dhkuXryA8PAzRVauYTXvu3HlJ
eV++zBu4OfY871T6+B1RSVwycY985pmnZcmbddL5MYAmcnCVKvmjZYtmFtNoNBqclXhDPnv+gi3F
euTZ67xT6eJ3RCWVkZFptC88zPYnw6yTjwYG0E7mwYN0pKU9gFKphK+fL8LDwuDpKX0Ag7PLzc3F
/fsJyFHmwNvbGyHBQfD395f9fZJTUpGakoqMzEx4e3khonI4goOCZH8fW925cxd5ecZPOcwpKCjA
6dNn7FgisbKst2q1GgkJScjIyICPrw8iK0fINm+r1PNuC3vVRTnPT3Z2DlJSU5GVmQVPL08EBgQg
KCjQ5jLaojS/I7k54vk0p6CgAPfu3UdCYhIqVfJHjeoxUCgUJtPKdf+2931Fo9EY7StJf2dDctZJ
Z6ojjxoG0E4gN1eFDRu3YNv2nThlEPR4enigY8f2GDNqOBo3fqKMSijWObY3EhIeLtwwcsQQvDlj
itn0bdp1QUbmw3/pPztuNN54/WWTaQ//eQQrflmNPw4fMbq5NW3SCP369kbvXj1tuokmJiZhzbqN
2Lf/AC5fvmr0erOmjfHixAlo17Z1id/DWrO/+wHzFywR7Tv37zGhnL8fPIxr168jLu5fo2PHjp9o
dt5irVZrNEjug48+N5rL9I3XXi5xvSrrepuRkYHFS1Zg3fpNSE1LE/ZXquSPwYP647lnx5qdu1Xu
8z5v7rfw9fWR/BnsWRdtOT/61Go1tm3fhW3bd+Hvo/9Ap9OJXq9VqyZ69uiGIYP6IzAwwGw+ct43
7PkdvffBp1i/YbOwHRlZGQvnz0XVKlEWj7tz5x5eevUNXLt2Q9i3fOl8NGnSSJTOEc9nkVdfm45f
D/wOhUKB6KpV8MvyRahUyR9Xrl7Dx598ib+P/iOknfTic5j8youi4+W4f9v7vnLjxk387/1PAADJ
KSlGr48dP1G07eXlhfk/zik2XznrpFx1hGzDANrBnTx5ClNnvIN79+6bfF2Vl4ddu/dh1+59GD1q
OKZPnVzmqyJp1BrRzVGn1VlIXfivfP30Wp3WZJr3P/wM69ZvMpvPiZOncOLkKSxYuBSzvv0C9erW
kVTu/Px8/PDTIixYuFQ0B7Ch4yfi8OxzL2Hi88/itcmTzLayyEGn1ZlsBQGAM2fP4X/vf2z22OMn
4iS918VLl432mZrOzRplXW/j4k7j5clTkZKSavRaenoG5i9Ygp279mLZ4h8RFRVplEbu867VGtdp
S+xdF209P0UuXLyE196YiZs3b5lNc/nyVVy+fBXzFyzBB++/ZXbBCjnvG/b8jgYP7CdaNOvWrdtY
sHApPvrgHYvHLVy8TDRwrF7dOkZBnqOeTyEPnVZIc/XadZw9ex4hIcEYPe55YTq2IvrXs1z379K4
r+SqVDj2zwmzrxu+5u/nZ1W+ctVJOesI2cb5ltUqR/744y+MHveC2ZuFoZ+Xr8RHn3xh51KVjdnf
/WDx5qvv1u07oumBrKFS5eHZ517CvB8WWAxY9P04fxE2bNoq6X3k5OnpWWbvbUlZ19vr125gzPgX
TAaH+u7evYfnJ76K3FyVpPztfd7tXRflOj//HD+JocPGWvwh16dUKjFt+jtYuHiZVeltYc/vqH79
umjZUtw3ftPmbUZPdPRlZmZh8+Zton1jRg8X/YPHkc+nOddv3sTUGW8bBc8AEBjwsOVTjvt3ad1X
QkNDUKmS/N0B5aiTzlhHHmVsgXZQd+/ew5Rpb4l+QGNiojFtymQ0a9oYFSv6ICUlBXv27sdX38wR
0q1ZuxHtn2yLLp0fnRXTEhISsXCR+AbQvVtXTHxhPCpXjkBOdg6uXL2GDRu3Ys/e/YiuWgUvPDde
0nt4enogJCRYtK9mjeoYMmQAalSPgUajQdypfzF//mJo9R6XffX1LPTs3hXe3t4l/4Al1KJ5U8yZ
9RWUSiV++/2Q0XRLn3z8HlzNdOG4fuOmUReFic8/i2rVqor21axRXVKZHKHeFj2GDg4OwqiRQ1G/
bl0oFArEnf4XCxcuFc3peu36DSxfsQrPPzfO6vxLct69vKz/8bR3XZTj/CQmJmHya9ON5sft3+8Z
xHbtjNCQYGTn5ODEiTgsWLQMSqVSr5yzUadWLbRrZ78uUPb+jsaMGo6jR48L22q1Gjt37cXIEUNM
pt//62+ic+Xv74/Yrp2EbUc/n+bMnjMP2dmm548PDS1cSVeO+3dp3leCg4Lw2/4dOH/hEnbt3osV
v6wRvT5j2usICKgkbFvbwm1rnXTWOvIoYwDtoObOmy/qjxYUGIjlyxYiJPjhoKHw8DCMGT0CQUFB
mDLtLWH/d3N/QudOT9m1a0FpOn4iTtTHKzAwAF998REqVKgAoPARWuXKEejQvh0SEhLh6ekJH5+K
kt9n5vQ3kJb2AHl5+Rg1cii6xXYWDRjp0L4d6tSuhcmvTxf2padn4K8jR8vkHywVKlRAt9jOAICk
pGSjG3Kf3j3N3tyP/XPCKIDu0L6tUX9MqRyl3rZp3RJff/mJaDBNu3at0blTBwwdPlY0gGfZ8pUY
N3ak1T+Etpx3a9m7Ltp6fhYsXCrqNw0AX3/5CXr36iHavyoe9AAAIABJREFU17JFM3SL7YJhI8cj
I+NhK+VnX3yDLa3W2G0JZHt/Rx3at0NUVCTu3r0n7FuxcjWGDxtkctzBWoPW1xHDB4v+oePo59Oc
ouC5UaPH8cpLL6BG9RhotVpkZGSidu1aAOS5f5f2fcXb2xvNmjZGUlKyUQDdLbYzIiMrW51XEVvr
pLPWkUcZu3A4oPv347HJ4HHfzJlviG4W+nr2iEXdOrWF7YuXLuP69Zv2LGKpMrxp+Pn5mV3yNDw8
rMSP30JDQ7B08Y9Y9cti9OwRa3K0dWzXTogIDxPtiztlPCCkPHKUehsVFYnvZn9tciR6vbp1MGb0
CNG+lJRU/HvmrM3vKyd71kVbz09qahpW6fUBBgq/S8Mf8iI1asTgtcmTRPuuXruOv478XWxZHZWb
mxvGGpynGzdu4dgx476zly5dQVzcadG+gf37CH87+/ls0rgRli76Ee3atkZERDiioiJRv35dIVCz
9f7tKPeVsuTsdeRRxQDaAR09dly07eLigvbtzC+44uLigubNmoj2PUpzTPr5imcCuHnzFj797Guz
jw7tycXFBTVr1hDtS042HqldHjlKvQ0JCbb4BKLTU+2N9l24YDyA0tGVtC7aen5Oxp02GmA5oF8f
w0NEenTratQy+9eRo8WW1ZE907sHvLy8RPvWrt9olG7r9p2i7Z49YkUtmM5+Pt97d6bF7i+23r8d
5b5Slpy9jjyq2IXDAZ07J17gwtPTE/83y/wy4QBw7vxF0XZqapqZlM7HVLeC5b+sxqYt29C/7zPo
0qUjmjR+otRmH/H3F4+6zs3NLZX3dXTOUm+rmlhV0NqBSY7GHnWxuPNz5sw5o9fr1q1ttE9fQEAl
1KgegytXrwn7/jl+0oZSlj1/f38MGzIQi5cuF/bt2r0P06e+hvD/ngyoVHlYt36z6LhhQweJtp35
fNavXxd16tSymMbW+7ez3FfsyZnryKOMAbQDSkkVj45XKpVYs9a4ZcOSHL0BBM4uumoVjBs7EkuW
rhDtz87Owc8rVuHnFasQHByEoUMGYsig/sLgFVslJCTi/PmLuHrtOu7cvYeEhERkZmXhqt4NCShc
QICcp96amts4MyvL7u9ri9Ksi8WdH8O5cd3c3KxauCE6uqroxzz+foINpXQMgwf1EwXQOp0O27bv
wnMTxgIADh46LOqHWqd2LTRr2liUhzOfz6J+zJbYev92lvuKPTlzHXmUMYB2QObmn5WiRvUYGUri
OKa8/gr8/Pzw3dwfjSaNBwr7ac79/icsX74K77/3Fnr2iC3R+6hUedi2fSdWr92As2ed+7FfaXOW
emtucRlHU1Z1sbjzk20wN3jFitYN2DV8zP8gPV1awRxQTEw1dO3SEfv2/ybsW/HLGowdMwLu7u7Y
sHGLKP3oUcONzm95OJ+23L+d5b5iT+WhjjgjBtAOKCBAvHLQ4w0bYNGC760+3t3dzahvnrNzd3fH
pIkT0D22CzZs2oL1GzabnHs0IzMTr0+ZCT9fX8lT9ly6dAWT35iOGzfMz7Hp7++P/Px8dtswwVnq
ral5ja1dDKG0lGVdLO78+Br0ac3Jsa4vq2G+j8oKaSOHDxUF0AmJifjj8BHUeqwGDh46LOz39/ND
926djY4vD+fTlvu3s9xX7Kk81BFnxADaAYWHhYq2r167Dm9vL7Mjl8uT6tWrYdqUyXjt1UmIO/Uv
du3eh81btovmvASAuT/MlxRA37hxE6PGPCeaKsnf3x8DB/RB65YtEBMTjbCwULi7u2PKtLewfcdu
2T7To8JZ6m1iYpLRvrDwUBMpy0ZZ18Xizk9IsHiOao1Gg7S0B8X+ON+5e1e0XTkiwoZSOo4WLZqi
Tu1aopU8d+7ag+s3xH2Dhw8bZLLlsDydz5Lcv53lvmJP5amOOBPneJZZzjRq9LhoW6lUmhxE4Kg8
PD1E29lW/mtZCnd3d7Ro3hTvvTsTv+7dhnZtW4lej4s7bfUqbgDwf7PmigKWJo0bYc/OTZg+9TU8
+WQbREVFlvkS6Y7OWert+QsXjfbpT3tV1sq6LhZ3fp54vIFVx+hLT8/AlSvi/trNm4tnSiiN+4Y9
uLi4YOwY8ZR2vx44iM2bt4v2Dejf1+Tx5fF8Srl/O8t9xZ7sVUfINgygHdATjzc0Wk1sybIVTjNY
LcxgEMjlK1fNptVoNNDqtDa9X2BgAF55+cUSH6/T6XDo0J+ifZMmThCtNuWMpNaXAthWv5yh3hYU
FBj1S/X29kb9enVkfY+SKuu6aM35aWxixgTDeXoN7dq9z6jva5tWLUXbpXnfkLtOdu/WRTR/sVKp
FA3e6t6tK6pUiTR57KNwPm1R3P3bGe4rcrD0eexVR8g2DKAdkI9PRYwfN0q0b8/eX7Fw8c9mL7LL
V65i2ox3MGzEeCQkJJZGMc2qX7+uaPvs2fMm559MTU3D5NdnWDUf6JWr13D02HFotaZv8qkGI7Vr
1qhudSudSqUyWh7VXOv1xYuX8ffRf6zKtzR5GrQ2AYULEJjj4WE8ev7OnXsmUlrPUertxYuXcfxE
nMnX1q7bhCN/HxPtGzigr9WDcgxJPe/FKY26aOv5CQiohBHDB4vSbN+xGzt27jGZ59Vr1/HtbHGf
1Vq1aqJ16xaiffa4bwDyf0emeHl5YfTIYWZfHz50oNnXnO18loQt929Hua/ISWqdtFcdIduUn05E
Tmb0yKHYsmU77ugtFfv1N7Nx6I8/0a9PL0RHV4ECCty5ew87d+3F7wf/ENK9MfVNLFn0Azw8jC/S
0tDxqfZGUxY9P/FVTJo4AQ0a1INOp8Op02ewctU60RRP5ly+chX9B46AWq1Go0aPY+Lzz6JN6xbw
8PCARqPFiZNx+PiTL0XH9O5teoUmU7y9vRESEixahGL+oqWoX78uwv7rf5eenoGt23fi/76d65AD
CMPCwoz2zXjrPQwdPADx8QlYu24j5s75Bg0a1AMAhIYYT/X31Tezhb6Iq9duwNDBAzB82GCjdJY4
Qr3Nzc3F6DHPYeTIoej4VHsEVKqElJRU7Ny916h11cvLC+MMHr9LIfW8F6c06qIc52fC+DHYvmM3
UlIeBj5vTH0Th/88gq6dOyIkJBg5OUocP3ESCxf/bFTOmdPfMFpdUe77RhG5vyNzBvTvg+/nzYfW
oNWvVq2aaN68qcVjnel8SiXH/dsR7ityKkmdtEcdIdswgHZQ/v7+mD3rK4we+5yoZeDYseM4ZrAy
k6HEpGSkp2cIP7ilrXmzJmjTuqWotUOtVmP2dz+YTB8RHoZ4M60EOp0On372tdAKd+rUv5g4aTLc
3NwQGBiAtLQHRtMcRUZWNlqsoDh9+/TCgoVLhe24uNPo2LknqkZXgUatwb378cLjsKioSNy9a1tr
rdyaN2sCd3d3UWvlqVP/4pTe0s7vf/gZVq9cAjc3N0REhKPREw1x6vQZ4fWUlFR88NHnwvYXX36L
9k+2RVSU6UfPpjhCvS06D8t+XollP6+0mPb9/72JypVLPrBG6nm3hr3rohznJyQkGLO//RLPTpgk
ajHfuGkrNm7aajHPaVMno22bVkb75bxvGOYr93dkSnh4GPr06WX0+ceMHlHs1IDOdD6lkOv+7Qj3
FTmVpE7ao46QbdiFw4HVr1cHa1f9jMcMluu1JLZrJ6z+ZUmZ3ixcXFzw6cfvISYm2mI6b29vzP72
C7w48TmLeQ0Z3N9omjGNRoOkpGSjm29MTDQW/jRX8rRkz44bjWrVxOXV6nS4ceMW7ty9JwQs48eO
woa1KxxuQGFQUCCmvP6KxTRnzp7D338/fOQ/Y9rrcLXww67Ky8PadZskl6Ws6+20qZPRvVtXi2nc
3Nzw0QfvoG+fXja9V0nOe3HsXRflOj/NmjbG6lVLjcpqjre3N7764mNMGD/G5Oty3jf02eM7Mufp
Ht1E274+Puge28WqY53lfEoh5/27rO8rcippnZS7jpBt2ALt4GrUiMGmDSuxc9debNq8DUePHTca
GBARHoYO7dth0MB+Nj+GlEtERDhWrViCnxYsxpq1G0XTFHl7e6Nvn154fsJYRESEIz4+AVWiIkWP
5/T16B6Ldm3bYOu2Hdi+Yw9Oxp0ySlOzRnUMHtwfA/v3KVF/1oCASli5fBHmfPcD1m/cIrqxu7u7
o0vnpzBh/Bjh/E6aOAHzflwoaaYPexs7ZgR8fCpi1px5osd8Li4u6NC+LcaNHYWWLZoJ+5s0aYSf
ly3AJ59+ZTSiu26d2hg9ahie6f10icpSVvU2NDQE7dq0xsjhQ9C6VQssXLRUVK88PCqgR/dYPDdh
LGrWqC7Le0o978WxZ12U+/zUrVMb2zavwfYdu7F1206T33OtWjXRo3sshg4eUOy0W3LeN/TJ/R2Z
89vBQ6Lt4cMGw8fH+vuRs5xPKeS8fzvr76EpJa2TctcRKjlFfn7+ozWU9RGXnZ2DpKRkZGVnwdPD
E/7+fggLC4VCoSjropmVl5eH23fuIjs7B/5+foiICDdaIUmKjIwMJCWnIDsrG55enggJCUZwUJBs
5c3NzcWtW3eQm5sLPz8/hIeHlniQWVnQaLS4des2MjMz4e3tjcjIysX+iN+7dx9JySlwd3NDWHgY
QoLlO59A2dVbrVaL+/cTkJ6eDh+figgPD7PbogolOe/FsXddlPv8ZGfnICUlBZlZWfD09ERgYECJ
r0257xuAfb6jIomJSejUtZfoHzx7d29BdNUqJc7T0c9nSch5/3bG30NDttZJOesIScMAmoiIyEZz
5v6I7+fNF7a7xXbGnFlflWGJiMie2AeaiIjIBpmZWVj28y+ifVIHMhORc2EATUREZINNW7aJZod4
rGYNWfpUE5HjYgBNRERUQipVHhYuWibaN2b08GKnriMi58YrnIiIqIR27d6LpKRkYbtG9Rg83bOb
hSOI6FHAQYREREQldD8+QZgeTgEFKlcOt9tML0TkOBhAExERERFJwC4cREREREQSMIAmIiIiIpKA
ATQRERERkQQMoImIiIiIJGAATUREREQkAQNoIiIiIiIJGEATEREREUnAAJqIiIiISAIG0ERERERE
EjCAJiIiIiKSgAE0EREREZEEDKCJiIiIiCRgAE1EREREJIFbWReAiJxPSmoqPv7kS6SnZwAAFs6f
Czc33k6InBWvaSJpeHUQkWS/HzyMXbv3CdsFBQVlWBoishWvaSJp2IWDiCS7dOlKWReBiGTEa5pI
GgbQRCTZuXPny7oIRCQjXtNE0jCAJiJJNBoNzvLHluiRwWuaSDr2gSaSID09A2lpD5CTkwMfn4oI
Dg6Gr69PifIqKCjAvXv3kZCYhEqV/FGjegwUCoXZ9A8epCMt7QGUSiV8/XwRHhYGT0+PEr13ckoq
UlNSkZGZCW8vL0RUDkdwUJBVx965cxd5efklel9Dcn6mspCdnYOU1FRkZWbB08sTgQEBCAoKLOti
mSS1vlnDlnpkilzXl1z5ONP3CwAqVR4Sk5KQmZEJP38/REVWhqura7HHyXlNE5UXivz8fI4UILJA
qVRi/cYt2LFjN06dPiN6zcXFBa1aNseggf3QLbaz0Y/Vq69Nx68HfodCoUB01Sr4ZfkiVKrkjytX
r+HjT77E30f/EdJOevE5TH7lRdHxubkqbNi4Bdu27zR6b08PD3Ts2B5jRg1H48ZPFPs5EhOTsGbd
RuzbfwCXL181er1Z08Z4ceIEtGvb2uSxvx88jGvXryMu7l/8e+as0bEuLuIHWvPmfmsyaJHzM5ny
3gefYv2GzcJ2ZGRlLJw/F1WrRFk87s6de3jp1Tdw7doNYd/ypfPRpEkjUTq1Wo1t23dh2/Zd+Pvo
P9DpdKLXa9WqiZ49umHIoP4IDAww+36dY3sjISFR2B45YgjenDHFbPo27bogIzNT2H523Gi88frL
ojS21jdr2FKPTLHl+rJHPs7w/QJAw4b1sfCnufDxqYjr129i0ZKfsWPnHuTm5grpQ0KCMWrEUIwe
NQxeXl6ivOS8ponKI7ZAE1lw9NhxzJj5LuL1fgj16XQ6/HXkKP46chSNGj2Ob7/+DJUrR+i9roVG
owEAXL12HWfPnkdISDBGj3temC6qiLu7u2j75MlTmDrjHdy7d9/ke6vy8rBr9z7s2r0Po0cNx/Sp
k43yAID8/Hz88NMiLFi4FGq12uxnPX4iDs8+9xImPv8sXps8SdQ6eebsOfzv/Y8tHmtIq9Ua7ZPr
M1kyeGA/rF6zXti+des2Fixcio8+eMficQsXLxMNpKpXt45REH/h4iW89sZM3Lx5y2w+ly9fxeXL
VzF/wRJ88P5beKZXT5PpNGqNUDcAQKfVmUwnpNeI02t1xufXlvpWHDnqkSFbry+583Gm7zcu7jT+
OX4S9+/fx6effyM6tkhycgr+b9ZcHP7ziFHwK9c1TVResQ80kRm/H/wD4ydMMvujbOjUqX/xxrS3
LE7/dP3mTUyd8bZRMAMAgQEPW7P++OMvjB73gtlA09DPy1fio0++MNqvUuXh2edewrwfFlgMevT9
OH8RNmzaKtrn6elp1bGWyPWZilO/fl20bNlMtG/T5m1IS3tg9pjMzCxs3rxNtG/M6OGi4O+f4ycx
dNhYi8GVPqVSiWnT38HCxcsklF5e1ta34shVj/TJdX3JlY8zfr8ffPgpPvz4C5PBs75j/5zA19/M
Fu2T45omKs/YAk1kwv378Zg67W2jH6ZusV3Q95mnEVE5HHl5+Th9+l8sW74K9+7dh6uLC96eOdVi
i9vsOfOQnZ1j8rXQ0BAAwN279zBl2luiQCUmJhrTpkxGs6aNUbGiD1JSUrBn73589c0cId2atRvR
/sm26NK5o3Ccp6cHQkKCRe9Ts0Z1DBkyADWqx0Cj0SDu1L+YP38xtHqPqr/6ehZ6du8Kb29vAECL
5k0xZ9ZXUCqV+O33Q9iz91dRnp98/B5cDR73enk9/IGW8zNZY8yo4Th69LiwrVarsXPXXowcMcRk
+v2//gZVXp6w7e/vj9iunYTtxMQkTH5tuigNAPTv9wxiu3ZGaEgwsnNycOJEHBYsWgalUimk+err
2ahTqxbatbOuS4OcrKlv1pCrHhWR6/qSKx9n/X6L/tEQHhaG4cMGoV7dOlCr1Th+Ig5Llq0QdT9Z
vXYDJjw7FlWqRAKw/ZomKs8KCgoYQBOZMu/HhcjKzhbt+987MzBiuDgAa/REQwweNAA7du5GeHgY
GjasbzHfomCmUaPH8cpLL6BG9RhotVpkZGSidu1aAIC58+aL+kIGBQZi+bKFCAl+ODgrPDwMY0aP
QFBQEKZMe0vY/93cn9C501Oi4GDm9DeQlvYAeXn5GDVyqFEf0A7t26FO7VqY/Pp0YV96egb+OnJU
CFwrVKiAbrGdAQBJSclGP7Z9eve02CVA7s9UnA7t2yEqKhJ3794T9q1YuRrDhw0y6tcJAGvXbxJt
jxg+WBT0LVi4FKlpaaI0X3/5CXr36iHa17JFM3SL7YJhI8cjI+Nhq+9nX3yDLa3WwM2t+AFdcrKm
vllLjnpURK7rS658nPX7BYBBA/th5vQ34ONTUdjXqVMH1KhRHW+9874o7R+H/8TwYYMB2H5NE5VX
RU+v2IWDyEBycgo2btwi2te501NGP8pFvLw8MXBAX6sHTTVp3AhLF/2Idm1bIyIiHFFRkahfvy7c
3Fxx/348Nhl0JZg58w1RoKmvZ49Y1K1TW9i+eOkyrl+/KUoTGhqCpYt/xKpfFqNnj1iTA6hiu3ZC
RHiYaF/cqX+t+jzFscdnKo6bmxvGjh4h2nfjxi0cO3bCKO2lS1cQF3datG9g/z7C36mpaVil16e6
qIyGwVWRGjVi8NrkSaJ9V69dx19H/pb0GeRiqb5JIVc9kuv6kisfZ/5+69apjY8+eEcUPBfp80xP
+Pv7i/adO3+xtIpG9MgpKCgQdf1iAE1k4MTJU6LH0AAwdMgA2fJ/792ZZh+FHj12XLTt4uKC9u3a
ms3LxcUFzZs1Ee0ryXyuLi4uqFmzhmhfcnKK5HxMKavP9EzvHkYzD6xdv9Eo3dbtO0XbPXvEIjKy
srB9Mu60UReBAf36wJIe3boatXT/deSoVeWWm6X6Jjdr6pFc15dc+Tjz9+vp5Wn2yYybmxtq1ogR
7UtNTS2NYhE9cvQD56JAml04iAycO3/BaF+D+vVkybt+/bqoU8f8o/Nz58Tv7enpif+b9Z3FPA1b
lVJT08yktMzf30+0rT8dli3K6jP5+/tj2JCBWLx0ubBv1+59mD71NYT/10qqUuVh3frNouOGDR0k
2j5z5pxR3nXr1jbapy8goBJqVI/BlavXhH3/HD8p+TPYqrj6Zg/F1SO5ri+58nHm77c4fn6+om2V
Ks9MSiIyxXCwcVHwzACayISUFHErjaeHh8X5XqWoUKGC5fc2aCFSKpVYs9a41dSSHL0BTqYkJCTi
/PmLuHrtOu7cvYeEhERkZmXhql4wABjfOEqqND6TOYMH9RMF0DqdDtu278JzE8YCAA4eOizqy1qn
di00a9pYlEdyirgF1c3NzarFNKKjq4oCrPj7CSX5CDYprr7ZoqT1SK7rS658nPn7JSL7MWx1Lvq/
TqdjAE1kSrbBoCSfUlw4oLjpqKxRo3qM0T6VKg/btu/E6rUbcPZs6S7Za6/PZI2YmGro2qUj9u3/
Tdi34pc1GDtmBNzd3bHBoA/t6FHDjR7NG9aHihWN+5uaYtht4kF6uvUFd1By1CO5ri975VOev18i
KmSqy0bRfzqdDlqtlgE0kSFfX/Fjz6ysrFJ77wCDuXkfb9gAixZ8b/Xx7u5uRv1+L126gslvTMeN
G+bnt/X390d+fr5s3Tb02eMzSTFy+FBRAJ2QmIg/Dh9Brcdq4OChw8J+fz8/dO/W2eh4w/qQk2N6
WjhDubkq0bZcTzHKilz1SK7ry175lNfvl4gKmQuedTqdEDwzgCYywfDxbV5ePlJT06x6rGur8LBQ
0fbVa9fh7e0FN7eSXao3btzEqDHPiaaQ8/f3x8ABfdC6ZQvExEQjLCwU7u7umDLtLWzfsdum8psi
92eSqkWLpqhTuxYuXros7Nu5aw+u3xD3DR4+bJDJ1seQYPH8xxqNBmlpD4oNmO7cvSvarhxhvPKd
s5CzHsl1fcmVD79fIipiKXguCpyL/uMsHEQGTA1E+tfEQCN7aNTocdG2Uqk0OcjJWv83a64o6GnS
uBH27NyE6VNfw5NPtkFUVKTd53qV+zNJ5eLigrFjxFPa/XrgIDZv3i7aN6B/X5PHP/F4A6N95y9Y
ng4sPT0DV66I+wI3by6eWcTD00O0nW1ly2dZkLMeyXV9yZUPv18iAkwHz4aBs0ajQX5+PlJTUxlA
Exlq0qSRUT/YVavXlcp7P/F4Q6NV25YsW1GiAX06nQ6HDv0p2jdp4gQEBFSyqYymWCqfnJ+ppLp3
64JKlR7OiatUKkUDwLp36yqs0GaoceMnjIJDw3mtDe3avU+0ChwAtGnVUrQdZrAS4OUrV83mp9Fo
[...]
c2eLM3N1VGfWWb+Cgnjowfvi8SeeioiIjz7+ND76+NNmy+Tl5cWPf/S92L59Ryx4Z1G72twdn01E
4xGlH3z/kXj00Sdj67btsW//l/HY43867bLDhg6Ju++6LfPvnrj9RjTO3vZ6/ptRWVUV+/btj1/+
uvl2NHXq5ONHLnvOttgR58v7aIsFCxZmLjW69y++FoMHnzp+eU5OTjx4/73xj//0m2hoaIjnnn85
rrryyujX5Ma3ttZIRPdt81/14P33Rk52dnzy6ZIoLS2N555/qcVlr756ZNxxe9u+g07oqdsvtEaA
biI3Nze+88jDMXXqpFi8+JPYsHFTs9P9+fn5cd2E8XHzTXM6fYizr9q//8v4ze/+JcrLy+ORbz8c
UyZff8oyDQ0NcfDQoVixYnW8veDPUV9fHwsXvRdzb72p2WnBllw8cGD87V//LF565fXYvHlLVFVX
x7btOyIrKyvGjR0Tt95yY4wcOSLq6upi2NAhsTvhutT2mD5tSlx88cB46613YnOTEJafnx+zZk6P
m2+aEwUF+VFXXx+9e/eOoy2c5mvJDbNnxqirR8b7HyyOlStXR1V1deY9ZWVlxahRI+O2ubd0+bWb
nVln10+8LgryC+L1+W81mzUsNzc3pk2dHPPm3hxFRUURDSeH1mqPrv5sTuhXUBC/+KufxJKln8fi
xR+fUnPDh18V06dNialTJp1ytK8nbb8nFBTkx89++sN4+tkXml3XPXjwoJg395YYflXjKfmeti22
1/nyPs5k67btsXDRexERMWnSxFbD3OWXXxb33H1HzH9zQZSXN17K8e1vPZR5vq01ckJ3bfNN9erV
Kx568L6YdP3E+HDxR7F23YZmr5uX1yfGjR0TU6dOjrFjRrfruuSeuP1Ca7Jqa2u7YP6s80Pt0aNR
Ud54LV9eXl4UFvbvsqmMv+oPjz0Zq1d/EROuvSZ++IPvnnH5l15+LT748KOIiPiP/+F/aTZVbluU
lZVHWXlZ5PbOjcLC/u0eGq+zVFZWRUVFRfTpkxv9+/fv0CQxp1NfXx8lpaVRXV0dvXJ6xYABRWft
PXdWnZWWlkVFRUXk5uZG0YCiyG3Dj6j26OrPpqmKisqorKyMnF450a+gIOkzOpvb71ed+LFbU1MT
BfkFrU7U09O2xfY6X95Hd0mpkRO6a5v/qtqjR6O8vDyO1h6Nvn3zol+/fp2+H+hJ2y+cjiPQrcjt
3TsGDjw7Q+Rs29o4nE/RgKI2LX/il3p+377tGrS/sLB/cujuSgUF+V06+UBOTk6bp43tap1VZ0VF
hVFU1LaZwjqiqz+bpvr1K2h2ujvF2dx+vyorK6vZkICt6WnbYnudL++ju6TUyAndtc1/VW7v3l2+
/+xJ2y+cjp9zPdSg49fTrVi+6ow3gmzbtiM+/azxrvY5c2Z16RFBAIALnUs4eqh16zbE7//boxHR
eO3XjXNmx9VXj4iiosLIyc6OqqrqKC0ri7Vr18cnny6JY8eOxYgRw+NnP/lB5ObmntW2AwCczwTo
HmzFylXx/AuvtGlMzRtumBn33HVn5OWd+8NDAQD0ZAJ0D1dVVR1rvlgbGzZsjOLi3VFaVhZ1dXVR
UJAfQ4cOiatHVzMzKgAAIABJREFUjozrJ06IQYPSrp0DAKB9BOhzUENDg+lLAQDOEjcRnoOEZwCA
s0eABgCABAI0AAAkEKABACCBAA0AAAkEaAAASCBAAwBAAgEaAAASCNAAAJBAgAYAgAS9znYDusvB
g4eitLQ0IiIuueSS6Nev4Cy3CE7av//LqKioiIiIoUOHRN++fc9yi+hsu3fviZqamoiIuOKKy6N3
795nuUVnpi5bpm/gwnbBBOilyz6PtxcsjIiIH//oezH+mnFnuUVw0vsfLI6PP/ksIiL+7m/+KoYP
v/Ist4jO9vr8t2L9+o0REfG//a//Ywy86KKz3KIzU5ct0zdwYXMJRxeora2NkpLSqKurO+OyVVVV
UVJS2g2tAmiUso+CrqAGOdcJ0F3g17/9ffyXv/+HKC7e3epyJSUl8Z/+89/Hf/n7f+imlgG0fR8F
XUUNcq4ToDtZfX197N69p03LHjhwKBoaGrq4RQAnpeyjoCuoQc4HAnQnKysrj2PHjrVp2ZKSki5u
DUBzKfso6ApqkPOBAN3JSsvK2rzsYQEa6GYp+yjoCmqQ84EA3clKE24IPHTocBe2BOBUKfso6Apq
kPPBBTOMXYrS0tJYvmJVrF23IQ4ePBi1tUdj4MCLYszoUTFt6uQYPHhQs+Xr6+vjcElJlJaWxdp1
GzL/v2nzligrb/mX9s7iXZnHK1etbvZc3759Y/SoqzvcthM++vjT2LJ1Wwy/6sqYc8OsiIjYunVb
LFz0fmzfsTNycnJi7q03xU033pD5m2PHjsXadRti5crVsX37jqisqox+/frF5ZddFhOuvSYmTBgf
OTk5rfRkmhNtHDH8qrhh9syIiPjyywOxdNny2LhxUxw4eCjy8vrEiOHDY+bMaTFi+FWnfZ3X33gr
c3T/wfu/GXl5fVpc56uvzc8cDXn4wfsiNze3xfY0NDTEqlVr4tPPlsbuPXsjP79vjB0zOubeenOz
ccX37Nkbn3y2JLZs2RaHD5dEUVFhjB0zOmbPnhGDLr64zf1x+HBJLFn6eaxdtz4OHjwUffPyYvjw
K2Pa1CkxatTIM/79+VwrJxw+XBIrV62Otes2xJdfHoiKioooKiyMsWNHx+xZM2LYsKGtvseO1lpT
O3YWx5Ily2Ljps1x+HBJ5Ofnx8gRw2PGjKkxZvSoTnvPFZWVsWLFqli3fkN8uf9AVFZVRVFRYVx+
2bAYf824uPbaa07p65R91LhxYyO3lTGq9+//MpYs/Tw2bNgUhw8fjry+eUn91J112VaNbVod69av
j4MHDsWRI0eiqKgwRowYHhMnToirR45o0+t0pG86Wsup/dLe9bW33zqjBi+EfRrnDgG6iYaGhli8
+JN47Y034+jRo82eq6qqiuLiXbFw0Xtx1523xby5t0RWVlZERGzfviN+/dvfn/J6b761oM3rfuzx
PzX79/CrrmwWoNvbthN2794Ty5evjA0bNsWcG2bFkiXL4qlnnm+2zJdfHsg8rqmpiceffCozbu3J
/z8SBw4cjOUrVsall14S333kL2Po0CFtfp+tOdHGjRs2xexZM2LRu+/H/DcXNLtWrqqqKg4dOhxL
l30eX//aXXHrLTed8jqbNm+JnTuLIyLi/m9+o9V1bty0OXMzywP33dtie6ZOmRRPPfN8rFq1JvN8
eXl57Nu3P75Yuy7+u7/9RRQU5MdHH38aL7z4SrObQ2tqamLfvv3x0cefxo9++N02haklSz+PF158
JWpra5u994OHDsXSZctjzg2z4t6/+FpkZ596EulCqJW6urpY8M6iWPTu+1FfX9/sucMlJfHxJ5/F
x598Fg8+8M2YNXP6KX/fWbUW0fhF+8b8t2PRu+83+//y8vJYsXJVrFi5KmbNnB51Rzs+XNeSJcvi
pVdez0zIcsKJGlu6bHkMufSS+Pa3HorLLhuWeT5lH/Uf/8O/P214aWg4FovefT/emP92836qrm5T
P3V3XbbV4o8+iVdfm39qm6qrY8/efbH4o0/i2muviYcfvD8KCvJbeG/t75vOquW29ktH13dCar91
pAYvhH0a5x4Buon5by6IPy98NyIiBg8aFDffPCcuv2xY5PTKiUOHDsdHH30a6zdsjPlvLoiGhoa4
/ba5ERFx8cUXx6Trr4u6+vrYVbw7c/RzxPCroqCVGQ/Xrl2f2YFNmDC+2XMXDxzYKW37qqqqqtix
sziefvaFiIjIycmJoqLCKC0ti4FN1vnscy9ldh7jxo2JmTOmR1FRYVRVVsW27Tvio48+iX379seX
Xx7o9B1IZVVVPP3M87Fk6edx0YABMWPG1Bg8eFDU1dXHunXrY/mKVRER8drrb8YVl18WV1995qOx
HW3Pvz76RGzatCWmTL4+xowedfzoxPpYtfqLOHDgYLz9zp/jmnFj4/kXXo6cnJy45ZYb4/Jhw6Km
piaWLlsem7dsjaNHj8YTTz4d/9P/8G+if/9+La7v3ffej9Vr1sagiy+OGTOmxsCBF8XR2qOxfsPG
zHv/cPHH0b9//7ht3i2n/P35XisNDQ3x+//2aGzatCUiIvoVFMSsWdNjyJBLo+5oXWzbviMzwcVz
z78UQy69tMVJLjqj1l57/c147/0PM31045zZMWLE8MjrkxslJaXx+fKVmfZ0xKJ3P4jXXp+fWc/0
aVNi5MgRkZfXJyrKK2LV6i9i7br1sXff/vjVb/45fvHzH8eVV14REWn7qF69Tv+18PKrb0Rx8a52
91N312VbLHhnUSbAZWdnx4zpU2PU1SMjr29eVFZUxqrVa2L1mrWxZs3aGDd2TIuBsr1905m13JZ+
6az1taffOlKD5/s+jXOTAH3c+g0bMxvoiBHD4yc/+n6zU/9DhwyJ8deMi5deeS0+/PDjePOtd+La
a6+JoUOGRFFRYXz3O9+KiIgXXnwlFn/0SUREfO2eu1qdner/+D//PioqKiMi4off/06XtO10nnvu
xcjv2zceuP/ezOneY8eOZX617923P1asbNzpT5w4Ib73nW81+0U/duzouPmmOVG8a1eM6qLwumTp
5zFv3i1x+7xbm015PHXKpBg8eHC8veDPERGx6L0PujxAR0Ts2FEcP//pj2LMmJNHj6dNmxJvzH87
Fi56Lz75ZEmsX78x+vUriL/5xc/ikksGn2zz1Mnxh0efiC/Wro+qqqpY9vmKuOXmOS2ua/WatXHL
zTfGPXff0ewU4bRpU2LChPHx+BNPRUTE2wv+HFOnXB8DBgzILHMh1EpWVlZcdeWVsWXLtrj9trlx
801zok+fk5feTJ06Oa666sp46unnIiJi4aL34sc/+l6Lr9eRWtu8ZWsmPPfrVxC/+PlPYsiQS5st
M2XKpPhw8cfx0suvtfs9b926LROeCwsL42c//cEpn9n06VNj6dLP409PPxe1tbXxxJNPx7/7t38X
ffvmtXsf1VRx8a5291N312VbbNm6LRMC+xUUxM9++sNmR+0jGj+7HTuLY9u27TFzxrQWX6u9fdPZ
tXymfumM9bW339pbgxfCPo1zk5sIo/FX+VtvvRMRjb98//Kh+0973WxWVlZ87Z67on///hER8fHH
HT+qdDbatnvP3vjed78dEydOyAS07OzskzuQvXszy0687trTfin17ZsXo0ddnfSFleIbX78n7rnr
jmZfRifcfNOcTB9s2LCp2WUOXeWhB+9rFp4jGvv85uNBuK6uLg4cOBh333VHs/Ac0di3t827NfPv
devXt7qum2+aE9/4+t2nvb7u+onXxYzpUyOi8ZrClU0uKbmQauXuu26P//yf/ve44/a5zQLACVMm
Xx+XHv8c1q3fEEeOtFwjHam1hQvfyzx+8IH7TgnPEY39feOc2TGyjdfRns7bCxZmHn/r4QdaDAdT
p07OXON56HDjpQOdpb39dDbqsi0WvHOyTx966P5TQuAJV15xedx805xWX7sjNdSZtdyWfuno+jqz
387kQtqnce4RoCNi3/4vY8fxa2avHX9NDBrU8o1eub17x8SJ10ZE45HCrp4IpSvaNmXypFZvQmt6
Xe3OnbtaXK4rXXX81PPp5OX1iaFDG29wOXbsWJSWdv2QSBc1OcrbVL+CgmY3Bo4cMfy0y1166clg
tXfvvlbXdd2Ea1t9fsqUSZnHGzZuyjy+0GrldF/+J2RnZ8dll10WESdqpOW7/ttba6WlpbF+Q+Np
3osGDIjx14xttb29e7fvhN/BQ4di46bNEREx5NJLYvToU28uburETZEREZ9+trRd6zyd9vbT2ajL
Mzl46FBs3NjYp5deMviMn92ZdHR/1Vm13NZ+ae/6OrvfzuRC26dxbnEJR0TmhrOIiEsuGXTGG1Fy
ezfufMrKyuLIkSORl5d3TrVt6tRJp/xfU1decUXk5OREfX19vPveB1FZWRk33zynxaNeZ8NFAwbE
1uOPj9QeOatt6ZvfN+Jg4+OWaqFPn9zIy+sTNTVHorKyqkPra/o5bN++I/NYrTRXWNg/87gjZyla
qrXiXSdnUhs3bsxpb+jsDMVNvsTHXTP2jEe9LrlkcBQW9o+ysvLYs2dvlJdXtHrNfWdpqZ/ORl2e
SXGTEZCuGT+uy48kdnR/1dZa7mi/nGl93d1v9mn0ZAJ0RLNf2G8vWNjsdOmZdHWA7oq2ndjJtGTA
gKJ44P5745njN1osWfp5LFn6eVxxxeUx6frrYsKE8THwoova3I6u0GzH3YNmQ2/tCyU7qzFgdfSs
RX5+38jOzo5jx45FTc2RqK+vj5ycnAu+Vurq6uLw4ZKorKqKI0eOxIED6SMynE5LtVZy+ORESK0d
Geuokiaf61dvLm7J0CFDoqysPCIaw0R3BOiW+uls1OWZlDQZh3jwoNMPfdaZUvdX7a3l9vZLW9fX
3f12oe/T6NkE6IiorT05LM6Ea6+JwsLCNv1dbm5u9OvXtV9MZ6ttM6ZPjQFFRfHq6/Njz57Ga8J2
7iyOnTuL45VX34gpk6+Pu++6Iy666PSXNtC1evXqlTkydCJAX4i1smfv3lizZl2sXbsuinft7tbp
gaubDCXXp0/LY413eD3VTdfTtoDUp8l1ojVHzu4Zmp64f23Wp7kdC+OdpbtruT3r6+5+uxD3aZw7
BOhovCHghBkzpsU147r2uq4UZ7NtY8aMiv9+9N/Fzp3FsXrN2lixYlUcOtw4e+Kyz1fEuvUb4+/+
5uen3DRH1zp27FgmPGdnZ2duXLqQaqW0tCxefuW1ZjdRDh40KC67bFgMHHhR5Of3jfXrN2auHe4K
vXqdvMnzq+Ppdqbc3JM3ptXVtW09dU3Gyu3dwrB03aUn7l+b9unRuo6Pz90R3V3LHVlfd/fbhbRP
49wjQEdEUZNftT1teu2z3basrKy48sor4sorr4i777o9Nm3aEi+/+nrs27c/qqqqYv5bC+IH33uk
29vVmvP9vuiyspM3IV0yeFDm9PCFUitlZeXxy1/9Lg6XlERubm7cftutMXnSxGbD+UU0ztjXlQG6
6enhysrKLltP/yZH0tp6w+zBJp9/a2PRd4ezXZen0/ToZElJSStLdq3uruWOrq+7++1s1865+P1H
9zEKR0Rcfvllmcdd+YXbHj2pbdnZ2TFmzKj427/+eWa4oBN3ZPckTYeSqv7KjG3ng127T968NmLE
8MzjC6VWFr37fmYShp/86Hsx99abTwkA3aHp6Cu7m3wmnW1Yk2HCtm3bfsblKyoqY9++/RHReDPY
2b5esyfV5QnDhp28IWzT5q2tLNm1uruWO7q+7u63nlQ758r3H91HgI6IwYMHZTbUNWvWnnGYse7U
E9uWn983hlx6SURE9DrNWMVnW9MvhMOtHLWoq6s7ZUrkc8Gnn54cmmz8+HGZxxdKrWw8PnRf//79
u2USnZYMGzYkM/LG2nUboqKVo9DV1TVx8MChdq1n6JBLM2F9/YaNceDAwVaXX3F85ruIiMmTrj/r
Y9X2xLocOmRIZmjKzZu3ZK5z7W7dXcsdXV9391tPrJ2e/v1H9xGgo/E0zby5J6dEfuqZ5zMzBJ5O
cfGueOXVN6Kq6tThyJoe/Swta3m8zoiIvD4nTwGXl5d3edvaqqGhIYqLd7V4XWdVVXXsLG4cXmjk
yOHNnluy9PP4p1/+Np597sVmN5x0p6azWn14fLarr6quro4n/vh0jzml3NT7Hy5use+XLlseX6xd
FxGN1y2OHnVyTOALpVZOhNaKiooWh/TasWNnsx8aXSE/Pz8mXtc47mx9fX28eXwa4a+qqKyMx574
Yxw42HrwbUl2dnbMazJl+/MvvBy1Ta5xbmr//i9j/vFZ4nJycmL2rBmnLJOyj+oMZ6MuzyQnJydu
vfWmzL9bq8FDhw/HK6++0eI+uiO6u5Y7ur7O6re21uC5tk/bvHlL/OZ3/xKPPfGnHvndQudyDfRx
100YH9OmTYklS5ZFcfGu+K//+Ku4/bZbY+SI4VFQUBBHjx6N3Xv2xtKlyzI3X9TV1cX99/1Fs9dp
ekPB2wsWRlFhUfTtmxer13wRhw+XxEMP3pd5ftiwIZkv1ZdffSNun3drHDlyJD5c/EmMGzcmJk+a
2Klta6uly5bHU08/F8OGDok777w9xo0dnZmx6cCBg/HiS69GTU3jnf2zZ52ctKG0tCwzBez2HTtj
wICiuP22ue1qQ0dMmDA+Xnt9ftTUHInVq7+I5194OWbPmhGFhYVRVVUVm7dsjYUL34uS0tIYeNFF
mRtDeorVq7+I3/7uX+K2226Ny4YNi5ycnDhcUhLLli3PTBudlZUVDz74zVNmK7wQamXEyOGxe8/e
aGhoiPlvLoh77j45A1xZWXl8tmRpvL1gYeR14cgYJ8ybe0usWLk6Ghoa4uNPPovq6pqYPXtGDBhQ
FDU1R2Lbtu2x6N33o6bmSIwcOSK2bGnfae9pUyfHF1+sjdVr1sbGTZvj17/557ht7i1x+eWXRZ8+
uVFRURkbNmyKt95+J3NW5b5vfiMuvvjUYe9S9lGdpbvrsi1mzpgWy1esiq1bt8WOncXxy1/9Nu68
87YYftWV0adPnyivqIg1a9bGgncWRU1NTVRWVsW3v/Vgp7ahu2u5M9bXGf2WUoPnyj6t9ujR+NdH
n8xsf7W1tfHTH/+gXW3g3CBAN/Hg/fdGTnZ2fPLpkigtLY3nnn+pxWWvvnpk3HH7vFP+/9rx18Tr
+W9GZVVV7Nu3P3756981e37q1MkxYvhVERExc+b0zAa/fPnKWL58ZWa5DRs2xrXjx0Xu8aGCOqNt
bVVbWxtZWVmxe8/e+Nc/PB65ubkx6OKBUVZe3uzX/9fuufMrMzo1P/p24jrM7tavoCAeevC+ePyJ
pyIi4qOPP42PPv602TJ5eXnx4x99L7Zv3xEL3ll0FlrZsh98/5F47PE/xT///g+nfT4nJyce+dZD
cXULU0Of77Vy0403xNKly6Ompibe/2BxLF36eVxyyeCorKqKAwcORkNDQ9x44+y4fuJ18ctf/e7M
L9gBQ4cOiYcfuj+efub5iIhYsXJVrFi5qtkyAwYUxS9+/uPYtm17uwN0VlZWPPLth+OZZ1+M5StW
RnHxrvjDY0+2uOw37/16zJo5/bTPp+yjOlN31mVb5OTkxA++/0g8+uiTsXXb9ti3/8t47PE/nXbZ
YUOHxN133dbpbejuWu6M9XVGv6XW4LmwT6utrW12SeDhw2fv5lS6hwDdRK9eveKhB++LSddPjA8X
fxRr121odhonL69PjBs7JqZOnRxjx4w+7bWFBQX58bOf/jCefvaFZteHDR48KObNvSWGX3Xy8oIx
o0fFXz78QLz62vxmp5zGjhkdd9w+LxOeO6ttbXXD7Jkx6uqR8f4Hi2PlytVRVV0du4+/l6ysrBg1
amTcNveWU66hKyoqiq9/7e5YuPDdqKqujqKiona3oaOun3hdFOQXxOvz32o2m1Vubm5Mmzo55s29
ubF9DZGZdaonuOKKy+Pa8dfEv/03fxNvvPF2rF23PvNcTk5OTLr+upg395ZWh04632vl4oED42//
+mfx0iuvx+bNW6Kqujq2bd8RWVlZMW7smLj1lhtj5MgRUVdXF8OGDsm0p6tMnzYlLr54YLz11jux
uUlAzs/Pj1kzp8fNN82JgoL8qKuvj969e8fRFi6/OJPc3Nz4ziMPx9Spk2Lx4k9iw8ZNzT7X/Pz8
uG7C+Lj5pjmt1kfKPqozdWddtlW/goL4xV/9JJYs/TwWL/74lFoZPvyqmD5tSkydMumUsz2dobtr
ubPW19F+S63Bc2Gf1q+gIObMmRUffvhxZGdnxx1n4ewr3Surtra2B83j1rPUHj0a5eXlcbT2aPTt
mxf9+vVr8060oaEhDh46FDU1NVGQX9DqgOt1dXVx4MDBOHbsWBQVFUVBQX6Xti1FfX19lJSWRnV1
dfTK6RUDBhSdcebFHTuL4//7p9/ET378/R4x5mtpaVlUVFREbm5uFA0oitwm19/1dNXV1VFeXhHZ
OdlRWFjYrrafz7VSVlYeZeVlkds7NwoL+3fprKBtUVlZFRUVFdGnT27079+/S/r5hNqjR6OivPFa
1ry8vCgs7J80nXjKPqordFddpqioqIzKysrI6ZUT/QoKurWeuruWO3N97e239tZgT96nHTh4MPrk
9umW2T85uwRoOt0zz74QmzZtiX//P/+7s/6FSM+mVgA4FxmFg061dt36+PSzpfHA/fcKRLRKrQBw
rhKg6TT19fXx5B+fiTvvmBdjx44+282hB1MrAJzLXMJBp9qzZ28MGXLpWZ+8gZ5PrQBwrhKgAQAg
gUs4AAAggQANAAAJBGgAAEggQAMAQAIBGgAAEgjQAACQQIAGAIAEAjQAACQQoAEAIIEADQAACQRo
AABIIEADAEACARoAABII0AAAkECABgCABAI0AAAkEKABACCBAA0AAAkEaAAASCBAAwBAAgEaAAAS
CNAAAJBAgAYAgAQCNAAAJBCgAQAggQANAAAJBGgAAEggQAMAQAIBGgAAEgjQAACQQIAGAIAEAjQA
ACQQoAEAIIEADQAACQRoAABIIEADAEACARoAABII0AAAkECABgCABAI0AAAkEKABACCBAA0AAAkE
aAAASCBAAwBAAgEaAAASCNAAAJBAgAYAgAQCNAAAJBCgAQAggQANAAAJBGgAAEggQAMAQAIBGgAA
EgjQAACQQIAGAIAEAjQAACQQoAEAIIEADQAACQRoAABIIEADAEACARoAABII0AAAkECABgCABAI0
AAAkEKABACCBAA0AAAkEaAAASCBAAwBAAgEaAAASCNAAAJBAgAYAgAQCNAAAJBCgAQAggQANAAAJ
BGgAAEggQAMAQAIBGgAAEgjQAACQQIAGAIAEAjQAACQQoAEAIIEADQAACQRoAABIIEADAEACARoA
ABII0AAAkECABgCABAI0AAAkEKABACCBAA0AAAkEaAAASCBAAwBAAgEaAAASCNAAAJBAgAYAgAQC
NAAAJBCgAQAggQANAAAJBGgAAEggQAMAQAIBGgAAEgjQAACQQIAGAIAEAjQAACQQoAEAIIEADQAA
CQRoAABIIEADAEACARoAABII0AAAkECABgCABAI0AAAkEKABACCBAA0AAAkEaAAASCBAAwBAAgEa
AAASCNAAAJBAgAYAgAQCNAAAJBCgAQAggQANAAAJBGgAAEggQAMAQAIBGgAAEgjQAACQQIAGAIAE
AjQAACQQoAEAIIEADQAACQRoAABIIEADAEACARoAABII0AAAkECABgCABAI0AAAkEKABACCBAA0A
AAkEaAAASCBAAwBAAgEaAAASCNAAAJBAgAYAgAQCNAAAJBCgAQAggQANAAAJBGgAAEggQAMAQAIB
GgAAEgjQAACQQIAGAIAEAjQAACQQoAEAIIEADQAACQRoAABIIEADAEACARoAABII0AAAkECABgCA
BAI0AAAkEKABACCBAA0AAAkEaAAASCBAAwBAAgEaAAASCNAAAJBAgAYAgAQCNAAAJBCgAQAggQAN
AAAJBGgAAEggQAMAQAIBGgAAEgjQAACQQIAGAIAEAjQAACQQoAEAIIEADQAACQRoAABIIEADAEAC
ARoAABII0AAAkECABgCABAI0AAAkEKABACCBAA0AAAkEaAAASCBAAwBAAgEaAAASCNAAAJBAgAYA
gAQCNAAAJBCgAQAggQANAAAJBGgAAEggQAMAQAIBGgAAEgjQAACQQIAGAIAEAjQAACQQoAEAIIEA
DQAACQRoAABIIEADAEACARoAABII0AAAkECABgCABAI0AAAkEKABACCBAA0AAAkEaAAASCBAAwBA
AgEaAAASCNAAAJBAgAYAgAQCNAAAJBCgAQAggQANAAAJBGgAAEggQAMAQAIBGgAAEgjQAACQQIAG
AIAEAjQAACQQoAEAIIEADQAACQRoAABIIEADAEACARoAABII0AAAkECABgCABAI0AAAkEKABACCB
AA0AAAkEaAAASCBAAwBAAgEaAAASCNAAAJBAgAYAgAQCNAAAJBCgAQAggQANAAAJBGgAAEggQAMA
QAIBGgAAEgjQAACQQIAGAIAEAjQAACQQoAEAIIEADQAACQRoAABIIEADAEACARoAABII0AAAkECA
BgCABAI0AAAkEKABACCBAA0AAAkEaAAASCBAAwBAAgEaAAASCNAAAJBAgAYAgAQCNAAAJBCgAQAg
gQANAAAJBGgAAEggQAMAQAIBGgAAEgjQAACQQIAGAIAEAjQAACQQoAEAIIEADQAACQRoAABIIEAD
AEACARoAABII0AAAkECABgCABAI0AAAkEKABACCBAA0AAAkEaAAASCBAAwBAAgEaAAASCNAAAJBA
gAYAgAQCNAAAJBCgAQAggQANAAAJBGgAAEggQAMAQAIBGgAAEgjQAACQQIAGAIAEAjQAACQQoAEA
IIEADQAACQRoAABIIEADAEACARoAABII0AAAkECABgCABAI0AAAkEKABACCBAA0AAAkEaAAASCBA
AwBAAgGMnEbdAAAB9ElEQVQaAAASCNAAAJBAgAYAgAQCNAAAJBCgAQAggQANAAAJBGgAAEggQAMA
QAIBGgAAEgjQAACQQIAGAIAEAjQAACQQoAEAIIEADQAACQRoAABIIEADAEACARoAABII0AAAkECA
BgCABAI0AAAkEKABACCBAA0AAAkEaAAASCBAAwBAAgEaAAASCNAAAJBAgAYAgAQCNAAAJBCgAQAg
gQANAAAJBGgAAEggQAMAQAIBGgAAEgjQAACQQIAGAIAEAjQAACQQoAEAIIEADQAACQRoAABIIEAD
AEACARoAABII0AAAkECABgCABAI0AAAkEKABACCBAA0AAAkEaAAASCBAAwBAAgEaAAASCNAAAJBA
gAYAgAQCNAAAJBCgAQAggQANAAAJBGgAAEggQAMAQAIBGgAAEgjQAACQQIAGAIAEAjQAACQQoAEA
IIEADQAACQRoAABIIEADAEACARoAABII0AAAkECABgCABAI0AAAkEKABACCBAA0AAAkEaAAASCBA
AwBAAgEaAAASCNAAAJBAgAYAgAQCNAAAJBCgAQAggQANAAAJBGgAAEggQAMAQAIBGgAAEgjQAACQ
QIAGAIAEAjQAACQQoAEAIIEADQAACQRoAABIIEADAEACARoAABII0AAAkECABgCABAI0AAAk+P8B
/KAlx5CVy74AAAAASUVORK5CYII=
" width="800px"&gt;</msg>
<status status="PASS" starttime="20230121 17:37:24.039" endtime="20230121 17:37:25.131"/>
</kw>
<msg timestamp="20230121 17:37:25.135" level="INFO">xpath criteria: //android.widget.TextView[@text='There was an issue signing in']
xpath criteria: //android.widget.TextView[@text='There was an issue signing in']
xpath criteria: //android.widget.TextView[@text='There was an issue signing in']
xpath criteria: //android.widget.TextView[@text='There was an issue signing in']
xpath criteria: //android.widget.TextView[@text='There was an issue signing in']
xpath criteria: //android.widget.TextView[@text='There was an issue signing in']
xpath criteria: //android.widget.TextView[@text='There was an issue signing in']
xpath criteria: //android.widget.TextView[@text='There was an issue signing in']
xpath criteria: //android.widget.TextView[@text='There was an issue signing in']
xpath criteria: //android.widget.TextView[@text='There was an issue signing in']
xpath criteria: //android.widget.TextView[@text='There was an issue signing in']
xpath criteria: //android.widget.TextView[@text='There was an issue signing in']
xpath criteria: //android.widget.TextView[@text='There was an issue signing in']
xpath criteria: //android.widget.TextView[@text='There was an issue signing in']
xpath criteria: //android.widget.TextView[@text='There was an issue signing in']
xpath criteria: //android.widget.TextView[@text='There was an issue signing in']
xpath criteria: //android.widget.TextView[@text='There was an issue signing in']
xpath criteria: //android.widget.TextView[@text='There was an issue signing in']
xpath criteria: //android.widget.TextView[@text='There was an issue signing in']
xpath criteria: //android.widget.TextView[@text='There was an issue signing in']
xpath criteria: //android.widget.TextView[@text='There was an issue signing in']
xpath criteria: //android.widget.TextView[@text='There was an issue signing in']
xpath criteria: //android.widget.TextView[@text='There was an issue signing in']
xpath criteria: //android.widget.TextView[@text='There was an issue signing in']
xpath criteria: //android.widget.TextView[@text='There was an issue signing in']
xpath criteria: //android.widget.TextView[@text='There was an issue signing in']
xpath criteria: //android.widget.TextView[@text='There was an issue signing in']
xpath criteria: //android.widget.TextView[@text='There was an issue signing in']
xpath criteria: //android.widget.TextView[@text='There was an issue signing in']
xpath criteria: //android.widget.TextView[@text='There was an issue signing in']
xpath criteria: //android.widget.TextView[@text='There was an issue signing in']
xpath criteria: //android.widget.TextView[@text='There was an issue signing in']
xpath criteria: //android.widget.TextView[@text='There was an issue signing in']
xpath criteria: //android.widget.TextView[@text='There was an issue signing in']
xpath criteria: //android.widget.TextView[@text='There was an issue signing in']
xpath criteria: //android.widget.TextView[@text='There was an issue signing in']
xpath criteria: //android.widget.TextView[@text='There was an issue signing in']
xpath criteria: //android.widget.TextView[@text='There was an issue signing in']
xpath criteria: //android.widget.TextView[@text='There was an issue signing in']
xpath criteria: //android.widget.TextView[@text='There was an issue signing in']
xpath criteria: //android.widget.TextView[@text='There was an issue signing in']
xpath criteria: //android.widget.TextView[@text='There was an issue signing in']
xpath criteria: //android.widget.TextView[@text='There was an issue signing in']
xpath criteria: //android.widget.TextView[@text='There was an issue signing in']
xpath criteria: //android.widget.TextView[@text='There was an issue signing in']
xpath criteria: //android.widget.TextView[@text='There was an issue signing in']
xpath criteria: //android.widget.TextView[@text='There was an issue signing in']
xpath criteria: //android.widget.TextView[@text='There was an issue signing in']
xpath criteria: //android.widget.TextView[@text='There was an issue signing in']
xpath criteria: //android.widget.TextView[@text='There was an issue signing in']
xpath criteria: //android.widget.TextView[@text='There was an issue signing in']
xpath criteria: //android.widget.TextView[@text='There was an issue signing in']
xpath criteria: //android.widget.TextView[@text='There was an issue signing in']
xpath criteria: //android.widget.TextView[@text='There was an issue signing in']
xpath criteria: //android.widget.TextView[@text='There was an issue signing in']
xpath criteria: //android.widget.TextView[@text='There was an issue signing in']
xpath criteria: //android.widget.TextView[@text='There was an issue signing in']</msg>
<msg timestamp="20230121 17:37:25.135" level="FAIL">Element 'xpath=//android.widget.TextView[@text='There was an issue signing in']' did not appear in 30 seconds</msg>
<status status="FAIL" starttime="20230121 17:36:52.385" endtime="20230121 17:37:25.135"/>
</kw>
<kw name="Element Text Should Be" library="AppiumLibrary">
<arg>xpath=//android.widget.TextView[@text='There was an issue signing in']</arg>
<arg>There was an issue signing in</arg>
<doc>Verifies element identified by ``locator`` exactly contains text ``expected``.</doc>
<status status="NOT RUN" starttime="20230121 17:37:25.138" endtime="20230121 17:37:25.138"/>
</kw>
<kw name="Sleep" library="BuiltIn">
<arg>30s</arg>
<doc>Pauses the test executed for the given time.</doc>
<status status="NOT RUN" starttime="20230121 17:37:25.138" endtime="20230121 17:37:25.138"/>
</kw>
<kw name="Close Application" library="AppiumLibrary" type="TEARDOWN">
<doc>Closes the current application and also close webdriver session.</doc>
<status status="PASS" starttime="20230121 17:37:25.138" endtime="20230121 17:37:26.061"/>
</kw>
<doc>Working with native app
for automating sign up activity</doc>
<status status="FAIL" starttime="20230121 17:35:58.856" endtime="20230121 17:37:26.066">Element 'xpath=//android.widget.TextView[@text='There was an issue signing in']' did not appear in 30 seconds</status>
</test>
<status status="FAIL" starttime="20230121 17:35:58.407" endtime="20230121 17:37:26.069"/>
</suite>
<statistics>
<total>
<stat pass="0" fail="1" skip="0">All Tests</stat>
</total>
<tag>
</tag>
<suite>
<stat pass="0" fail="1" skip="0" id="s1" name="Demo2 Native App">Demo2 Native App</stat>
</suite>
</statistics>
<errors>
</errors>
</robot>
